#
# There is insufficient memory for the Java Runtime Environment to continue.
# Native memory allocation (malloc) failed to allocate 1048576 bytes for AllocateHeap
# Possible reasons:
#   The system is out of physical RAM or swap space
#   The process is running with CompressedOops enabled, and the Java Heap may be blocking the growth of the native heap
# Possible solutions:
#   Reduce memory load on the system
#   Increase physical memory or swap space
#   Check if swap backing store is full
#   Decrease Java heap size (-Xmx/-Xms)
#   Decrease number of Java threads
#   Decrease Java thread stack sizes (-Xss)
#   Set larger code cache with -XX:ReservedCodeCacheSize=
#   JVM is running with Unscaled Compressed Oops mode in which the Java heap is
#     placed in the first 4GB address space. The Java Heap base address is the
#     maximum limit for the native heap growth. Please use -XX:HeapBaseMinAddress
#     to set the Java Heap base and to place the Java Heap above 4GB virtual address.
# This output file may be truncated or incomplete.
#
#  Out of Memory Error (allocation.cpp:44), pid=5300, tid=14260
#
# JRE version:  (17.0+35) (build )
# Java VM: Java HotSpot(TM) 64-Bit Server VM (17+35-LTS-2724, mixed mode, sharing, tiered, compressed oops, compressed class ptrs, g1 gc, windows-amd64)
# No core dump will be written. Minidumps are not enabled by default on client versions of Windows
#

---------------  S U M M A R Y ------------

Command Line: com.mycompany.qarisiqmallar.veneramarket.Main

Host: Intel(R) Core(TM) i5-3317U CPU @ 1.70GHz, 4 cores, 7G,  Windows 10 , 64 bit Build 19041 (10.0.19041.1503)
Time: Mon Jan 31 13:58:45 2022 Azerbaijan Standard Time elapsed time: 0.023334 seconds (0d 0h 0m 0s)

---------------  T H R E A D  ---------------

Current thread (0x00000183fddfe340):  JavaThread "Unknown thread" [_thread_in_vm, id=14260, stack(0x0000002ebfa00000,0x0000002ebfb00000)]

Stack: [0x0000002ebfa00000,0x0000002ebfb00000]
Native frames: (J=compiled Java code, j=interpreted, Vv=VM code, C=native code)
V  [jvm.dll+0x66f8ea]
V  [jvm.dll+0x7ce224]
V  [jvm.dll+0x7cf9ce]
V  [jvm.dll+0x7d0033]
V  [jvm.dll+0x242bb5]
V  [jvm.dll+0xa4673]
V  [jvm.dll+0x2e0b57]
V  [jvm.dll+0x2d8a2b]
V  [jvm.dll+0x7a00a1]
V  [jvm.dll+0x365781]
V  [jvm.dll+0x77f59c]
V  [jvm.dll+0x3e805f]
V  [jvm.dll+0x3e9b01]
C  [jli.dll+0x527b]
C  [ucrtbase.dll+0x21bb2]
C  [KERNEL32.DLL+0x17034]
C  [ntdll.dll+0x52651]


---------------  P R O C E S S  ---------------

Threads class SMR info:
_java_thread_list=0x00007ffedd627818, length=0, elements={
}

Java Threads: ( => current thread )

Other Threads:
  0x00000183ffecd670 GCTaskThread "GC Thread#0" [stack: 0x0000002ebfb00000,0x0000002ebfc00000] [id=9700]

[error occurred during error reporting (printing all threads), id 0xc0000005, EXCEPTION_ACCESS_VIOLATION (0xc0000005) at pc=0x00007ffedce75aa0]

VM state: not at safepoint (not fully initialized)

VM Mutex/Monitor currently owned by a thread:  ([mutex/lock_event])
[0x00000183ffe8c9b0] Heap_lock - owner thread: 0x00000183fddfe340

Heap address: 0x0000000083200000, size: 1998 MB, Compressed Oops mode: 32-bit

CDS archive(s) mapped at: [0x0000000000000000-0x0000000000000000-0x0000000000000000), size 0, SharedBaseAddress: 0x0000000800000000, ArchiveRelocationMode: 0.
Narrow klass base: 0x0000000000000000, Narrow klass shift: 0, Narrow klass range: 0x0

GC Precious Log:
<Empty>

Heap:
 garbage-first heap   total 0K, used 0K [0x0000000083200000, 0x0000000100000000)
  region size 1024K, 0 young (0K), 0 survivors (0K)

[error occurred during error reporting (printing heap information), id 0xc0000005, EXCEPTION_ACCESS_VIOLATION (0xc0000005) at pc=0x00007ffedd258c59]

GC Heap History (0 events):
No events

Deoptimization events (0 events):
No events

Classes unloaded (0 events):
No events

Classes redefined (0 events):
No events

Internal exceptions (0 events):
No events

VM Operations (0 events):
No events

Events (1 events):
Event: 0.013 Loaded shared library C:\Program Files\Java\jdk-17\bin\java.dll


Dynamic libraries:
0x00007ff6512f0000 - 0x00007ff651300000 	C:\Program Files\Java\jdk-17\bin\java.exe
0x00007fff154f0000 - 0x00007fff156e5000 	C:\WINDOWS\SYSTEM32\ntdll.dll
0x00007fff13870000 - 0x00007fff1392e000 	C:\WINDOWS\System32\KERNEL32.DLL
0x00007fff12d60000 - 0x00007fff13028000 	C:\WINDOWS\System32\KERNELBASE.dll
0x00007fff12c30000 - 0x00007fff12d30000 	C:\WINDOWS\System32\ucrtbase.dll
0x00007fff0d500000 - 0x00007fff0d518000 	C:\Program Files\Java\jdk-17\bin\jli.dll
0x00007fff14770000 - 0x00007fff1481e000 	C:\WINDOWS\System32\ADVAPI32.dll
0x00007fff13b50000 - 0x00007fff13bee000 	C:\WINDOWS\System32\msvcrt.dll
0x00007fff14820000 - 0x00007fff148bc000 	C:\WINDOWS\System32\sechost.dll
0x00007fff15380000 - 0x00007fff154a5000 	C:\WINDOWS\System32\RPCRT4.dll
0x00007fff14dc0000 - 0x00007fff14f60000 	C:\WINDOWS\System32\USER32.dll
0x00007fff12d30000 - 0x00007fff12d52000 	C:\WINDOWS\System32\win32u.dll
0x00007fff139b0000 - 0x00007fff139db000 	C:\WINDOWS\System32\GDI32.dll
0x00007fff13030000 - 0x00007fff1313d000 	C:\WINDOWS\System32\gdi32full.dll
0x00007fff13430000 - 0x00007fff134cd000 	C:\WINDOWS\System32\msvcp_win.dll
0x00007fff0e350000 - 0x00007fff0e36a000 	C:\Program Files\Java\jdk-17\bin\VCRUNTIME140.dll
0x00007fff051a0000 - 0x00007fff0543a000 	C:\WINDOWS\WinSxS\amd64_microsoft.windows.common-controls_6595b64144ccf1df_6.0.19041.1110_none_60b5254171f9507e\COMCTL32.dll
0x00007fff09720000 - 0x00007fff0972a000 	C:\WINDOWS\SYSTEM32\VERSION.dll
0x00007fff14f60000 - 0x00007fff14f90000 	C:\WINDOWS\System32\IMM32.DLL
0x00007fff0e390000 - 0x00007fff0e39c000 	C:\Program Files\Java\jdk-17\bin\vcruntime140_1.dll
0x00007fff09e20000 - 0x00007fff09ead000 	C:\Program Files\Java\jdk-17\bin\msvcp140.dll
0x00007ffedcb90000 - 0x00007ffedd74e000 	C:\Program Files\Java\jdk-17\bin\server\jvm.dll
0x00007fff13b40000 - 0x00007fff13b48000 	C:\WINDOWS\System32\PSAPI.DLL
0x00007ffeff7d0000 - 0x00007ffeff7d9000 	C:\WINDOWS\SYSTEM32\WSOCK32.dll
0x00007fff13680000 - 0x00007fff136eb000 	C:\WINDOWS\System32\WS2_32.dll
0x00007ffeffa60000 - 0x00007ffeffa87000 	C:\WINDOWS\SYSTEM32\WINMM.dll
0x00007fff10af0000 - 0x00007fff10b02000 	C:\WINDOWS\SYSTEM32\kernel.appcore.dll
0x00007fff0d670000 - 0x00007fff0d67a000 	C:\Program Files\Java\jdk-17\bin\jimage.dll
0x00007fff0c580000 - 0x00007fff0c764000 	C:\WINDOWS\SYSTEM32\DBGHELP.DLL
0x00007fff0bcc0000 - 0x00007fff0bcec000 	C:\WINDOWS\SYSTEM32\dbgcore.DLL
0x00007fff133a0000 - 0x00007fff13422000 	C:\WINDOWS\System32\bcryptPrimitives.dll
0x00007fff0c370000 - 0x00007fff0c395000 	C:\Program Files\Java\jdk-17\bin\java.dll

dbghelp: loaded successfully - version: 4.0.5 - missing functions: none
symbol engine: initialized successfully - sym options: 0x614 - pdb path: .;C:\Program Files\Java\jdk-17\bin;C:\WINDOWS\SYSTEM32;C:\WINDOWS\WinSxS\amd64_microsoft.windows.common-controls_6595b64144ccf1df_6.0.19041.1110_none_60b5254171f9507e;C:\Program Files\Java\jdk-17\bin\server

VM Arguments:
java_command: com.mycompany.qarisiqmallar.veneramarket.Main
java_class_path (initial): C:\Users\samil\OneDrive\Документы\NetBeansProjects\VeneraMarket\target\classes;C:\Users\samil\OneDrive\Документы\NetBeansProjects\QarisiqMallarDbApp\target\classes;C:\Users\samil\.m2\repository\mysql\mysql-connector-java\8.0.27\mysql-connector-java-8.0.27.jar;C:\Users\samil\.m2\repository\com\google\protobuf\protobuf-java\3.11.4\protobuf-java-3.11.4.jar;C:\Users\samil\.m2\repository\org\javapos\javapos\1.14.0\javapos-1.14.0.jar;C:\Users\samil\.m2\repository\com\google\zxing\zxing-parent\3.4.1\zxing-parent-3.4.1.jar;C:\Users\samil\.m2\repository\com\google\zxing\core\3.4.1\core-3.4.1.jar;C:\Users\samil\.m2\repository\net\glxn\qrgen\qrgen-parent\1.4\qrgen-parent-1.4.jar;C:\Users\samil\.m2\repository\com\google\mlkit\barcode-scanning\17.0.0\barcode-scanning-17.0.0.jar;C:\Users\samil\.m2\repository\com\javasolver\jsr331-linear\2.1.0\jsr331-linear-2.1.0.jar;C:\Users\samil\.m2\repository\com\javasolver\jsr331\2.1.0\jsr331-2.1.0.jar;C:\Users\samil\.m2\repository\org\slf4j\slf4j-api\1.7.30\slf4j-api-1.7.30.jar;C:\Users\samil\.m2\repository\com\toedter\jcalendar\1.4\jcalendar-1.4.jar
Launcher Type: SUN_STANDARD

[Global flags]
     intx CICompilerCount                          = 3                                         {product} {ergonomic}
     uint ConcGCThreads                            = 1                                         {product} {ergonomic}
     uint G1ConcRefinementThreads                  = 4                                         {product} {ergonomic}
   size_t G1HeapRegionSize                         = 1048576                                   {product} {ergonomic}
    uintx GCDrainStackTargetSize                   = 64                                        {product} {ergonomic}
   size_t InitialHeapSize                          = 132120576                                 {product} {ergonomic}
   size_t MarkStackSize                            = 4194304                                   {product} {ergonomic}
   size_t MaxHeapSize                              = 2095054848                                {product} {ergonomic}
   size_t MinHeapDeltaBytes                        = 1048576                                   {product} {ergonomic}
   size_t MinHeapSize                              = 8388608                                   {product} {ergonomic}
    uintx NonNMethodCodeHeapSize                   = 5832780                                {pd product} {ergonomic}
    uintx NonProfiledCodeHeapSize                  = 122912730                              {pd product} {ergonomic}
    uintx ProfiledCodeHeapSize                     = 122912730                              {pd product} {ergonomic}
    uintx ReservedCodeCacheSize                    = 251658240                              {pd product} {ergonomic}
     bool SegmentedCodeCache                       = true                                      {product} {ergonomic}
   size_t SoftMaxHeapSize                          = 2095054848                             {manageable} {ergonomic}
     bool UseCompressedClassPointers               = true                           {product lp64_product} {ergonomic}
     bool UseCompressedOops                        = true                           {product lp64_product} {ergonomic}
     bool UseG1GC                                  = true                                      {product} {ergonomic}
     bool UseLargePagesIndividualAllocation        = false                                  {pd product} {ergonomic}

Logging:
Log output configuration:
 #0: stdout all=warning uptime,level,tags
 #1: stderr all=off uptime,level,tags

Environment Variables:
JAVA_HOME=C:\Program Files\Java\jdk-17
PATH=C:\Program Files\Common Files\Oracle\Java\javapath;C:\Program Files (x86)\Common Files\Oracle\Java\javapath;C:\WINDOWS\system32;C:\WINDOWS;C:\WINDOWS\System32\Wbem;C:\WINDOWS\System32\WindowsPowerShell\v1.0\;C:\WINDOWS\System32\OpenSSH\;C:\Program Files\Microsoft SQL Server\130\Tools\Binn\;C:\Program Files\dotnet\;C:\Program Files\Microsoft SQL Server\Client SDK\ODBC\170\Tools\Binn\;C:\Program Files (x86)\dotnet\;C:\Program Files\TortoiseGit\bin;C:\Program Files\Java\jdk-17\bin;C:\Program Files (x86)\Java\jre1.8.0_301\bin;C:\Program Files\Java\jdk-17;C:\Program Files\Git\cmd;C:\Program Files\MySQL\MySQL Server 8.0\bin;C:\Users\samil\AppData\Local\Programs\Python\Python39\Scripts\;C:\Users\samil\AppData\Local\Programs\Python\Python39\;C:\Program Files\MySQL\MySQL Shell 8.0\bin\;C:\Users\samil\AppData\Local\Microsoft\WindowsApps;C:\Users\samil\.dotnet\tools;C:\Program Files\CodeBlocks\MinGW\bin;C:\Users\samil\AppData\Local\GitHubDesktop\bin
USERNAME=samil
OS=Windows_NT
PROCESSOR_IDENTIFIER=Intel64 Family 6 Model 58 Stepping 9, GenuineIntel



---------------  S Y S T E M  ---------------

OS:
 Windows 10 , 64 bit Build 19041 (10.0.19041.1503)
OS uptime: 4 days 1:21 hours

CPU: total 4 (initial active 4) (2 cores per cpu, 2 threads per core) family 6 model 58 stepping 9 microcode 0x21, cx8, cmov, fxsr, ht, mmx, sse, sse2, sse3, ssse3, sse4.1, sse4.2, popcnt, tsc, tscinvbit, avx, aes, erms, clmul, vzeroupper, clflush

Memory: 4k page, system-wide physical 7987M (1241M free)
TotalPageFile size 32563M (AvailPageFile size 5M)
current process WorkingSet (physical memory assigned to process): 10M, peak: 10M
current process commit charge ("private bytes"): 49M, peak: 50M

vm_info: Java HotSpot(TM) 64-Bit Server VM (17+35-LTS-2724) for windows-amd64 JRE (17+35-LTS-2724), built on Aug  5 2021 23:28:28 by "mach5one" with MS VC++ 16.8 (VS2019)

END.
