#
# There is insufficient memory for the Java Runtime Environment to continue.
# Native memory allocation (malloc) failed to allocate 1048576 bytes for AllocateHeap
# Possible reasons:
#   The system is out of physical RAM or swap space
#   The process is running with CompressedOops enabled, and the Java Heap may be blocking the growth of the native heap
# Possible solutions:
#   Reduce memory load on the system
#   Increase physical memory or swap space
#   Check if swap backing store is full
#   Decrease Java heap size (-Xmx/-Xms)
#   Decrease number of Java threads
#   Decrease Java thread stack sizes (-Xss)
#   Set larger code cache with -XX:ReservedCodeCacheSize=
#   JVM is running with Unscaled Compressed Oops mode in which the Java heap is
#     placed in the first 4GB address space. The Java Heap base address is the
#     maximum limit for the native heap growth. Please use -XX:HeapBaseMinAddress
#     to set the Java Heap base and to place the Java Heap above 4GB virtual address.
# This output file may be truncated or incomplete.
#
#  Out of Memory Error (allocation.cpp:44), pid=11720, tid=13544
#
# JRE version:  (17.0+35) (build )
# Java VM: Java HotSpot(TM) 64-Bit Server VM (17+35-LTS-2724, mixed mode, sharing, tiered, compressed oops, compressed class ptrs, g1 gc, windows-amd64)
# No core dump will be written. Minidumps are not enabled by default on client versions of Windows
#

---------------  S U M M A R Y ------------

Command Line: -Dclassworlds.conf=C:\netbeans\java\maven\bin\..\bin\m2.conf -Dmaven.home=C:\netbeans\java\maven\bin\.. -Dlibrary.jansi.path=C:\netbeans\java\maven\bin\..\lib\jansi-native -Dmaven.multiModuleProjectDirectory=C:\GitHubProject\VeneraMarket\VeneraMarket\VeneraMarket org.codehaus.plexus.classworlds.launcher.Launcher -Dexec.args=-classpath %classpath com.mycompany.qarisiqmallar.veneramarket.Main -Dexec.executable=C:\Program Files\Java\jdk-17\bin\java.exe -Dexec.classpathScope=runtime -Dmaven.ext.class.path=C:\netbeans\java\maven-nblib\netbeans-eventspy.jar;C:\netbeans\java\maven-nblib\netbeans-cos.jar -Dfile.encoding=UTF-8 org.codehaus.mojo:exec-maven-plugin:1.5.0:exec

Host: Intel(R) Core(TM) i5-3317U CPU @ 1.70GHz, 4 cores, 7G,  Windows 10 , 64 bit Build 19041 (10.0.19041.1566)
Time: Tue Mar 22 16:23:59 2022 Azerbaijan Standard Time elapsed time: 0.023797 seconds (0d 0h 0m 0s)

---------------  T H R E A D  ---------------

Current thread (0x000001cbc5bbcf90):  JavaThread "Unknown thread" [_thread_in_vm, id=13544, stack(0x0000003eaf700000,0x0000003eaf800000)]

Stack: [0x0000003eaf700000,0x0000003eaf800000]
Native frames: (J=compiled Java code, j=interpreted, Vv=VM code, C=native code)
V  [jvm.dll+0x66f8ea]
V  [jvm.dll+0x7ce224]
V  [jvm.dll+0x7cf9ce]
V  [jvm.dll+0x7d0033]
V  [jvm.dll+0x242bb5]
V  [jvm.dll+0xa4673]
V  [jvm.dll+0x2d3874]
V  [jvm.dll+0x7a006c]
V  [jvm.dll+0x365781]
V  [jvm.dll+0x77f59c]
V  [jvm.dll+0x3e805f]
V  [jvm.dll+0x3e9b01]
C  [jli.dll+0x527b]
C  [ucrtbase.dll+0x21bb2]
C  [KERNEL32.DLL+0x17034]
C  [ntdll.dll+0x52651]


---------------  P R O C E S S  ---------------

Threads class SMR info:
_java_thread_list=0x00007ffd0d067818, length=0, elements={
}

Java Threads: ( => current thread )

Other Threads:

=>0x000001cbc5bbcf90 (exited) JavaThread "Unknown thread" [_thread_in_vm, id=13544, stack(0x0000003eaf700000,0x0000003eaf800000)]

Threads with active compile tasks:

VM state: not at safepoint (not fully initialized)

VM Mutex/Monitor currently owned by a thread: None

Heap address: 0x0000000000000000, size: 0 MB, Compressed Oops mode: 32-bit

CDS archive(s) mapped at: [0x0000000000000000-0x0000000000000000-0x0000000000000000), size 0, SharedBaseAddress: 0x0000000800000000, ArchiveRelocationMode: 0.
Narrow klass base: 0x0000000000000000, Narrow klass shift: 0, Narrow klass range: 0x0

GC Precious Log:
<Empty>

GC Heap History (0 events):
No events

Deoptimization events (0 events):
No events

Classes unloaded (0 events):
No events

Classes redefined (0 events):
No events

Internal exceptions (0 events):
No events

VM Operations (0 events):
No events

Events (1 events):
Event: 0.014 Loaded shared library C:\Program Files\Java\jdk-17\bin\java.dll


Dynamic libraries:
0x00007ff6d73f0000 - 0x00007ff6d7400000 	C:\Program Files\Java\jdk-17\bin\java.exe
0x00007ffd715f0000 - 0x00007ffd717e5000 	C:\WINDOWS\SYSTEM32\ntdll.dll
0x00007ffd70820000 - 0x00007ffd708de000 	C:\WINDOWS\System32\KERNEL32.DLL
0x00007ffd6edd0000 - 0x00007ffd6f098000 	C:\WINDOWS\System32\KERNELBASE.dll
0x00007ffd6f2a0000 - 0x00007ffd6f3a0000 	C:\WINDOWS\System32\ucrtbase.dll
0x00007ffd5fc00000 - 0x00007ffd5fc18000 	C:\Program Files\Java\jdk-17\bin\jli.dll
0x00007ffd68880000 - 0x00007ffd6889a000 	C:\Program Files\Java\jdk-17\bin\VCRUNTIME140.dll
0x00007ffd713a0000 - 0x00007ffd7144e000 	C:\WINDOWS\System32\ADVAPI32.dll
0x00007ffd70b40000 - 0x00007ffd70bde000 	C:\WINDOWS\System32\msvcrt.dll
0x00007ffd70be0000 - 0x00007ffd70c7c000 	C:\WINDOWS\System32\sechost.dll
0x00007ffd706e0000 - 0x00007ffd70805000 	C:\WINDOWS\System32\RPCRT4.dll
0x00007ffd70d30000 - 0x00007ffd70ed0000 	C:\WINDOWS\System32\USER32.dll
0x00007ffd6f3a0000 - 0x00007ffd6f3c2000 	C:\WINDOWS\System32\win32u.dll
0x00007ffd5f5d0000 - 0x00007ffd5f86a000 	C:\WINDOWS\WinSxS\amd64_microsoft.windows.common-controls_6595b64144ccf1df_6.0.19041.1110_none_60b5254171f9507e\COMCTL32.dll
0x00007ffd6f790000 - 0x00007ffd6f7ba000 	C:\WINDOWS\System32\GDI32.dll
0x00007ffd6f460000 - 0x00007ffd6f56b000 	C:\WINDOWS\System32\gdi32full.dll
0x00007ffd6f200000 - 0x00007ffd6f29d000 	C:\WINDOWS\System32\msvcp_win.dll
0x00007ffd61740000 - 0x00007ffd6174a000 	C:\WINDOWS\SYSTEM32\VERSION.dll
0x00007ffd71580000 - 0x00007ffd715b0000 	C:\WINDOWS\System32\IMM32.DLL
0x00007ffd5ec40000 - 0x00007ffd5ec4c000 	C:\Program Files\Java\jdk-17\bin\vcruntime140_1.dll
0x00007ffd31a40000 - 0x00007ffd31acd000 	C:\Program Files\Java\jdk-17\bin\msvcp140.dll
0x00007ffd0c5d0000 - 0x00007ffd0d18e000 	C:\Program Files\Java\jdk-17\bin\server\jvm.dll
0x00007ffd6fe40000 - 0x00007ffd6fe48000 	C:\WINDOWS\System32\PSAPI.DLL
0x00007ffd58f10000 - 0x00007ffd58f19000 	C:\WINDOWS\SYSTEM32\WSOCK32.dll
0x00007ffd71330000 - 0x00007ffd7139b000 	C:\WINDOWS\System32\WS2_32.dll
0x00007ffd581c0000 - 0x00007ffd581e7000 	C:\WINDOWS\SYSTEM32\WINMM.dll
0x00007ffd6cb50000 - 0x00007ffd6cb62000 	C:\WINDOWS\SYSTEM32\kernel.appcore.dll
0x00007ffd54e40000 - 0x00007ffd54e4a000 	C:\Program Files\Java\jdk-17\bin\jimage.dll
0x00007ffd5ca50000 - 0x00007ffd5cc34000 	C:\WINDOWS\SYSTEM32\DBGHELP.DLL
0x00007ffd5c4b0000 - 0x00007ffd5c4dc000 	C:\WINDOWS\SYSTEM32\dbgcore.DLL
0x00007ffd6f3d0000 - 0x00007ffd6f452000 	C:\WINDOWS\System32\bcryptPrimitives.dll
0x00007ffd580f0000 - 0x00007ffd58115000 	C:\Program Files\Java\jdk-17\bin\java.dll

dbghelp: loaded successfully - version: 4.0.5 - missing functions: none
symbol engine: initialized successfully - sym options: 0x614 - pdb path: .;C:\Program Files\Java\jdk-17\bin;C:\WINDOWS\SYSTEM32;C:\WINDOWS\WinSxS\amd64_microsoft.windows.common-controls_6595b64144ccf1df_6.0.19041.1110_none_60b5254171f9507e;C:\Program Files\Java\jdk-17\bin\server

VM Arguments:
jvm_args: -Dclassworlds.conf=C:\netbeans\java\maven\bin\..\bin\m2.conf -Dmaven.home=C:\netbeans\java\maven\bin\.. -Dlibrary.jansi.path=C:\netbeans\java\maven\bin\..\lib\jansi-native -Dmaven.multiModuleProjectDirectory=C:\GitHubProject\VeneraMarket\VeneraMarket\VeneraMarket 
java_command: org.codehaus.plexus.classworlds.launcher.Launcher -Dexec.args=-classpath %classpath com.mycompany.qarisiqmallar.veneramarket.Main -Dexec.executable=C:\Program Files\Java\jdk-17\bin\java.exe -Dexec.classpathScope=runtime -Dmaven.ext.class.path=C:\netbeans\java\maven-nblib\netbeans-eventspy.jar;C:\netbeans\java\maven-nblib\netbeans-cos.jar -Dfile.encoding=UTF-8 org.codehaus.mojo:exec-maven-plugin:1.5.0:exec
java_class_path (initial): C:\netbeans\java\maven\bin\..\boot\plexus-classworlds-2.6.0.jar
Launcher Type: SUN_STANDARD

[Global flags]
     intx CICompilerCount                          = 3                                         {product} {ergonomic}
     uint ConcGCThreads                            = 1                                         {product} {ergonomic}
     uint G1ConcRefinementThreads                  = 4                                         {product} {ergonomic}
   size_t G1HeapRegionSize                         = 1048576                                   {product} {ergonomic}
    uintx GCDrainStackTargetSize                   = 64                                        {product} {ergonomic}
   size_t InitialHeapSize                          = 132120576                                 {product} {ergonomic}
   size_t MarkStackSize                            = 4194304                                   {product} {ergonomic}
   size_t MaxHeapSize                              = 2095054848                                {product} {ergonomic}
   size_t MinHeapDeltaBytes                        = 1048576                                   {product} {ergonomic}
   size_t MinHeapSize                              = 8388608                                   {product} {ergonomic}
    uintx NonNMethodCodeHeapSize                   = 5832780                                {pd product} {ergonomic}
    uintx NonProfiledCodeHeapSize                  = 122912730                              {pd product} {ergonomic}
    uintx ProfiledCodeHeapSize                     = 122912730                              {pd product} {ergonomic}
    uintx ReservedCodeCacheSize                    = 251658240                              {pd product} {ergonomic}
     bool SegmentedCodeCache                       = true                                      {product} {ergonomic}
   size_t SoftMaxHeapSize                          = 2095054848                             {manageable} {ergonomic}
     bool UseCompressedClassPointers               = true                           {product lp64_product} {ergonomic}
     bool UseCompressedOops                        = true                           {product lp64_product} {ergonomic}
     bool UseG1GC                                  = true                                      {product} {ergonomic}
     bool UseLargePagesIndividualAllocation        = false                                  {pd product} {ergonomic}

Logging:
Log output configuration:
 #0: stdout all=warning uptime,level,tags
 #1: stderr all=off uptime,level,tags

Environment Variables:
JAVA_HOME=C:\Program Files\Java\jdk-17
PATH=C:\Program Files\Common Files\Oracle\Java\javapath;C:\Program Files (x86)\Common Files\Oracle\Java\javapath;C:\WINDOWS\system32;C:\WINDOWS;C:\WINDOWS\System32\Wbem;C:\WINDOWS\System32\WindowsPowerShell\v1.0\;C:\WINDOWS\System32\OpenSSH\;C:\Program Files\Microsoft SQL Server\130\Tools\Binn\;C:\Program Files\dotnet\;C:\Program Files\Microsoft SQL Server\Client SDK\ODBC\170\Tools\Binn\;C:\Program Files (x86)\dotnet\;C:\Program Files\TortoiseGit\bin;C:\Program Files\Java\jdk-17\bin;C:\Program Files (x86)\Java\jre1.8.0_301\bin;C:\Program Files\Java\jdk-17;C:\Program Files\MySQL\MySQL Server 8.0\bin;C:\Program Files\Git\cmd;C:\Users\samil\AppData\Local\Programs\Python\Python39\Scripts\;C:\Users\samil\AppData\Local\Programs\Python\Python39\;C:\Program Files\MySQL\MySQL Shell 8.0\bin\;C:\Users\samil\AppData\Local\Microsoft\WindowsApps;C:\Users\samil\.dotnet\tools;C:\Program Files\CodeBlocks\MinGW\bin;C:\Users\samil\AppData\Local\GitHubDesktop\bin
USERNAME=samil
OS=Windows_NT
PROCESSOR_IDENTIFIER=Intel64 Family 6 Model 58 Stepping 9, GenuineIntel



---------------  S Y S T E M  ---------------

OS:
 Windows 10 , 64 bit Build 19041 (10.0.19041.1566)
OS uptime: 3 days 0:19 hours

CPU: total 4 (initial active 4) (2 cores per cpu, 2 threads per core) family 6 model 58 stepping 9 microcode 0x21, cx8, cmov, fxsr, ht, mmx, sse, sse2, sse3, ssse3, sse4.1, sse4.2, popcnt, tsc, tscinvbit, avx, aes, erms, clmul, vzeroupper, clflush

Memory: 4k page, system-wide physical 7987M (867M free)
TotalPageFile size 32563M (AvailPageFile size 7M)
current process WorkingSet (physical memory assigned to process): 9M, peak: 9M
current process commit charge ("private bytes"): 13M, peak: 14M

vm_info: Java HotSpot(TM) 64-Bit Server VM (17+35-LTS-2724) for windows-amd64 JRE (17+35-LTS-2724), built on Aug  5 2021 23:28:28 by "mach5one" with MS VC++ 16.8 (VS2019)

END.
