#
# There is insufficient memory for the Java Runtime Environment to continue.
# Native memory allocation (mmap) failed to map 65536 bytes for Failed to commit metaspace.
# Possible reasons:
#   The system is out of physical RAM or swap space
#   The process is running with CompressedOops enabled, and the Java Heap may be blocking the growth of the native heap
# Possible solutions:
#   Reduce memory load on the system
#   Increase physical memory or swap space
#   Check if swap backing store is full
#   Decrease Java heap size (-Xmx/-Xms)
#   Decrease number of Java threads
#   Decrease Java thread stack sizes (-Xss)
#   Set larger code cache with -XX:ReservedCodeCacheSize=
#   JVM is running with Unscaled Compressed Oops mode in which the Java heap is
#     placed in the first 4GB address space. The Java Heap base address is the
#     maximum limit for the native heap growth. Please use -XX:HeapBaseMinAddress
#     to set the Java Heap base and to place the Java Heap above 4GB virtual address.
# This output file may be truncated or incomplete.
#
#  Out of Memory Error (virtualSpaceNode.cpp:110), pid=9932, tid=7152
#
# JRE version: Java(TM) SE Runtime Environment (17.0+35) (build 17+35-LTS-2724)
# Java VM: Java HotSpot(TM) 64-Bit Server VM (17+35-LTS-2724, mixed mode, tiered, compressed oops, compressed class ptrs, g1 gc, windows-amd64)
# No core dump will be written. Minidumps are not enabled by default on client versions of Windows
#

---------------  S U M M A R Y ------------

Command Line: com.mycompany.qarisiqmallar.veneramarket.Main

Host: Intel(R) Core(TM) i5-3317U CPU @ 1.70GHz, 4 cores, 7G,  Windows 10 , 64 bit Build 19041 (10.0.19041.1566)
Time: Sun Apr 10 11:00:43 2022 Azerbaijan Standard Time elapsed time: 0.391783 seconds (0d 0h 0m 0s)

---------------  T H R E A D  ---------------

Current thread (0x000001e68c989fd0):  JavaThread "main" [_thread_in_vm, id=7152, stack(0x000000283f300000,0x000000283f400000)]

Stack: [0x000000283f300000,0x000000283f400000]
Native frames: (J=compiled Java code, j=interpreted, Vv=VM code, C=native code)
V  [jvm.dll+0x66f8ea]
V  [jvm.dll+0x7ce224]
V  [jvm.dll+0x7cf9ce]
V  [jvm.dll+0x7d0033]
V  [jvm.dll+0x242bb5]
V  [jvm.dll+0x7ca1cb]
V  [jvm.dll+0x615a46]
V  [jvm.dll+0x615aaa]
V  [jvm.dll+0x6182ba]
V  [jvm.dll+0x6163e6]
V  [jvm.dll+0x620057]
V  [jvm.dll+0x1e7e7b]
V  [jvm.dll+0x1e83b5]
V  [jvm.dll+0x1e8def]
V  [jvm.dll+0x1de2e1]
V  [jvm.dll+0x5375c0]
V  [jvm.dll+0x1eea87]
V  [jvm.dll+0x7489cb]
V  [jvm.dll+0x749d72]
V  [jvm.dll+0x74a0a8]
V  [jvm.dll+0x23af0e]
V  [jvm.dll+0x37aefe]
C  0x000001e69634b664

Java frames: (J=compiled Java code, j=interpreted, Vv=VM code)
j  java.nio.DirectByteBuffer.asLongBuffer()Ljava/nio/LongBuffer;+137 java.base@17
j  jdk.internal.perf.PerfCounter.<init>(Ljava/lang/String;I)V+30 java.base@17
j  jdk.internal.perf.PerfCounter.newPerfCounter(Ljava/lang/String;)Ljdk/internal/perf/PerfCounter;+6 java.base@17
j  jdk.internal.perf.PerfCounter$CoreCounters.<clinit>()V+2 java.base@17
v  ~StubRoutines::call_stub
j  jdk.internal.perf.PerfCounter.getZipFileOpenTime()Ljdk/internal/perf/PerfCounter;+0 java.base@17
j  java.util.zip.ZipFile.<init>(Ljava/io/File;ILjava/nio/charset/Charset;)V+129 java.base@17
j  java.util.zip.ZipFile.<init>(Ljava/io/File;I)V+6 java.base@17
j  java.util.jar.JarFile.<init>(Ljava/io/File;ZILjava/lang/Runtime$Version;)V+3 java.base@17
j  jdk.internal.loader.URLClassPath$JarLoader.getJarFile(Ljava/net/URL;)Ljava/util/jar/JarFile;+56 java.base@17
j  jdk.internal.loader.URLClassPath$JarLoader$1.run()Ljava/lang/Void;+55 java.base@17
j  jdk.internal.loader.URLClassPath$JarLoader$1.run()Ljava/lang/Object;+1 java.base@17
j  java.security.AccessController.executePrivileged(Ljava/security/PrivilegedExceptionAction;Ljava/security/AccessControlContext;Ljava/lang/Class;)Ljava/lang/Object;+29 java.base@17
j  java.security.AccessController.doPrivileged(Ljava/security/PrivilegedExceptionAction;Ljava/security/AccessControlContext;)Ljava/lang/Object;+13 java.base@17
j  jdk.internal.loader.URLClassPath$JarLoader.ensureOpen()V+19 java.base@17
j  jdk.internal.loader.URLClassPath$JarLoader.<init>(Ljava/net/URL;Ljava/net/URLStreamHandler;Ljava/util/HashMap;Ljava/security/AccessControlContext;)V+63 java.base@17
j  jdk.internal.loader.URLClassPath$3.run()Ljdk/internal/loader/URLClassPath$Loader;+168 java.base@17
j  jdk.internal.loader.URLClassPath$3.run()Ljava/lang/Object;+1 java.base@17
j  java.security.AccessController.executePrivileged(Ljava/security/PrivilegedExceptionAction;Ljava/security/AccessControlContext;Ljava/lang/Class;)Ljava/lang/Object;+29 java.base@17
j  java.security.AccessController.doPrivileged(Ljava/security/PrivilegedExceptionAction;Ljava/security/AccessControlContext;)Ljava/lang/Object;+13 java.base@17
j  jdk.internal.loader.URLClassPath.getLoader(Ljava/net/URL;)Ljdk/internal/loader/URLClassPath$Loader;+13 java.base@17
j  jdk.internal.loader.URLClassPath.getLoader(I)Ljdk/internal/loader/URLClassPath$Loader;+81 java.base@17
j  jdk.internal.loader.URLClassPath$1.next()Z+24 java.base@17
j  jdk.internal.loader.URLClassPath$1.hasMoreElements()Z+1 java.base@17
j  jdk.internal.loader.BuiltinClassLoader$1.hasNext()Z+43 java.base@17
j  jdk.internal.loader.BuiltinClassLoader$1.hasMoreElements()Z+1 java.base@17
j  java.lang.CompoundEnumeration.next()Z+33 java.base@17
j  java.lang.CompoundEnumeration.hasMoreElements()Z+1 java.base@17
j  java.util.ServiceLoader$LazyClassPathLookupIterator.nextProviderClass()Ljava/lang/Class;+152 java.base@17
j  java.util.ServiceLoader$LazyClassPathLookupIterator.hasNextService()Z+15 java.base@17
j  java.util.ServiceLoader$LazyClassPathLookupIterator.hasNext()Z+11 java.base@17
j  java.util.ServiceLoader$2.hasNext()Z+16 java.base@17
j  java.util.ServiceLoader$3.hasNext()Z+32 java.base@17
j  jdk.internal.logger.BootstrapLogger$DetectBackend$1.run()Ljdk/internal/logger/BootstrapLogger$LoggingBackend;+13 java.base@17
j  jdk.internal.logger.BootstrapLogger$DetectBackend$1.run()Ljava/lang/Object;+1 java.base@17
j  java.security.AccessController.executePrivileged(Ljava/security/PrivilegedAction;Ljava/security/AccessControlContext;Ljava/lang/Class;)Ljava/lang/Object;+29 java.base@17
j  java.security.AccessController.doPrivileged(Ljava/security/PrivilegedAction;)Ljava/lang/Object;+5 java.base@17
j  jdk.internal.logger.BootstrapLogger$DetectBackend.<clinit>()V+7 java.base@17
v  ~StubRoutines::call_stub
j  jdk.internal.logger.BootstrapLogger.useLazyLoggers()Z+6 java.base@17
j  jdk.internal.logger.LazyLoggers.getLazyLogger(Ljava/lang/String;Ljava/lang/Module;)Ljava/lang/System$Logger;+0 java.base@17
j  sun.util.logging.PlatformLogger.getLogger(Ljava/lang/String;)Lsun/util/logging/PlatformLogger;+41 java.base@17
j  java.awt.Component.<clinit>()V+19 java.desktop@17
v  ~StubRoutines::call_stub

---------------  P R O C E S S  ---------------

Threads class SMR info:
_java_thread_list=0x000001e6acd4fbd0, length=12, elements={
0x000001e68c989fd0, 0x000001e6ac27b280, 0x000001e6ac27c890, 0x000001e6ac24c480,
0x000001e6acc13810, 0x000001e6ac2aab20, 0x000001e6ac2abb80, 0x000001e6ac2b0fa0,
0x000001e6ac2b3400, 0x000001e6ac2b7e10, 0x000001e6acd70e30, 0x000001e6acd82370
}

Java Threads: ( => current thread )
=>0x000001e68c989fd0 JavaThread "main" [_thread_in_vm, id=7152, stack(0x000000283f300000,0x000000283f400000)]
  0x000001e6ac27b280 JavaThread "Reference Handler" daemon [_thread_blocked, id=15032, stack(0x000000283fa00000,0x000000283fb00000)]
  0x000001e6ac27c890 JavaThread "Finalizer" daemon [_thread_blocked, id=14036, stack(0x000000283fb00000,0x000000283fc00000)]
  0x000001e6ac24c480 JavaThread "Signal Dispatcher" daemon [_thread_blocked, id=236, stack(0x000000283fc00000,0x000000283fd00000)]
  0x000001e6acc13810 JavaThread "Attach Listener" daemon [_thread_blocked, id=15928, stack(0x000000283fd00000,0x000000283fe00000)]
  0x000001e6ac2aab20 JavaThread "Service Thread" daemon [_thread_blocked, id=16132, stack(0x000000283fe00000,0x000000283ff00000)]
  0x000001e6ac2abb80 JavaThread "Monitor Deflation Thread" daemon [_thread_blocked, id=10632, stack(0x000000283ff00000,0x0000002840000000)]
  0x000001e6ac2b0fa0 JavaThread "C2 CompilerThread0" daemon [_thread_blocked, id=8224, stack(0x0000002840000000,0x0000002840100000)]
  0x000001e6ac2b3400 JavaThread "C1 CompilerThread0" daemon [_thread_blocked, id=14180, stack(0x0000002840100000,0x0000002840200000)]
  0x000001e6ac2b7e10 JavaThread "Sweeper thread" daemon [_thread_blocked, id=764, stack(0x0000002840200000,0x0000002840300000)]
  0x000001e6acd70e30 JavaThread "Notification Thread" daemon [_thread_blocked, id=7532, stack(0x0000002840300000,0x0000002840400000)]
  0x000001e6acd82370 JavaThread "Common-Cleaner" daemon [_thread_blocked, id=12172, stack(0x0000002840500000,0x0000002840600000)]

Other Threads:
  0x000001e6ac1fced0 VMThread "VM Thread" [stack: 0x000000283f900000,0x000000283fa00000] [id=17012]
  0x000001e68eb78760 WatcherThread [stack: 0x0000002840400000,0x0000002840500000] [id=8336]
  0x000001e68eb5e180 GCTaskThread "GC Thread#0" [stack: 0x000000283f400000,0x000000283f500000] [id=11660]
  0x000001e68eb6ea80 ConcurrentGCThread "G1 Main Marker" [stack: 0x000000283f500000,0x000000283f600000] [id=6228]
  0x000001e68eb70c40 ConcurrentGCThread "G1 Conc#0" [stack: 0x000000283f600000,0x000000283f700000] [id=9968]
  0x000001e68ebea680 ConcurrentGCThread "G1 Refine#0" [stack: 0x000000283f700000,0x000000283f800000] [id=11592]
  0x000001e68ebeb0a0 ConcurrentGCThread "G1 Service" [stack: 0x000000283f800000,0x000000283f900000] [id=10080]

Threads with active compile tasks:

VM state: not at safepoint (normal execution)

VM Mutex/Monitor currently owned by a thread:  ([mutex/lock_event])
[0x000001e68eb1eae0] Metaspace_lock - owner thread: 0x000001e68c989fd0

Heap address: 0x0000000083200000, size: 1998 MB, Compressed Oops mode: 32-bit

CDS archive(s) not mapped
Compressed class space mapped at: 0x0000000100000000-0x0000000140000000, reserved size: 1073741824
Narrow klass base: 0x0000000000000000, Narrow klass shift: 3, Narrow klass range: 0x140000000

GC Precious Log:
 CPUs: 4 total, 4 available
 Memory: 7987M
 Large Page Support: Disabled
 NUMA Support: Disabled
 Compressed Oops: Enabled (32-bit)
 Heap Region Size: 1M
 Heap Min Capacity: 8M
 Heap Initial Capacity: 126M
 Heap Max Capacity: 1998M
 Pre-touch: Disabled
 Parallel Workers: 4
 Concurrent Workers: 1
 Concurrent Refinement Workers: 4
 Periodic GC: Disabled

Heap:
 garbage-first heap   total 129024K, used 1024K [0x0000000083200000, 0x0000000100000000)
  region size 1024K, 2 young (2048K), 0 survivors (0K)
 Metaspace       used 5917K, committed 6016K, reserved 1056768K
  class space    used 537K, committed 576K, reserved 1048576K

Heap Regions: E=young(eden), S=young(survivor), O=old, HS=humongous(starts), HC=humongous(continues), CS=collection set, F=free, OA=open archive, CA=closed archive, TAMS=top-at-mark-start (previous, next)
|   0|0x0000000083200000, 0x0000000083200000, 0x0000000083300000|  0%| F|  |TAMS 0x0000000083200000, 0x0000000083200000| Untracked 
|   1|0x0000000083300000, 0x0000000083300000, 0x0000000083400000|  0%| F|  |TAMS 0x0000000083300000, 0x0000000083300000| Untracked 
|   2|0x0000000083400000, 0x0000000083400000, 0x0000000083500000|  0%| F|  |TAMS 0x0000000083400000, 0x0000000083400000| Untracked 
|   3|0x0000000083500000, 0x0000000083500000, 0x0000000083600000|  0%| F|  |TAMS 0x0000000083500000, 0x0000000083500000| Untracked 
|   4|0x0000000083600000, 0x0000000083600000, 0x0000000083700000|  0%| F|  |TAMS 0x0000000083600000, 0x0000000083600000| Untracked 
|   5|0x0000000083700000, 0x0000000083700000, 0x0000000083800000|  0%| F|  |TAMS 0x0000000083700000, 0x0000000083700000| Untracked 
|   6|0x0000000083800000, 0x0000000083800000, 0x0000000083900000|  0%| F|  |TAMS 0x0000000083800000, 0x0000000083800000| Untracked 
|   7|0x0000000083900000, 0x0000000083900000, 0x0000000083a00000|  0%| F|  |TAMS 0x0000000083900000, 0x0000000083900000| Untracked 
|   8|0x0000000083a00000, 0x0000000083a00000, 0x0000000083b00000|  0%| F|  |TAMS 0x0000000083a00000, 0x0000000083a00000| Untracked 
|   9|0x0000000083b00000, 0x0000000083b00000, 0x0000000083c00000|  0%| F|  |TAMS 0x0000000083b00000, 0x0000000083b00000| Untracked 
|  10|0x0000000083c00000, 0x0000000083c00000, 0x0000000083d00000|  0%| F|  |TAMS 0x0000000083c00000, 0x0000000083c00000| Untracked 
|  11|0x0000000083d00000, 0x0000000083d00000, 0x0000000083e00000|  0%| F|  |TAMS 0x0000000083d00000, 0x0000000083d00000| Untracked 
|  12|0x0000000083e00000, 0x0000000083e00000, 0x0000000083f00000|  0%| F|  |TAMS 0x0000000083e00000, 0x0000000083e00000| Untracked 
|  13|0x0000000083f00000, 0x0000000083f00000, 0x0000000084000000|  0%| F|  |TAMS 0x0000000083f00000, 0x0000000083f00000| Untracked 
|  14|0x0000000084000000, 0x0000000084000000, 0x0000000084100000|  0%| F|  |TAMS 0x0000000084000000, 0x0000000084000000| Untracked 
|  15|0x0000000084100000, 0x0000000084100000, 0x0000000084200000|  0%| F|  |TAMS 0x0000000084100000, 0x0000000084100000| Untracked 
|  16|0x0000000084200000, 0x0000000084200000, 0x0000000084300000|  0%| F|  |TAMS 0x0000000084200000, 0x0000000084200000| Untracked 
|  17|0x0000000084300000, 0x0000000084300000, 0x0000000084400000|  0%| F|  |TAMS 0x0000000084300000, 0x0000000084300000| Untracked 
|  18|0x0000000084400000, 0x0000000084400000, 0x0000000084500000|  0%| F|  |TAMS 0x0000000084400000, 0x0000000084400000| Untracked 
|  19|0x0000000084500000, 0x0000000084500000, 0x0000000084600000|  0%| F|  |TAMS 0x0000000084500000, 0x0000000084500000| Untracked 
|  20|0x0000000084600000, 0x0000000084600000, 0x0000000084700000|  0%| F|  |TAMS 0x0000000084600000, 0x0000000084600000| Untracked 
|  21|0x0000000084700000, 0x0000000084700000, 0x0000000084800000|  0%| F|  |TAMS 0x0000000084700000, 0x0000000084700000| Untracked 
|  22|0x0000000084800000, 0x0000000084800000, 0x0000000084900000|  0%| F|  |TAMS 0x0000000084800000, 0x0000000084800000| Untracked 
|  23|0x0000000084900000, 0x0000000084900000, 0x0000000084a00000|  0%| F|  |TAMS 0x0000000084900000, 0x0000000084900000| Untracked 
|  24|0x0000000084a00000, 0x0000000084a00000, 0x0000000084b00000|  0%| F|  |TAMS 0x0000000084a00000, 0x0000000084a00000| Untracked 
|  25|0x0000000084b00000, 0x0000000084b00000, 0x0000000084c00000|  0%| F|  |TAMS 0x0000000084b00000, 0x0000000084b00000| Untracked 
|  26|0x0000000084c00000, 0x0000000084c00000, 0x0000000084d00000|  0%| F|  |TAMS 0x0000000084c00000, 0x0000000084c00000| Untracked 
|  27|0x0000000084d00000, 0x0000000084d00000, 0x0000000084e00000|  0%| F|  |TAMS 0x0000000084d00000, 0x0000000084d00000| Untracked 
|  28|0x0000000084e00000, 0x0000000084e00000, 0x0000000084f00000|  0%| F|  |TAMS 0x0000000084e00000, 0x0000000084e00000| Untracked 
|  29|0x0000000084f00000, 0x0000000084f00000, 0x0000000085000000|  0%| F|  |TAMS 0x0000000084f00000, 0x0000000084f00000| Untracked 
|  30|0x0000000085000000, 0x0000000085000000, 0x0000000085100000|  0%| F|  |TAMS 0x0000000085000000, 0x0000000085000000| Untracked 
|  31|0x0000000085100000, 0x0000000085100000, 0x0000000085200000|  0%| F|  |TAMS 0x0000000085100000, 0x0000000085100000| Untracked 
|  32|0x0000000085200000, 0x0000000085200000, 0x0000000085300000|  0%| F|  |TAMS 0x0000000085200000, 0x0000000085200000| Untracked 
|  33|0x0000000085300000, 0x0000000085300000, 0x0000000085400000|  0%| F|  |TAMS 0x0000000085300000, 0x0000000085300000| Untracked 
|  34|0x0000000085400000, 0x0000000085400000, 0x0000000085500000|  0%| F|  |TAMS 0x0000000085400000, 0x0000000085400000| Untracked 
|  35|0x0000000085500000, 0x0000000085500000, 0x0000000085600000|  0%| F|  |TAMS 0x0000000085500000, 0x0000000085500000| Untracked 
|  36|0x0000000085600000, 0x0000000085600000, 0x0000000085700000|  0%| F|  |TAMS 0x0000000085600000, 0x0000000085600000| Untracked 
|  37|0x0000000085700000, 0x0000000085700000, 0x0000000085800000|  0%| F|  |TAMS 0x0000000085700000, 0x0000000085700000| Untracked 
|  38|0x0000000085800000, 0x0000000085800000, 0x0000000085900000|  0%| F|  |TAMS 0x0000000085800000, 0x0000000085800000| Untracked 
|  39|0x0000000085900000, 0x0000000085900000, 0x0000000085a00000|  0%| F|  |TAMS 0x0000000085900000, 0x0000000085900000| Untracked 
|  40|0x0000000085a00000, 0x0000000085a00000, 0x0000000085b00000|  0%| F|  |TAMS 0x0000000085a00000, 0x0000000085a00000| Untracked 
|  41|0x0000000085b00000, 0x0000000085b00000, 0x0000000085c00000|  0%| F|  |TAMS 0x0000000085b00000, 0x0000000085b00000| Untracked 
|  42|0x0000000085c00000, 0x0000000085c00000, 0x0000000085d00000|  0%| F|  |TAMS 0x0000000085c00000, 0x0000000085c00000| Untracked 
|  43|0x0000000085d00000, 0x0000000085d00000, 0x0000000085e00000|  0%| F|  |TAMS 0x0000000085d00000, 0x0000000085d00000| Untracked 
|  44|0x0000000085e00000, 0x0000000085e00000, 0x0000000085f00000|  0%| F|  |TAMS 0x0000000085e00000, 0x0000000085e00000| Untracked 
|  45|0x0000000085f00000, 0x0000000085f00000, 0x0000000086000000|  0%| F|  |TAMS 0x0000000085f00000, 0x0000000085f00000| Untracked 
|  46|0x0000000086000000, 0x0000000086000000, 0x0000000086100000|  0%| F|  |TAMS 0x0000000086000000, 0x0000000086000000| Untracked 
|  47|0x0000000086100000, 0x0000000086100000, 0x0000000086200000|  0%| F|  |TAMS 0x0000000086100000, 0x0000000086100000| Untracked 
|  48|0x0000000086200000, 0x0000000086200000, 0x0000000086300000|  0%| F|  |TAMS 0x0000000086200000, 0x0000000086200000| Untracked 
|  49|0x0000000086300000, 0x0000000086300000, 0x0000000086400000|  0%| F|  |TAMS 0x0000000086300000, 0x0000000086300000| Untracked 
|  50|0x0000000086400000, 0x0000000086400000, 0x0000000086500000|  0%| F|  |TAMS 0x0000000086400000, 0x0000000086400000| Untracked 
|  51|0x0000000086500000, 0x0000000086500000, 0x0000000086600000|  0%| F|  |TAMS 0x0000000086500000, 0x0000000086500000| Untracked 
|  52|0x0000000086600000, 0x0000000086600000, 0x0000000086700000|  0%| F|  |TAMS 0x0000000086600000, 0x0000000086600000| Untracked 
|  53|0x0000000086700000, 0x0000000086700000, 0x0000000086800000|  0%| F|  |TAMS 0x0000000086700000, 0x0000000086700000| Untracked 
|  54|0x0000000086800000, 0x0000000086800000, 0x0000000086900000|  0%| F|  |TAMS 0x0000000086800000, 0x0000000086800000| Untracked 
|  55|0x0000000086900000, 0x0000000086900000, 0x0000000086a00000|  0%| F|  |TAMS 0x0000000086900000, 0x0000000086900000| Untracked 
|  56|0x0000000086a00000, 0x0000000086a00000, 0x0000000086b00000|  0%| F|  |TAMS 0x0000000086a00000, 0x0000000086a00000| Untracked 
|  57|0x0000000086b00000, 0x0000000086b00000, 0x0000000086c00000|  0%| F|  |TAMS 0x0000000086b00000, 0x0000000086b00000| Untracked 
|  58|0x0000000086c00000, 0x0000000086c00000, 0x0000000086d00000|  0%| F|  |TAMS 0x0000000086c00000, 0x0000000086c00000| Untracked 
|  59|0x0000000086d00000, 0x0000000086d00000, 0x0000000086e00000|  0%| F|  |TAMS 0x0000000086d00000, 0x0000000086d00000| Untracked 
|  60|0x0000000086e00000, 0x0000000086e00000, 0x0000000086f00000|  0%| F|  |TAMS 0x0000000086e00000, 0x0000000086e00000| Untracked 
|  61|0x0000000086f00000, 0x0000000086f00000, 0x0000000087000000|  0%| F|  |TAMS 0x0000000086f00000, 0x0000000086f00000| Untracked 
|  62|0x0000000087000000, 0x0000000087000000, 0x0000000087100000|  0%| F|  |TAMS 0x0000000087000000, 0x0000000087000000| Untracked 
|  63|0x0000000087100000, 0x0000000087100000, 0x0000000087200000|  0%| F|  |TAMS 0x0000000087100000, 0x0000000087100000| Untracked 
|  64|0x0000000087200000, 0x0000000087200000, 0x0000000087300000|  0%| F|  |TAMS 0x0000000087200000, 0x0000000087200000| Untracked 
|  65|0x0000000087300000, 0x0000000087300000, 0x0000000087400000|  0%| F|  |TAMS 0x0000000087300000, 0x0000000087300000| Untracked 
|  66|0x0000000087400000, 0x0000000087400000, 0x0000000087500000|  0%| F|  |TAMS 0x0000000087400000, 0x0000000087400000| Untracked 
|  67|0x0000000087500000, 0x0000000087500000, 0x0000000087600000|  0%| F|  |TAMS 0x0000000087500000, 0x0000000087500000| Untracked 
|  68|0x0000000087600000, 0x0000000087600000, 0x0000000087700000|  0%| F|  |TAMS 0x0000000087600000, 0x0000000087600000| Untracked 
|  69|0x0000000087700000, 0x0000000087700000, 0x0000000087800000|  0%| F|  |TAMS 0x0000000087700000, 0x0000000087700000| Untracked 
|  70|0x0000000087800000, 0x0000000087800000, 0x0000000087900000|  0%| F|  |TAMS 0x0000000087800000, 0x0000000087800000| Untracked 
|  71|0x0000000087900000, 0x0000000087900000, 0x0000000087a00000|  0%| F|  |TAMS 0x0000000087900000, 0x0000000087900000| Untracked 
|  72|0x0000000087a00000, 0x0000000087a00000, 0x0000000087b00000|  0%| F|  |TAMS 0x0000000087a00000, 0x0000000087a00000| Untracked 
|  73|0x0000000087b00000, 0x0000000087b00000, 0x0000000087c00000|  0%| F|  |TAMS 0x0000000087b00000, 0x0000000087b00000| Untracked 
|  74|0x0000000087c00000, 0x0000000087c00000, 0x0000000087d00000|  0%| F|  |TAMS 0x0000000087c00000, 0x0000000087c00000| Untracked 
|  75|0x0000000087d00000, 0x0000000087d00000, 0x0000000087e00000|  0%| F|  |TAMS 0x0000000087d00000, 0x0000000087d00000| Untracked 
|  76|0x0000000087e00000, 0x0000000087e00000, 0x0000000087f00000|  0%| F|  |TAMS 0x0000000087e00000, 0x0000000087e00000| Untracked 
|  77|0x0000000087f00000, 0x0000000087f00000, 0x0000000088000000|  0%| F|  |TAMS 0x0000000087f00000, 0x0000000087f00000| Untracked 
|  78|0x0000000088000000, 0x0000000088000000, 0x0000000088100000|  0%| F|  |TAMS 0x0000000088000000, 0x0000000088000000| Untracked 
|  79|0x0000000088100000, 0x0000000088100000, 0x0000000088200000|  0%| F|  |TAMS 0x0000000088100000, 0x0000000088100000| Untracked 
|  80|0x0000000088200000, 0x0000000088200000, 0x0000000088300000|  0%| F|  |TAMS 0x0000000088200000, 0x0000000088200000| Untracked 
|  81|0x0000000088300000, 0x0000000088300000, 0x0000000088400000|  0%| F|  |TAMS 0x0000000088300000, 0x0000000088300000| Untracked 
|  82|0x0000000088400000, 0x0000000088400000, 0x0000000088500000|  0%| F|  |TAMS 0x0000000088400000, 0x0000000088400000| Untracked 
|  83|0x0000000088500000, 0x0000000088500000, 0x0000000088600000|  0%| F|  |TAMS 0x0000000088500000, 0x0000000088500000| Untracked 
|  84|0x0000000088600000, 0x0000000088600000, 0x0000000088700000|  0%| F|  |TAMS 0x0000000088600000, 0x0000000088600000| Untracked 
|  85|0x0000000088700000, 0x0000000088700000, 0x0000000088800000|  0%| F|  |TAMS 0x0000000088700000, 0x0000000088700000| Untracked 
|  86|0x0000000088800000, 0x0000000088800000, 0x0000000088900000|  0%| F|  |TAMS 0x0000000088800000, 0x0000000088800000| Untracked 
|  87|0x0000000088900000, 0x0000000088900000, 0x0000000088a00000|  0%| F|  |TAMS 0x0000000088900000, 0x0000000088900000| Untracked 
|  88|0x0000000088a00000, 0x0000000088a00000, 0x0000000088b00000|  0%| F|  |TAMS 0x0000000088a00000, 0x0000000088a00000| Untracked 
|  89|0x0000000088b00000, 0x0000000088b00000, 0x0000000088c00000|  0%| F|  |TAMS 0x0000000088b00000, 0x0000000088b00000| Untracked 
|  90|0x0000000088c00000, 0x0000000088c00000, 0x0000000088d00000|  0%| F|  |TAMS 0x0000000088c00000, 0x0000000088c00000| Untracked 
|  91|0x0000000088d00000, 0x0000000088d00000, 0x0000000088e00000|  0%| F|  |TAMS 0x0000000088d00000, 0x0000000088d00000| Untracked 
|  92|0x0000000088e00000, 0x0000000088e00000, 0x0000000088f00000|  0%| F|  |TAMS 0x0000000088e00000, 0x0000000088e00000| Untracked 
|  93|0x0000000088f00000, 0x0000000088f00000, 0x0000000089000000|  0%| F|  |TAMS 0x0000000088f00000, 0x0000000088f00000| Untracked 
|  94|0x0000000089000000, 0x0000000089000000, 0x0000000089100000|  0%| F|  |TAMS 0x0000000089000000, 0x0000000089000000| Untracked 
|  95|0x0000000089100000, 0x0000000089100000, 0x0000000089200000|  0%| F|  |TAMS 0x0000000089100000, 0x0000000089100000| Untracked 
|  96|0x0000000089200000, 0x0000000089200000, 0x0000000089300000|  0%| F|  |TAMS 0x0000000089200000, 0x0000000089200000| Untracked 
|  97|0x0000000089300000, 0x0000000089300000, 0x0000000089400000|  0%| F|  |TAMS 0x0000000089300000, 0x0000000089300000| Untracked 
|  98|0x0000000089400000, 0x0000000089400000, 0x0000000089500000|  0%| F|  |TAMS 0x0000000089400000, 0x0000000089400000| Untracked 
|  99|0x0000000089500000, 0x0000000089500000, 0x0000000089600000|  0%| F|  |TAMS 0x0000000089500000, 0x0000000089500000| Untracked 
| 100|0x0000000089600000, 0x0000000089600000, 0x0000000089700000|  0%| F|  |TAMS 0x0000000089600000, 0x0000000089600000| Untracked 
| 101|0x0000000089700000, 0x0000000089700000, 0x0000000089800000|  0%| F|  |TAMS 0x0000000089700000, 0x0000000089700000| Untracked 
| 102|0x0000000089800000, 0x0000000089800000, 0x0000000089900000|  0%| F|  |TAMS 0x0000000089800000, 0x0000000089800000| Untracked 
| 103|0x0000000089900000, 0x0000000089900000, 0x0000000089a00000|  0%| F|  |TAMS 0x0000000089900000, 0x0000000089900000| Untracked 
| 104|0x0000000089a00000, 0x0000000089a00000, 0x0000000089b00000|  0%| F|  |TAMS 0x0000000089a00000, 0x0000000089a00000| Untracked 
| 105|0x0000000089b00000, 0x0000000089b00000, 0x0000000089c00000|  0%| F|  |TAMS 0x0000000089b00000, 0x0000000089b00000| Untracked 
| 106|0x0000000089c00000, 0x0000000089c00000, 0x0000000089d00000|  0%| F|  |TAMS 0x0000000089c00000, 0x0000000089c00000| Untracked 
| 107|0x0000000089d00000, 0x0000000089d00000, 0x0000000089e00000|  0%| F|  |TAMS 0x0000000089d00000, 0x0000000089d00000| Untracked 
| 108|0x0000000089e00000, 0x0000000089e00000, 0x0000000089f00000|  0%| F|  |TAMS 0x0000000089e00000, 0x0000000089e00000| Untracked 
| 109|0x0000000089f00000, 0x0000000089f00000, 0x000000008a000000|  0%| F|  |TAMS 0x0000000089f00000, 0x0000000089f00000| Untracked 
| 110|0x000000008a000000, 0x000000008a000000, 0x000000008a100000|  0%| F|  |TAMS 0x000000008a000000, 0x000000008a000000| Untracked 
| 111|0x000000008a100000, 0x000000008a100000, 0x000000008a200000|  0%| F|  |TAMS 0x000000008a100000, 0x000000008a100000| Untracked 
| 112|0x000000008a200000, 0x000000008a200000, 0x000000008a300000|  0%| F|  |TAMS 0x000000008a200000, 0x000000008a200000| Untracked 
| 113|0x000000008a300000, 0x000000008a300000, 0x000000008a400000|  0%| F|  |TAMS 0x000000008a300000, 0x000000008a300000| Untracked 
| 114|0x000000008a400000, 0x000000008a400000, 0x000000008a500000|  0%| F|  |TAMS 0x000000008a400000, 0x000000008a400000| Untracked 
| 115|0x000000008a500000, 0x000000008a500000, 0x000000008a600000|  0%| F|  |TAMS 0x000000008a500000, 0x000000008a500000| Untracked 
| 116|0x000000008a600000, 0x000000008a600000, 0x000000008a700000|  0%| F|  |TAMS 0x000000008a600000, 0x000000008a600000| Untracked 
| 117|0x000000008a700000, 0x000000008a700000, 0x000000008a800000|  0%| F|  |TAMS 0x000000008a700000, 0x000000008a700000| Untracked 
| 118|0x000000008a800000, 0x000000008a800000, 0x000000008a900000|  0%| F|  |TAMS 0x000000008a800000, 0x000000008a800000| Untracked 
| 119|0x000000008a900000, 0x000000008a900000, 0x000000008aa00000|  0%| F|  |TAMS 0x000000008a900000, 0x000000008a900000| Untracked 
| 120|0x000000008aa00000, 0x000000008aa00000, 0x000000008ab00000|  0%| F|  |TAMS 0x000000008aa00000, 0x000000008aa00000| Untracked 
| 121|0x000000008ab00000, 0x000000008ab00000, 0x000000008ac00000|  0%| F|  |TAMS 0x000000008ab00000, 0x000000008ab00000| Untracked 
| 122|0x000000008ac00000, 0x000000008ac00000, 0x000000008ad00000|  0%| F|  |TAMS 0x000000008ac00000, 0x000000008ac00000| Untracked 
| 123|0x000000008ad00000, 0x000000008ad00000, 0x000000008ae00000|  0%| F|  |TAMS 0x000000008ad00000, 0x000000008ad00000| Untracked 
| 124|0x000000008ae00000, 0x000000008ae85a28, 0x000000008af00000| 52%| E|  |TAMS 0x000000008ae00000, 0x000000008ae00000| Complete 
| 125|0x000000008af00000, 0x000000008b000000, 0x000000008b000000|100%| E|CS|TAMS 0x000000008af00000, 0x000000008af00000| Complete 

Card table byte_map: [0x000001e6a5720000,0x000001e6a5b10000] _byte_map_base: 0x000001e6a5307000

Marking Bits (Prev, Next): (CMBitMap*) 0x000001e68eb5e790, (CMBitMap*) 0x000001e68eb5e7d0
 Prev Bits: [0x000001e6a5f00000, 0x000001e6a7e38000)
 Next Bits: [0x000001e6a7e40000, 0x000001e6a9d78000)

Polling page: 0x000001e68ca70000

Metaspace:

Usage:
  Non-class:      5.25 MB used.
      Class:    537.84 KB used.
       Both:      5.78 MB used.

Virtual space:
  Non-class space:        8.00 MB reserved,       5.31 MB ( 66%) committed,  1 nodes.
      Class space:        1.00 GB reserved,     576.00 KB ( <1%) committed,  1 nodes.
             Both:        1.01 GB reserved,       5.88 MB ( <1%) committed. 

Chunk freelists:
   Non-Class:  2.37 MB
       Class:  3.25 MB
        Both:  5.62 MB

MaxMetaspaceSize: unlimited
CompressedClassSpaceSize: 1.00 GB
Initial GC threshold: 21.00 MB
Current GC threshold: 21.00 MB
CDS: off
MetaspaceReclaimPolicy: balanced
 - commit_granule_bytes: 65536.
 - commit_granule_words: 8192.
 - virtual_space_node_default_size: 1048576.
 - enlarge_chunks_in_place: 1.
 - new_chunks_are_fully_committed: 0.
 - uncommit_free_chunks: 1.
 - use_allocation_guard: 0.
 - handle_deallocations: 1.


Internal statistics:

num_allocs_failed_limit: 0.
num_arena_births: 6.
num_arena_deaths: 0.
num_vsnodes_births: 2.
num_vsnodes_deaths: 0.
num_space_committed: 94.
num_space_uncommitted: 0.
num_chunks_returned_to_freelist: 0.
num_chunks_taken_from_freelist: 26.
num_chunk_merges: 0.
num_chunk_splits: 10.
num_chunks_enlarged: 4.
num_purges: 0.
num_inconsistent_stats: 0.

CodeHeap 'non-profiled nmethods': size=120000Kb used=23Kb max_used=23Kb free=119976Kb
 bounds [0x000001e69de00000, 0x000001e69e070000, 0x000001e6a5330000]
CodeHeap 'profiled nmethods': size=120000Kb used=159Kb max_used=159Kb free=119841Kb
 bounds [0x000001e6968d0000, 0x000001e696b40000, 0x000001e69de00000]
CodeHeap 'non-nmethods': size=5760Kb used=1059Kb max_used=1073Kb free=4701Kb
 bounds [0x000001e696330000, 0x000001e6965a0000, 0x000001e6968d0000]
 total_blobs=440 nmethods=119 adapters=234
 compilation: enabled
              stopped_count=0, restarted_count=0
 full_count=0

Compilation events (20 events):
Event: 0.384 Thread 0x000001e6ac2b3400 nmethod 106 0x000001e69de05090 code [0x000001e69de05220, 0x000001e69de052f8]
Event: 0.384 Thread 0x000001e6ac2b3400  108       3       java.util.zip.ZipUtils::LG (22 bytes)
Event: 0.384 Thread 0x000001e6ac2b3400 nmethod 108 0x000001e6968f2110 code [0x000001e6968f22c0, 0x000001e6968f2538]
Event: 0.384 Thread 0x000001e6ac2b3400  109   !   3       java.util.zip.ZipFile$Source::checkAndAddEntry (209 bytes)
Event: 0.385 Thread 0x000001e6ac2b0fa0 nmethod 107 0x000001e69de05390 code [0x000001e69de05500, 0x000001e69de055b8]
Event: 0.386 Thread 0x000001e6ac2b0fa0  119       4       java.util.zip.ZipCoder$UTF8ZipCoder::checkedHash (91 bytes)
Event: 0.386 Thread 0x000001e6ac2b3400 nmethod 109 0x000001e6968f2690 code [0x000001e6968f2a00, 0x000001e6968f3da8]
Event: 0.386 Thread 0x000001e6ac2b3400  110       3       java.util.zip.ZipUtils::CENHOW (9 bytes)
Event: 0.387 Thread 0x000001e6ac2b3400 nmethod 110 0x000001e6968f4910 code [0x000001e6968f4aa0, 0x000001e6968f4c58]
Event: 0.387 Thread 0x000001e6ac2b3400  111       3       java.util.zip.ZipUtils::CENFLG (9 bytes)
Event: 0.387 Thread 0x000001e6ac2b3400 nmethod 111 0x000001e6968f4d90 code [0x000001e6968f4f20, 0x000001e6968f50d8]
Event: 0.387 Thread 0x000001e6ac2b3400  112       3       java.util.zip.ZipUtils::CENNAM (9 bytes)
Event: 0.387 Thread 0x000001e6ac2b3400 nmethod 112 0x000001e6968f5210 code [0x000001e6968f53a0, 0x000001e6968f5558]
Event: 0.387 Thread 0x000001e6ac2b3400  113       3       java.util.zip.ZipFile$Source::zipCoderForPos (39 bytes)
Event: 0.387 Thread 0x000001e6ac2b3400 nmethod 113 0x000001e6968f5690 code [0x000001e6968f5860, 0x000001e6968f5c48]
Event: 0.387 Thread 0x000001e6ac2b3400  114       3       java.util.zip.ZipFile$Source::isMetaName (141 bytes)
Event: 0.388 Thread 0x000001e6ac2b3400 nmethod 114 0x000001e6968f5e10 code [0x000001e6968f5fc0, 0x000001e6968f64d8]
Event: 0.388 Thread 0x000001e6ac2b3400  115       3       java.util.zip.ZipUtils::CENSIG (8 bytes)
Event: 0.388 Thread 0x000001e6ac2b3400 nmethod 115 0x000001e6968f6690 code [0x000001e6968f6840, 0x000001e6968f6b18]
Event: 0.388 Thread 0x000001e6ac2b3400  116       3       java.util.zip.ZipFile$Source::nextEntryPos (22 bytes)

GC Heap History (0 events):
No events

Deoptimization events (0 events):
No events

Classes unloaded (0 events):
No events

Classes redefined (0 events):
No events

Internal exceptions (0 events):
No events

VM Operations (0 events):
No events

Events (20 events):
Event: 0.382 loading class jdk/internal/access/JavaIORandomAccessFileAccess
Event: 0.382 loading class jdk/internal/access/JavaIORandomAccessFileAccess done
Event: 0.382 loading class java/io/RandomAccessFile$2 done
Event: 0.382 loading class java/util/zip/ZipFile$Source$End
Event: 0.382 loading class java/util/zip/ZipFile$Source$End done
Event: 0.382 loading class java/util/zip/ZipUtils
Event: 0.382 loading class java/util/zip/ZipUtils done
Event: 0.386 loading class java/util/concurrent/TimeUnit
Event: 0.387 loading class java/util/concurrent/TimeUnit done
Event: 0.387 loading class java/nio/file/attribute/FileTime
Event: 0.387 loading class java/nio/file/attribute/FileTime done
Event: 0.387 loading class jdk/internal/perf/PerfCounter
Event: 0.387 loading class jdk/internal/perf/PerfCounter done
Event: 0.387 loading class jdk/internal/perf/Perf$GetPerfAction
Event: 0.387 loading class jdk/internal/perf/Perf$GetPerfAction done
Event: 0.388 loading class jdk/internal/perf/Perf
Event: 0.388 loading class jdk/internal/perf/Perf done
Event: 0.388 loading class jdk/internal/perf/PerfCounter$CoreCounters
Event: 0.388 loading class jdk/internal/perf/PerfCounter$CoreCounters done
Event: 0.388 loading class java/nio/DirectLongBufferU


Dynamic libraries:
0x00007ff6a9620000 - 0x00007ff6a9630000 	C:\Program Files\Java\jdk-17\bin\java.exe
0x00007ffc75450000 - 0x00007ffc75645000 	C:\WINDOWS\SYSTEM32\ntdll.dll
0x00007ffc73a40000 - 0x00007ffc73afe000 	C:\WINDOWS\System32\KERNEL32.DLL
0x00007ffc72bc0000 - 0x00007ffc72e88000 	C:\WINDOWS\System32\KERNELBASE.dll
0x00007ffc73040000 - 0x00007ffc73140000 	C:\WINDOWS\System32\ucrtbase.dll
0x00007ffc69690000 - 0x00007ffc696a8000 	C:\Program Files\Java\jdk-17\bin\jli.dll
0x00007ffc74960000 - 0x00007ffc74a0e000 	C:\WINDOWS\System32\ADVAPI32.dll
0x00007ffc6cdd0000 - 0x00007ffc6cdea000 	C:\Program Files\Java\jdk-17\bin\VCRUNTIME140.dll
0x00007ffc734b0000 - 0x00007ffc7354e000 	C:\WINDOWS\System32\msvcrt.dll
0x00007ffc74de0000 - 0x00007ffc74e7c000 	C:\WINDOWS\System32\sechost.dll
0x00007ffc74a80000 - 0x00007ffc74ba5000 	C:\WINDOWS\System32\RPCRT4.dll
0x00007ffc74c40000 - 0x00007ffc74de0000 	C:\WINDOWS\System32\USER32.dll
0x00007ffc73270000 - 0x00007ffc73292000 	C:\WINDOWS\System32\win32u.dll
0x00007ffc74a10000 - 0x00007ffc74a3a000 	C:\WINDOWS\System32\GDI32.dll
0x00007ffc72e90000 - 0x00007ffc72f9b000 	C:\WINDOWS\System32\gdi32full.dll
0x00007ffc72fa0000 - 0x00007ffc7303d000 	C:\WINDOWS\System32\msvcp_win.dll
0x00007ffc63040000 - 0x00007ffc632da000 	C:\WINDOWS\WinSxS\amd64_microsoft.windows.common-controls_6595b64144ccf1df_6.0.19041.1110_none_60b5254171f9507e\COMCTL32.dll
0x00007ffc65ac0000 - 0x00007ffc65aca000 	C:\WINDOWS\SYSTEM32\VERSION.dll
0x00007ffc74a50000 - 0x00007ffc74a80000 	C:\WINDOWS\System32\IMM32.DLL
0x00007ffc6d6c0000 - 0x00007ffc6d6cc000 	C:\Program Files\Java\jdk-17\bin\vcruntime140_1.dll
0x00007ffc57a30000 - 0x00007ffc57abd000 	C:\Program Files\Java\jdk-17\bin\msvcp140.dll
0x00007ffc47d30000 - 0x00007ffc488ee000 	C:\Program Files\Java\jdk-17\bin\server\jvm.dll
0x00007ffc748e0000 - 0x00007ffc748e8000 	C:\WINDOWS\System32\PSAPI.DLL
0x00007ffc5b350000 - 0x00007ffc5b359000 	C:\WINDOWS\SYSTEM32\WSOCK32.dll
0x00007ffc5d6a0000 - 0x00007ffc5d6c7000 	C:\WINDOWS\SYSTEM32\WINMM.dll
0x00007ffc73ec0000 - 0x00007ffc73f2b000 	C:\WINDOWS\System32\WS2_32.dll
0x00007ffc70a90000 - 0x00007ffc70aa2000 	C:\WINDOWS\SYSTEM32\kernel.appcore.dll
0x00007ffc6bba0000 - 0x00007ffc6bbaa000 	C:\Program Files\Java\jdk-17\bin\jimage.dll
0x00007ffc603a0000 - 0x00007ffc60584000 	C:\WINDOWS\SYSTEM32\DBGHELP.DLL
0x00007ffc5ff80000 - 0x00007ffc5ffac000 	C:\WINDOWS\SYSTEM32\dbgcore.DLL
0x00007ffc73140000 - 0x00007ffc731c2000 	C:\WINDOWS\System32\bcryptPrimitives.dll
0x00007ffc6bb30000 - 0x00007ffc6bb55000 	C:\Program Files\Java\jdk-17\bin\java.dll
0x00007ffc49af0000 - 0x00007ffc49bc6000 	C:\Program Files\Java\jdk-17\bin\svml.dll
0x00007ffc73f30000 - 0x00007ffc74674000 	C:\WINDOWS\System32\SHELL32.dll
0x00007ffc70c90000 - 0x00007ffc71424000 	C:\WINDOWS\SYSTEM32\windows.storage.dll
0x00007ffc73b60000 - 0x00007ffc73eb4000 	C:\WINDOWS\System32\combase.dll
0x00007ffc725e0000 - 0x00007ffc7260c000 	C:\WINDOWS\SYSTEM32\Wldp.dll
0x00007ffc74f90000 - 0x00007ffc7503d000 	C:\WINDOWS\System32\SHCORE.dll
0x00007ffc73b00000 - 0x00007ffc73b55000 	C:\WINDOWS\System32\shlwapi.dll
0x00007ffc72ab0000 - 0x00007ffc72acf000 	C:\WINDOWS\SYSTEM32\profapi.dll
0x00007ffc6ba50000 - 0x00007ffc6ba69000 	C:\Program Files\Java\jdk-17\bin\net.dll
0x00007ffc6be30000 - 0x00007ffc6bf3a000 	C:\WINDOWS\SYSTEM32\WINHTTP.dll
0x00007ffc72340000 - 0x00007ffc723aa000 	C:\WINDOWS\system32\mswsock.dll
0x00007ffc698a0000 - 0x00007ffc698b5000 	C:\Program Files\Java\jdk-17\bin\nio.dll

dbghelp: loaded successfully - version: 4.0.5 - missing functions: none
symbol engine: initialized successfully - sym options: 0x614 - pdb path: .;C:\Program Files\Java\jdk-17\bin;C:\WINDOWS\SYSTEM32;C:\WINDOWS\WinSxS\amd64_microsoft.windows.common-controls_6595b64144ccf1df_6.0.19041.1110_none_60b5254171f9507e;C:\Program Files\Java\jdk-17\bin\server

VM Arguments:
java_command: com.mycompany.qarisiqmallar.veneramarket.Main
java_class_path (initial): C:\GitHubProject\VeneraMarket\VeneraMarket\VeneraMarket\target\classes;C:\Users\samil\.m2\repository\org\javapos\javapos\1.14.0\javapos-1.14.0.jar;C:\Users\samil\.m2\repository\net\glxn\qrgen\qrgen-parent\1.4\qrgen-parent-1.4.jar;C:\Users\samil\.m2\repository\com\toedter\jcalendar\1.4\jcalendar-1.4.jar;C:\GitHubProject\VeneraMarket\VeneraMarket\QarisiqMallarDbApp\target\classes;C:\Users\samil\.m2\repository\mysql\mysql-connector-java\8.0.27\mysql-connector-java-8.0.27.jar;C:\Users\samil\.m2\repository\com\google\protobuf\protobuf-java\3.11.4\protobuf-java-3.11.4.jar;C:\Users\samil\.m2\repository\com\itextpdf\itextpdf\5.5.7\itextpdf-5.5.7.jar;C:\Users\samil\.m2\repository\net\sf\barcode4j\barcode4j\2.1\barcode4j-2.1.jar;C:\Users\samil\.m2\repository\avalon-framework\avalon-framework-impl\4.2.0\avalon-framework-impl-4.2.0.jar;C:\Users\samil\.m2\repository\commons-cli\commons-cli\1.0\commons-cli-1.0.jar;C:\Users\samil\.m2\repository\commons-lang\commons-lang\1.0\commons-lang-1.0.jar;C:\Users\samil\.m2\repository\junit\junit\3.7\junit-3.7.jar;C:\Users\samil\.m2\repository\org\apache\ant\ant\1.7.1\ant-1.7.1.jar;C:\Users\samil\.m2\repository\org\apache\ant\ant-launcher\1.7.1\ant-launcher-1.7.1.jar;C:\Users\samil\.m2\repository\org\apache\pdfbox\fontbox\2.0.4\fontbox-2.0.4.jar;C:\Users\samil\.m2\repository\commons-logging\commons-logging\1.2\commons-logging-1.2.jar
Launcher Type: SUN_STANDARD

[Global flags]
     intx CICompilerCount                          = 3                                         {product} {ergonomic}
     uint ConcGCThreads                            = 1                                         {product} {ergonomic}
     uint G1ConcRefinementThreads                  = 4                                         {product} {ergonomic}
   size_t G1HeapRegionSize                         = 1048576                                   {product} {ergonomic}
    uintx GCDrainStackTargetSize                   = 64                                        {product} {ergonomic}
   size_t InitialHeapSize                          = 132120576                                 {product} {ergonomic}
   size_t MarkStackSize                            = 4194304                                   {product} {ergonomic}
   size_t MaxHeapSize                              = 2095054848                                {product} {ergonomic}
   size_t MaxNewSize                               = 1256194048                                {product} {ergonomic}
   size_t MinHeapDeltaBytes                        = 1048576                                   {product} {ergonomic}
   size_t MinHeapSize                              = 8388608                                   {product} {ergonomic}
    uintx NonNMethodCodeHeapSize                   = 5832780                                {pd product} {ergonomic}
    uintx NonProfiledCodeHeapSize                  = 122912730                              {pd product} {ergonomic}
    uintx ProfiledCodeHeapSize                     = 122912730                              {pd product} {ergonomic}
    uintx ReservedCodeCacheSize                    = 251658240                              {pd product} {ergonomic}
     bool SegmentedCodeCache                       = true                                      {product} {ergonomic}
   size_t SoftMaxHeapSize                          = 2095054848                             {manageable} {ergonomic}
     bool UseCompressedClassPointers               = true                           {product lp64_product} {ergonomic}
     bool UseCompressedOops                        = true                           {product lp64_product} {ergonomic}
     bool UseG1GC                                  = true                                      {product} {ergonomic}
     bool UseLargePagesIndividualAllocation        = false                                  {pd product} {ergonomic}

Logging:
Log output configuration:
 #0: stdout all=warning uptime,level,tags
 #1: stderr all=off uptime,level,tags

Environment Variables:
JAVA_HOME=C:\Program Files\Java\jdk-17
PATH=C:\Program Files\Common Files\Oracle\Java\javapath;C:\Program Files (x86)\Common Files\Oracle\Java\javapath;C:\WINDOWS\system32;C:\WINDOWS;C:\WINDOWS\System32\Wbem;C:\WINDOWS\System32\WindowsPowerShell\v1.0\;C:\WINDOWS\System32\OpenSSH\;C:\Program Files\Microsoft SQL Server\130\Tools\Binn\;C:\Program Files\dotnet\;C:\Program Files\Microsoft SQL Server\Client SDK\ODBC\170\Tools\Binn\;C:\Program Files (x86)\dotnet\;C:\Program Files\Java\jdk-17\bin;C:\Program Files (x86)\Java\jre1.8.0_301\bin;C:\Program Files\Java\jdk-17;C:\Program Files\MySQL\MySQL Server 8.0\bin;C:\Program Files\Git\cmd;C:\Program Files\TortoiseGit\bin;C:\Users\samil\AppData\Local\Programs\Python\Python39\Scripts\;C:\Users\samil\AppData\Local\Programs\Python\Python39\;C:\Program Files\MySQL\MySQL Shell 8.0\bin\;C:\Users\samil\AppData\Local\Microsoft\WindowsApps;C:\Users\samil\.dotnet\tools;C:\Program Files\CodeBlocks\MinGW\bin;C:\Users\samil\AppData\Local\GitHubDesktop\bin
USERNAME=samil
OS=Windows_NT
PROCESSOR_IDENTIFIER=Intel64 Family 6 Model 58 Stepping 9, GenuineIntel



---------------  S Y S T E M  ---------------

OS:
 Windows 10 , 64 bit Build 19041 (10.0.19041.1566)
OS uptime: 17 days 17:31 hours

CPU: total 4 (initial active 4) (2 cores per cpu, 2 threads per core) family 6 model 58 stepping 9 microcode 0x21, cx8, cmov, fxsr, ht, mmx, sse, sse2, sse3, ssse3, sse4.1, sse4.2, popcnt, tsc, tscinvbit, avx, aes, erms, clmul, vzeroupper, clflush

Memory: 4k page, system-wide physical 7987M (305M free)
TotalPageFile size 32563M (AvailPageFile size 4M)
current process WorkingSet (physical memory assigned to process): 30M, peak: 30M
current process commit charge ("private bytes"): 194M, peak: 194M

vm_info: Java HotSpot(TM) 64-Bit Server VM (17+35-LTS-2724) for windows-amd64 JRE (17+35-LTS-2724), built on Aug  5 2021 23:28:28 by "mach5one" with MS VC++ 16.8 (VS2019)

END.
