#
# There is insufficient memory for the Java Runtime Environment to continue.
# Native memory allocation (malloc) failed to allocate 580016 bytes for Chunk::new
# Possible reasons:
#   The system is out of physical RAM or swap space
#   The process is running with CompressedOops enabled, and the Java Heap may be blocking the growth of the native heap
# Possible solutions:
#   Reduce memory load on the system
#   Increase physical memory or swap space
#   Check if swap backing store is full
#   Decrease Java heap size (-Xmx/-Xms)
#   Decrease number of Java threads
#   Decrease Java thread stack sizes (-Xss)
#   Set larger code cache with -XX:ReservedCodeCacheSize=
#   JVM is running with Unscaled Compressed Oops mode in which the Java heap is
#     placed in the first 4GB address space. The Java Heap base address is the
#     maximum limit for the native heap growth. Please use -XX:HeapBaseMinAddress
#     to set the Java Heap base and to place the Java Heap above 4GB virtual address.
# This output file may be truncated or incomplete.
#
#  Out of Memory Error (arena.cpp:189), pid=16368, tid=6856
#
# JRE version: Java(TM) SE Runtime Environment (17.0+35) (build 17+35-LTS-2724)
# Java VM: Java HotSpot(TM) 64-Bit Server VM (17+35-LTS-2724, mixed mode, sharing, tiered, compressed oops, compressed class ptrs, g1 gc, windows-amd64)
# No core dump will be written. Minidumps are not enabled by default on client versions of Windows
#

---------------  S U M M A R Y ------------

Command Line: com.mycompany.qarisiqmallar.veneramarket.Main

Host: Intel(R) Core(TM) i5-3317U CPU @ 1.70GHz, 4 cores, 7G,  Windows 10 , 64 bit Build 19041 (10.0.19041.1566)
Time: Sun Apr 10 11:00:08 2022 Azerbaijan Standard Time elapsed time: 256.168252 seconds (0d 0h 4m 16s)

---------------  T H R E A D  ---------------

Current thread (0x000001ecd6b662a0):  JavaThread "C2 CompilerThread0" daemon [_thread_in_native, id=6856, stack(0x000000dbdf300000,0x000000dbdf400000)]


Current CompileTask:
C2: 256168 3519       4       sun.java2d.pipe.AlphaPaintPipe::renderPathTile (491 bytes)

Stack: [0x000000dbdf300000,0x000000dbdf400000]
Native frames: (J=compiled Java code, j=interpreted, Vv=VM code, C=native code)
V  [jvm.dll+0x66f8ea]
V  [jvm.dll+0x7ce224]
V  [jvm.dll+0x7cf9ce]
V  [jvm.dll+0x7d0033]
V  [jvm.dll+0x242bb5]
V  [jvm.dll+0xaa05b]
V  [jvm.dll+0xaa5ec]
V  [jvm.dll+0x35f9a2]
V  [jvm.dll+0x329f61]
V  [jvm.dll+0x32940a]
V  [jvm.dll+0x215ca1]
V  [jvm.dll+0x2150c1]
V  [jvm.dll+0x1a168d]
V  [jvm.dll+0x2248f8]
V  [jvm.dll+0x222a5c]
V  [jvm.dll+0x78422b]
V  [jvm.dll+0x77e7ea]
V  [jvm.dll+0x66e715]
C  [ucrtbase.dll+0x21bb2]
C  [KERNEL32.DLL+0x17034]
C  [ntdll.dll+0x52651]


---------------  P R O C E S S  ---------------

Threads class SMR info:
_java_thread_list=0x000001ecd86f94f0, length=18, elements={
0x000001ecd6b49090, 0x000001ecd6b4a5b0, 0x000001ecd6b61c70, 0x000001ecd6b62530,
0x000001ecd6b645a0, 0x000001ecd6b65600, 0x000001ecd6b662a0, 0x000001ecd6b6a8f0,
0x000001ecd6b888c0, 0x000001ecd7890420, 0x000001ecd789e930, 0x000001ecd7b556d0,
0x000001ecd79e2d70, 0x000001ecd79e3240, 0x000001ecd7bdb1b0, 0x000001ecb7499fa0,
0x000001ecd8a7b2a0, 0x000001ecd8c8d580
}

Java Threads: ( => current thread )
  0x000001ecd6b49090 JavaThread "Reference Handler" daemon [_thread_blocked, id=6448, stack(0x000000dbded00000,0x000000dbdee00000)]
  0x000001ecd6b4a5b0 JavaThread "Finalizer" daemon [_thread_blocked, id=13188, stack(0x000000dbdee00000,0x000000dbdef00000)]
  0x000001ecd6b61c70 JavaThread "Signal Dispatcher" daemon [_thread_blocked, id=9068, stack(0x000000dbdef00000,0x000000dbdf000000)]
  0x000001ecd6b62530 JavaThread "Attach Listener" daemon [_thread_blocked, id=9764, stack(0x000000dbdf000000,0x000000dbdf100000)]
  0x000001ecd6b645a0 JavaThread "Service Thread" daemon [_thread_blocked, id=14592, stack(0x000000dbdf100000,0x000000dbdf200000)]
  0x000001ecd6b65600 JavaThread "Monitor Deflation Thread" daemon [_thread_blocked, id=13456, stack(0x000000dbdf200000,0x000000dbdf300000)]
=>0x000001ecd6b662a0 JavaThread "C2 CompilerThread0" daemon [_thread_in_native, id=6856, stack(0x000000dbdf300000,0x000000dbdf400000)]
  0x000001ecd6b6a8f0 JavaThread "C1 CompilerThread0" daemon [_thread_blocked, id=1476, stack(0x000000dbdf400000,0x000000dbdf500000)]
  0x000001ecd6b888c0 JavaThread "Sweeper thread" daemon [_thread_blocked, id=4640, stack(0x000000dbdf500000,0x000000dbdf600000)]
  0x000001ecd7890420 JavaThread "Notification Thread" daemon [_thread_blocked, id=11692, stack(0x000000dbdf600000,0x000000dbdf700000)]
  0x000001ecd789e930 JavaThread "Common-Cleaner" daemon [_thread_blocked, id=11768, stack(0x000000dbdf800000,0x000000dbdf900000)]
  0x000001ecd7b556d0 JavaThread "Java2D Disposer" daemon [_thread_blocked, id=15904, stack(0x000000dbdf900000,0x000000dbdfa00000)]
  0x000001ecd79e2d70 JavaThread "AWT-Shutdown" [_thread_blocked, id=13180, stack(0x000000dbdfa00000,0x000000dbdfb00000)]
  0x000001ecd79e3240 JavaThread "AWT-Windows" daemon [_thread_in_native, id=14196, stack(0x000000dbdfb00000,0x000000dbdfc00000)]
  0x000001ecd7bdb1b0 JavaThread "AWT-EventQueue-0" [_thread_blocked, id=17392, stack(0x000000dbdfc00000,0x000000dbdfd00000)]
  0x000001ecb7499fa0 JavaThread "DestroyJavaVM" [_thread_blocked, id=3004, stack(0x000000dbde600000,0x000000dbde700000)]
  0x000001ecd8a7b2a0 JavaThread "mysql-cj-abandoned-connection-cleanup" daemon [_thread_blocked, id=6392, stack(0x000000dbe0000000,0x000000dbe0100000)]
  0x000001ecd8c8d580 JavaThread "TimerQueue" daemon [_thread_blocked, id=6120, stack(0x000000dbe0700000,0x000000dbe0800000)]

Other Threads:
  0x000001ecd6b43de0 VMThread "VM Thread" [stack: 0x000000dbdec00000,0x000000dbded00000] [id=11828]
  0x000001ecb94b8540 WatcherThread [stack: 0x000000dbdf700000,0x000000dbdf800000] [id=10044]
  0x000001ecb949def0 GCTaskThread "GC Thread#0" [stack: 0x000000dbde700000,0x000000dbde800000] [id=1168]
  0x000001ecd8a70210 GCTaskThread "GC Thread#1" [stack: 0x000000dbe0100000,0x000000dbe0200000] [id=15120]
  0x000001ecd8b77c90 GCTaskThread "GC Thread#2" [stack: 0x000000dbe0200000,0x000000dbe0300000] [id=804]
  0x000001ecd8b77f40 GCTaskThread "GC Thread#3" [stack: 0x000000dbe0300000,0x000000dbe0400000] [id=1264]
  0x000001ecb94af710 ConcurrentGCThread "G1 Main Marker" [stack: 0x000000dbde800000,0x000000dbde900000] [id=5260]
  0x000001ecb94b17e0 ConcurrentGCThread "G1 Conc#0" [stack: 0x000000dbde900000,0x000000dbdea00000] [id=3056]
  0x000001ecb952a4f0 ConcurrentGCThread "G1 Refine#0" [stack: 0x000000dbdea00000,0x000000dbdeb00000] [id=6904]
  0x000001ecd8b781f0 ConcurrentGCThread "G1 Refine#1" [stack: 0x000000dbe0400000,0x000000dbe0500000] [id=12612]
  0x000001ecd8b99560 ConcurrentGCThread "G1 Refine#2" [stack: 0x000000dbe0500000,0x000000dbe0600000] [id=12256]
  0x000001ecb952ae20 ConcurrentGCThread "G1 Service" [stack: 0x000000dbdeb00000,0x000000dbdec00000] [id=11604]

Threads with active compile tasks:
C2 CompilerThread0   256206 3519       4       sun.java2d.pipe.AlphaPaintPipe::renderPathTile (491 bytes)

VM state: not at safepoint (normal execution)

VM Mutex/Monitor currently owned by a thread: None

Heap address: 0x0000000083200000, size: 1998 MB, Compressed Oops mode: 32-bit

CDS archive(s) mapped at: [0x0000000800000000-0x0000000800bc0000-0x0000000800bc0000), size 12320768, SharedBaseAddress: 0x0000000800000000, ArchiveRelocationMode: 0.
Compressed class space mapped at: 0x0000000800c00000-0x0000000840c00000, reserved size: 1073741824
Narrow klass base: 0x0000000800000000, Narrow klass shift: 0, Narrow klass range: 0x100000000

GC Precious Log:
 CPUs: 4 total, 4 available
 Memory: 7987M
 Large Page Support: Disabled
 NUMA Support: Disabled
 Compressed Oops: Enabled (32-bit)
 Heap Region Size: 1M
 Heap Min Capacity: 8M
 Heap Initial Capacity: 126M
 Heap Max Capacity: 1998M
 Pre-touch: Disabled
 Parallel Workers: 4
 Concurrent Workers: 1
 Concurrent Refinement Workers: 4
 Periodic GC: Disabled

Heap:
 garbage-first heap   total 129024K, used 19767K [0x0000000083200000, 0x0000000100000000)
  region size 1024K, 8 young (8192K), 3 survivors (3072K)
 Metaspace       used 21282K, committed 21440K, reserved 1073152K
  class space    used 2390K, committed 2496K, reserved 1048576K

Heap Regions: E=young(eden), S=young(survivor), O=old, HS=humongous(starts), HC=humongous(continues), CS=collection set, F=free, OA=open archive, CA=closed archive, TAMS=top-at-mark-start (previous, next)
|   0|0x0000000083200000, 0x0000000083300000, 0x0000000083300000|100%| O|  |TAMS 0x0000000083200000, 0x0000000083200000| Untracked 
|   1|0x0000000083300000, 0x0000000083400000, 0x0000000083400000|100%| O|  |TAMS 0x0000000083300000, 0x0000000083300000| Untracked 
|   2|0x0000000083400000, 0x0000000083500000, 0x0000000083500000|100%| O|  |TAMS 0x0000000083400000, 0x0000000083400000| Untracked 
|   3|0x0000000083500000, 0x0000000083600000, 0x0000000083600000|100%| O|  |TAMS 0x0000000083500000, 0x0000000083500000| Untracked 
|   4|0x0000000083600000, 0x00000000836ae400, 0x0000000083700000| 68%| O|  |TAMS 0x0000000083600000, 0x0000000083600000| Untracked 
|   5|0x0000000083700000, 0x0000000083800000, 0x0000000083800000|100%|HS|  |TAMS 0x0000000083700000, 0x0000000083700000| Complete 
|   6|0x0000000083800000, 0x0000000083900000, 0x0000000083900000|100%|HC|  |TAMS 0x0000000083800000, 0x0000000083800000| Complete 
|   7|0x0000000083900000, 0x0000000083a00000, 0x0000000083a00000|100%|HC|  |TAMS 0x0000000083900000, 0x0000000083900000| Complete 
|   8|0x0000000083a00000, 0x0000000083b00000, 0x0000000083b00000|100%|HC|  |TAMS 0x0000000083a00000, 0x0000000083a00000| Complete 
|   9|0x0000000083b00000, 0x0000000083b00000, 0x0000000083c00000|  0%| F|  |TAMS 0x0000000083b00000, 0x0000000083b00000| Untracked 
|  10|0x0000000083c00000, 0x0000000083c00000, 0x0000000083d00000|  0%| F|  |TAMS 0x0000000083c00000, 0x0000000083c00000| Untracked 
|  11|0x0000000083d00000, 0x0000000083d00000, 0x0000000083e00000|  0%| F|  |TAMS 0x0000000083d00000, 0x0000000083d00000| Untracked 
|  12|0x0000000083e00000, 0x0000000083e00000, 0x0000000083f00000|  0%| F|  |TAMS 0x0000000083e00000, 0x0000000083e00000| Untracked 
|  13|0x0000000083f00000, 0x0000000083f00000, 0x0000000084000000|  0%| F|  |TAMS 0x0000000083f00000, 0x0000000083f00000| Untracked 
|  14|0x0000000084000000, 0x0000000084000000, 0x0000000084100000|  0%| F|  |TAMS 0x0000000084000000, 0x0000000084000000| Untracked 
|  15|0x0000000084100000, 0x0000000084100000, 0x0000000084200000|  0%| F|  |TAMS 0x0000000084100000, 0x0000000084100000| Untracked 
|  16|0x0000000084200000, 0x0000000084200000, 0x0000000084300000|  0%| F|  |TAMS 0x0000000084200000, 0x0000000084200000| Untracked 
|  17|0x0000000084300000, 0x0000000084300000, 0x0000000084400000|  0%| F|  |TAMS 0x0000000084300000, 0x0000000084300000| Untracked 
|  18|0x0000000084400000, 0x0000000084400000, 0x0000000084500000|  0%| F|  |TAMS 0x0000000084400000, 0x0000000084400000| Untracked 
|  19|0x0000000084500000, 0x0000000084500000, 0x0000000084600000|  0%| F|  |TAMS 0x0000000084500000, 0x0000000084500000| Untracked 
|  20|0x0000000084600000, 0x0000000084600000, 0x0000000084700000|  0%| F|  |TAMS 0x0000000084600000, 0x0000000084600000| Untracked 
|  21|0x0000000084700000, 0x0000000084700000, 0x0000000084800000|  0%| F|  |TAMS 0x0000000084700000, 0x0000000084700000| Untracked 
|  22|0x0000000084800000, 0x0000000084800000, 0x0000000084900000|  0%| F|  |TAMS 0x0000000084800000, 0x0000000084800000| Untracked 
|  23|0x0000000084900000, 0x0000000084900000, 0x0000000084a00000|  0%| F|  |TAMS 0x0000000084900000, 0x0000000084900000| Untracked 
|  24|0x0000000084a00000, 0x0000000084a00000, 0x0000000084b00000|  0%| F|  |TAMS 0x0000000084a00000, 0x0000000084a00000| Untracked 
|  25|0x0000000084b00000, 0x0000000084b00000, 0x0000000084c00000|  0%| F|  |TAMS 0x0000000084b00000, 0x0000000084b00000| Untracked 
|  26|0x0000000084c00000, 0x0000000084d00000, 0x0000000084d00000|100%|HS|  |TAMS 0x0000000084c00000, 0x0000000084c00000| Complete 
|  27|0x0000000084d00000, 0x0000000084e00000, 0x0000000084e00000|100%|HC|  |TAMS 0x0000000084d00000, 0x0000000084d00000| Complete 
|  28|0x0000000084e00000, 0x0000000084f00000, 0x0000000084f00000|100%|HC|  |TAMS 0x0000000084e00000, 0x0000000084e00000| Complete 
|  29|0x0000000084f00000, 0x0000000085000000, 0x0000000085000000|100%|HC|  |TAMS 0x0000000084f00000, 0x0000000084f00000| Complete 
|  30|0x0000000085000000, 0x0000000085000000, 0x0000000085100000|  0%| F|  |TAMS 0x0000000085000000, 0x0000000085000000| Untracked 
|  31|0x0000000085100000, 0x0000000085100000, 0x0000000085200000|  0%| F|  |TAMS 0x0000000085100000, 0x0000000085100000| Untracked 
|  32|0x0000000085200000, 0x0000000085200000, 0x0000000085300000|  0%| F|  |TAMS 0x0000000085200000, 0x0000000085200000| Untracked 
|  33|0x0000000085300000, 0x0000000085300000, 0x0000000085400000|  0%| F|  |TAMS 0x0000000085300000, 0x0000000085300000| Untracked 
|  34|0x0000000085400000, 0x0000000085400000, 0x0000000085500000|  0%| F|  |TAMS 0x0000000085400000, 0x0000000085400000| Untracked 
|  35|0x0000000085500000, 0x0000000085500000, 0x0000000085600000|  0%| F|  |TAMS 0x0000000085500000, 0x0000000085500000| Untracked 
|  36|0x0000000085600000, 0x0000000085600000, 0x0000000085700000|  0%| F|  |TAMS 0x0000000085600000, 0x0000000085600000| Untracked 
|  37|0x0000000085700000, 0x0000000085700000, 0x0000000085800000|  0%| F|  |TAMS 0x0000000085700000, 0x0000000085700000| Untracked 
|  38|0x0000000085800000, 0x0000000085800000, 0x0000000085900000|  0%| F|  |TAMS 0x0000000085800000, 0x0000000085800000| Untracked 
|  39|0x0000000085900000, 0x0000000085900000, 0x0000000085a00000|  0%| F|  |TAMS 0x0000000085900000, 0x0000000085900000| Untracked 
|  40|0x0000000085a00000, 0x0000000085a00000, 0x0000000085b00000|  0%| F|  |TAMS 0x0000000085a00000, 0x0000000085a00000| Untracked 
|  41|0x0000000085b00000, 0x0000000085b00000, 0x0000000085c00000|  0%| F|  |TAMS 0x0000000085b00000, 0x0000000085b00000| Untracked 
|  42|0x0000000085c00000, 0x0000000085c00000, 0x0000000085d00000|  0%| F|  |TAMS 0x0000000085c00000, 0x0000000085c00000| Untracked 
|  43|0x0000000085d00000, 0x0000000085d00000, 0x0000000085e00000|  0%| F|  |TAMS 0x0000000085d00000, 0x0000000085d00000| Untracked 
|  44|0x0000000085e00000, 0x0000000085e00000, 0x0000000085f00000|  0%| F|  |TAMS 0x0000000085e00000, 0x0000000085e00000| Untracked 
|  45|0x0000000085f00000, 0x0000000085f00000, 0x0000000086000000|  0%| F|  |TAMS 0x0000000085f00000, 0x0000000085f00000| Untracked 
|  46|0x0000000086000000, 0x0000000086000000, 0x0000000086100000|  0%| F|  |TAMS 0x0000000086000000, 0x0000000086000000| Untracked 
|  47|0x0000000086100000, 0x0000000086100000, 0x0000000086200000|  0%| F|  |TAMS 0x0000000086100000, 0x0000000086100000| Untracked 
|  48|0x0000000086200000, 0x0000000086200000, 0x0000000086300000|  0%| F|  |TAMS 0x0000000086200000, 0x0000000086200000| Untracked 
|  49|0x0000000086300000, 0x0000000086300000, 0x0000000086400000|  0%| F|  |TAMS 0x0000000086300000, 0x0000000086300000| Untracked 
|  50|0x0000000086400000, 0x0000000086400000, 0x0000000086500000|  0%| F|  |TAMS 0x0000000086400000, 0x0000000086400000| Untracked 
|  51|0x0000000086500000, 0x0000000086500000, 0x0000000086600000|  0%| F|  |TAMS 0x0000000086500000, 0x0000000086500000| Untracked 
|  52|0x0000000086600000, 0x0000000086600000, 0x0000000086700000|  0%| F|  |TAMS 0x0000000086600000, 0x0000000086600000| Untracked 
|  53|0x0000000086700000, 0x0000000086700000, 0x0000000086800000|  0%| F|  |TAMS 0x0000000086700000, 0x0000000086700000| Untracked 
|  54|0x0000000086800000, 0x0000000086800000, 0x0000000086900000|  0%| F|  |TAMS 0x0000000086800000, 0x0000000086800000| Untracked 
|  55|0x0000000086900000, 0x0000000086900000, 0x0000000086a00000|  0%| F|  |TAMS 0x0000000086900000, 0x0000000086900000| Untracked 
|  56|0x0000000086a00000, 0x0000000086a00000, 0x0000000086b00000|  0%| F|  |TAMS 0x0000000086a00000, 0x0000000086a00000| Untracked 
|  57|0x0000000086b00000, 0x0000000086b00000, 0x0000000086c00000|  0%| F|  |TAMS 0x0000000086b00000, 0x0000000086b00000| Untracked 
|  58|0x0000000086c00000, 0x0000000086c00000, 0x0000000086d00000|  0%| F|  |TAMS 0x0000000086c00000, 0x0000000086c00000| Untracked 
|  59|0x0000000086d00000, 0x0000000086d00000, 0x0000000086e00000|  0%| F|  |TAMS 0x0000000086d00000, 0x0000000086d00000| Untracked 
|  60|0x0000000086e00000, 0x0000000086e00000, 0x0000000086f00000|  0%| F|  |TAMS 0x0000000086e00000, 0x0000000086e00000| Untracked 
|  61|0x0000000086f00000, 0x0000000086f00000, 0x0000000087000000|  0%| F|  |TAMS 0x0000000086f00000, 0x0000000086f00000| Untracked 
|  62|0x0000000087000000, 0x0000000087000000, 0x0000000087100000|  0%| F|  |TAMS 0x0000000087000000, 0x0000000087000000| Untracked 
|  63|0x0000000087100000, 0x0000000087100000, 0x0000000087200000|  0%| F|  |TAMS 0x0000000087100000, 0x0000000087100000| Untracked 
|  64|0x0000000087200000, 0x0000000087200000, 0x0000000087300000|  0%| F|  |TAMS 0x0000000087200000, 0x0000000087200000| Untracked 
|  65|0x0000000087300000, 0x0000000087300000, 0x0000000087400000|  0%| F|  |TAMS 0x0000000087300000, 0x0000000087300000| Untracked 
|  66|0x0000000087400000, 0x0000000087400000, 0x0000000087500000|  0%| F|  |TAMS 0x0000000087400000, 0x0000000087400000| Untracked 
|  67|0x0000000087500000, 0x0000000087500000, 0x0000000087600000|  0%| F|  |TAMS 0x0000000087500000, 0x0000000087500000| Untracked 
|  68|0x0000000087600000, 0x0000000087600000, 0x0000000087700000|  0%| F|  |TAMS 0x0000000087600000, 0x0000000087600000| Untracked 
|  69|0x0000000087700000, 0x0000000087700000, 0x0000000087800000|  0%| F|  |TAMS 0x0000000087700000, 0x0000000087700000| Untracked 
|  70|0x0000000087800000, 0x0000000087800000, 0x0000000087900000|  0%| F|  |TAMS 0x0000000087800000, 0x0000000087800000| Untracked 
|  71|0x0000000087900000, 0x0000000087900000, 0x0000000087a00000|  0%| F|  |TAMS 0x0000000087900000, 0x0000000087900000| Untracked 
|  72|0x0000000087a00000, 0x0000000087a00000, 0x0000000087b00000|  0%| F|  |TAMS 0x0000000087a00000, 0x0000000087a00000| Untracked 
|  73|0x0000000087b00000, 0x0000000087b00000, 0x0000000087c00000|  0%| F|  |TAMS 0x0000000087b00000, 0x0000000087b00000| Untracked 
|  74|0x0000000087c00000, 0x0000000087c00000, 0x0000000087d00000|  0%| F|  |TAMS 0x0000000087c00000, 0x0000000087c00000| Untracked 
|  75|0x0000000087d00000, 0x0000000087d00000, 0x0000000087e00000|  0%| F|  |TAMS 0x0000000087d00000, 0x0000000087d00000| Untracked 
|  76|0x0000000087e00000, 0x0000000087e00000, 0x0000000087f00000|  0%| F|  |TAMS 0x0000000087e00000, 0x0000000087e00000| Untracked 
|  77|0x0000000087f00000, 0x0000000087f00000, 0x0000000088000000|  0%| F|  |TAMS 0x0000000087f00000, 0x0000000087f00000| Untracked 
|  78|0x0000000088000000, 0x0000000088000000, 0x0000000088100000|  0%| F|  |TAMS 0x0000000088000000, 0x0000000088000000| Untracked 
|  79|0x0000000088100000, 0x0000000088100000, 0x0000000088200000|  0%| F|  |TAMS 0x0000000088100000, 0x0000000088100000| Untracked 
|  80|0x0000000088200000, 0x000000008829f988, 0x0000000088300000| 62%| S|CS|TAMS 0x0000000088200000, 0x0000000088200000| Complete 
|  81|0x0000000088300000, 0x0000000088400000, 0x0000000088400000|100%| S|CS|TAMS 0x0000000088300000, 0x0000000088300000| Complete 
|  82|0x0000000088400000, 0x0000000088500000, 0x0000000088500000|100%| S|CS|TAMS 0x0000000088400000, 0x0000000088400000| Complete 
|  83|0x0000000088500000, 0x0000000088500000, 0x0000000088600000|  0%| F|  |TAMS 0x0000000088500000, 0x0000000088500000| Untracked 
|  84|0x0000000088600000, 0x0000000088600000, 0x0000000088700000|  0%| F|  |TAMS 0x0000000088600000, 0x0000000088600000| Untracked 
|  85|0x0000000088700000, 0x0000000088700000, 0x0000000088800000|  0%| F|  |TAMS 0x0000000088700000, 0x0000000088700000| Untracked 
|  86|0x0000000088800000, 0x0000000088800000, 0x0000000088900000|  0%| F|  |TAMS 0x0000000088800000, 0x0000000088800000| Untracked 
|  87|0x0000000088900000, 0x0000000088900000, 0x0000000088a00000|  0%| F|  |TAMS 0x0000000088900000, 0x0000000088900000| Untracked 
|  88|0x0000000088a00000, 0x0000000088a00000, 0x0000000088b00000|  0%| F|  |TAMS 0x0000000088a00000, 0x0000000088a00000| Untracked 
|  89|0x0000000088b00000, 0x0000000088b00000, 0x0000000088c00000|  0%| F|  |TAMS 0x0000000088b00000, 0x0000000088b00000| Untracked 
|  90|0x0000000088c00000, 0x0000000088c00000, 0x0000000088d00000|  0%| F|  |TAMS 0x0000000088c00000, 0x0000000088c00000| Untracked 
|  91|0x0000000088d00000, 0x0000000088d00000, 0x0000000088e00000|  0%| F|  |TAMS 0x0000000088d00000, 0x0000000088d00000| Untracked 
|  92|0x0000000088e00000, 0x0000000088e00000, 0x0000000088f00000|  0%| F|  |TAMS 0x0000000088e00000, 0x0000000088e00000| Untracked 
|  93|0x0000000088f00000, 0x0000000088f00000, 0x0000000089000000|  0%| F|  |TAMS 0x0000000088f00000, 0x0000000088f00000| Untracked 
|  94|0x0000000089000000, 0x0000000089000000, 0x0000000089100000|  0%| F|  |TAMS 0x0000000089000000, 0x0000000089000000| Untracked 
|  95|0x0000000089100000, 0x0000000089100000, 0x0000000089200000|  0%| F|  |TAMS 0x0000000089100000, 0x0000000089100000| Untracked 
|  96|0x0000000089200000, 0x0000000089200000, 0x0000000089300000|  0%| F|  |TAMS 0x0000000089200000, 0x0000000089200000| Untracked 
|  97|0x0000000089300000, 0x0000000089300000, 0x0000000089400000|  0%| F|  |TAMS 0x0000000089300000, 0x0000000089300000| Untracked 
|  98|0x0000000089400000, 0x0000000089400000, 0x0000000089500000|  0%| F|  |TAMS 0x0000000089400000, 0x0000000089400000| Untracked 
|  99|0x0000000089500000, 0x0000000089500000, 0x0000000089600000|  0%| F|  |TAMS 0x0000000089500000, 0x0000000089500000| Untracked 
| 100|0x0000000089600000, 0x0000000089600000, 0x0000000089700000|  0%| F|  |TAMS 0x0000000089600000, 0x0000000089600000| Untracked 
| 101|0x0000000089700000, 0x0000000089700000, 0x0000000089800000|  0%| F|  |TAMS 0x0000000089700000, 0x0000000089700000| Untracked 
| 102|0x0000000089800000, 0x0000000089800000, 0x0000000089900000|  0%| F|  |TAMS 0x0000000089800000, 0x0000000089800000| Untracked 
| 103|0x0000000089900000, 0x0000000089900000, 0x0000000089a00000|  0%| F|  |TAMS 0x0000000089900000, 0x0000000089900000| Untracked 
| 104|0x0000000089a00000, 0x0000000089a00000, 0x0000000089b00000|  0%| F|  |TAMS 0x0000000089a00000, 0x0000000089a00000| Untracked 
| 105|0x0000000089b00000, 0x0000000089b00000, 0x0000000089c00000|  0%| F|  |TAMS 0x0000000089b00000, 0x0000000089b00000| Untracked 
| 106|0x0000000089c00000, 0x0000000089c00000, 0x0000000089d00000|  0%| F|  |TAMS 0x0000000089c00000, 0x0000000089c00000| Untracked 
| 107|0x0000000089d00000, 0x0000000089d00000, 0x0000000089e00000|  0%| F|  |TAMS 0x0000000089d00000, 0x0000000089d00000| Untracked 
| 108|0x0000000089e00000, 0x0000000089e00000, 0x0000000089f00000|  0%| F|  |TAMS 0x0000000089e00000, 0x0000000089e00000| Untracked 
| 109|0x0000000089f00000, 0x0000000089f00000, 0x000000008a000000|  0%| F|  |TAMS 0x0000000089f00000, 0x0000000089f00000| Untracked 
| 110|0x000000008a000000, 0x000000008a000000, 0x000000008a100000|  0%| F|  |TAMS 0x000000008a000000, 0x000000008a000000| Untracked 
| 111|0x000000008a100000, 0x000000008a100000, 0x000000008a200000|  0%| F|  |TAMS 0x000000008a100000, 0x000000008a100000| Untracked 
| 112|0x000000008a200000, 0x000000008a200000, 0x000000008a300000|  0%| F|  |TAMS 0x000000008a200000, 0x000000008a200000| Untracked 
| 113|0x000000008a300000, 0x000000008a300000, 0x000000008a400000|  0%| F|  |TAMS 0x000000008a300000, 0x000000008a300000| Untracked 
| 114|0x000000008a400000, 0x000000008a400000, 0x000000008a500000|  0%| F|  |TAMS 0x000000008a400000, 0x000000008a400000| Untracked 
| 115|0x000000008a500000, 0x000000008a500000, 0x000000008a600000|  0%| F|  |TAMS 0x000000008a500000, 0x000000008a500000| Untracked 
| 116|0x000000008a600000, 0x000000008a600000, 0x000000008a700000|  0%| F|  |TAMS 0x000000008a600000, 0x000000008a600000| Untracked 
| 117|0x000000008a700000, 0x000000008a700000, 0x000000008a800000|  0%| F|  |TAMS 0x000000008a700000, 0x000000008a700000| Untracked 
| 118|0x000000008a800000, 0x000000008a800000, 0x000000008a900000|  0%| F|  |TAMS 0x000000008a800000, 0x000000008a800000| Untracked 
| 119|0x000000008a900000, 0x000000008a900000, 0x000000008aa00000|  0%| F|  |TAMS 0x000000008a900000, 0x000000008a900000| Untracked 
| 120|0x000000008aa00000, 0x000000008aa00000, 0x000000008ab00000|  0%| F|  |TAMS 0x000000008aa00000, 0x000000008aa00000| Untracked 
| 121|0x000000008ab00000, 0x000000008ab82dd0, 0x000000008ac00000| 51%| E|  |TAMS 0x000000008ab00000, 0x000000008ab00000| Complete 
| 122|0x000000008ac00000, 0x000000008ad00000, 0x000000008ad00000|100%| E|CS|TAMS 0x000000008ac00000, 0x000000008ac00000| Complete 
| 123|0x000000008ad00000, 0x000000008ae00000, 0x000000008ae00000|100%| E|CS|TAMS 0x000000008ad00000, 0x000000008ad00000| Complete 
| 124|0x000000008ae00000, 0x000000008af00000, 0x000000008af00000|100%| E|CS|TAMS 0x000000008ae00000, 0x000000008ae00000| Complete 
| 125|0x000000008af00000, 0x000000008b000000, 0x000000008b000000|100%| E|CS|TAMS 0x000000008af00000, 0x000000008af00000| Complete 

Card table byte_map: [0x000001ecd0060000,0x000001ecd0450000] _byte_map_base: 0x000001eccfc47000

Marking Bits (Prev, Next): (CMBitMap*) 0x000001ecb949f420, (CMBitMap*) 0x000001ecb949f460
 Prev Bits: [0x000001ecd0840000, 0x000001ecd2778000)
 Next Bits: [0x000001ecd2780000, 0x000001ecd46b8000)

Polling page: 0x000001ecb7360000

Metaspace:

Usage:
  Non-class:     18.45 MB used.
      Class:      2.33 MB used.
       Both:     20.78 MB used.

Virtual space:
  Non-class space:       24.00 MB reserved,      18.50 MB ( 77%) committed,  3 nodes.
      Class space:        1.00 GB reserved,       2.44 MB ( <1%) committed,  1 nodes.
             Both:        1.02 GB reserved,      20.94 MB (  2%) committed. 

Chunk freelists:
   Non-Class:  1.00 MB
       Class:  1.53 MB
        Both:  2.53 MB

MaxMetaspaceSize: unlimited
CompressedClassSpaceSize: 1.00 GB
Initial GC threshold: 21.00 MB
Current GC threshold: 21.00 MB
CDS: on
MetaspaceReclaimPolicy: balanced
 - commit_granule_bytes: 65536.
 - commit_granule_words: 8192.
 - virtual_space_node_default_size: 1048576.
 - enlarge_chunks_in_place: 1.
 - new_chunks_are_fully_committed: 0.
 - uncommit_free_chunks: 1.
 - use_allocation_guard: 0.
 - handle_deallocations: 1.


Internal statistics:

num_allocs_failed_limit: 0.
num_arena_births: 158.
num_arena_deaths: 0.
num_vsnodes_births: 4.
num_vsnodes_deaths: 0.
num_space_committed: 335.
num_space_uncommitted: 0.
num_chunks_returned_to_freelist: 0.
num_chunks_taken_from_freelist: 373.
num_chunk_merges: 0.
num_chunk_splits: 211.
num_chunks_enlarged: 116.
num_purges: 0.
num_inconsistent_stats: 0.

CodeHeap 'non-profiled nmethods': size=120000Kb used=1387Kb max_used=1387Kb free=118612Kb
 bounds [0x000001ecc8740000, 0x000001ecc89b0000, 0x000001eccfc70000]
CodeHeap 'profiled nmethods': size=120000Kb used=7032Kb max_used=7032Kb free=112967Kb
 bounds [0x000001ecc1210000, 0x000001ecc18f0000, 0x000001ecc8740000]
CodeHeap 'non-nmethods': size=5760Kb used=1399Kb max_used=1437Kb free=4360Kb
 bounds [0x000001ecc0c70000, 0x000001ecc0ee0000, 0x000001ecc1210000]
 total_blobs=4254 nmethods=3508 adapters=657
 compilation: enabled
              stopped_count=0, restarted_count=0
 full_count=0

Compilation events (20 events):
Event: 255.620 Thread 0x000001ecd6b6a8f0 nmethod 3509 0x000001ecc18e9f90 code [0x000001ecc18ea180, 0x000001ecc18ea6a8]
Event: 255.620 Thread 0x000001ecd6b6a8f0 3510       3       sun.java2d.pipe.PixelToShapeConverter::fillRoundRect (34 bytes)
Event: 255.620 Thread 0x000001ecd6b6a8f0 nmethod 3510 0x000001ecc18ea890 code [0x000001ecc18eaa40, 0x000001ecc18eacf8]
Event: 255.620 Thread 0x000001ecd6b6a8f0 3511       3       javax.swing.plaf.nimbus.InnerShadowEffect::<init> (5 bytes)
Event: 255.620 Thread 0x000001ecd6b6a8f0 nmethod 3511 0x000001ecc18eae10 code [0x000001ecc18eafa0, 0x000001ecc18eb0e8]
Event: 255.620 Thread 0x000001ecd6b6a8f0 3512       3       javax.swing.plaf.nimbus.ShadowEffect::<init> (40 bytes)
Event: 255.620 Thread 0x000001ecd6b6a8f0 nmethod 3512 0x000001ecc18eb190 code [0x000001ecc18eb340, 0x000001ecc18eb598]
Event: 255.620 Thread 0x000001ecd6b6a8f0 3513       3       javax.swing.plaf.nimbus.Effect::<init> (5 bytes)
Event: 255.620 Thread 0x000001ecd6b6a8f0 nmethod 3513 0x000001ecc18eb690 code [0x000001ecc18eb820, 0x000001ecc18eb978]
Event: 255.620 Thread 0x000001ecd6b6a8f0 3514       3       javax.swing.plaf.nimbus.ShadowEffect::setDistance (11 bytes)
Event: 255.620 Thread 0x000001ecd6b6a8f0 nmethod 3514 0x000001ecc18eba10 code [0x000001ecc18ebba0, 0x000001ecc18ebd58]
Event: 255.620 Thread 0x000001ecd6b6a8f0 3515       3       javax.swing.plaf.nimbus.ShadowEffect::setSize (11 bytes)
Event: 255.621 Thread 0x000001ecd6b6a8f0 nmethod 3515 0x000001ecc18ebe10 code [0x000001ecc18ebfa0, 0x000001ecc18ec158]
Event: 256.121 Thread 0x000001ecd6b6a8f0 3516       3       javax.swing.text.AbstractDocument$BranchElement::getElementIndex (238 bytes)
Event: 256.121 Thread 0x000001ecd6b662a0 3519       4       sun.java2d.pipe.AlphaPaintPipe::renderPathTile (491 bytes)
Event: 256.123 Thread 0x000001ecd6b6a8f0 nmethod 3516 0x000001ecc18ec210 code [0x000001ecc18ec480, 0x000001ecc18ed278]
Event: 256.123 Thread 0x000001ecd6b6a8f0 3517       3       javax.swing.text.AbstractDocument$BranchElement::getStartOffset (10 bytes)
Event: 256.123 Thread 0x000001ecd6b6a8f0 nmethod 3517 0x000001ecc18ed710 code [0x000001ecc18ed8c0, 0x000001ecc18edac8]
Event: 256.123 Thread 0x000001ecd6b6a8f0 3518       3       javax.swing.text.AbstractDocument$BranchElement::getEndOffset (35 bytes)
Event: 256.123 Thread 0x000001ecd6b6a8f0 nmethod 3518 0x000001ecc18edc10 code [0x000001ecc18eddc0, 0x000001ecc18ee048]

GC Heap History (8 events):
Event: 1.978 GC heap before
{Heap before GC invocations=0 (full 0):
 garbage-first heap   total 129024K, used 13312K [0x0000000083200000, 0x0000000100000000)
  region size 1024K, 13 young (13312K), 0 survivors (0K)
 Metaspace       used 11934K, committed 12160K, reserved 1064960K
  class space    used 1436K, committed 1536K, reserved 1048576K
}
Event: 1.989 GC heap after
{Heap after GC invocations=1 (full 0):
 garbage-first heap   total 129024K, used 4553K [0x0000000083200000, 0x0000000100000000)
  region size 1024K, 2 young (2048K), 2 survivors (2048K)
 Metaspace       used 11934K, committed 12160K, reserved 1064960K
  class space    used 1436K, committed 1536K, reserved 1048576K
}
Event: 2.304 GC heap before
{Heap before GC invocations=1 (full 0):
 garbage-first heap   total 129024K, used 8649K [0x0000000083200000, 0x0000000100000000)
  region size 1024K, 6 young (6144K), 2 survivors (2048K)
 Metaspace       used 13815K, committed 14016K, reserved 1064960K
  class space    used 1647K, committed 1728K, reserved 1048576K
}
Event: 2.311 GC heap after
{Heap after GC invocations=2 (full 0):
 garbage-first heap   total 129024K, used 5817K [0x0000000083200000, 0x0000000100000000)
  region size 1024K, 1 young (1024K), 1 survivors (1024K)
 Metaspace       used 13815K, committed 14016K, reserved 1064960K
  class space    used 1647K, committed 1728K, reserved 1048576K
}
Event: 13.191 GC heap before
{Heap before GC invocations=2 (full 0):
 garbage-first heap   total 129024K, used 53945K [0x0000000083200000, 0x0000000100000000)
  region size 1024K, 24 young (24576K), 1 survivors (1024K)
 Metaspace       used 20991K, committed 21184K, reserved 1073152K
  class space    used 2390K, committed 2496K, reserved 1048576K
}
Event: 13.196 GC heap after
{Heap after GC invocations=3 (full 0):
 garbage-first heap   total 129024K, used 32875K [0x0000000083200000, 0x0000000100000000)
  region size 1024K, 3 young (3072K), 3 survivors (3072K)
 Metaspace       used 20991K, committed 21184K, reserved 1073152K
  class space    used 2390K, committed 2496K, reserved 1048576K
}
Event: 233.732 GC heap before
{Heap before GC invocations=3 (full 0):
 garbage-first heap   total 129024K, used 73835K [0x0000000083200000, 0x0000000100000000)
  region size 1024K, 43 young (44032K), 3 survivors (3072K)
 Metaspace       used 21262K, committed 21440K, reserved 1073152K
  class space    used 2390K, committed 2496K, reserved 1048576K
}
Event: 233.738 GC heap after
{Heap after GC invocations=4 (full 0):
 garbage-first heap   total 129024K, used 15671K [0x0000000083200000, 0x0000000100000000)
  region size 1024K, 3 young (3072K), 3 survivors (3072K)
 Metaspace       used 21262K, committed 21440K, reserved 1073152K
  class space    used 2390K, committed 2496K, reserved 1048576K
}

Deoptimization events (20 events):
Event: 7.556 Thread 0x000001ecd7bdb1b0 DEOPT PACKING pc=0x000001ecc15f5301 sp=0x000000dbdfcfc880
Event: 7.556 Thread 0x000001ecd7bdb1b0 DEOPT UNPACKING pc=0x000001ecc0cc2b43 sp=0x000000dbdfcfbd60 mode 0
Event: 7.847 Thread 0x000001ecd7bdb1b0 DEOPT PACKING pc=0x000001ecc15f5301 sp=0x000000dbdfcfc910
Event: 7.847 Thread 0x000001ecd7bdb1b0 DEOPT UNPACKING pc=0x000001ecc0cc2b43 sp=0x000000dbdfcfbdf0 mode 0
Event: 8.068 Thread 0x000001ecd7bdb1b0 Uncommon trap: trap_request=0xffffff45 fr.pc=0x000001ecc881b7a4 relative=0x00000000000000e4
Event: 8.068 Thread 0x000001ecd7bdb1b0 Uncommon trap: reason=unstable_if action=reinterpret pc=0x000001ecc881b7a4 method=java.lang.StrictMath.floorOrCeil(DDDD)D @ 24 c2
Event: 8.068 Thread 0x000001ecd7bdb1b0 DEOPT PACKING pc=0x000001ecc881b7a4 sp=0x000000dbdfcfc7a0
Event: 8.068 Thread 0x000001ecd7bdb1b0 DEOPT UNPACKING pc=0x000001ecc0cc23a3 sp=0x000000dbdfcfc660 mode 2
Event: 8.068 Thread 0x000001ecd7bdb1b0 Uncommon trap: trap_request=0xffffff45 fr.pc=0x000001ecc880cc8c relative=0x00000000000000ec
Event: 8.068 Thread 0x000001ecd7bdb1b0 Uncommon trap: reason=unstable_if action=reinterpret pc=0x000001ecc880cc8c method=java.lang.StrictMath.floorOrCeil(DDDD)D @ 24 c2
Event: 8.068 Thread 0x000001ecd7bdb1b0 DEOPT PACKING pc=0x000001ecc880cc8c sp=0x000000dbdfcfc7e0
Event: 8.068 Thread 0x000001ecd7bdb1b0 DEOPT UNPACKING pc=0x000001ecc0cc23a3 sp=0x000000dbdfcfc748 mode 2
Event: 10.149 Thread 0x000001ecd7bdb1b0 DEOPT PACKING pc=0x000001ecc16f71c5 sp=0x000000dbdfcfca90
Event: 10.149 Thread 0x000001ecd7bdb1b0 DEOPT UNPACKING pc=0x000001ecc0cc2b43 sp=0x000000dbdfcfbed0 mode 0
Event: 16.252 Thread 0x000001ecd7bdb1b0 DEOPT PACKING pc=0x000001ecc177ee1c sp=0x000000dbdfcfdc10
Event: 16.252 Thread 0x000001ecd7bdb1b0 DEOPT UNPACKING pc=0x000001ecc0cc2b43 sp=0x000000dbdfcfd0d8 mode 0
Event: 64.315 Thread 0x000001ecd7bdb1b0 DEOPT PACKING pc=0x000001ecc1697bdf sp=0x000000dbdfcfd2e0
Event: 64.315 Thread 0x000001ecd7bdb1b0 DEOPT UNPACKING pc=0x000001ecc0cc2b43 sp=0x000000dbdfcfc790 mode 0
Event: 206.717 Thread 0x000001ecd7bdb1b0 DEOPT PACKING pc=0x000001ecc17fa69d sp=0x000000dbdfcfebe0
Event: 206.717 Thread 0x000001ecd7bdb1b0 DEOPT UNPACKING pc=0x000001ecc0cc2b43 sp=0x000000dbdfcfe070 mode 0

Classes unloaded (0 events):
No events

Classes redefined (0 events):
No events

Internal exceptions (20 events):
Event: 1.206 Thread 0x000001ecd7bdb1b0 Exception <a 'java/lang/NoSuchMethodError'{0x000000008a755118}: 'void java.lang.invoke.DirectMethodHandle$Holder.invokeStatic(java.lang.Object, java.lang.Object, java.lang.Object)'> (0x000000008a755118) 
thrown [t:\workspace\open\src\hotspot\share\interpreter\linkResolver.cpp, line 766]
Event: 1.208 Thread 0x000001ecd7bdb1b0 Exception <a 'java/lang/NoSuchMethodError'{0x000000008a75b648}: 'void java.lang.invoke.DirectMethodHandle$Holder.invokeStatic(java.lang.Object, java.lang.Object)'> (0x000000008a75b648) 
thrown [t:\workspace\open\src\hotspot\share\interpreter\linkResolver.cpp, line 766]
Event: 1.429 Thread 0x000001ecd79e3240 Exception <a 'java/lang/NoSuchMethodError'{0x000000008ac527b0}: 'void java.lang.invoke.DirectMethodHandle$Holder.invokeVirtual(java.lang.Object, java.lang.Object)'> (0x000000008ac527b0) 
thrown [t:\workspace\open\src\hotspot\share\interpreter\linkResolver.cpp, line 766]
Event: 1.475 Thread 0x000001ecd7bdb1b0 Exception <a 'java/lang/NoSuchMethodError'{0x000000008a7f96e0}: 'void java.lang.invoke.DirectMethodHandle$Holder.invokeStaticInit(java.lang.Object)'> (0x000000008a7f96e0) 
thrown [t:\workspace\open\src\hotspot\share\interpreter\linkResolver.cpp, line 766]
Event: 1.817 Thread 0x000001ecd7bdb1b0 Exception <a 'java/lang/NoSuchMethodError'{0x000000008a5b5db0}: 'java.lang.Object java.lang.invoke.DirectMethodHandle$Holder.invokeInterface(java.lang.Object, java.lang.Object)'> (0x000000008a5b5db0) 
thrown [t:\workspace\open\src\hotspot\share\interpreter\linkResolver.cpp, line 766]
Event: 1.870 Thread 0x000001ecd7bdb1b0 Exception <a 'java/lang/NoSuchMethodError'{0x000000008a441eb8}: 'java.lang.Object java.lang.invoke.DirectMethodHandle$Holder.invokeVirtual(java.lang.Object, java.lang.Object, java.lang.Object)'> (0x000000008a441eb8) 
thrown [t:\workspace\open\src\hotspot\share\interpreter\linkResolver.cpp, line 766]
Event: 2.249 Thread 0x000001ecd7bdb1b0 Exception <a 'java/lang/NoSuchMethodError'{0x000000008ac7ead0}: 'void java.lang.invoke.DirectMethodHandle$Holder.invokeStaticInit(java.lang.Object, java.lang.Object)'> (0x000000008ac7ead0) 
thrown [t:\workspace\open\src\hotspot\share\interpreter\linkResolver.cpp, line 766]
Event: 2.354 Thread 0x000001ecd7bdb1b0 Exception <a 'sun/nio/fs/WindowsException'{0x000000008afc2208}> (0x000000008afc2208) 
thrown [t:\workspace\open\src\hotspot\share\prims\jni.cpp, line 516]
Event: 2.372 Thread 0x000001ecd7bdb1b0 Exception <a 'java/lang/NoSuchMethodError'{0x000000008afe91d8}: 'int java.lang.invoke.DirectMethodHandle$Holder.invokeStaticInit(java.lang.Object, java.lang.Object, java.lang.Object, java.lang.Object)'> (0x000000008afe91d8) 
thrown [t:\workspace\open\src\hotspot\share\interpreter\linkResolver.cpp, line 766]
Event: 2.376 Thread 0x000001ecd7bdb1b0 Exception <a 'java/lang/IncompatibleClassChangeError'{0x000000008aff2a88}: Found class java.lang.Object, but interface was expected> (0x000000008aff2a88) 
thrown [t:\workspace\open\src\hotspot\share\interpreter\linkResolver.cpp, line 833]
Event: 2.378 Thread 0x000001ecd7bdb1b0 Exception <a 'java/lang/NoSuchMethodError'{0x000000008aff8ab0}: 'int java.lang.invoke.DirectMethodHandle$Holder.invokeStaticInit(java.lang.Object, java.lang.Object)'> (0x000000008aff8ab0) 
thrown [t:\workspace\open\src\hotspot\share\interpreter\linkResolver.cpp, line 766]
Event: 2.495 Thread 0x000001ecd7bdb1b0 Exception <a 'java/lang/NoSuchMethodError'{0x000000008adfc908}: 'java.lang.Object java.lang.invoke.DirectMethodHandle$Holder.invokeStaticInit(java.lang.Object, int, int, int, int)'> (0x000000008adfc908) 
thrown [t:\workspace\open\src\hotspot\share\interpreter\linkResolver.cpp, line 766]
Event: 2.608 Thread 0x000001ecd7bdb1b0 Exception <a 'java/lang/NoSuchMethodError'{0x000000008ac6a8a8}: 'java.lang.Object java.lang.invoke.DirectMethodHandle$Holder.invokeStaticInit(java.lang.Object, java.lang.Object, int, int, int, int)'> (0x000000008ac6a8a8) 
thrown [t:\workspace\open\src\hotspot\share\interpreter\linkResolver.cpp, line 766]
Event: 2.985 Thread 0x000001ecd8c8e8c0 Exception <a 'java/io/FileNotFoundException'{0x000000008a700168}> (0x000000008a700168) 
thrown [t:\workspace\open\src\hotspot\share\prims\jni.cpp, line 516]
Event: 2.987 Thread 0x000001ecd8c8e8c0 Exception <a 'java/lang/NoSuchMethodError'{0x000000008a7092f8}: 'java.lang.Object java.lang.invoke.DirectMethodHandle$Holder.newInvokeSpecial(java.lang.Object, java.lang.Object, java.lang.Object, int, int, int, int, int)'> (0x000000008a7092f8) 
thrown [t:\workspace\open\src\hotspot\share\interpreter\linkResolver.cpp, line 766]
Event: 6.929 Thread 0x000001ecd7bdb1b0 Implicit null exception at 0x000001ecc87f4a47 to 0x000001ecc87f4f5f
Event: 6.930 Thread 0x000001ecd7bdb1b0 Implicit null exception at 0x000001ecc87f01ac to 0x000001ecc87f083b
Event: 7.234 Thread 0x000001ecd7bdb1b0 Implicit null exception at 0x000001ecc87f4a47 to 0x000001ecc87f4f5f
Event: 7.235 Thread 0x000001ecd7bdb1b0 Implicit null exception at 0x000001ecc87f01ac to 0x000001ecc87f083b
Event: 7.235 Thread 0x000001ecd7bdb1b0 Implicit null exception at 0x000001ecc87f4a47 to 0x000001ecc87f4f5f

VM Operations (20 events):
Event: 207.577 Executing VM operation: Cleanup
Event: 207.577 Executing VM operation: Cleanup done
Event: 208.592 Executing VM operation: Cleanup
Event: 208.592 Executing VM operation: Cleanup done
Event: 212.626 Executing VM operation: Cleanup
Event: 212.626 Executing VM operation: Cleanup done
Event: 217.663 Executing VM operation: Cleanup
Event: 217.663 Executing VM operation: Cleanup done
Event: 221.689 Executing VM operation: Cleanup
Event: 221.689 Executing VM operation: Cleanup done
Event: 225.715 Executing VM operation: Cleanup
Event: 225.715 Executing VM operation: Cleanup done
Event: 233.732 Executing VM operation: G1CollectForAllocation
Event: 233.738 Executing VM operation: G1CollectForAllocation done
Event: 234.752 Executing VM operation: Cleanup
Event: 234.753 Executing VM operation: Cleanup done
Event: 241.807 Executing VM operation: Cleanup
Event: 241.807 Executing VM operation: Cleanup done
Event: 243.820 Executing VM operation: Cleanup
Event: 243.820 Executing VM operation: Cleanup done

Events (20 events):
Event: 3.481 loading class java/text/AttributedString done
Event: 3.481 loading class java/text/AttributedString$AttributedStringIterator
Event: 3.481 loading class java/text/AttributedCharacterIterator
Event: 3.481 loading class java/text/AttributedCharacterIterator done
Event: 3.482 loading class java/text/AttributedString$AttributedStringIterator done
Event: 3.482 loading class javax/swing/TimerQueue$DelayedTimer
Event: 3.482 loading class java/util/concurrent/Delayed
Event: 3.482 loading class java/util/concurrent/Delayed done
Event: 3.482 loading class javax/swing/TimerQueue$DelayedTimer done
Event: 3.483 loading class java/util/concurrent/locks/AbstractQueuedSynchronizer$ExclusiveNode
Event: 3.483 loading class java/util/concurrent/locks/AbstractQueuedSynchronizer$ExclusiveNode done
Event: 3.483 loading class java/util/concurrent/TimeUnit$1
Event: 3.483 loading class java/util/concurrent/TimeUnit$1 done
Event: 3.937 loading class java/awt/event/MouseWheelEvent
Event: 3.937 loading class java/awt/event/MouseWheelEvent done
Event: 3.953 loading class java/awt/LightweightDispatcher$2
Event: 3.953 loading class java/awt/LightweightDispatcher$2 done
Event: 3.990 loading class javax/swing/Timer$1
Event: 3.990 loading class javax/swing/Timer$1 done
Event: 7.999 Thread 0x000001ecd8c8e8c0 Thread exited: 0x000001ecd8c8e8c0


Dynamic libraries:
0x00007ff6a9620000 - 0x00007ff6a9630000 	C:\Program Files\Java\jdk-17\bin\java.exe
0x00007ffc75450000 - 0x00007ffc75645000 	C:\WINDOWS\SYSTEM32\ntdll.dll
0x00007ffc73a40000 - 0x00007ffc73afe000 	C:\WINDOWS\System32\KERNEL32.DLL
0x00007ffc72bc0000 - 0x00007ffc72e88000 	C:\WINDOWS\System32\KERNELBASE.dll
0x00007ffc73040000 - 0x00007ffc73140000 	C:\WINDOWS\System32\ucrtbase.dll
0x00007ffc6cdd0000 - 0x00007ffc6cdea000 	C:\Program Files\Java\jdk-17\bin\VCRUNTIME140.dll
0x00007ffc69690000 - 0x00007ffc696a8000 	C:\Program Files\Java\jdk-17\bin\jli.dll
0x00007ffc74960000 - 0x00007ffc74a0e000 	C:\WINDOWS\System32\ADVAPI32.dll
0x00007ffc734b0000 - 0x00007ffc7354e000 	C:\WINDOWS\System32\msvcrt.dll
0x00007ffc74de0000 - 0x00007ffc74e7c000 	C:\WINDOWS\System32\sechost.dll
0x00007ffc74a80000 - 0x00007ffc74ba5000 	C:\WINDOWS\System32\RPCRT4.dll
0x00007ffc74c40000 - 0x00007ffc74de0000 	C:\WINDOWS\System32\USER32.dll
0x00007ffc73270000 - 0x00007ffc73292000 	C:\WINDOWS\System32\win32u.dll
0x00007ffc74a10000 - 0x00007ffc74a3a000 	C:\WINDOWS\System32\GDI32.dll
0x00007ffc72e90000 - 0x00007ffc72f9b000 	C:\WINDOWS\System32\gdi32full.dll
0x00007ffc72fa0000 - 0x00007ffc7303d000 	C:\WINDOWS\System32\msvcp_win.dll
0x00007ffc63040000 - 0x00007ffc632da000 	C:\WINDOWS\WinSxS\amd64_microsoft.windows.common-controls_6595b64144ccf1df_6.0.19041.1110_none_60b5254171f9507e\COMCTL32.dll
0x00007ffc65ac0000 - 0x00007ffc65aca000 	C:\WINDOWS\SYSTEM32\VERSION.dll
0x00007ffc74a50000 - 0x00007ffc74a80000 	C:\WINDOWS\System32\IMM32.DLL
0x00007ffc6d6c0000 - 0x00007ffc6d6cc000 	C:\Program Files\Java\jdk-17\bin\vcruntime140_1.dll
0x00007ffc57a30000 - 0x00007ffc57abd000 	C:\Program Files\Java\jdk-17\bin\msvcp140.dll
0x00007ffc47d30000 - 0x00007ffc488ee000 	C:\Program Files\Java\jdk-17\bin\server\jvm.dll
0x00007ffc748e0000 - 0x00007ffc748e8000 	C:\WINDOWS\System32\PSAPI.DLL
0x00007ffc5b350000 - 0x00007ffc5b359000 	C:\WINDOWS\SYSTEM32\WSOCK32.dll
0x00007ffc5d6a0000 - 0x00007ffc5d6c7000 	C:\WINDOWS\SYSTEM32\WINMM.dll
0x00007ffc73ec0000 - 0x00007ffc73f2b000 	C:\WINDOWS\System32\WS2_32.dll
0x00007ffc70a90000 - 0x00007ffc70aa2000 	C:\WINDOWS\SYSTEM32\kernel.appcore.dll
0x00007ffc6bba0000 - 0x00007ffc6bbaa000 	C:\Program Files\Java\jdk-17\bin\jimage.dll
0x00007ffc603a0000 - 0x00007ffc60584000 	C:\WINDOWS\SYSTEM32\DBGHELP.DLL
0x00007ffc5ff80000 - 0x00007ffc5ffac000 	C:\WINDOWS\SYSTEM32\dbgcore.DLL
0x00007ffc73140000 - 0x00007ffc731c2000 	C:\WINDOWS\System32\bcryptPrimitives.dll
0x00007ffc6bb30000 - 0x00007ffc6bb55000 	C:\Program Files\Java\jdk-17\bin\java.dll
0x00007ffc49af0000 - 0x00007ffc49bc6000 	C:\Program Files\Java\jdk-17\bin\svml.dll
0x00007ffc73f30000 - 0x00007ffc74674000 	C:\WINDOWS\System32\SHELL32.dll
0x00007ffc70c90000 - 0x00007ffc71424000 	C:\WINDOWS\SYSTEM32\windows.storage.dll
0x00007ffc73b60000 - 0x00007ffc73eb4000 	C:\WINDOWS\System32\combase.dll
0x00007ffc725e0000 - 0x00007ffc7260c000 	C:\WINDOWS\SYSTEM32\Wldp.dll
0x00007ffc74f90000 - 0x00007ffc7503d000 	C:\WINDOWS\System32\SHCORE.dll
0x00007ffc73b00000 - 0x00007ffc73b55000 	C:\WINDOWS\System32\shlwapi.dll
0x00007ffc72ab0000 - 0x00007ffc72acf000 	C:\WINDOWS\SYSTEM32\profapi.dll
0x00007ffc6ba50000 - 0x00007ffc6ba69000 	C:\Program Files\Java\jdk-17\bin\net.dll
0x00007ffc6be30000 - 0x00007ffc6bf3a000 	C:\WINDOWS\SYSTEM32\WINHTTP.dll
0x00007ffc72340000 - 0x00007ffc723aa000 	C:\WINDOWS\system32\mswsock.dll
0x00007ffc698a0000 - 0x00007ffc698b5000 	C:\Program Files\Java\jdk-17\bin\nio.dll
0x00007ffc658e0000 - 0x00007ffc658f8000 	C:\Program Files\Java\jdk-17\bin\zip.dll
0x00007ffc47ba0000 - 0x00007ffc47d2f000 	C:\Program Files\Java\jdk-17\bin\awt.dll
0x00007ffc74680000 - 0x00007ffc7474d000 	C:\WINDOWS\System32\OLEAUT32.dll
0x00007ffc703d0000 - 0x00007ffc70460000 	C:\WINDOWS\SYSTEM32\apphelp.dll
0x00007ffc705b0000 - 0x00007ffc7064e000 	C:\WINDOWS\system32\uxtheme.dll
0x00007ffc75210000 - 0x00007ffc75325000 	C:\WINDOWS\System32\MSCTF.dll
0x00007ffc747b0000 - 0x00007ffc748da000 	C:\WINDOWS\System32\ole32.dll
0x00007ffc707a0000 - 0x00007ffc707cf000 	C:\WINDOWS\system32\DWMAPI.DLL
0x00007ffc4d150000 - 0x00007ffc4d1d9000 	C:\Program Files\Java\jdk-17\bin\freetype.dll
0x00007ffc49780000 - 0x00007ffc49828000 	C:\Program Files\Java\jdk-17\bin\fontmanager.dll
0x00007ffc53c50000 - 0x00007ffc53d76000 	C:\WINDOWS\system32\opengl32.dll
0x00007ffc54950000 - 0x00007ffc5497c000 	C:\WINDOWS\SYSTEM32\GLU32.dll
0x00007ffc74ee0000 - 0x00007ffc74f89000 	C:\WINDOWS\System32\clbcatq.dll
0x00007ffc6c610000 - 0x00007ffc6c7c4000 	C:\WINDOWS\SYSTEM32\WindowsCodecs.dll
0x00007ffc73240000 - 0x00007ffc73267000 	C:\WINDOWS\System32\bcrypt.dll
0x00007ffc51860000 - 0x00007ffc5189e000 	C:\WINDOWS\system32\dataexchange.dll
0x00007ffc6efc0000 - 0x00007ffc6f224000 	C:\WINDOWS\system32\d3d11.dll
0x00007ffc6f7f0000 - 0x00007ffc6f9d5000 	C:\WINDOWS\system32\dcomp.dll
0x00007ffc71490000 - 0x00007ffc71583000 	C:\WINDOWS\system32\dxgi.dll
0x00007ffc6bf40000 - 0x00007ffc6c141000 	C:\WINDOWS\system32\twinapi.appcore.dll
0x00007ffc72030000 - 0x00007ffc720fb000 	C:\WINDOWS\SYSTEM32\DNSAPI.dll
0x00007ffc71fe0000 - 0x00007ffc7201b000 	C:\WINDOWS\SYSTEM32\IPHLPAPI.DLL
0x00007ffc74950000 - 0x00007ffc74958000 	C:\WINDOWS\System32\NSI.dll
0x00007ffc65930000 - 0x00007ffc6593a000 	C:\Windows\System32\rasadhlp.dll
0x00007ffc64240000 - 0x00007ffc642bf000 	C:\WINDOWS\System32\fwpuclnt.dll
0x00007ffc72530000 - 0x00007ffc72548000 	C:\WINDOWS\SYSTEM32\CRYPTSP.dll
0x00007ffc71c50000 - 0x00007ffc71c84000 	C:\WINDOWS\system32\rsaenh.dll
0x00007ffc72a70000 - 0x00007ffc72a9e000 	C:\WINDOWS\SYSTEM32\USERENV.dll
0x00007ffc72550000 - 0x00007ffc7255c000 	C:\WINDOWS\SYSTEM32\CRYPTBASE.dll
0x00007ffc68c20000 - 0x00007ffc68c37000 	C:\WINDOWS\SYSTEM32\dhcpcsvc6.DLL
0x00007ffc69c30000 - 0x00007ffc69c4d000 	C:\WINDOWS\SYSTEM32\dhcpcsvc.DLL
0x00007ffc65950000 - 0x00007ffc6595e000 	C:\Program Files\Java\jdk-17\bin\sunmscapi.dll
0x00007ffc73350000 - 0x00007ffc734a6000 	C:\WINDOWS\System32\CRYPT32.dll
0x00007ffc72650000 - 0x00007ffc72677000 	C:\WINDOWS\SYSTEM32\ncrypt.dll
0x00007ffc72610000 - 0x00007ffc7264b000 	C:\WINDOWS\SYSTEM32\NTASN1.dll
0x00007ffc68860000 - 0x00007ffc68959000 	C:\WINDOWS\SYSTEM32\textinputframework.dll
0x00007ffc6fd60000 - 0x00007ffc700be000 	C:\WINDOWS\System32\CoreUIComponents.dll
0x00007ffc700c0000 - 0x00007ffc701b2000 	C:\WINDOWS\System32\CoreMessaging.dll
0x00007ffc6ea00000 - 0x00007ffc6eb54000 	C:\WINDOWS\SYSTEM32\wintypes.dll
0x00007ffc71880000 - 0x00007ffc718b3000 	C:\WINDOWS\SYSTEM32\ntmarta.dll

dbghelp: loaded successfully - version: 4.0.5 - missing functions: none
symbol engine: initialized successfully - sym options: 0x614 - pdb path: .;C:\Program Files\Java\jdk-17\bin;C:\WINDOWS\SYSTEM32;C:\WINDOWS\WinSxS\amd64_microsoft.windows.common-controls_6595b64144ccf1df_6.0.19041.1110_none_60b5254171f9507e;C:\Program Files\Java\jdk-17\bin\server

VM Arguments:
java_command: com.mycompany.qarisiqmallar.veneramarket.Main
java_class_path (initial): C:\GitHubProject\VeneraMarket\VeneraMarket\VeneraMarket\target\classes;C:\Users\samil\.m2\repository\org\javapos\javapos\1.14.0\javapos-1.14.0.jar;C:\Users\samil\.m2\repository\net\glxn\qrgen\qrgen-parent\1.4\qrgen-parent-1.4.jar;C:\Users\samil\.m2\repository\com\toedter\jcalendar\1.4\jcalendar-1.4.jar;C:\GitHubProject\VeneraMarket\VeneraMarket\QarisiqMallarDbApp\target\classes;C:\Users\samil\.m2\repository\mysql\mysql-connector-java\8.0.27\mysql-connector-java-8.0.27.jar;C:\Users\samil\.m2\repository\com\google\protobuf\protobuf-java\3.11.4\protobuf-java-3.11.4.jar;C:\Users\samil\.m2\repository\com\itextpdf\itextpdf\5.5.7\itextpdf-5.5.7.jar;C:\Users\samil\.m2\repository\net\sf\barcode4j\barcode4j\2.1\barcode4j-2.1.jar;C:\Users\samil\.m2\repository\avalon-framework\avalon-framework-impl\4.2.0\avalon-framework-impl-4.2.0.jar;C:\Users\samil\.m2\repository\commons-cli\commons-cli\1.0\commons-cli-1.0.jar;C:\Users\samil\.m2\repository\commons-lang\commons-lang\1.0\commons-lang-1.0.jar;C:\Users\samil\.m2\repository\junit\junit\3.7\junit-3.7.jar;C:\Users\samil\.m2\repository\org\apache\ant\ant\1.7.1\ant-1.7.1.jar;C:\Users\samil\.m2\repository\org\apache\ant\ant-launcher\1.7.1\ant-launcher-1.7.1.jar;C:\Users\samil\.m2\repository\org\apache\pdfbox\fontbox\2.0.4\fontbox-2.0.4.jar;C:\Users\samil\.m2\repository\commons-logging\commons-logging\1.2\commons-logging-1.2.jar
Launcher Type: SUN_STANDARD

[Global flags]
     intx CICompilerCount                          = 3                                         {product} {ergonomic}
     uint ConcGCThreads                            = 1                                         {product} {ergonomic}
     uint G1ConcRefinementThreads                  = 4                                         {product} {ergonomic}
   size_t G1HeapRegionSize                         = 1048576                                   {product} {ergonomic}
    uintx GCDrainStackTargetSize                   = 64                                        {product} {ergonomic}
   size_t InitialHeapSize                          = 132120576                                 {product} {ergonomic}
   size_t MarkStackSize                            = 4194304                                   {product} {ergonomic}
   size_t MaxHeapSize                              = 2095054848                                {product} {ergonomic}
   size_t MaxNewSize                               = 1256194048                                {product} {ergonomic}
   size_t MinHeapDeltaBytes                        = 1048576                                   {product} {ergonomic}
   size_t MinHeapSize                              = 8388608                                   {product} {ergonomic}
    uintx NonNMethodCodeHeapSize                   = 5832780                                {pd product} {ergonomic}
    uintx NonProfiledCodeHeapSize                  = 122912730                              {pd product} {ergonomic}
    uintx ProfiledCodeHeapSize                     = 122912730                              {pd product} {ergonomic}
    uintx ReservedCodeCacheSize                    = 251658240                              {pd product} {ergonomic}
     bool SegmentedCodeCache                       = true                                      {product} {ergonomic}
   size_t SoftMaxHeapSize                          = 2095054848                             {manageable} {ergonomic}
     bool UseCompressedClassPointers               = true                           {product lp64_product} {ergonomic}
     bool UseCompressedOops                        = true                           {product lp64_product} {ergonomic}
     bool UseG1GC                                  = true                                      {product} {ergonomic}
     bool UseLargePagesIndividualAllocation        = false                                  {pd product} {ergonomic}

Logging:
Log output configuration:
 #0: stdout all=warning uptime,level,tags
 #1: stderr all=off uptime,level,tags

Environment Variables:
JAVA_HOME=C:\Program Files\Java\jdk-17
PATH=C:\Program Files\Common Files\Oracle\Java\javapath;C:\Program Files (x86)\Common Files\Oracle\Java\javapath;C:\WINDOWS\system32;C:\WINDOWS;C:\WINDOWS\System32\Wbem;C:\WINDOWS\System32\WindowsPowerShell\v1.0\;C:\WINDOWS\System32\OpenSSH\;C:\Program Files\Microsoft SQL Server\130\Tools\Binn\;C:\Program Files\dotnet\;C:\Program Files\Microsoft SQL Server\Client SDK\ODBC\170\Tools\Binn\;C:\Program Files (x86)\dotnet\;C:\Program Files\Java\jdk-17\bin;C:\Program Files (x86)\Java\jre1.8.0_301\bin;C:\Program Files\Java\jdk-17;C:\Program Files\MySQL\MySQL Server 8.0\bin;C:\Program Files\Git\cmd;C:\Program Files\TortoiseGit\bin;C:\Users\samil\AppData\Local\Programs\Python\Python39\Scripts\;C:\Users\samil\AppData\Local\Programs\Python\Python39\;C:\Program Files\MySQL\MySQL Shell 8.0\bin\;C:\Users\samil\AppData\Local\Microsoft\WindowsApps;C:\Users\samil\.dotnet\tools;C:\Program Files\CodeBlocks\MinGW\bin;C:\Users\samil\AppData\Local\GitHubDesktop\bin
USERNAME=samil
OS=Windows_NT
PROCESSOR_IDENTIFIER=Intel64 Family 6 Model 58 Stepping 9, GenuineIntel



---------------  S Y S T E M  ---------------

OS:
 Windows 10 , 64 bit Build 19041 (10.0.19041.1566)
OS uptime: 17 days 17:31 hours

CPU: total 4 (initial active 4) (2 cores per cpu, 2 threads per core) family 6 model 58 stepping 9 microcode 0x21, cx8, cmov, fxsr, ht, mmx, sse, sse2, sse3, ssse3, sse4.1, sse4.2, popcnt, tsc, tscinvbit, avx, aes, erms, clmul, vzeroupper, clflush

Memory: 4k page, system-wide physical 7987M (260M free)
TotalPageFile size 32563M (AvailPageFile size 4M)
current process WorkingSet (physical memory assigned to process): 156M, peak: 156M
current process commit charge ("private bytes"): 240M, peak: 255M

vm_info: Java HotSpot(TM) 64-Bit Server VM (17+35-LTS-2724) for windows-amd64 JRE (17+35-LTS-2724), built on Aug  5 2021 23:28:28 by "mach5one" with MS VC++ 16.8 (VS2019)

END.
