#
# There is insufficient memory for the Java Runtime Environment to continue.
# Native memory allocation (mmap) failed to map 65536 bytes for Failed to commit metaspace.
# Possible reasons:
#   The system is out of physical RAM or swap space
#   The process is running with CompressedOops enabled, and the Java Heap may be blocking the growth of the native heap
# Possible solutions:
#   Reduce memory load on the system
#   Increase physical memory or swap space
#   Check if swap backing store is full
#   Decrease Java heap size (-Xmx/-Xms)
#   Decrease number of Java threads
#   Decrease Java thread stack sizes (-Xss)
#   Set larger code cache with -XX:ReservedCodeCacheSize=
#   JVM is running with Unscaled Compressed Oops mode in which the Java heap is
#     placed in the first 4GB address space. The Java Heap base address is the
#     maximum limit for the native heap growth. Please use -XX:HeapBaseMinAddress
#     to set the Java Heap base and to place the Java Heap above 4GB virtual address.
# This output file may be truncated or incomplete.
#
#  Out of Memory Error (virtualSpaceNode.cpp:110), pid=3144, tid=12300
#
# JRE version: Java(TM) SE Runtime Environment (17.0+35) (build 17+35-LTS-2724)
# Java VM: Java HotSpot(TM) 64-Bit Server VM (17+35-LTS-2724, mixed mode, sharing, tiered, compressed oops, compressed class ptrs, g1 gc, windows-amd64)
# No core dump will be written. Minidumps are not enabled by default on client versions of Windows
#

---------------  S U M M A R Y ------------

Command Line: com.mycompany.qarisiqmallar.veneramarket.MehsulDeyisdirilmesi

Host: Intel(R) Core(TM) i5-3317U CPU @ 1.70GHz, 4 cores, 7G,  Windows 10 , 64 bit Build 19041 (10.0.19041.1503)
Time: Wed Feb  9 11:41:37 2022 Azerbaijan Standard Time elapsed time: 0.837745 seconds (0d 0h 0m 0s)

---------------  T H R E A D  ---------------

Current thread (0x0000020582b77fd0):  JavaThread "AWT-EventQueue-0" [_thread_in_vm, id=12300, stack(0x0000007fef300000,0x0000007fef400000)]

Stack: [0x0000007fef300000,0x0000007fef400000]
Native frames: (J=compiled Java code, j=interpreted, Vv=VM code, C=native code)
V  [jvm.dll+0x66f8ea]
V  [jvm.dll+0x7ce224]
V  [jvm.dll+0x7cf9ce]
V  [jvm.dll+0x7d0033]
V  [jvm.dll+0x242bb5]
V  [jvm.dll+0x7ca1cb]
V  [jvm.dll+0x615a46]
V  [jvm.dll+0x1be28e]
V  [jvm.dll+0x618381]
V  [jvm.dll+0x6163e6]
V  [jvm.dll+0x238590]
V  [jvm.dll+0x1e885d]
V  [jvm.dll+0x1de2e1]
V  [jvm.dll+0x5375c0]
V  [jvm.dll+0x1eea87]
V  [jvm.dll+0x7489cb]
V  [jvm.dll+0x749d72]
V  [jvm.dll+0x74a509]
V  [jvm.dll+0x1e90a4]
V  [jvm.dll+0x1de2fa]
V  [jvm.dll+0x5375c0]
V  [jvm.dll+0x1eea87]
V  [jvm.dll+0x7489cb]
V  [jvm.dll+0x749d72]
V  [jvm.dll+0x74a0a8]
V  [jvm.dll+0x23af0e]
V  [jvm.dll+0x23b15f]
V  [jvm.dll+0x555418]
V  [jvm.dll+0x558280]
V  [jvm.dll+0x37ef57]
V  [jvm.dll+0x37e5af]
C  0x00000205ebc3a582

Java frames: (J=compiled Java code, j=interpreted, Vv=VM code)
j  javax.swing.plaf.synth.SynthLookAndFeel.createUI(Ljavax/swing/JComponent;)Ljavax/swing/plaf/ComponentUI;+311 java.desktop@17
v  ~StubRoutines::call_stub
j  jdk.internal.reflect.NativeMethodAccessorImpl.invoke0(Ljava/lang/reflect/Method;Ljava/lang/Object;[Ljava/lang/Object;)Ljava/lang/Object;+0 java.base@17
j  jdk.internal.reflect.NativeMethodAccessorImpl.invoke(Ljava/lang/Object;[Ljava/lang/Object;)Ljava/lang/Object;+133 java.base@17
j  jdk.internal.reflect.DelegatingMethodAccessorImpl.invoke(Ljava/lang/Object;[Ljava/lang/Object;)Ljava/lang/Object;+6 java.base@17
j  java.lang.reflect.Method.invoke(Ljava/lang/Object;[Ljava/lang/Object;)Ljava/lang/Object;+59 java.base@17
j  javax.swing.UIDefaults.getUI(Ljavax/swing/JComponent;)Ljavax/swing/plaf/ComponentUI;+125 java.desktop@17
j  javax.swing.UIManager.getUI(Ljavax/swing/JComponent;)Ljavax/swing/plaf/ComponentUI;+37 java.desktop@17
j  javax.swing.JScrollBar.updateUI()V+2 java.desktop@17
j  javax.swing.JScrollBar.<init>(IIIII)V+80 java.desktop@17
j  javax.swing.JScrollBar.<init>(I)V+8 java.desktop@17
j  javax.swing.JScrollPane$ScrollBar.<init>(Ljavax/swing/JScrollPane;I)V+7 java.desktop@17
j  javax.swing.JScrollPane.createVerticalScrollBar()Ljavax/swing/JScrollBar;+6 java.desktop@17
j  javax.swing.JScrollPane.<init>(Ljava/awt/Component;II)V+52 java.desktop@17
j  javax.swing.JScrollPane.<init>()V+6 java.desktop@17
j  com.mycompany.qarisiqmallar.veneramarket.MehsulDeyisdirilmesi.initComponents()V+38
j  com.mycompany.qarisiqmallar.veneramarket.MehsulDeyisdirilmesi.<init>()V+51
j  com.mycompany.qarisiqmallar.veneramarket.MehsulDeyisdirilmesi$32.run()V+4
j  java.awt.event.InvocationEvent.dispatch()V+47 java.desktop@17
j  java.awt.EventQueue.dispatchEventImpl(Ljava/awt/AWTEvent;Ljava/lang/Object;)V+21 java.desktop@17
j  java.awt.EventQueue$4.run()Ljava/lang/Void;+32 java.desktop@17
j  java.awt.EventQueue$4.run()Ljava/lang/Object;+1 java.desktop@17
j  java.security.AccessController.executePrivileged(Ljava/security/PrivilegedAction;Ljava/security/AccessControlContext;Ljava/lang/Class;)Ljava/lang/Object;+29 java.base@17
j  java.security.AccessController.doPrivileged(Ljava/security/PrivilegedAction;Ljava/security/AccessControlContext;)Ljava/lang/Object;+13 java.base@17
j  java.security.ProtectionDomain$JavaSecurityAccessImpl.doIntersectionPrivilege(Ljava/security/PrivilegedAction;Ljava/security/AccessControlContext;Ljava/security/AccessControlContext;)Ljava/lang/Object;+18 java.base@17
j  java.awt.EventQueue.dispatchEvent(Ljava/awt/AWTEvent;)V+46 java.desktop@17
j  java.awt.EventDispatchThread.pumpOneEventForFilters(I)V+78 java.desktop@17
j  java.awt.EventDispatchThread.pumpEventsForFilter(ILjava/awt/Conditional;Ljava/awt/EventFilter;)V+35 java.desktop@17
j  java.awt.EventDispatchThread.pumpEventsForHierarchy(ILjava/awt/Conditional;Ljava/awt/Component;)V+11 java.desktop@17
j  java.awt.EventDispatchThread.pumpEvents(ILjava/awt/Conditional;)V+4 java.desktop@17
j  java.awt.EventDispatchThread.pumpEvents(Ljava/awt/Conditional;)V+3 java.desktop@17
j  java.awt.EventDispatchThread.run()V+9 java.desktop@17
v  ~StubRoutines::call_stub

---------------  P R O C E S S  ---------------

Threads class SMR info:
_java_thread_list=0x00000205834310a0, length=16, elements={
0x00000205ffadc720, 0x00000205ffadd590, 0x00000205ffaf4f30, 0x00000205ffaf57f0,
0x00000205ffaf61a0, 0x00000205ffaf6b50, 0x00000205ffafad30, 0x00000205ffb05b30,
0x00000205ffb18120, 0x0000020582891080, 0x0000020582895b90, 0x0000020582ae8a40,
0x0000020582ae8f10, 0x0000020582ae93e0, 0x0000020582b77fd0, 0x00000205e4412e60
}

Java Threads: ( => current thread )
  0x00000205ffadc720 JavaThread "Reference Handler" daemon [_thread_blocked, id=6224, stack(0x0000007fee400000,0x0000007fee500000)]
  0x00000205ffadd590 JavaThread "Finalizer" daemon [_thread_blocked, id=6276, stack(0x0000007fee500000,0x0000007fee600000)]
  0x00000205ffaf4f30 JavaThread "Signal Dispatcher" daemon [_thread_blocked, id=6220, stack(0x0000007fee600000,0x0000007fee700000)]
  0x00000205ffaf57f0 JavaThread "Attach Listener" daemon [_thread_blocked, id=6256, stack(0x0000007fee700000,0x0000007fee800000)]
  0x00000205ffaf61a0 JavaThread "Service Thread" daemon [_thread_blocked, id=6232, stack(0x0000007fee800000,0x0000007fee900000)]
  0x00000205ffaf6b50 JavaThread "Monitor Deflation Thread" daemon [_thread_blocked, id=6340, stack(0x0000007fee900000,0x0000007feea00000)]
  0x00000205ffafad30 JavaThread "C2 CompilerThread0" daemon [_thread_blocked, id=6344, stack(0x0000007feea00000,0x0000007feeb00000)]
  0x00000205ffb05b30 JavaThread "C1 CompilerThread0" daemon [_thread_blocked, id=6336, stack(0x0000007feeb00000,0x0000007feec00000)]
  0x00000205ffb18120 JavaThread "Sweeper thread" daemon [_thread_blocked, id=2612, stack(0x0000007feec00000,0x0000007feed00000)]
  0x0000020582891080 JavaThread "Notification Thread" daemon [_thread_blocked, id=4648, stack(0x0000007feed00000,0x0000007feee00000)]
  0x0000020582895b90 JavaThread "Common-Cleaner" daemon [_thread_blocked, id=6396, stack(0x0000007feef00000,0x0000007fef000000)]
  0x0000020582ae8a40 JavaThread "Java2D Disposer" daemon [_thread_blocked, id=5084, stack(0x0000007fef000000,0x0000007fef100000)]
  0x0000020582ae8f10 JavaThread "AWT-Shutdown" [_thread_blocked, id=14908, stack(0x0000007fef100000,0x0000007fef200000)]
  0x0000020582ae93e0 JavaThread "AWT-Windows" daemon [_thread_in_native, id=8320, stack(0x0000007fef200000,0x0000007fef300000)]
=>0x0000020582b77fd0 JavaThread "AWT-EventQueue-0" [_thread_in_vm, id=12300, stack(0x0000007fef300000,0x0000007fef400000)]
  0x00000205e4412e60 JavaThread "DestroyJavaVM" [_thread_blocked, id=6624, stack(0x0000007fedd00000,0x0000007fede00000)]

Other Threads:
  0x00000205ffad5b10 VMThread "VM Thread" [stack: 0x0000007fee300000,0x0000007fee400000] [id=6272]
  0x00000205e446ebd0 WatcherThread [stack: 0x0000007feee00000,0x0000007feef00000] [id=9696]
  0x00000205e444d6b0 GCTaskThread "GC Thread#0" [stack: 0x0000007fede00000,0x0000007fedf00000] [id=11600]
  0x00000205e445ffd0 ConcurrentGCThread "G1 Main Marker" [stack: 0x0000007fedf00000,0x0000007fee000000] [id=12816]
  0x00000205e4461180 ConcurrentGCThread "G1 Conc#0" [stack: 0x0000007fee000000,0x0000007fee100000] [id=12980]
  0x00000205e44dadb0 ConcurrentGCThread "G1 Refine#0" [stack: 0x0000007fee100000,0x0000007fee200000] [id=14696]
  0x00000205e44db7d0 ConcurrentGCThread "G1 Service" [stack: 0x0000007fee200000,0x0000007fee300000] [id=5948]

Threads with active compile tasks:

VM state: not at safepoint (normal execution)

VM Mutex/Monitor currently owned by a thread:  ([mutex/lock_event])
[0x00000205e440bbc0] Metaspace_lock - owner thread: 0x0000020582b77fd0

Heap address: 0x0000000083200000, size: 1998 MB, Compressed Oops mode: 32-bit

CDS archive(s) mapped at: [0x0000000800000000-0x0000000800bc0000-0x0000000800bc0000), size 12320768, SharedBaseAddress: 0x0000000800000000, ArchiveRelocationMode: 0.
Compressed class space mapped at: 0x0000000800c00000-0x0000000840c00000, reserved size: 1073741824
Narrow klass base: 0x0000000800000000, Narrow klass shift: 0, Narrow klass range: 0x100000000

GC Precious Log:
 CPUs: 4 total, 4 available
 Memory: 7987M
 Large Page Support: Disabled
 NUMA Support: Disabled
 Compressed Oops: Enabled (32-bit)
 Heap Region Size: 1M
 Heap Min Capacity: 8M
 Heap Initial Capacity: 126M
 Heap Max Capacity: 1998M
 Pre-touch: Disabled
 Parallel Workers: 4
 Concurrent Workers: 1
 Concurrent Refinement Workers: 4
 Periodic GC: Disabled

Heap:
 garbage-first heap   total 129024K, used 7168K [0x0000000083200000, 0x0000000100000000)
  region size 1024K, 8 young (8192K), 0 survivors (0K)
 Metaspace       used 6574K, committed 6784K, reserved 1056768K
  class space    used 755K, committed 896K, reserved 1048576K

Heap Regions: E=young(eden), S=young(survivor), O=old, HS=humongous(starts), HC=humongous(continues), CS=collection set, F=free, OA=open archive, CA=closed archive, TAMS=top-at-mark-start (previous, next)
|   0|0x0000000083200000, 0x0000000083200000, 0x0000000083300000|  0%| F|  |TAMS 0x0000000083200000, 0x0000000083200000| Untracked 
|   1|0x0000000083300000, 0x0000000083300000, 0x0000000083400000|  0%| F|  |TAMS 0x0000000083300000, 0x0000000083300000| Untracked 
|   2|0x0000000083400000, 0x0000000083400000, 0x0000000083500000|  0%| F|  |TAMS 0x0000000083400000, 0x0000000083400000| Untracked 
|   3|0x0000000083500000, 0x0000000083500000, 0x0000000083600000|  0%| F|  |TAMS 0x0000000083500000, 0x0000000083500000| Untracked 
|   4|0x0000000083600000, 0x0000000083600000, 0x0000000083700000|  0%| F|  |TAMS 0x0000000083600000, 0x0000000083600000| Untracked 
|   5|0x0000000083700000, 0x0000000083700000, 0x0000000083800000|  0%| F|  |TAMS 0x0000000083700000, 0x0000000083700000| Untracked 
|   6|0x0000000083800000, 0x0000000083800000, 0x0000000083900000|  0%| F|  |TAMS 0x0000000083800000, 0x0000000083800000| Untracked 
|   7|0x0000000083900000, 0x0000000083900000, 0x0000000083a00000|  0%| F|  |TAMS 0x0000000083900000, 0x0000000083900000| Untracked 
|   8|0x0000000083a00000, 0x0000000083a00000, 0x0000000083b00000|  0%| F|  |TAMS 0x0000000083a00000, 0x0000000083a00000| Untracked 
|   9|0x0000000083b00000, 0x0000000083b00000, 0x0000000083c00000|  0%| F|  |TAMS 0x0000000083b00000, 0x0000000083b00000| Untracked 
|  10|0x0000000083c00000, 0x0000000083c00000, 0x0000000083d00000|  0%| F|  |TAMS 0x0000000083c00000, 0x0000000083c00000| Untracked 
|  11|0x0000000083d00000, 0x0000000083d00000, 0x0000000083e00000|  0%| F|  |TAMS 0x0000000083d00000, 0x0000000083d00000| Untracked 
|  12|0x0000000083e00000, 0x0000000083e00000, 0x0000000083f00000|  0%| F|  |TAMS 0x0000000083e00000, 0x0000000083e00000| Untracked 
|  13|0x0000000083f00000, 0x0000000083f00000, 0x0000000084000000|  0%| F|  |TAMS 0x0000000083f00000, 0x0000000083f00000| Untracked 
|  14|0x0000000084000000, 0x0000000084000000, 0x0000000084100000|  0%| F|  |TAMS 0x0000000084000000, 0x0000000084000000| Untracked 
|  15|0x0000000084100000, 0x0000000084100000, 0x0000000084200000|  0%| F|  |TAMS 0x0000000084100000, 0x0000000084100000| Untracked 
|  16|0x0000000084200000, 0x0000000084200000, 0x0000000084300000|  0%| F|  |TAMS 0x0000000084200000, 0x0000000084200000| Untracked 
|  17|0x0000000084300000, 0x0000000084300000, 0x0000000084400000|  0%| F|  |TAMS 0x0000000084300000, 0x0000000084300000| Untracked 
|  18|0x0000000084400000, 0x0000000084400000, 0x0000000084500000|  0%| F|  |TAMS 0x0000000084400000, 0x0000000084400000| Untracked 
|  19|0x0000000084500000, 0x0000000084500000, 0x0000000084600000|  0%| F|  |TAMS 0x0000000084500000, 0x0000000084500000| Untracked 
|  20|0x0000000084600000, 0x0000000084600000, 0x0000000084700000|  0%| F|  |TAMS 0x0000000084600000, 0x0000000084600000| Untracked 
|  21|0x0000000084700000, 0x0000000084700000, 0x0000000084800000|  0%| F|  |TAMS 0x0000000084700000, 0x0000000084700000| Untracked 
|  22|0x0000000084800000, 0x0000000084800000, 0x0000000084900000|  0%| F|  |TAMS 0x0000000084800000, 0x0000000084800000| Untracked 
|  23|0x0000000084900000, 0x0000000084900000, 0x0000000084a00000|  0%| F|  |TAMS 0x0000000084900000, 0x0000000084900000| Untracked 
|  24|0x0000000084a00000, 0x0000000084a00000, 0x0000000084b00000|  0%| F|  |TAMS 0x0000000084a00000, 0x0000000084a00000| Untracked 
|  25|0x0000000084b00000, 0x0000000084b00000, 0x0000000084c00000|  0%| F|  |TAMS 0x0000000084b00000, 0x0000000084b00000| Untracked 
|  26|0x0000000084c00000, 0x0000000084c00000, 0x0000000084d00000|  0%| F|  |TAMS 0x0000000084c00000, 0x0000000084c00000| Untracked 
|  27|0x0000000084d00000, 0x0000000084d00000, 0x0000000084e00000|  0%| F|  |TAMS 0x0000000084d00000, 0x0000000084d00000| Untracked 
|  28|0x0000000084e00000, 0x0000000084e00000, 0x0000000084f00000|  0%| F|  |TAMS 0x0000000084e00000, 0x0000000084e00000| Untracked 
|  29|0x0000000084f00000, 0x0000000084f00000, 0x0000000085000000|  0%| F|  |TAMS 0x0000000084f00000, 0x0000000084f00000| Untracked 
|  30|0x0000000085000000, 0x0000000085000000, 0x0000000085100000|  0%| F|  |TAMS 0x0000000085000000, 0x0000000085000000| Untracked 
|  31|0x0000000085100000, 0x0000000085100000, 0x0000000085200000|  0%| F|  |TAMS 0x0000000085100000, 0x0000000085100000| Untracked 
|  32|0x0000000085200000, 0x0000000085200000, 0x0000000085300000|  0%| F|  |TAMS 0x0000000085200000, 0x0000000085200000| Untracked 
|  33|0x0000000085300000, 0x0000000085300000, 0x0000000085400000|  0%| F|  |TAMS 0x0000000085300000, 0x0000000085300000| Untracked 
|  34|0x0000000085400000, 0x0000000085400000, 0x0000000085500000|  0%| F|  |TAMS 0x0000000085400000, 0x0000000085400000| Untracked 
|  35|0x0000000085500000, 0x0000000085500000, 0x0000000085600000|  0%| F|  |TAMS 0x0000000085500000, 0x0000000085500000| Untracked 
|  36|0x0000000085600000, 0x0000000085600000, 0x0000000085700000|  0%| F|  |TAMS 0x0000000085600000, 0x0000000085600000| Untracked 
|  37|0x0000000085700000, 0x0000000085700000, 0x0000000085800000|  0%| F|  |TAMS 0x0000000085700000, 0x0000000085700000| Untracked 
|  38|0x0000000085800000, 0x0000000085800000, 0x0000000085900000|  0%| F|  |TAMS 0x0000000085800000, 0x0000000085800000| Untracked 
|  39|0x0000000085900000, 0x0000000085900000, 0x0000000085a00000|  0%| F|  |TAMS 0x0000000085900000, 0x0000000085900000| Untracked 
|  40|0x0000000085a00000, 0x0000000085a00000, 0x0000000085b00000|  0%| F|  |TAMS 0x0000000085a00000, 0x0000000085a00000| Untracked 
|  41|0x0000000085b00000, 0x0000000085b00000, 0x0000000085c00000|  0%| F|  |TAMS 0x0000000085b00000, 0x0000000085b00000| Untracked 
|  42|0x0000000085c00000, 0x0000000085c00000, 0x0000000085d00000|  0%| F|  |TAMS 0x0000000085c00000, 0x0000000085c00000| Untracked 
|  43|0x0000000085d00000, 0x0000000085d00000, 0x0000000085e00000|  0%| F|  |TAMS 0x0000000085d00000, 0x0000000085d00000| Untracked 
|  44|0x0000000085e00000, 0x0000000085e00000, 0x0000000085f00000|  0%| F|  |TAMS 0x0000000085e00000, 0x0000000085e00000| Untracked 
|  45|0x0000000085f00000, 0x0000000085f00000, 0x0000000086000000|  0%| F|  |TAMS 0x0000000085f00000, 0x0000000085f00000| Untracked 
|  46|0x0000000086000000, 0x0000000086000000, 0x0000000086100000|  0%| F|  |TAMS 0x0000000086000000, 0x0000000086000000| Untracked 
|  47|0x0000000086100000, 0x0000000086100000, 0x0000000086200000|  0%| F|  |TAMS 0x0000000086100000, 0x0000000086100000| Untracked 
|  48|0x0000000086200000, 0x0000000086200000, 0x0000000086300000|  0%| F|  |TAMS 0x0000000086200000, 0x0000000086200000| Untracked 
|  49|0x0000000086300000, 0x0000000086300000, 0x0000000086400000|  0%| F|  |TAMS 0x0000000086300000, 0x0000000086300000| Untracked 
|  50|0x0000000086400000, 0x0000000086400000, 0x0000000086500000|  0%| F|  |TAMS 0x0000000086400000, 0x0000000086400000| Untracked 
|  51|0x0000000086500000, 0x0000000086500000, 0x0000000086600000|  0%| F|  |TAMS 0x0000000086500000, 0x0000000086500000| Untracked 
|  52|0x0000000086600000, 0x0000000086600000, 0x0000000086700000|  0%| F|  |TAMS 0x0000000086600000, 0x0000000086600000| Untracked 
|  53|0x0000000086700000, 0x0000000086700000, 0x0000000086800000|  0%| F|  |TAMS 0x0000000086700000, 0x0000000086700000| Untracked 
|  54|0x0000000086800000, 0x0000000086800000, 0x0000000086900000|  0%| F|  |TAMS 0x0000000086800000, 0x0000000086800000| Untracked 
|  55|0x0000000086900000, 0x0000000086900000, 0x0000000086a00000|  0%| F|  |TAMS 0x0000000086900000, 0x0000000086900000| Untracked 
|  56|0x0000000086a00000, 0x0000000086a00000, 0x0000000086b00000|  0%| F|  |TAMS 0x0000000086a00000, 0x0000000086a00000| Untracked 
|  57|0x0000000086b00000, 0x0000000086b00000, 0x0000000086c00000|  0%| F|  |TAMS 0x0000000086b00000, 0x0000000086b00000| Untracked 
|  58|0x0000000086c00000, 0x0000000086c00000, 0x0000000086d00000|  0%| F|  |TAMS 0x0000000086c00000, 0x0000000086c00000| Untracked 
|  59|0x0000000086d00000, 0x0000000086d00000, 0x0000000086e00000|  0%| F|  |TAMS 0x0000000086d00000, 0x0000000086d00000| Untracked 
|  60|0x0000000086e00000, 0x0000000086e00000, 0x0000000086f00000|  0%| F|  |TAMS 0x0000000086e00000, 0x0000000086e00000| Untracked 
|  61|0x0000000086f00000, 0x0000000086f00000, 0x0000000087000000|  0%| F|  |TAMS 0x0000000086f00000, 0x0000000086f00000| Untracked 
|  62|0x0000000087000000, 0x0000000087000000, 0x0000000087100000|  0%| F|  |TAMS 0x0000000087000000, 0x0000000087000000| Untracked 
|  63|0x0000000087100000, 0x0000000087100000, 0x0000000087200000|  0%| F|  |TAMS 0x0000000087100000, 0x0000000087100000| Untracked 
|  64|0x0000000087200000, 0x0000000087200000, 0x0000000087300000|  0%| F|  |TAMS 0x0000000087200000, 0x0000000087200000| Untracked 
|  65|0x0000000087300000, 0x0000000087300000, 0x0000000087400000|  0%| F|  |TAMS 0x0000000087300000, 0x0000000087300000| Untracked 
|  66|0x0000000087400000, 0x0000000087400000, 0x0000000087500000|  0%| F|  |TAMS 0x0000000087400000, 0x0000000087400000| Untracked 
|  67|0x0000000087500000, 0x0000000087500000, 0x0000000087600000|  0%| F|  |TAMS 0x0000000087500000, 0x0000000087500000| Untracked 
|  68|0x0000000087600000, 0x0000000087600000, 0x0000000087700000|  0%| F|  |TAMS 0x0000000087600000, 0x0000000087600000| Untracked 
|  69|0x0000000087700000, 0x0000000087700000, 0x0000000087800000|  0%| F|  |TAMS 0x0000000087700000, 0x0000000087700000| Untracked 
|  70|0x0000000087800000, 0x0000000087800000, 0x0000000087900000|  0%| F|  |TAMS 0x0000000087800000, 0x0000000087800000| Untracked 
|  71|0x0000000087900000, 0x0000000087900000, 0x0000000087a00000|  0%| F|  |TAMS 0x0000000087900000, 0x0000000087900000| Untracked 
|  72|0x0000000087a00000, 0x0000000087a00000, 0x0000000087b00000|  0%| F|  |TAMS 0x0000000087a00000, 0x0000000087a00000| Untracked 
|  73|0x0000000087b00000, 0x0000000087b00000, 0x0000000087c00000|  0%| F|  |TAMS 0x0000000087b00000, 0x0000000087b00000| Untracked 
|  74|0x0000000087c00000, 0x0000000087c00000, 0x0000000087d00000|  0%| F|  |TAMS 0x0000000087c00000, 0x0000000087c00000| Untracked 
|  75|0x0000000087d00000, 0x0000000087d00000, 0x0000000087e00000|  0%| F|  |TAMS 0x0000000087d00000, 0x0000000087d00000| Untracked 
|  76|0x0000000087e00000, 0x0000000087e00000, 0x0000000087f00000|  0%| F|  |TAMS 0x0000000087e00000, 0x0000000087e00000| Untracked 
|  77|0x0000000087f00000, 0x0000000087f00000, 0x0000000088000000|  0%| F|  |TAMS 0x0000000087f00000, 0x0000000087f00000| Untracked 
|  78|0x0000000088000000, 0x0000000088000000, 0x0000000088100000|  0%| F|  |TAMS 0x0000000088000000, 0x0000000088000000| Untracked 
|  79|0x0000000088100000, 0x0000000088100000, 0x0000000088200000|  0%| F|  |TAMS 0x0000000088100000, 0x0000000088100000| Untracked 
|  80|0x0000000088200000, 0x0000000088200000, 0x0000000088300000|  0%| F|  |TAMS 0x0000000088200000, 0x0000000088200000| Untracked 
|  81|0x0000000088300000, 0x0000000088300000, 0x0000000088400000|  0%| F|  |TAMS 0x0000000088300000, 0x0000000088300000| Untracked 
|  82|0x0000000088400000, 0x0000000088400000, 0x0000000088500000|  0%| F|  |TAMS 0x0000000088400000, 0x0000000088400000| Untracked 
|  83|0x0000000088500000, 0x0000000088500000, 0x0000000088600000|  0%| F|  |TAMS 0x0000000088500000, 0x0000000088500000| Untracked 
|  84|0x0000000088600000, 0x0000000088600000, 0x0000000088700000|  0%| F|  |TAMS 0x0000000088600000, 0x0000000088600000| Untracked 
|  85|0x0000000088700000, 0x0000000088700000, 0x0000000088800000|  0%| F|  |TAMS 0x0000000088700000, 0x0000000088700000| Untracked 
|  86|0x0000000088800000, 0x0000000088800000, 0x0000000088900000|  0%| F|  |TAMS 0x0000000088800000, 0x0000000088800000| Untracked 
|  87|0x0000000088900000, 0x0000000088900000, 0x0000000088a00000|  0%| F|  |TAMS 0x0000000088900000, 0x0000000088900000| Untracked 
|  88|0x0000000088a00000, 0x0000000088a00000, 0x0000000088b00000|  0%| F|  |TAMS 0x0000000088a00000, 0x0000000088a00000| Untracked 
|  89|0x0000000088b00000, 0x0000000088b00000, 0x0000000088c00000|  0%| F|  |TAMS 0x0000000088b00000, 0x0000000088b00000| Untracked 
|  90|0x0000000088c00000, 0x0000000088c00000, 0x0000000088d00000|  0%| F|  |TAMS 0x0000000088c00000, 0x0000000088c00000| Untracked 
|  91|0x0000000088d00000, 0x0000000088d00000, 0x0000000088e00000|  0%| F|  |TAMS 0x0000000088d00000, 0x0000000088d00000| Untracked 
|  92|0x0000000088e00000, 0x0000000088e00000, 0x0000000088f00000|  0%| F|  |TAMS 0x0000000088e00000, 0x0000000088e00000| Untracked 
|  93|0x0000000088f00000, 0x0000000088f00000, 0x0000000089000000|  0%| F|  |TAMS 0x0000000088f00000, 0x0000000088f00000| Untracked 
|  94|0x0000000089000000, 0x0000000089000000, 0x0000000089100000|  0%| F|  |TAMS 0x0000000089000000, 0x0000000089000000| Untracked 
|  95|0x0000000089100000, 0x0000000089100000, 0x0000000089200000|  0%| F|  |TAMS 0x0000000089100000, 0x0000000089100000| Untracked 
|  96|0x0000000089200000, 0x0000000089200000, 0x0000000089300000|  0%| F|  |TAMS 0x0000000089200000, 0x0000000089200000| Untracked 
|  97|0x0000000089300000, 0x0000000089300000, 0x0000000089400000|  0%| F|  |TAMS 0x0000000089300000, 0x0000000089300000| Untracked 
|  98|0x0000000089400000, 0x0000000089400000, 0x0000000089500000|  0%| F|  |TAMS 0x0000000089400000, 0x0000000089400000| Untracked 
|  99|0x0000000089500000, 0x0000000089500000, 0x0000000089600000|  0%| F|  |TAMS 0x0000000089500000, 0x0000000089500000| Untracked 
| 100|0x0000000089600000, 0x0000000089600000, 0x0000000089700000|  0%| F|  |TAMS 0x0000000089600000, 0x0000000089600000| Untracked 
| 101|0x0000000089700000, 0x0000000089700000, 0x0000000089800000|  0%| F|  |TAMS 0x0000000089700000, 0x0000000089700000| Untracked 
| 102|0x0000000089800000, 0x0000000089800000, 0x0000000089900000|  0%| F|  |TAMS 0x0000000089800000, 0x0000000089800000| Untracked 
| 103|0x0000000089900000, 0x0000000089900000, 0x0000000089a00000|  0%| F|  |TAMS 0x0000000089900000, 0x0000000089900000| Untracked 
| 104|0x0000000089a00000, 0x0000000089a00000, 0x0000000089b00000|  0%| F|  |TAMS 0x0000000089a00000, 0x0000000089a00000| Untracked 
| 105|0x0000000089b00000, 0x0000000089b00000, 0x0000000089c00000|  0%| F|  |TAMS 0x0000000089b00000, 0x0000000089b00000| Untracked 
| 106|0x0000000089c00000, 0x0000000089c00000, 0x0000000089d00000|  0%| F|  |TAMS 0x0000000089c00000, 0x0000000089c00000| Untracked 
| 107|0x0000000089d00000, 0x0000000089d00000, 0x0000000089e00000|  0%| F|  |TAMS 0x0000000089d00000, 0x0000000089d00000| Untracked 
| 108|0x0000000089e00000, 0x0000000089e00000, 0x0000000089f00000|  0%| F|  |TAMS 0x0000000089e00000, 0x0000000089e00000| Untracked 
| 109|0x0000000089f00000, 0x0000000089f00000, 0x000000008a000000|  0%| F|  |TAMS 0x0000000089f00000, 0x0000000089f00000| Untracked 
| 110|0x000000008a000000, 0x000000008a000000, 0x000000008a100000|  0%| F|  |TAMS 0x000000008a000000, 0x000000008a000000| Untracked 
| 111|0x000000008a100000, 0x000000008a100000, 0x000000008a200000|  0%| F|  |TAMS 0x000000008a100000, 0x000000008a100000| Untracked 
| 112|0x000000008a200000, 0x000000008a200000, 0x000000008a300000|  0%| F|  |TAMS 0x000000008a200000, 0x000000008a200000| Untracked 
| 113|0x000000008a300000, 0x000000008a300000, 0x000000008a400000|  0%| F|  |TAMS 0x000000008a300000, 0x000000008a300000| Untracked 
| 114|0x000000008a400000, 0x000000008a400000, 0x000000008a500000|  0%| F|  |TAMS 0x000000008a400000, 0x000000008a400000| Untracked 
| 115|0x000000008a500000, 0x000000008a500000, 0x000000008a600000|  0%| F|  |TAMS 0x000000008a500000, 0x000000008a500000| Untracked 
| 116|0x000000008a600000, 0x000000008a600000, 0x000000008a700000|  0%| F|  |TAMS 0x000000008a600000, 0x000000008a600000| Untracked 
| 117|0x000000008a700000, 0x000000008a700000, 0x000000008a800000|  0%| F|  |TAMS 0x000000008a700000, 0x000000008a700000| Untracked 
| 118|0x000000008a800000, 0x000000008a845438, 0x000000008a900000| 27%| E|  |TAMS 0x000000008a800000, 0x000000008a800000| Complete 
| 119|0x000000008a900000, 0x000000008aa00000, 0x000000008aa00000|100%| E|CS|TAMS 0x000000008a900000, 0x000000008a900000| Complete 
| 120|0x000000008aa00000, 0x000000008ab00000, 0x000000008ab00000|100%| E|CS|TAMS 0x000000008aa00000, 0x000000008aa00000| Complete 
| 121|0x000000008ab00000, 0x000000008ac00000, 0x000000008ac00000|100%| E|CS|TAMS 0x000000008ab00000, 0x000000008ab00000| Complete 
| 122|0x000000008ac00000, 0x000000008ad00000, 0x000000008ad00000|100%| E|CS|TAMS 0x000000008ac00000, 0x000000008ac00000| Complete 
| 123|0x000000008ad00000, 0x000000008ae00000, 0x000000008ae00000|100%| E|CS|TAMS 0x000000008ad00000, 0x000000008ad00000| Complete 
| 124|0x000000008ae00000, 0x000000008af00000, 0x000000008af00000|100%| E|CS|TAMS 0x000000008ae00000, 0x000000008ae00000| Complete 
| 125|0x000000008af00000, 0x000000008b000000, 0x000000008b000000|100%| E|CS|TAMS 0x000000008af00000, 0x000000008af00000| Complete 

Card table byte_map: [0x00000205fb010000,0x00000205fb400000] _byte_map_base: 0x00000205fabf7000

Marking Bits (Prev, Next): (CMBitMap*) 0x00000205e444fce0, (CMBitMap*) 0x00000205e444fd20
 Prev Bits: [0x00000205fb7f0000, 0x00000205fd728000)
 Next Bits: [0x00000205fd730000, 0x00000205ff668000)

Polling page: 0x00000205e23e0000

Metaspace:

Usage:
  Non-class:      5.68 MB used.
      Class:    755.09 KB used.
       Both:      6.42 MB used.

Virtual space:
  Non-class space:        8.00 MB reserved,       5.75 MB ( 72%) committed,  1 nodes.
      Class space:        1.00 GB reserved,     896.00 KB ( <1%) committed,  1 nodes.
             Both:        1.01 GB reserved,       6.62 MB ( <1%) committed. 

Chunk freelists:
   Non-Class:  2.02 MB
       Class:  3.12 MB
        Both:  5.14 MB

MaxMetaspaceSize: unlimited
CompressedClassSpaceSize: 1.00 GB
Initial GC threshold: 21.00 MB
Current GC threshold: 21.00 MB
CDS: on
MetaspaceReclaimPolicy: balanced
 - commit_granule_bytes: 65536.
 - commit_granule_words: 8192.
 - virtual_space_node_default_size: 1048576.
 - enlarge_chunks_in_place: 1.
 - new_chunks_are_fully_committed: 0.
 - uncommit_free_chunks: 1.
 - use_allocation_guard: 0.
 - handle_deallocations: 1.


Internal statistics:

num_allocs_failed_limit: 0.
num_arena_births: 92.
num_arena_deaths: 0.
num_vsnodes_births: 2.
num_vsnodes_deaths: 0.
num_space_committed: 106.
num_space_uncommitted: 0.
num_chunks_returned_to_freelist: 0.
num_chunks_taken_from_freelist: 141.
num_chunk_merges: 0.
num_chunk_splits: 78.
num_chunks_enlarged: 23.
num_purges: 0.
num_inconsistent_stats: 0.

CodeHeap 'non-profiled nmethods': size=120000Kb used=181Kb max_used=181Kb free=119818Kb
 bounds [0x00000205f36f0000, 0x00000205f3960000, 0x00000205fac20000]
CodeHeap 'profiled nmethods': size=120000Kb used=1193Kb max_used=1193Kb free=118806Kb
 bounds [0x00000205ec1c0000, 0x00000205ec430000, 0x00000205f36f0000]
CodeHeap 'non-nmethods': size=5760Kb used=1220Kb max_used=1234Kb free=4539Kb
 bounds [0x00000205ebc20000, 0x00000205ebe90000, 0x00000205ec1c0000]
 total_blobs=1231 nmethods=699 adapters=445
 compilation: enabled
              stopped_count=0, restarted_count=0
 full_count=0

Compilation events (20 events):
Event: 0.809 Thread 0x00000205ffb05b30  691       3       java.lang.StringLatin1::toLowerCase (186 bytes)
Event: 0.810 Thread 0x00000205ffb05b30 nmethod 691 0x00000205ec2e6d90 code [0x00000205ec2e7000, 0x00000205ec2e7b58]
Event: 0.811 Thread 0x00000205ffb05b30  692       1       java.net.URL::getProtocol (5 bytes)
Event: 0.811 Thread 0x00000205ffb05b30 nmethod 692 0x00000205f371cd10 code [0x00000205f371cea0, 0x00000205f371cf78]
Event: 0.811 Thread 0x00000205ffb05b30  693       3       java.lang.StringLatin1::indexOf (121 bytes)
Event: 0.812 Thread 0x00000205ffb05b30 nmethod 693 0x00000205ec2e7f90 code [0x00000205ec2e8160, 0x00000205ec2e8658]
Event: 0.814 Thread 0x00000205ffb05b30  694       3       java.lang.String::startsWith (7 bytes)
Event: 0.814 Thread 0x00000205ffb05b30 nmethod 694 0x00000205ec2e8890 code [0x00000205ec2e8a20, 0x00000205ec2e8b68]
Event: 0.814 Thread 0x00000205ffb05b30  695       3       java.lang.StringLatin1::newString (24 bytes)
Event: 0.815 Thread 0x00000205ffb05b30 nmethod 695 0x00000205ec2e8c10 code [0x00000205ec2e8de0, 0x00000205ec2e9108]
Event: 0.826 Thread 0x00000205ffb05b30  696       3       java.util.HashMap::<init> (11 bytes)
Event: 0.826 Thread 0x00000205ffb05b30 nmethod 696 0x00000205ec2e9210 code [0x00000205ec2e93c0, 0x00000205ec2e9598]
Event: 0.828 Thread 0x00000205ffb05b30  697       1       java.beans.PropertyChangeEvent::getOldValue (5 bytes)
Event: 0.828 Thread 0x00000205ffb05b30 nmethod 697 0x00000205f371d010 code [0x00000205f371d1a0, 0x00000205f371d278]
Event: 0.828 Thread 0x00000205ffb05b30  698       1       java.beans.PropertyChangeEvent::getNewValue (5 bytes)
Event: 0.828 Thread 0x00000205ffb05b30 nmethod 698 0x00000205f371d310 code [0x00000205f371d4a0, 0x00000205f371d578]
Event: 0.830 Thread 0x00000205ffb05b30  699  s    3       java.util.Hashtable::get (69 bytes)
Event: 0.831 Thread 0x00000205ffb05b30 nmethod 699 0x00000205ec2e9690 code [0x00000205ec2e9860, 0x00000205ec2e9db8]
Event: 0.831 Thread 0x00000205ffb05b30  700       3       java.util.ArrayList::<init> (12 bytes)
Event: 0.831 Thread 0x00000205ffb05b30 nmethod 700 0x00000205ec2e9f90 code [0x00000205ec2ea140, 0x00000205ec2ea3d8]

GC Heap History (0 events):
No events

Deoptimization events (6 events):
Event: 0.538 Thread 0x00000205e4412e60 DEOPT PACKING pc=0x00000205ec1d7467 sp=0x0000007feddfcf60
Event: 0.538 Thread 0x00000205e4412e60 DEOPT UNPACKING pc=0x00000205ebc72b43 sp=0x0000007feddfc380 mode 0
Event: 0.793 Thread 0x0000020582b77fd0 Uncommon trap: trap_request=0xffffff45 fr.pc=0x00000205f3719964 relative=0x00000000000003c4
Event: 0.793 Thread 0x0000020582b77fd0 Uncommon trap: reason=unstable_if action=reinterpret pc=0x00000205f3719964 method=java.lang.StringLatin1.newString([BII)Ljava/lang/String; @ 1 c2
Event: 0.793 Thread 0x0000020582b77fd0 DEOPT PACKING pc=0x00000205f3719964 sp=0x0000007fef3fe8c0
Event: 0.793 Thread 0x0000020582b77fd0 DEOPT UNPACKING pc=0x00000205ebc723a3 sp=0x0000007fef3fe8a0 mode 2

Classes unloaded (0 events):
No events

Classes redefined (0 events):
No events

Internal exceptions (20 events):
Event: 0.583 Thread 0x00000205e4412e60 Exception <a 'java/lang/ClassNotFoundException'{0x000000008ab99d28}: PasswordField> (0x000000008ab99d28) 
thrown [t:\workspace\open\src\hotspot\share\classfile\systemDictionary.cpp, line 256]
Event: 0.584 Thread 0x00000205e4412e60 Exception <a 'java/lang/ClassNotFoundException'{0x000000008ab9a280}: TextArea> (0x000000008ab9a280) 
thrown [t:\workspace\open\src\hotspot\share\classfile\systemDictionary.cpp, line 256]
Event: 0.586 Thread 0x00000205e4412e60 Exception <a 'java/lang/ClassNotFoundException'{0x000000008ab9abc0}: TextPane> (0x000000008ab9abc0) 
thrown [t:\workspace\open\src\hotspot\share\classfile\systemDictionary.cpp, line 256]
Event: 0.587 Thread 0x00000205e4412e60 Exception <a 'java/lang/ClassNotFoundException'{0x000000008ab9b028}: EditorPane> (0x000000008ab9b028) 
thrown [t:\workspace\open\src\hotspot\share\classfile\systemDictionary.cpp, line 256]
Event: 0.587 Thread 0x00000205e4412e60 Exception <a 'java/lang/ClassNotFoundException'{0x000000008ab9b988}: ToolBar> (0x000000008ab9b988) 
thrown [t:\workspace\open\src\hotspot\share\classfile\systemDictionary.cpp, line 256]
Event: 0.587 Thread 0x00000205e4412e60 Exception <a 'java/lang/ClassNotFoundException'{0x000000008ab9be80}: ToolBar> (0x000000008ab9be80) 
thrown [t:\workspace\open\src\hotspot\share\classfile\systemDictionary.cpp, line 256]
Event: 0.587 Thread 0x00000205e4412e60 Exception <a 'java/lang/ClassNotFoundException'{0x000000008ab9c1e0}: Button> (0x000000008ab9c1e0) 
thrown [t:\workspace\open\src\hotspot\share\classfile\systemDictionary.cpp, line 256]
Event: 0.588 Thread 0x00000205e4412e60 Exception <a 'java/lang/ClassNotFoundException'{0x000000008ab9c6a8}: ToolBar> (0x000000008ab9c6a8) 
thrown [t:\workspace\open\src\hotspot\share\classfile\systemDictionary.cpp, line 256]
Event: 0.588 Thread 0x00000205e4412e60 Exception <a 'java/lang/ClassNotFoundException'{0x000000008ab9ca18}: ToggleButton> (0x000000008ab9ca18) 
thrown [t:\workspace\open\src\hotspot\share\classfile\systemDictionary.cpp, line 256]
Event: 0.588 Thread 0x00000205e4412e60 Exception <a 'java/lang/ClassNotFoundException'{0x000000008ab9ce58}: javax/swing/JToolBarSeparator> (0x000000008ab9ce58) 
thrown [t:\workspace\open\src\hotspot\share\classfile\systemDictionary.cpp, line 256]
Event: 0.588 Thread 0x00000205e4412e60 Exception <a 'java/lang/ClassNotFoundException'{0x000000008ab9d160}: ToolBarSeparator> (0x000000008ab9d160) 
thrown [t:\workspace\open\src\hotspot\share\classfile\systemDictionary.cpp, line 256]
Event: 0.588 Thread 0x00000205e4412e60 Exception <a 'java/lang/ClassNotFoundException'{0x000000008ab9d678}: ToolTip> (0x000000008ab9d678) 
thrown [t:\workspace\open\src\hotspot\share\classfile\systemDictionary.cpp, line 256]
Event: 0.590 Thread 0x00000205e4412e60 Exception <a 'java/lang/ClassNotFoundException'{0x000000008ab9dfc8}: Tree> (0x000000008ab9dfc8) 
thrown [t:\workspace\open\src\hotspot\share\classfile\systemDictionary.cpp, line 256]
Event: 0.591 Thread 0x00000205e4412e60 Exception <a 'java/lang/ClassNotFoundException'{0x000000008ab9e4c0}: Tree> (0x000000008ab9e4c0) 
thrown [t:\workspace\open\src\hotspot\share\classfile\systemDictionary.cpp, line 256]
Event: 0.591 Thread 0x00000205e4412e60 Exception <a 'java/lang/ClassNotFoundException'{0x000000008ab9e830}: javax/swing/JTreeCell> (0x000000008ab9e830) 
thrown [t:\workspace\open\src\hotspot\share\classfile\systemDictionary.cpp, line 256]
Event: 0.591 Thread 0x00000205e4412e60 Exception <a 'java/lang/ClassNotFoundException'{0x000000008ab9eb30}: TreeCell> (0x000000008ab9eb30) 
thrown [t:\workspace\open\src\hotspot\share\classfile\systemDictionary.cpp, line 256]
Event: 0.591 Thread 0x00000205e4412e60 Exception <a 'java/lang/ClassNotFoundException'{0x000000008ab9f2f0}: RootPane> (0x000000008ab9f2f0) 
thrown [t:\workspace\open\src\hotspot\share\classfile\systemDictionary.cpp, line 256]
Event: 0.595 Thread 0x00000205e4412e60 Exception <a 'java/lang/ClassNotFoundException'{0x000000008aba21b0}: com/sun/swing/internal/plaf/metal/resources/spi/metalProvider> (0x000000008aba21b0) 
thrown [t:\workspace\open\src\hotspot\share\classfile\systemDictionary.cpp, line 256]
Event: 0.598 Thread 0x00000205e4412e60 Exception <a 'java/lang/ClassNotFoundException'{0x000000008aba5d60}: com/sun/swing/internal/plaf/basic/resources/spi/basicProvider> (0x000000008aba5d60) 
thrown [t:\workspace\open\src\hotspot\share\classfile\systemDictionary.cpp, line 256]
Event: 0.657 Thread 0x0000020582b77fd0 Exception <a 'java/lang/ClassNotFoundException'{0x000000008aa5bbb0}: com/sun/swing/internal/plaf/synth/resources/spi/synthProvider> (0x000000008aa5bbb0) 
thrown [t:\workspace\open\src\hotspot\share\classfile\systemDictionary.cpp, line 256]

VM Operations (4 events):
Event: 0.156 Executing VM operation: HandshakeAllThreads
Event: 0.156 Executing VM operation: HandshakeAllThreads done
Event: 0.536 Executing VM operation: HandshakeAllThreads
Event: 0.536 Executing VM operation: HandshakeAllThreads done

Events (20 events):
Event: 0.829 loading class javax/swing/ScrollPaneLayout done
Event: 0.829 loading class javax/swing/ScrollPaneLayout$UIResource done
Event: 0.829 loading class javax/swing/ViewportLayout
Event: 0.829 loading class javax/swing/ViewportLayout done
Event: 0.830 loading class javax/swing/plaf/synth/SynthViewportUI
Event: 0.830 loading class javax/swing/plaf/ViewportUI
Event: 0.830 loading class javax/swing/plaf/ViewportUI done
Event: 0.830 loading class javax/swing/plaf/synth/SynthViewportUI done
Event: 0.831 loading class javax/swing/JScrollPane$ScrollBar
Event: 0.831 loading class javax/swing/JScrollPane$ScrollBar done
Event: 0.831 loading class javax/swing/JScrollBar$ModelListener
Event: 0.831 loading class javax/swing/event/ChangeListener
Event: 0.831 loading class javax/swing/event/ChangeListener done
Event: 0.831 loading class javax/swing/JScrollBar$ModelListener done
Event: 0.831 loading class javax/swing/DefaultBoundedRangeModel
Event: 0.832 loading class javax/swing/BoundedRangeModel
Event: 0.832 loading class javax/swing/BoundedRangeModel done
Event: 0.832 loading class javax/swing/DefaultBoundedRangeModel done
Event: 0.832 loading class javax/swing/plaf/synth/SynthScrollBarUI
Event: 0.833 loading class javax/swing/plaf/basic/BasicScrollBarUI


Dynamic libraries:
0x00007ff60d670000 - 0x00007ff60d680000 	C:\Program Files\Java\jdk-17\bin\java.exe
0x00007ffb9b690000 - 0x00007ffb9b885000 	C:\WINDOWS\SYSTEM32\ntdll.dll
0x00007ffb996e0000 - 0x00007ffb9979e000 	C:\WINDOWS\System32\KERNEL32.DLL
0x00007ffb98e50000 - 0x00007ffb99118000 	C:\WINDOWS\System32\KERNELBASE.dll
0x00007ffb992f0000 - 0x00007ffb993f0000 	C:\WINDOWS\System32\ucrtbase.dll
0x00007ffb8bbf0000 - 0x00007ffb8bc0a000 	C:\Program Files\Java\jdk-17\bin\VCRUNTIME140.dll
0x00007ffb85060000 - 0x00007ffb85078000 	C:\Program Files\Java\jdk-17\bin\jli.dll
0x00007ffb9b570000 - 0x00007ffb9b61e000 	C:\WINDOWS\System32\ADVAPI32.dll
0x00007ffb9b3f0000 - 0x00007ffb9b48e000 	C:\WINDOWS\System32\msvcrt.dll
0x00007ffb99d00000 - 0x00007ffb99d9c000 	C:\WINDOWS\System32\sechost.dll
0x00007ffb99ba0000 - 0x00007ffb99cc5000 	C:\WINDOWS\System32\RPCRT4.dll
0x00007ffb99980000 - 0x00007ffb99b20000 	C:\WINDOWS\System32\USER32.dll
0x00007ffb85cc0000 - 0x00007ffb85f5a000 	C:\WINDOWS\WinSxS\amd64_microsoft.windows.common-controls_6595b64144ccf1df_6.0.19041.1110_none_60b5254171f9507e\COMCTL32.dll
0x00007ffb993f0000 - 0x00007ffb99412000 	C:\WINDOWS\System32\win32u.dll
0x00007ffb9b620000 - 0x00007ffb9b64b000 	C:\WINDOWS\System32\GDI32.dll
0x00007ffb991b0000 - 0x00007ffb992bd000 	C:\WINDOWS\System32\gdi32full.dll
0x00007ffb995d0000 - 0x00007ffb9966d000 	C:\WINDOWS\System32\msvcp_win.dll
0x00007ffb8d1d0000 - 0x00007ffb8d1da000 	C:\WINDOWS\SYSTEM32\VERSION.dll
0x00007ffb99cd0000 - 0x00007ffb99d00000 	C:\WINDOWS\System32\IMM32.DLL
0x00007ffb91830000 - 0x00007ffb9183c000 	C:\Program Files\Java\jdk-17\bin\vcruntime140_1.dll
0x00007ffb71580000 - 0x00007ffb7160d000 	C:\Program Files\Java\jdk-17\bin\msvcp140.dll
0x00007ffb47520000 - 0x00007ffb480de000 	C:\Program Files\Java\jdk-17\bin\server\jvm.dll
0x00007ffb99b90000 - 0x00007ffb99b98000 	C:\WINDOWS\System32\PSAPI.DLL
0x00007ffb82af0000 - 0x00007ffb82b17000 	C:\WINDOWS\SYSTEM32\WINMM.dll
0x00007ffb85b70000 - 0x00007ffb85b79000 	C:\WINDOWS\SYSTEM32\WSOCK32.dll
0x00007ffb99b20000 - 0x00007ffb99b8b000 	C:\WINDOWS\System32\WS2_32.dll
0x00007ffb96c90000 - 0x00007ffb96ca2000 	C:\WINDOWS\SYSTEM32\kernel.appcore.dll
0x00007ffb8eea0000 - 0x00007ffb8eeaa000 	C:\Program Files\Java\jdk-17\bin\jimage.dll
0x00007ffb91370000 - 0x00007ffb91554000 	C:\WINDOWS\SYSTEM32\DBGHELP.DLL
0x00007ffb91330000 - 0x00007ffb9135c000 	C:\WINDOWS\SYSTEM32\dbgcore.DLL
0x00007ffb99120000 - 0x00007ffb991a2000 	C:\WINDOWS\System32\bcryptPrimitives.dll
0x00007ffb7e4f0000 - 0x00007ffb7e515000 	C:\Program Files\Java\jdk-17\bin\java.dll
0x00007ffb717a0000 - 0x00007ffb71876000 	C:\Program Files\Java\jdk-17\bin\svml.dll
0x00007ffb9a940000 - 0x00007ffb9b084000 	C:\WINDOWS\System32\SHELL32.dll
0x00007ffb96e90000 - 0x00007ffb97624000 	C:\WINDOWS\SYSTEM32\windows.storage.dll
0x00007ffb9b090000 - 0x00007ffb9b3e5000 	C:\WINDOWS\System32\combase.dll
0x00007ffb987f0000 - 0x00007ffb9881e000 	C:\WINDOWS\SYSTEM32\Wldp.dll
0x00007ffb998d0000 - 0x00007ffb9997d000 	C:\WINDOWS\System32\SHCORE.dll
0x00007ffb9a200000 - 0x00007ffb9a255000 	C:\WINDOWS\System32\shlwapi.dll
0x00007ffb98ce0000 - 0x00007ffb98cff000 	C:\WINDOWS\SYSTEM32\profapi.dll
0x00007ffb809a0000 - 0x00007ffb809b9000 	C:\Program Files\Java\jdk-17\bin\net.dll
0x00007ffb93210000 - 0x00007ffb9331c000 	C:\WINDOWS\SYSTEM32\WINHTTP.dll
0x00007ffb98550000 - 0x00007ffb985ba000 	C:\WINDOWS\system32\mswsock.dll
0x00007ffb7de80000 - 0x00007ffb7de95000 	C:\Program Files\Java\jdk-17\bin\nio.dll
0x00007ffb7a020000 - 0x00007ffb7a038000 	C:\Program Files\Java\jdk-17\bin\zip.dll
0x00007ffb71610000 - 0x00007ffb7179f000 	C:\Program Files\Java\jdk-17\bin\awt.dll
0x00007ffb99f60000 - 0x00007ffb9a02d000 	C:\WINDOWS\System32\OLEAUT32.dll
0x00007ffb965d0000 - 0x00007ffb96660000 	C:\WINDOWS\SYSTEM32\apphelp.dll
0x00007ffb96710000 - 0x00007ffb967ae000 	C:\WINDOWS\system32\uxtheme.dll
0x00007ffb9a3a0000 - 0x00007ffb9a4b6000 	C:\WINDOWS\System32\MSCTF.dll
0x00007ffb997a0000 - 0x00007ffb998ca000 	C:\WINDOWS\System32\ole32.dll
0x00007ffb969a0000 - 0x00007ffb969cf000 	C:\WINDOWS\system32\DWMAPI.DLL
0x00007ffb714f0000 - 0x00007ffb71579000 	C:\Program Files\Java\jdk-17\bin\freetype.dll
0x00007ffb71440000 - 0x00007ffb714e8000 	C:\Program Files\Java\jdk-17\bin\fontmanager.dll
0x00007ffb7a430000 - 0x00007ffb7a555000 	C:\WINDOWS\system32\opengl32.dll
0x00007ffb7c620000 - 0x00007ffb7c64c000 	C:\WINDOWS\SYSTEM32\GLU32.dll

dbghelp: loaded successfully - version: 4.0.5 - missing functions: none
symbol engine: initialized successfully - sym options: 0x614 - pdb path: .;C:\Program Files\Java\jdk-17\bin;C:\WINDOWS\SYSTEM32;C:\WINDOWS\WinSxS\amd64_microsoft.windows.common-controls_6595b64144ccf1df_6.0.19041.1110_none_60b5254171f9507e;C:\Program Files\Java\jdk-17\bin\server

VM Arguments:
java_command: com.mycompany.qarisiqmallar.veneramarket.MehsulDeyisdirilmesi
java_class_path (initial): C:\Users\samil\OneDrive\Документы\NetBeansProjects\VeneraMarket\target\classes;C:\Users\samil\OneDrive\Документы\NetBeansProjects\QarisiqMallarDbApp\target\classes;C:\Users\samil\.m2\repository\mysql\mysql-connector-java\8.0.27\mysql-connector-java-8.0.27.jar;C:\Users\samil\.m2\repository\com\google\protobuf\protobuf-java\3.11.4\protobuf-java-3.11.4.jar;C:\Users\samil\.m2\repository\org\javapos\javapos\1.14.0\javapos-1.14.0.jar;C:\Users\samil\.m2\repository\com\google\zxing\zxing-parent\3.4.1\zxing-parent-3.4.1.jar;C:\Users\samil\.m2\repository\com\google\zxing\core\3.4.1\core-3.4.1.jar;C:\Users\samil\.m2\repository\net\glxn\qrgen\qrgen-parent\1.4\qrgen-parent-1.4.jar;C:\Users\samil\.m2\repository\com\google\mlkit\barcode-scanning\17.0.0\barcode-scanning-17.0.0.jar;C:\Users\samil\.m2\repository\com\javasolver\jsr331-linear\2.1.0\jsr331-linear-2.1.0.jar;C:\Users\samil\.m2\repository\com\javasolver\jsr331\2.1.0\jsr331-2.1.0.jar;C:\Users\samil\.m2\repository\org\slf4j\slf4j-api\1.7.30\slf4j-api-1.7.30.jar;C:\Users\samil\.m2\repository\com\toedter\jcalendar\1.4\jcalendar-1.4.jar
Launcher Type: SUN_STANDARD

[Global flags]
     intx CICompilerCount                          = 3                                         {product} {ergonomic}
     uint ConcGCThreads                            = 1                                         {product} {ergonomic}
     uint G1ConcRefinementThreads                  = 4                                         {product} {ergonomic}
   size_t G1HeapRegionSize                         = 1048576                                   {product} {ergonomic}
    uintx GCDrainStackTargetSize                   = 64                                        {product} {ergonomic}
   size_t InitialHeapSize                          = 132120576                                 {product} {ergonomic}
   size_t MarkStackSize                            = 4194304                                   {product} {ergonomic}
   size_t MaxHeapSize                              = 2095054848                                {product} {ergonomic}
   size_t MaxNewSize                               = 1256194048                                {product} {ergonomic}
   size_t MinHeapDeltaBytes                        = 1048576                                   {product} {ergonomic}
   size_t MinHeapSize                              = 8388608                                   {product} {ergonomic}
    uintx NonNMethodCodeHeapSize                   = 5832780                                {pd product} {ergonomic}
    uintx NonProfiledCodeHeapSize                  = 122912730                              {pd product} {ergonomic}
    uintx ProfiledCodeHeapSize                     = 122912730                              {pd product} {ergonomic}
    uintx ReservedCodeCacheSize                    = 251658240                              {pd product} {ergonomic}
     bool SegmentedCodeCache                       = true                                      {product} {ergonomic}
   size_t SoftMaxHeapSize                          = 2095054848                             {manageable} {ergonomic}
     bool UseCompressedClassPointers               = true                           {product lp64_product} {ergonomic}
     bool UseCompressedOops                        = true                           {product lp64_product} {ergonomic}
     bool UseG1GC                                  = true                                      {product} {ergonomic}
     bool UseLargePagesIndividualAllocation        = false                                  {pd product} {ergonomic}

Logging:
Log output configuration:
 #0: stdout all=warning uptime,level,tags
 #1: stderr all=off uptime,level,tags

Environment Variables:
JAVA_HOME=C:\Program Files\Java\jdk-17
PATH=C:\Program Files\Common Files\Oracle\Java\javapath;C:\Program Files (x86)\Common Files\Oracle\Java\javapath;C:\WINDOWS\system32;C:\WINDOWS;C:\WINDOWS\System32\Wbem;C:\WINDOWS\System32\WindowsPowerShell\v1.0\;C:\WINDOWS\System32\OpenSSH\;C:\Program Files\Microsoft SQL Server\130\Tools\Binn\;C:\Program Files\dotnet\;C:\Program Files\Microsoft SQL Server\Client SDK\ODBC\170\Tools\Binn\;C:\Program Files (x86)\dotnet\;C:\Program Files\TortoiseGit\bin;C:\Program Files\Java\jdk-17\bin;C:\Program Files (x86)\Java\jre1.8.0_301\bin;C:\Program Files\Java\jdk-17;C:\Program Files\MySQL\MySQL Server 8.0\bin;C:\Program Files\Git\cmd;C:\Users\samil\AppData\Local\Programs\Python\Python39\Scripts\;C:\Users\samil\AppData\Local\Programs\Python\Python39\;C:\Program Files\MySQL\MySQL Shell 8.0\bin\;C:\Users\samil\AppData\Local\Microsoft\WindowsApps;C:\Users\samil\.dotnet\tools;C:\Program Files\CodeBlocks\MinGW\bin;C:\Users\samil\AppData\Local\GitHubDesktop\bin
USERNAME=samil
OS=Windows_NT
PROCESSOR_IDENTIFIER=Intel64 Family 6 Model 58 Stepping 9, GenuineIntel



---------------  S Y S T E M  ---------------

OS:
 Windows 10 , 64 bit Build 19041 (10.0.19041.1503)
OS uptime: 4 days 10:41 hours

CPU: total 4 (initial active 4) (2 cores per cpu, 2 threads per core) family 6 model 58 stepping 9 microcode 0x21, cx8, cmov, fxsr, ht, mmx, sse, sse2, sse3, ssse3, sse4.1, sse4.2, popcnt, tsc, tscinvbit, avx, aes, erms, clmul, vzeroupper, clflush

Memory: 4k page, system-wide physical 7987M (410M free)
TotalPageFile size 32563M (AvailPageFile size 44M)
current process WorkingSet (physical memory assigned to process): 56M, peak: 56M
current process commit charge ("private bytes"): 213M, peak: 214M

vm_info: Java HotSpot(TM) 64-Bit Server VM (17+35-LTS-2724) for windows-amd64 JRE (17+35-LTS-2724), built on Aug  5 2021 23:28:28 by "mach5one" with MS VC++ 16.8 (VS2019)

END.
