#
# There is insufficient memory for the Java Runtime Environment to continue.
# Native memory allocation (malloc) failed to allocate 37504 bytes for Chunk::new
# Possible reasons:
#   The system is out of physical RAM or swap space
#   The process is running with CompressedOops enabled, and the Java Heap may be blocking the growth of the native heap
# Possible solutions:
#   Reduce memory load on the system
#   Increase physical memory or swap space
#   Check if swap backing store is full
#   Decrease Java heap size (-Xmx/-Xms)
#   Decrease number of Java threads
#   Decrease Java thread stack sizes (-Xss)
#   Set larger code cache with -XX:ReservedCodeCacheSize=
#   JVM is running with Unscaled Compressed Oops mode in which the Java heap is
#     placed in the first 4GB address space. The Java Heap base address is the
#     maximum limit for the native heap growth. Please use -XX:HeapBaseMinAddress
#     to set the Java Heap base and to place the Java Heap above 4GB virtual address.
# This output file may be truncated or incomplete.
#
#  Out of Memory Error (arena.cpp:189), pid=5324, tid=10468
#
# JRE version: Java(TM) SE Runtime Environment (17.0+35) (build 17+35-LTS-2724)
# Java VM: Java HotSpot(TM) 64-Bit Server VM (17+35-LTS-2724, mixed mode, sharing, tiered, compressed oops, compressed class ptrs, g1 gc, windows-amd64)
# No core dump will be written. Minidumps are not enabled by default on client versions of Windows
#

---------------  S U M M A R Y ------------

Command Line: -Dclassworlds.conf=C:\netbeans\java\maven\bin\..\bin\m2.conf -Dmaven.home=C:\netbeans\java\maven\bin\.. -Dlibrary.jansi.path=C:\netbeans\java\maven\bin\..\lib\jansi-native -Dmaven.multiModuleProjectDirectory=C:\Users\samil\OneDrive\Документы\NetBeansProjects\VeneraMarket org.codehaus.plexus.classworlds.launcher.Launcher -Dexec.args=-classpath %classpath com.mycompany.qarisiqmallar.veneramarket.Main -Dexec.executable=C:\Program Files\Java\jdk-17\bin\java.exe -Dexec.classpathScope=runtime -Dmaven.ext.class.path=C:\netbeans\java\maven-nblib\netbeans-eventspy.jar;C:\netbeans\java\maven-nblib\netbeans-cos.jar -Dfile.encoding=UTF-8 org.codehaus.mojo:exec-maven-plugin:1.5.0:exec

Host: Intel(R) Core(TM) i5-3317U CPU @ 1.70GHz, 4 cores, 7G,  Windows 10 , 64 bit Build 19041 (10.0.19041.1503)
Time: Mon Jan 31 13:46:29 2022 Azerbaijan Standard Time elapsed time: 5.025651 seconds (0d 0h 0m 5s)

---------------  T H R E A D  ---------------

Current thread (0x000001a75af4a710):  JavaThread "C2 CompilerThread0" daemon [_thread_in_native, id=10468, stack(0x0000005c37a00000,0x0000005c37b00000)]


Current CompileTask:
C2:   5025 2690       4       sun.nio.cs.StreamDecoder::implRead (243 bytes)

Stack: [0x0000005c37a00000,0x0000005c37b00000]
Native frames: (J=compiled Java code, j=interpreted, Vv=VM code, C=native code)
V  [jvm.dll+0x66f8ea]
V  [jvm.dll+0x7ce224]
V  [jvm.dll+0x7cf9ce]
V  [jvm.dll+0x7d0033]
V  [jvm.dll+0x242bb5]
V  [jvm.dll+0xaa05b]
V  [jvm.dll+0xaa5ec]
V  [jvm.dll+0x35f9f7]
V  [jvm.dll+0x1b94b5]
V  [jvm.dll+0x215df9]
V  [jvm.dll+0x2150c1]
V  [jvm.dll+0x1a168d]
V  [jvm.dll+0x2248f8]
V  [jvm.dll+0x222a5c]
V  [jvm.dll+0x78422b]
V  [jvm.dll+0x77e7ea]
V  [jvm.dll+0x66e715]
C  [ucrtbase.dll+0x21bb2]
C  [KERNEL32.DLL+0x17034]
C  [ntdll.dll+0x52651]


---------------  P R O C E S S  ---------------

Threads class SMR info:
_java_thread_list=0x000001a75c895a60, length=13, elements={
0x000001a73d853a30, 0x000001a75af25b50, 0x000001a75af29170, 0x000001a75af40b80,
0x000001a75af43a40, 0x000001a75af44b90, 0x000001a75af45540, 0x000001a75af4a710,
0x000001a75af4b1b0, 0x000001a75af4dbb0, 0x000001a75b988900, 0x000001a75b995240,
0x000001a75c87dc00
}

Java Threads: ( => current thread )
  0x000001a73d853a30 JavaThread "main" [_thread_in_native, id=3676, stack(0x0000005c36d00000,0x0000005c36e00000)]
  0x000001a75af25b50 JavaThread "Reference Handler" daemon [_thread_blocked, id=7536, stack(0x0000005c37400000,0x0000005c37500000)]
  0x000001a75af29170 JavaThread "Finalizer" daemon [_thread_blocked, id=12004, stack(0x0000005c37500000,0x0000005c37600000)]
  0x000001a75af40b80 JavaThread "Signal Dispatcher" daemon [_thread_blocked, id=13504, stack(0x0000005c37600000,0x0000005c37700000)]
  0x000001a75af43a40 JavaThread "Attach Listener" daemon [_thread_blocked, id=5280, stack(0x0000005c37700000,0x0000005c37800000)]
  0x000001a75af44b90 JavaThread "Service Thread" daemon [_thread_blocked, id=5788, stack(0x0000005c37800000,0x0000005c37900000)]
  0x000001a75af45540 JavaThread "Monitor Deflation Thread" daemon [_thread_blocked, id=6928, stack(0x0000005c37900000,0x0000005c37a00000)]
=>0x000001a75af4a710 JavaThread "C2 CompilerThread0" daemon [_thread_in_native, id=10468, stack(0x0000005c37a00000,0x0000005c37b00000)]
  0x000001a75af4b1b0 JavaThread "C1 CompilerThread0" daemon [_thread_in_native, id=1772, stack(0x0000005c37b00000,0x0000005c37c00000)]
  0x000001a75af4dbb0 JavaThread "Sweeper thread" daemon [_thread_blocked, id=15124, stack(0x0000005c37c00000,0x0000005c37d00000)]
  0x000001a75b988900 JavaThread "Notification Thread" daemon [_thread_blocked, id=5100, stack(0x0000005c37d00000,0x0000005c37e00000)]
  0x000001a75b995240 JavaThread "Common-Cleaner" daemon [_thread_blocked, id=14916, stack(0x0000005c37f00000,0x0000005c38000000)]
  0x000001a75c87dc00 JavaThread "C2 CompilerThread1" daemon [_thread_in_native, id=11640, stack(0x0000005c38300000,0x0000005c38400000)]

Other Threads:
  0x000001a75af1faf0 VMThread "VM Thread" [stack: 0x0000005c37300000,0x0000005c37400000] [id=11092]
  0x000001a75b98edf0 WatcherThread [stack: 0x0000005c37e00000,0x0000005c37f00000] [id=7640]
  0x000001a73d890c40 GCTaskThread "GC Thread#0" [stack: 0x0000005c36e00000,0x0000005c36f00000] [id=10736]
  0x000001a75b9f4940 GCTaskThread "GC Thread#1" [stack: 0x0000005c38000000,0x0000005c38100000] [id=8280]
  0x000001a75c2a46b0 GCTaskThread "GC Thread#2" [stack: 0x0000005c38100000,0x0000005c38200000] [id=5288]
  0x000001a75c30e5f0 GCTaskThread "GC Thread#3" [stack: 0x0000005c38200000,0x0000005c38300000] [id=16272]
  0x000001a73d8a1540 ConcurrentGCThread "G1 Main Marker" [stack: 0x0000005c36f00000,0x0000005c37000000] [id=15092]
  0x000001a73d8a1f50 ConcurrentGCThread "G1 Conc#0" [stack: 0x0000005c37000000,0x0000005c37100000] [id=8708]
  0x000001a73d918640 ConcurrentGCThread "G1 Refine#0" [stack: 0x0000005c37100000,0x0000005c37200000] [id=10296]
  0x000001a73d919060 ConcurrentGCThread "G1 Service" [stack: 0x0000005c37200000,0x0000005c37300000] [id=5440]

Threads with active compile tasks:
C2 CompilerThread0     5068 2690       4       sun.nio.cs.StreamDecoder::implRead (243 bytes)
C1 CompilerThread0     5068 2749   !   3       org.apache.maven.model.Model::clone (502 bytes)
C2 CompilerThread1     5068 2752       4       com.google.inject.internal.InternalContext::doPushState (63 bytes)

VM state: not at safepoint (normal execution)

VM Mutex/Monitor currently owned by a thread: None

Heap address: 0x0000000083200000, size: 1998 MB, Compressed Oops mode: 32-bit

CDS archive(s) mapped at: [0x0000000800000000-0x0000000800bc0000-0x0000000800bc0000), size 12320768, SharedBaseAddress: 0x0000000800000000, ArchiveRelocationMode: 0.
Compressed class space mapped at: 0x0000000800c00000-0x0000000840c00000, reserved size: 1073741824
Narrow klass base: 0x0000000800000000, Narrow klass shift: 0, Narrow klass range: 0x100000000

GC Precious Log:
 CPUs: 4 total, 4 available
 Memory: 7987M
 Large Page Support: Disabled
 NUMA Support: Disabled
 Compressed Oops: Enabled (32-bit)
 Heap Region Size: 1M
 Heap Min Capacity: 8M
 Heap Initial Capacity: 126M
 Heap Max Capacity: 1998M
 Pre-touch: Disabled
 Parallel Workers: 4
 Concurrent Workers: 1
 Concurrent Refinement Workers: 4
 Periodic GC: Disabled

Heap:
 garbage-first heap   total 129024K, used 27376K [0x0000000083200000, 0x0000000100000000)
  region size 1024K, 25 young (25600K), 3 survivors (3072K)
 Metaspace       used 12926K, committed 13120K, reserved 1064960K
  class space    used 1503K, committed 1600K, reserved 1048576K

Heap Regions: E=young(eden), S=young(survivor), O=old, HS=humongous(starts), HC=humongous(continues), CS=collection set, F=free, OA=open archive, CA=closed archive, TAMS=top-at-mark-start (previous, next)
|   0|0x0000000083200000, 0x0000000083300000, 0x0000000083300000|100%| O|  |TAMS 0x0000000083200000, 0x0000000083200000| Untracked 
|   1|0x0000000083300000, 0x0000000083400000, 0x0000000083400000|100%| O|  |TAMS 0x0000000083300000, 0x0000000083300000| Untracked 
|   2|0x0000000083400000, 0x0000000083500000, 0x0000000083500000|100%| O|  |TAMS 0x0000000083400000, 0x0000000083400000| Untracked 
|   3|0x0000000083500000, 0x0000000083521a00, 0x0000000083600000| 13%| O|  |TAMS 0x0000000083500000, 0x0000000083500000| Untracked 
|   4|0x0000000083600000, 0x0000000083600000, 0x0000000083700000|  0%| F|  |TAMS 0x0000000083600000, 0x0000000083600000| Untracked 
|   5|0x0000000083700000, 0x0000000083700000, 0x0000000083800000|  0%| F|  |TAMS 0x0000000083700000, 0x0000000083700000| Untracked 
|   6|0x0000000083800000, 0x0000000083800000, 0x0000000083900000|  0%| F|  |TAMS 0x0000000083800000, 0x0000000083800000| Untracked 
|   7|0x0000000083900000, 0x0000000083900000, 0x0000000083a00000|  0%| F|  |TAMS 0x0000000083900000, 0x0000000083900000| Untracked 
|   8|0x0000000083a00000, 0x0000000083a00000, 0x0000000083b00000|  0%| F|  |TAMS 0x0000000083a00000, 0x0000000083a00000| Untracked 
|   9|0x0000000083b00000, 0x0000000083b00000, 0x0000000083c00000|  0%| F|  |TAMS 0x0000000083b00000, 0x0000000083b00000| Untracked 
|  10|0x0000000083c00000, 0x0000000083c00000, 0x0000000083d00000|  0%| F|  |TAMS 0x0000000083c00000, 0x0000000083c00000| Untracked 
|  11|0x0000000083d00000, 0x0000000083d00000, 0x0000000083e00000|  0%| F|  |TAMS 0x0000000083d00000, 0x0000000083d00000| Untracked 
|  12|0x0000000083e00000, 0x0000000083e00000, 0x0000000083f00000|  0%| F|  |TAMS 0x0000000083e00000, 0x0000000083e00000| Untracked 
|  13|0x0000000083f00000, 0x0000000083f00000, 0x0000000084000000|  0%| F|  |TAMS 0x0000000083f00000, 0x0000000083f00000| Untracked 
|  14|0x0000000084000000, 0x0000000084000000, 0x0000000084100000|  0%| F|  |TAMS 0x0000000084000000, 0x0000000084000000| Untracked 
|  15|0x0000000084100000, 0x0000000084100000, 0x0000000084200000|  0%| F|  |TAMS 0x0000000084100000, 0x0000000084100000| Untracked 
|  16|0x0000000084200000, 0x0000000084200000, 0x0000000084300000|  0%| F|  |TAMS 0x0000000084200000, 0x0000000084200000| Untracked 
|  17|0x0000000084300000, 0x0000000084300000, 0x0000000084400000|  0%| F|  |TAMS 0x0000000084300000, 0x0000000084300000| Untracked 
|  18|0x0000000084400000, 0x0000000084400000, 0x0000000084500000|  0%| F|  |TAMS 0x0000000084400000, 0x0000000084400000| Untracked 
|  19|0x0000000084500000, 0x0000000084500000, 0x0000000084600000|  0%| F|  |TAMS 0x0000000084500000, 0x0000000084500000| Untracked 
|  20|0x0000000084600000, 0x0000000084600000, 0x0000000084700000|  0%| F|  |TAMS 0x0000000084600000, 0x0000000084600000| Untracked 
|  21|0x0000000084700000, 0x0000000084700000, 0x0000000084800000|  0%| F|  |TAMS 0x0000000084700000, 0x0000000084700000| Untracked 
|  22|0x0000000084800000, 0x0000000084800000, 0x0000000084900000|  0%| F|  |TAMS 0x0000000084800000, 0x0000000084800000| Untracked 
|  23|0x0000000084900000, 0x0000000084900000, 0x0000000084a00000|  0%| F|  |TAMS 0x0000000084900000, 0x0000000084900000| Untracked 
|  24|0x0000000084a00000, 0x0000000084a00000, 0x0000000084b00000|  0%| F|  |TAMS 0x0000000084a00000, 0x0000000084a00000| Untracked 
|  25|0x0000000084b00000, 0x0000000084b00000, 0x0000000084c00000|  0%| F|  |TAMS 0x0000000084b00000, 0x0000000084b00000| Untracked 
|  26|0x0000000084c00000, 0x0000000084c00000, 0x0000000084d00000|  0%| F|  |TAMS 0x0000000084c00000, 0x0000000084c00000| Untracked 
|  27|0x0000000084d00000, 0x0000000084d00000, 0x0000000084e00000|  0%| F|  |TAMS 0x0000000084d00000, 0x0000000084d00000| Untracked 
|  28|0x0000000084e00000, 0x0000000084e00000, 0x0000000084f00000|  0%| F|  |TAMS 0x0000000084e00000, 0x0000000084e00000| Untracked 
|  29|0x0000000084f00000, 0x0000000084f00000, 0x0000000085000000|  0%| F|  |TAMS 0x0000000084f00000, 0x0000000084f00000| Untracked 
|  30|0x0000000085000000, 0x0000000085000000, 0x0000000085100000|  0%| F|  |TAMS 0x0000000085000000, 0x0000000085000000| Untracked 
|  31|0x0000000085100000, 0x0000000085100000, 0x0000000085200000|  0%| F|  |TAMS 0x0000000085100000, 0x0000000085100000| Untracked 
|  32|0x0000000085200000, 0x0000000085200000, 0x0000000085300000|  0%| F|  |TAMS 0x0000000085200000, 0x0000000085200000| Untracked 
|  33|0x0000000085300000, 0x0000000085300000, 0x0000000085400000|  0%| F|  |TAMS 0x0000000085300000, 0x0000000085300000| Untracked 
|  34|0x0000000085400000, 0x0000000085400000, 0x0000000085500000|  0%| F|  |TAMS 0x0000000085400000, 0x0000000085400000| Untracked 
|  35|0x0000000085500000, 0x0000000085500000, 0x0000000085600000|  0%| F|  |TAMS 0x0000000085500000, 0x0000000085500000| Untracked 
|  36|0x0000000085600000, 0x0000000085600000, 0x0000000085700000|  0%| F|  |TAMS 0x0000000085600000, 0x0000000085600000| Untracked 
|  37|0x0000000085700000, 0x0000000085700000, 0x0000000085800000|  0%| F|  |TAMS 0x0000000085700000, 0x0000000085700000| Untracked 
|  38|0x0000000085800000, 0x0000000085800000, 0x0000000085900000|  0%| F|  |TAMS 0x0000000085800000, 0x0000000085800000| Untracked 
|  39|0x0000000085900000, 0x0000000085900000, 0x0000000085a00000|  0%| F|  |TAMS 0x0000000085900000, 0x0000000085900000| Untracked 
|  40|0x0000000085a00000, 0x0000000085a00000, 0x0000000085b00000|  0%| F|  |TAMS 0x0000000085a00000, 0x0000000085a00000| Untracked 
|  41|0x0000000085b00000, 0x0000000085b00000, 0x0000000085c00000|  0%| F|  |TAMS 0x0000000085b00000, 0x0000000085b00000| Untracked 
|  42|0x0000000085c00000, 0x0000000085c00000, 0x0000000085d00000|  0%| F|  |TAMS 0x0000000085c00000, 0x0000000085c00000| Untracked 
|  43|0x0000000085d00000, 0x0000000085d00000, 0x0000000085e00000|  0%| F|  |TAMS 0x0000000085d00000, 0x0000000085d00000| Untracked 
|  44|0x0000000085e00000, 0x0000000085e00000, 0x0000000085f00000|  0%| F|  |TAMS 0x0000000085e00000, 0x0000000085e00000| Untracked 
|  45|0x0000000085f00000, 0x0000000085f00000, 0x0000000086000000|  0%| F|  |TAMS 0x0000000085f00000, 0x0000000085f00000| Untracked 
|  46|0x0000000086000000, 0x0000000086000000, 0x0000000086100000|  0%| F|  |TAMS 0x0000000086000000, 0x0000000086000000| Untracked 
|  47|0x0000000086100000, 0x0000000086100000, 0x0000000086200000|  0%| F|  |TAMS 0x0000000086100000, 0x0000000086100000| Untracked 
|  48|0x0000000086200000, 0x0000000086200000, 0x0000000086300000|  0%| F|  |TAMS 0x0000000086200000, 0x0000000086200000| Untracked 
|  49|0x0000000086300000, 0x0000000086300000, 0x0000000086400000|  0%| F|  |TAMS 0x0000000086300000, 0x0000000086300000| Untracked 
|  50|0x0000000086400000, 0x0000000086400000, 0x0000000086500000|  0%| F|  |TAMS 0x0000000086400000, 0x0000000086400000| Untracked 
|  51|0x0000000086500000, 0x0000000086500000, 0x0000000086600000|  0%| F|  |TAMS 0x0000000086500000, 0x0000000086500000| Untracked 
|  52|0x0000000086600000, 0x0000000086600000, 0x0000000086700000|  0%| F|  |TAMS 0x0000000086600000, 0x0000000086600000| Untracked 
|  53|0x0000000086700000, 0x0000000086700000, 0x0000000086800000|  0%| F|  |TAMS 0x0000000086700000, 0x0000000086700000| Untracked 
|  54|0x0000000086800000, 0x0000000086800000, 0x0000000086900000|  0%| F|  |TAMS 0x0000000086800000, 0x0000000086800000| Untracked 
|  55|0x0000000086900000, 0x0000000086900000, 0x0000000086a00000|  0%| F|  |TAMS 0x0000000086900000, 0x0000000086900000| Untracked 
|  56|0x0000000086a00000, 0x0000000086a00000, 0x0000000086b00000|  0%| F|  |TAMS 0x0000000086a00000, 0x0000000086a00000| Untracked 
|  57|0x0000000086b00000, 0x0000000086b00000, 0x0000000086c00000|  0%| F|  |TAMS 0x0000000086b00000, 0x0000000086b00000| Untracked 
|  58|0x0000000086c00000, 0x0000000086c00000, 0x0000000086d00000|  0%| F|  |TAMS 0x0000000086c00000, 0x0000000086c00000| Untracked 
|  59|0x0000000086d00000, 0x0000000086d00000, 0x0000000086e00000|  0%| F|  |TAMS 0x0000000086d00000, 0x0000000086d00000| Untracked 
|  60|0x0000000086e00000, 0x0000000086e00000, 0x0000000086f00000|  0%| F|  |TAMS 0x0000000086e00000, 0x0000000086e00000| Untracked 
|  61|0x0000000086f00000, 0x0000000086f00000, 0x0000000087000000|  0%| F|  |TAMS 0x0000000086f00000, 0x0000000086f00000| Untracked 
|  62|0x0000000087000000, 0x0000000087000000, 0x0000000087100000|  0%| F|  |TAMS 0x0000000087000000, 0x0000000087000000| Untracked 
|  63|0x0000000087100000, 0x0000000087100000, 0x0000000087200000|  0%| F|  |TAMS 0x0000000087100000, 0x0000000087100000| Untracked 
|  64|0x0000000087200000, 0x0000000087200000, 0x0000000087300000|  0%| F|  |TAMS 0x0000000087200000, 0x0000000087200000| Untracked 
|  65|0x0000000087300000, 0x0000000087300000, 0x0000000087400000|  0%| F|  |TAMS 0x0000000087300000, 0x0000000087300000| Untracked 
|  66|0x0000000087400000, 0x0000000087400000, 0x0000000087500000|  0%| F|  |TAMS 0x0000000087400000, 0x0000000087400000| Untracked 
|  67|0x0000000087500000, 0x0000000087500000, 0x0000000087600000|  0%| F|  |TAMS 0x0000000087500000, 0x0000000087500000| Untracked 
|  68|0x0000000087600000, 0x0000000087600000, 0x0000000087700000|  0%| F|  |TAMS 0x0000000087600000, 0x0000000087600000| Untracked 
|  69|0x0000000087700000, 0x0000000087700000, 0x0000000087800000|  0%| F|  |TAMS 0x0000000087700000, 0x0000000087700000| Untracked 
|  70|0x0000000087800000, 0x0000000087800000, 0x0000000087900000|  0%| F|  |TAMS 0x0000000087800000, 0x0000000087800000| Untracked 
|  71|0x0000000087900000, 0x0000000087900000, 0x0000000087a00000|  0%| F|  |TAMS 0x0000000087900000, 0x0000000087900000| Untracked 
|  72|0x0000000087a00000, 0x0000000087a00000, 0x0000000087b00000|  0%| F|  |TAMS 0x0000000087a00000, 0x0000000087a00000| Untracked 
|  73|0x0000000087b00000, 0x0000000087b00000, 0x0000000087c00000|  0%| F|  |TAMS 0x0000000087b00000, 0x0000000087b00000| Untracked 
|  74|0x0000000087c00000, 0x0000000087c00000, 0x0000000087d00000|  0%| F|  |TAMS 0x0000000087c00000, 0x0000000087c00000| Untracked 
|  75|0x0000000087d00000, 0x0000000087d00000, 0x0000000087e00000|  0%| F|  |TAMS 0x0000000087d00000, 0x0000000087d00000| Untracked 
|  76|0x0000000087e00000, 0x0000000087e00000, 0x0000000087f00000|  0%| F|  |TAMS 0x0000000087e00000, 0x0000000087e00000| Untracked 
|  77|0x0000000087f00000, 0x0000000087f00000, 0x0000000088000000|  0%| F|  |TAMS 0x0000000087f00000, 0x0000000087f00000| Untracked 
|  78|0x0000000088000000, 0x0000000088000000, 0x0000000088100000|  0%| F|  |TAMS 0x0000000088000000, 0x0000000088000000| Untracked 
|  79|0x0000000088100000, 0x0000000088100000, 0x0000000088200000|  0%| F|  |TAMS 0x0000000088100000, 0x0000000088100000| Untracked 
|  80|0x0000000088200000, 0x0000000088200000, 0x0000000088300000|  0%| F|  |TAMS 0x0000000088200000, 0x0000000088200000| Untracked 
|  81|0x0000000088300000, 0x0000000088300000, 0x0000000088400000|  0%| F|  |TAMS 0x0000000088300000, 0x0000000088300000| Untracked 
|  82|0x0000000088400000, 0x0000000088400000, 0x0000000088500000|  0%| F|  |TAMS 0x0000000088400000, 0x0000000088400000| Untracked 
|  83|0x0000000088500000, 0x0000000088500000, 0x0000000088600000|  0%| F|  |TAMS 0x0000000088500000, 0x0000000088500000| Untracked 
|  84|0x0000000088600000, 0x0000000088600000, 0x0000000088700000|  0%| F|  |TAMS 0x0000000088600000, 0x0000000088600000| Untracked 
|  85|0x0000000088700000, 0x0000000088700000, 0x0000000088800000|  0%| F|  |TAMS 0x0000000088700000, 0x0000000088700000| Untracked 
|  86|0x0000000088800000, 0x0000000088800000, 0x0000000088900000|  0%| F|  |TAMS 0x0000000088800000, 0x0000000088800000| Untracked 
|  87|0x0000000088900000, 0x0000000088900000, 0x0000000088a00000|  0%| F|  |TAMS 0x0000000088900000, 0x0000000088900000| Untracked 
|  88|0x0000000088a00000, 0x0000000088a00000, 0x0000000088b00000|  0%| F|  |TAMS 0x0000000088a00000, 0x0000000088a00000| Untracked 
|  89|0x0000000088b00000, 0x0000000088b00000, 0x0000000088c00000|  0%| F|  |TAMS 0x0000000088b00000, 0x0000000088b00000| Untracked 
|  90|0x0000000088c00000, 0x0000000088c00000, 0x0000000088d00000|  0%| F|  |TAMS 0x0000000088c00000, 0x0000000088c00000| Untracked 
|  91|0x0000000088d00000, 0x0000000088d00000, 0x0000000088e00000|  0%| F|  |TAMS 0x0000000088d00000, 0x0000000088d00000| Untracked 
|  92|0x0000000088e00000, 0x0000000088e00000, 0x0000000088f00000|  0%| F|  |TAMS 0x0000000088e00000, 0x0000000088e00000| Untracked 
|  93|0x0000000088f00000, 0x0000000088f9a7f0, 0x0000000089000000| 60%| S|CS|TAMS 0x0000000088f00000, 0x0000000088f00000| Complete 
|  94|0x0000000089000000, 0x0000000089100000, 0x0000000089100000|100%| S|CS|TAMS 0x0000000089000000, 0x0000000089000000| Complete 
|  95|0x0000000089100000, 0x0000000089200000, 0x0000000089200000|100%| S|CS|TAMS 0x0000000089100000, 0x0000000089100000| Complete 
|  96|0x0000000089200000, 0x0000000089200000, 0x0000000089300000|  0%| F|  |TAMS 0x0000000089200000, 0x0000000089200000| Untracked 
|  97|0x0000000089300000, 0x0000000089300000, 0x0000000089400000|  0%| F|  |TAMS 0x0000000089300000, 0x0000000089300000| Untracked 
|  98|0x0000000089400000, 0x0000000089400000, 0x0000000089500000|  0%| F|  |TAMS 0x0000000089400000, 0x0000000089400000| Untracked 
|  99|0x0000000089500000, 0x0000000089500000, 0x0000000089600000|  0%| F|  |TAMS 0x0000000089500000, 0x0000000089500000| Untracked 
| 100|0x0000000089600000, 0x0000000089600000, 0x0000000089700000|  0%| F|  |TAMS 0x0000000089600000, 0x0000000089600000| Untracked 
| 101|0x0000000089700000, 0x0000000089700000, 0x0000000089800000|  0%| F|  |TAMS 0x0000000089700000, 0x0000000089700000| Untracked 
| 102|0x0000000089800000, 0x0000000089800000, 0x0000000089900000|  0%| F|  |TAMS 0x0000000089800000, 0x0000000089800000| Untracked 
| 103|0x0000000089900000, 0x0000000089980800, 0x0000000089a00000| 50%| E|  |TAMS 0x0000000089900000, 0x0000000089900000| Complete 
| 104|0x0000000089a00000, 0x0000000089b00000, 0x0000000089b00000|100%| E|CS|TAMS 0x0000000089a00000, 0x0000000089a00000| Complete 
| 105|0x0000000089b00000, 0x0000000089c00000, 0x0000000089c00000|100%| E|CS|TAMS 0x0000000089b00000, 0x0000000089b00000| Complete 
| 106|0x0000000089c00000, 0x0000000089d00000, 0x0000000089d00000|100%| E|CS|TAMS 0x0000000089c00000, 0x0000000089c00000| Complete 
| 107|0x0000000089d00000, 0x0000000089e00000, 0x0000000089e00000|100%| E|CS|TAMS 0x0000000089d00000, 0x0000000089d00000| Complete 
| 108|0x0000000089e00000, 0x0000000089f00000, 0x0000000089f00000|100%| E|CS|TAMS 0x0000000089e00000, 0x0000000089e00000| Complete 
| 109|0x0000000089f00000, 0x000000008a000000, 0x000000008a000000|100%| E|CS|TAMS 0x0000000089f00000, 0x0000000089f00000| Complete 
| 110|0x000000008a000000, 0x000000008a100000, 0x000000008a100000|100%| E|CS|TAMS 0x000000008a000000, 0x000000008a000000| Complete 
| 111|0x000000008a100000, 0x000000008a200000, 0x000000008a200000|100%| E|CS|TAMS 0x000000008a100000, 0x000000008a100000| Complete 
| 112|0x000000008a200000, 0x000000008a300000, 0x000000008a300000|100%| E|CS|TAMS 0x000000008a200000, 0x000000008a200000| Complete 
| 113|0x000000008a300000, 0x000000008a400000, 0x000000008a400000|100%| E|CS|TAMS 0x000000008a300000, 0x000000008a300000| Complete 
| 114|0x000000008a400000, 0x000000008a500000, 0x000000008a500000|100%| E|CS|TAMS 0x000000008a400000, 0x000000008a400000| Complete 
| 115|0x000000008a500000, 0x000000008a600000, 0x000000008a600000|100%| E|CS|TAMS 0x000000008a500000, 0x000000008a500000| Complete 
| 116|0x000000008a600000, 0x000000008a700000, 0x000000008a700000|100%| E|CS|TAMS 0x000000008a600000, 0x000000008a600000| Complete 
| 117|0x000000008a700000, 0x000000008a800000, 0x000000008a800000|100%| E|CS|TAMS 0x000000008a700000, 0x000000008a700000| Complete 
| 118|0x000000008a800000, 0x000000008a900000, 0x000000008a900000|100%| E|CS|TAMS 0x000000008a800000, 0x000000008a800000| Complete 
| 119|0x000000008a900000, 0x000000008aa00000, 0x000000008aa00000|100%| E|CS|TAMS 0x000000008a900000, 0x000000008a900000| Complete 
| 120|0x000000008aa00000, 0x000000008ab00000, 0x000000008ab00000|100%| E|CS|TAMS 0x000000008aa00000, 0x000000008aa00000| Complete 
| 121|0x000000008ab00000, 0x000000008ac00000, 0x000000008ac00000|100%| E|CS|TAMS 0x000000008ab00000, 0x000000008ab00000| Complete 
| 122|0x000000008ac00000, 0x000000008ad00000, 0x000000008ad00000|100%| E|CS|TAMS 0x000000008ac00000, 0x000000008ac00000| Complete 
| 123|0x000000008ad00000, 0x000000008ae00000, 0x000000008ae00000|100%| E|CS|TAMS 0x000000008ad00000, 0x000000008ad00000| Complete 
| 124|0x000000008ae00000, 0x000000008af00000, 0x000000008af00000|100%| E|CS|TAMS 0x000000008ae00000, 0x000000008ae00000| Complete 
| 125|0x000000008af00000, 0x000000008b000000, 0x000000008b000000|100%| E|CS|TAMS 0x000000008af00000, 0x000000008af00000| Complete 

Card table byte_map: [0x000001a754450000,0x000001a754840000] _byte_map_base: 0x000001a754037000

Marking Bits (Prev, Next): (CMBitMap*) 0x000001a73d891250, (CMBitMap*) 0x000001a73d891290
 Prev Bits: [0x000001a754c30000, 0x000001a756b68000)
 Next Bits: [0x000001a756b70000, 0x000001a758aa8000)

Polling page: 0x000001a73b590000

Metaspace:

Usage:
  Non-class:     11.16 MB used.
      Class:      1.47 MB used.
       Both:     12.63 MB used.

Virtual space:
  Non-class space:       16.00 MB reserved,      11.25 MB ( 70%) committed,  2 nodes.
      Class space:        1.00 GB reserved,       1.56 MB ( <1%) committed,  1 nodes.
             Both:        1.02 GB reserved,      12.81 MB (  1%) committed. 

Chunk freelists:
   Non-Class:  3.66 MB
       Class:  2.45 MB
        Both:  6.11 MB

MaxMetaspaceSize: unlimited
CompressedClassSpaceSize: 1.00 GB
Initial GC threshold: 21.00 MB
Current GC threshold: 21.00 MB
CDS: on
MetaspaceReclaimPolicy: balanced
 - commit_granule_bytes: 65536.
 - commit_granule_words: 8192.
 - virtual_space_node_default_size: 1048576.
 - enlarge_chunks_in_place: 1.
 - new_chunks_are_fully_committed: 0.
 - uncommit_free_chunks: 1.
 - use_allocation_guard: 0.
 - handle_deallocations: 1.


Internal statistics:

num_allocs_failed_limit: 0.
num_arena_births: 66.
num_arena_deaths: 0.
num_vsnodes_births: 3.
num_vsnodes_deaths: 0.
num_space_committed: 205.
num_space_uncommitted: 0.
num_chunks_returned_to_freelist: 0.
num_chunks_taken_from_freelist: 498.
num_chunk_merges: 0.
num_chunk_splits: 358.
num_chunks_enlarged: 285.
num_purges: 0.
num_inconsistent_stats: 0.

CodeHeap 'non-profiled nmethods': size=120000Kb used=1165Kb max_used=1165Kb free=118834Kb
 bounds [0x000001a74cb30000, 0x000001a74cda0000, 0x000001a754060000]
CodeHeap 'profiled nmethods': size=120000Kb used=5378Kb max_used=5378Kb free=114621Kb
 bounds [0x000001a745600000, 0x000001a745b50000, 0x000001a74cb30000]
CodeHeap 'non-nmethods': size=5760Kb used=1173Kb max_used=1200Kb free=4586Kb
 bounds [0x000001a745060000, 0x000001a7452d0000, 0x000001a745600000]
 total_blobs=3222 nmethods=2757 adapters=377
 compilation: enabled
              stopped_count=0, restarted_count=0
 full_count=0

Compilation events (20 events):
Event: 5.021 Thread 0x000001a75af4b1b0 nmethod 2702 0x000001a74cc48410 code [0x000001a74cc485a0, 0x000001a74cc486b8]
Event: 5.021 Thread 0x000001a75af4b1b0 2703       1       org.apache.maven.model.Reporting::setOutputDirectory (6 bytes)
Event: 5.021 Thread 0x000001a75af4b1b0 nmethod 2703 0x000001a74cc48710 code [0x000001a74cc488a0, 0x000001a74cc489b8]
Event: 5.021 Thread 0x000001a75af4b1b0 2704       3       java.util.concurrent.ConcurrentHashMap::size (31 bytes)
Event: 5.022 Thread 0x000001a75af4b1b0 nmethod 2704 0x000001a745b2b890 code [0x000001a745b2ba40, 0x000001a745b2bc88]
Event: 5.022 Thread 0x000001a75af4b1b0 2705       1       org.apache.maven.model.BuildBase::setDirectory (6 bytes)
Event: 5.022 Thread 0x000001a75af4b1b0 nmethod 2705 0x000001a74cc48a10 code [0x000001a74cc48ba0, 0x000001a74cc48cb8]
Event: 5.022 Thread 0x000001a75af4b1b0 2706       1       org.apache.maven.model.Build::setScriptSourceDirectory (6 bytes)
Event: 5.022 Thread 0x000001a75af4b1b0 nmethod 2706 0x000001a74cc48d10 code [0x000001a74cc48ea0, 0x000001a74cc48fb8]
Event: 5.022 Thread 0x000001a75af4b1b0 2707       1       org.apache.maven.model.Build::setOutputDirectory (6 bytes)
Event: 5.022 Thread 0x000001a75af4b1b0 nmethod 2707 0x000001a74cc49010 code [0x000001a74cc491a0, 0x000001a74cc492b8]
Event: 5.022 Thread 0x000001a75af4b1b0 2708       1       org.apache.maven.model.Build::setTestOutputDirectory (6 bytes)
Event: 5.022 Thread 0x000001a75af4b1b0 nmethod 2708 0x000001a74cc49310 code [0x000001a74cc494a0, 0x000001a74cc495b8]
Event: 5.022 Thread 0x000001a75af4b1b0 2709       1       org.apache.maven.model.Model::getName (5 bytes)
Event: 5.022 Thread 0x000001a75af4b1b0 nmethod 2709 0x000001a74cc49610 code [0x000001a74cc497a0, 0x000001a74cc49878]
Event: 5.022 Thread 0x000001a75af4b1b0 2713       1       org.apache.maven.model.RepositoryBase::setName (6 bytes)
Event: 5.022 Thread 0x000001a75af4b1b0 nmethod 2713 0x000001a74cc49910 code [0x000001a74cc49aa0, 0x000001a74cc49bb8]
Event: 5.022 Thread 0x000001a75af4b1b0 2710       1       org.apache.maven.model.BuildBase::setFinalName (6 bytes)
Event: 5.023 Thread 0x000001a75af4b1b0 nmethod 2710 0x000001a74cc49c10 code [0x000001a74cc49da0, 0x000001a74cc49eb8]
Event: 5.023 Thread 0x000001a75af4b1b0 2711       1       org.apache.maven.model.Build::setSourceDirectory (6 bytes)

GC Heap History (6 events):
Event: 1.141 GC heap before
{Heap before GC invocations=0 (full 0):
 garbage-first heap   total 129024K, used 13312K [0x0000000083200000, 0x0000000100000000)
  region size 1024K, 13 young (13312K), 0 survivors (0K)
 Metaspace       used 3623K, committed 3776K, reserved 1056768K
  class space    used 389K, committed 448K, reserved 1048576K
}
Event: 1.150 GC heap after
{Heap after GC invocations=1 (full 0):
 garbage-first heap   total 129024K, used 3093K [0x0000000083200000, 0x0000000100000000)
  region size 1024K, 2 young (2048K), 2 survivors (2048K)
 Metaspace       used 3623K, committed 3776K, reserved 1056768K
  class space    used 389K, committed 448K, reserved 1048576K
}
Event: 1.935 GC heap before
{Heap before GC invocations=1 (full 0):
 garbage-first heap   total 129024K, used 16405K [0x0000000083200000, 0x0000000100000000)
  region size 1024K, 15 young (15360K), 2 survivors (2048K)
 Metaspace       used 5118K, committed 5312K, reserved 1056768K
  class space    used 600K, committed 704K, reserved 1048576K
}
Event: 1.942 GC heap after
{Heap after GC invocations=2 (full 0):
 garbage-first heap   total 129024K, used 3821K [0x0000000083200000, 0x0000000100000000)
  region size 1024K, 1 young (1024K), 1 survivors (1024K)
 Metaspace       used 5118K, committed 5312K, reserved 1056768K
  class space    used 600K, committed 704K, reserved 1048576K
}
Event: 3.778 GC heap before
{Heap before GC invocations=2 (full 0):
 garbage-first heap   total 129024K, used 33517K [0x0000000083200000, 0x0000000100000000)
  region size 1024K, 30 young (30720K), 1 survivors (1024K)
 Metaspace       used 10601K, committed 10752K, reserved 1064960K
  class space    used 1293K, committed 1344K, reserved 1048576K
}
Event: 3.787 GC heap after
{Heap after GC invocations=3 (full 0):
 garbage-first heap   total 129024K, used 5872K [0x0000000083200000, 0x0000000100000000)
  region size 1024K, 3 young (3072K), 3 survivors (3072K)
 Metaspace       used 10601K, committed 10752K, reserved 1064960K
  class space    used 1293K, committed 1344K, reserved 1048576K
}

Deoptimization events (20 events):
Event: 4.804 Thread 0x000001a73d853a30 Uncommon trap: trap_request=0xffffff45 fr.pc=0x000001a74cc299f4 relative=0x0000000000000ed4
Event: 4.804 Thread 0x000001a73d853a30 Uncommon trap: reason=unstable_if action=reinterpret pc=0x000001a74cc299f4 method=org.codehaus.plexus.util.xml.pull.MXParser.nextImpl()I @ 310 c2
Event: 4.804 Thread 0x000001a73d853a30 DEOPT PACKING pc=0x000001a74cc299f4 sp=0x0000005c36dfbe80
Event: 4.804 Thread 0x000001a73d853a30 DEOPT UNPACKING pc=0x000001a7450b23a3 sp=0x0000005c36dfbdf8 mode 2
Event: 4.830 Thread 0x000001a73d853a30 Uncommon trap: trap_request=0xffffffde fr.pc=0x000001a74cc110e8 relative=0x0000000000001688
Event: 4.830 Thread 0x000001a73d853a30 Uncommon trap: reason=class_check action=maybe_recompile pc=0x000001a74cc110e8 method=java.nio.charset.CharsetDecoder.decode(Ljava/nio/ByteBuffer;Ljava/nio/CharBuffer;Z)Ljava/nio/charset/CoderResult; @ 57 c2
Event: 4.830 Thread 0x000001a73d853a30 DEOPT PACKING pc=0x000001a74cc110e8 sp=0x0000005c36dfba60
Event: 4.830 Thread 0x000001a73d853a30 DEOPT UNPACKING pc=0x000001a7450b23a3 sp=0x0000005c36dfb930 mode 2
Event: 4.830 Thread 0x000001a73d853a30 Uncommon trap: trap_request=0xffffffde fr.pc=0x000001a74cc110e8 relative=0x0000000000001688
Event: 4.830 Thread 0x000001a73d853a30 Uncommon trap: reason=class_check action=maybe_recompile pc=0x000001a74cc110e8 method=java.nio.charset.CharsetDecoder.decode(Ljava/nio/ByteBuffer;Ljava/nio/CharBuffer;Z)Ljava/nio/charset/CoderResult; @ 57 c2
Event: 4.830 Thread 0x000001a73d853a30 DEOPT PACKING pc=0x000001a74cc110e8 sp=0x0000005c36dfba00
Event: 4.830 Thread 0x000001a73d853a30 DEOPT UNPACKING pc=0x000001a7450b23a3 sp=0x0000005c36dfb8d0 mode 2
Event: 4.834 Thread 0x000001a73d853a30 Uncommon trap: trap_request=0xffffffde fr.pc=0x000001a74cc110e8 relative=0x0000000000001688
Event: 4.834 Thread 0x000001a73d853a30 Uncommon trap: reason=class_check action=maybe_recompile pc=0x000001a74cc110e8 method=java.nio.charset.CharsetDecoder.decode(Ljava/nio/ByteBuffer;Ljava/nio/CharBuffer;Z)Ljava/nio/charset/CoderResult; @ 57 c2
Event: 4.834 Thread 0x000001a73d853a30 DEOPT PACKING pc=0x000001a74cc110e8 sp=0x0000005c36dfb870
Event: 4.834 Thread 0x000001a73d853a30 DEOPT UNPACKING pc=0x000001a7450b23a3 sp=0x0000005c36dfb740 mode 2
Event: 4.834 Thread 0x000001a73d853a30 Uncommon trap: trap_request=0xffffffde fr.pc=0x000001a74cc110e8 relative=0x0000000000001688
Event: 4.834 Thread 0x000001a73d853a30 Uncommon trap: reason=class_check action=maybe_recompile pc=0x000001a74cc110e8 method=java.nio.charset.CharsetDecoder.decode(Ljava/nio/ByteBuffer;Ljava/nio/CharBuffer;Z)Ljava/nio/charset/CoderResult; @ 57 c2
Event: 4.834 Thread 0x000001a73d853a30 DEOPT PACKING pc=0x000001a74cc110e8 sp=0x0000005c36dfb880
Event: 4.834 Thread 0x000001a73d853a30 DEOPT UNPACKING pc=0x000001a7450b23a3 sp=0x0000005c36dfb750 mode 2

Classes unloaded (0 events):
No events

Classes redefined (0 events):
No events

Internal exceptions (8 events):
Event: 1.262 Thread 0x000001a73d853a30 Exception <a 'java/lang/NoSuchMethodError'{0x000000008ae2e988}: 'java.lang.Object java.lang.invoke.DirectMethodHandle$Holder.newInvokeSpecial(java.lang.Object, java.lang.Object, java.lang.Object, java.lang.Object, java.lang.Object)'> (0x000000008ae2e988) 
thrown [t:\workspace\open\src\hotspot\share\interpreter\linkResolver.cpp, line 766]
Event: 3.395 Thread 0x000001a73d853a30 Exception <a 'java/lang/NoClassDefFoundError'{0x0000000089547950}: com/google/inject/servlet/ServletModuleTargetVisitor> (0x0000000089547950) 
thrown [t:\workspace\open\src\hotspot\share\classfile\systemDictionary.cpp, line 245]
Event: 3.396 Thread 0x000001a73d853a30 Exception <a 'java/lang/NoClassDefFoundError'{0x0000000089549588}: javax/annotation/Priority> (0x0000000089549588) 
thrown [t:\workspace\open\src\hotspot\share\classfile\systemDictionary.cpp, line 245]
Event: 3.617 Thread 0x000001a73d853a30 Exception <a 'java/lang/NoSuchMethodError'{0x00000000893a29b8}: 'java.lang.Object java.lang.invoke.DirectMethodHandle$Holder.invokeStaticInit(java.lang.Object, int, int, int, int)'> (0x00000000893a29b8) 
thrown [t:\workspace\open\src\hotspot\share\interpreter\linkResolver.cpp, line 766]
Event: 3.910 Thread 0x000001a73d853a30 Exception <a 'java/lang/NoSuchMethodError'{0x000000008afbb5b0}: 'java.lang.Object java.lang.invoke.DirectMethodHandle$Holder.invokeStaticInit(java.lang.Object, java.lang.Object, int, int, int, int)'> (0x000000008afbb5b0) 
thrown [t:\workspace\open\src\hotspot\share\interpreter\linkResolver.cpp, line 766]
Event: 4.388 Thread 0x000001a73d853a30 Implicit null exception at 0x000001a74cbc52ea to 0x000001a74cbc549c
Event: 4.619 Thread 0x000001a73d853a30 Implicit null exception at 0x000001a74cbc596a to 0x000001a74cbc5b24
Event: 4.620 Thread 0x000001a73d853a30 Implicit null exception at 0x000001a74cb8af0f to 0x000001a74cb8af89

VM Operations (20 events):
Event: 3.159 Executing VM operation: Cleanup
Event: 3.159 Executing VM operation: Cleanup done
Event: 3.162 Executing VM operation: HandshakeAllThreads
Event: 3.162 Executing VM operation: HandshakeAllThreads done
Event: 3.349 Executing VM operation: HandshakeAllThreads
Event: 3.349 Executing VM operation: HandshakeAllThreads done
Event: 3.584 Executing VM operation: HandshakeAllThreads
Event: 3.584 Executing VM operation: HandshakeAllThreads done
Event: 3.653 Executing VM operation: HandshakeAllThreads
Event: 3.653 Executing VM operation: HandshakeAllThreads done
Event: 3.672 Executing VM operation: ICBufferFull
Event: 3.673 Executing VM operation: ICBufferFull done
Event: 3.747 Executing VM operation: HandshakeAllThreads
Event: 3.747 Executing VM operation: HandshakeAllThreads done
Event: 3.778 Executing VM operation: G1CollectForAllocation
Event: 3.787 Executing VM operation: G1CollectForAllocation done
Event: 3.876 Executing VM operation: HandshakeAllThreads
Event: 3.876 Executing VM operation: HandshakeAllThreads done
Event: 4.701 Executing VM operation: ICBufferFull
Event: 4.701 Executing VM operation: ICBufferFull done

Events (20 events):
Event: 4.261 loading class java/nio/channels/FileLock
Event: 4.261 loading class java/nio/channels/FileLock done
Event: 4.261 loading class sun/nio/ch/FileLockImpl done
Event: 4.262 loading class sun/nio/ch/NativeThread
Event: 4.262 loading class sun/nio/ch/NativeThread done
Event: 4.262 loading class sun/nio/ch/FileLockTable
Event: 4.262 loading class sun/nio/ch/FileLockTable done
Event: 4.262 loading class sun/nio/ch/FileKey
Event: 4.262 loading class sun/nio/ch/FileKey done
Event: 4.262 loading class sun/nio/ch/FileLockTable$FileLockReference
Event: 4.262 loading class sun/nio/ch/FileLockTable$FileLockReference done
Event: 4.262 loading class java/nio/channels/spi/AbstractInterruptibleChannel$1
Event: 4.262 loading class sun/nio/ch/Interruptible
Event: 4.263 loading class sun/nio/ch/Interruptible done
Event: 4.263 loading class java/nio/channels/spi/AbstractInterruptibleChannel$1 done
Event: 4.283 loading class java/util/Formatter$FixedString
Event: 4.283 loading class java/util/Formatter$FixedString done
Event: 4.305 Thread 0x000001a75c87dc00 Thread added: 0x000001a75c87dc00
Event: 4.829 loading class sun/nio/cs/ISO_8859_1$Decoder
Event: 4.829 loading class sun/nio/cs/ISO_8859_1$Decoder done


Dynamic libraries:
0x00007ff6512f0000 - 0x00007ff651300000 	C:\Program Files\Java\jdk-17\bin\java.exe
0x00007fff154f0000 - 0x00007fff156e5000 	C:\WINDOWS\SYSTEM32\ntdll.dll
0x00007fff13870000 - 0x00007fff1392e000 	C:\WINDOWS\System32\KERNEL32.DLL
0x00007fff12d60000 - 0x00007fff13028000 	C:\WINDOWS\System32\KERNELBASE.dll
0x00007fff12c30000 - 0x00007fff12d30000 	C:\WINDOWS\System32\ucrtbase.dll
0x00007fff0cc30000 - 0x00007fff0cc4a000 	C:\Program Files\Java\jdk-17\bin\VCRUNTIME140.dll
0x00007fff07bc0000 - 0x00007fff07bd8000 	C:\Program Files\Java\jdk-17\bin\jli.dll
0x00007fff14770000 - 0x00007fff1481e000 	C:\WINDOWS\System32\ADVAPI32.dll
0x00007fff13b50000 - 0x00007fff13bee000 	C:\WINDOWS\System32\msvcrt.dll
0x00007fff14820000 - 0x00007fff148bc000 	C:\WINDOWS\System32\sechost.dll
0x00007fff15380000 - 0x00007fff154a5000 	C:\WINDOWS\System32\RPCRT4.dll
0x00007fff14dc0000 - 0x00007fff14f60000 	C:\WINDOWS\System32\USER32.dll
0x00007fff12d30000 - 0x00007fff12d52000 	C:\WINDOWS\System32\win32u.dll
0x00007fff139b0000 - 0x00007fff139db000 	C:\WINDOWS\System32\GDI32.dll
0x00007fff13030000 - 0x00007fff1313d000 	C:\WINDOWS\System32\gdi32full.dll
0x00007fff051a0000 - 0x00007fff0543a000 	C:\WINDOWS\WinSxS\amd64_microsoft.windows.common-controls_6595b64144ccf1df_6.0.19041.1110_none_60b5254171f9507e\COMCTL32.dll
0x00007fff13430000 - 0x00007fff134cd000 	C:\WINDOWS\System32\msvcp_win.dll
0x00007fff09720000 - 0x00007fff0972a000 	C:\WINDOWS\SYSTEM32\VERSION.dll
0x00007fff14f60000 - 0x00007fff14f90000 	C:\WINDOWS\System32\IMM32.DLL
0x00007fff0e350000 - 0x00007fff0e35c000 	C:\Program Files\Java\jdk-17\bin\vcruntime140_1.dll
0x00007fff0a050000 - 0x00007fff0a0dd000 	C:\Program Files\Java\jdk-17\bin\msvcp140.dll
0x00007ffebf4f0000 - 0x00007ffec00ae000 	C:\Program Files\Java\jdk-17\bin\server\jvm.dll
0x00007fff13b40000 - 0x00007fff13b48000 	C:\WINDOWS\System32\PSAPI.DLL
0x00007ffeff7d0000 - 0x00007ffeff7d9000 	C:\WINDOWS\SYSTEM32\WSOCK32.dll
0x00007ffeffa60000 - 0x00007ffeffa87000 	C:\WINDOWS\SYSTEM32\WINMM.dll
0x00007fff13680000 - 0x00007fff136eb000 	C:\WINDOWS\System32\WS2_32.dll
0x00007fff10af0000 - 0x00007fff10b02000 	C:\WINDOWS\SYSTEM32\kernel.appcore.dll
0x00007fff0deb0000 - 0x00007fff0deba000 	C:\Program Files\Java\jdk-17\bin\jimage.dll
0x00007fff0c580000 - 0x00007fff0c764000 	C:\WINDOWS\SYSTEM32\DBGHELP.DLL
0x00007fff0bcc0000 - 0x00007fff0bcec000 	C:\WINDOWS\SYSTEM32\dbgcore.DLL
0x00007fff133a0000 - 0x00007fff13422000 	C:\WINDOWS\System32\bcryptPrimitives.dll
0x00007fff0b4f0000 - 0x00007fff0b515000 	C:\Program Files\Java\jdk-17\bin\java.dll
0x00007fff0a7f0000 - 0x00007fff0a8c6000 	C:\Program Files\Java\jdk-17\bin\svml.dll
0x00007fff13bf0000 - 0x00007fff14334000 	C:\WINDOWS\System32\SHELL32.dll
0x00007fff10cf0000 - 0x00007fff11484000 	C:\WINDOWS\SYSTEM32\windows.storage.dll
0x00007fff14400000 - 0x00007fff14755000 	C:\WINDOWS\System32\combase.dll
0x00007fff12650000 - 0x00007fff1267e000 	C:\WINDOWS\SYSTEM32\Wldp.dll
0x00007fff14f90000 - 0x00007fff1503d000 	C:\WINDOWS\System32\SHCORE.dll
0x00007fff13810000 - 0x00007fff13865000 	C:\WINDOWS\System32\shlwapi.dll
0x00007fff12b40000 - 0x00007fff12b5f000 	C:\WINDOWS\SYSTEM32\profapi.dll
0x00007fff0c300000 - 0x00007fff0c319000 	C:\Program Files\Java\jdk-17\bin\net.dll
0x00007fff0d960000 - 0x00007fff0da6c000 	C:\WINDOWS\SYSTEM32\WINHTTP.dll
0x00007fff123b0000 - 0x00007fff1241a000 	C:\WINDOWS\system32\mswsock.dll
0x00007fff0a7d0000 - 0x00007fff0a7e5000 	C:\Program Files\Java\jdk-17\bin\nio.dll
0x00007fff0a7b0000 - 0x00007fff0a7c8000 	C:\Program Files\Java\jdk-17\bin\zip.dll
0x00007fff0d690000 - 0x00007fff0d6a0000 	C:\Program Files\Java\jdk-17\bin\verify.dll
0x00007fff0c1e0000 - 0x00007fff0c1ea000 	C:\netbeans\java\maven\lib\jansi-native\windows64\jansi.dll
0x00007fff125a0000 - 0x00007fff125b8000 	C:\WINDOWS\SYSTEM32\CRYPTSP.dll
0x00007fff11cc0000 - 0x00007fff11cf4000 	C:\WINDOWS\system32\rsaenh.dll
0x00007fff12c00000 - 0x00007fff12c27000 	C:\WINDOWS\System32\bcrypt.dll
0x00007fff12b00000 - 0x00007fff12b2e000 	C:\WINDOWS\SYSTEM32\USERENV.dll
0x00007fff125c0000 - 0x00007fff125cc000 	C:\WINDOWS\SYSTEM32\CRYPTBASE.dll
0x00007fff12050000 - 0x00007fff1208b000 	C:\WINDOWS\SYSTEM32\IPHLPAPI.DLL
0x00007fff14760000 - 0x00007fff14768000 	C:\WINDOWS\System32\NSI.dll
0x00007fff0bb10000 - 0x00007fff0bb27000 	C:\WINDOWS\SYSTEM32\dhcpcsvc6.DLL
0x00007fff0baf0000 - 0x00007fff0bb0d000 	C:\WINDOWS\SYSTEM32\dhcpcsvc.DLL
0x00007fff120a0000 - 0x00007fff1216b000 	C:\WINDOWS\SYSTEM32\DNSAPI.dll

dbghelp: loaded successfully - version: 4.0.5 - missing functions: none
symbol engine: initialized successfully - sym options: 0x614 - pdb path: .;C:\Program Files\Java\jdk-17\bin;C:\WINDOWS\SYSTEM32;C:\WINDOWS\WinSxS\amd64_microsoft.windows.common-controls_6595b64144ccf1df_6.0.19041.1110_none_60b5254171f9507e;C:\Program Files\Java\jdk-17\bin\server;C:\netbeans\java\maven\lib\jansi-native\windows64

VM Arguments:
jvm_args: -Dclassworlds.conf=C:\netbeans\java\maven\bin\..\bin\m2.conf -Dmaven.home=C:\netbeans\java\maven\bin\.. -Dlibrary.jansi.path=C:\netbeans\java\maven\bin\..\lib\jansi-native -Dmaven.multiModuleProjectDirectory=C:\Users\samil\OneDrive\Документы\NetBeansProjects\VeneraMarket 
java_command: org.codehaus.plexus.classworlds.launcher.Launcher -Dexec.args=-classpath %classpath com.mycompany.qarisiqmallar.veneramarket.Main -Dexec.executable=C:\Program Files\Java\jdk-17\bin\java.exe -Dexec.classpathScope=runtime -Dmaven.ext.class.path=C:\netbeans\java\maven-nblib\netbeans-eventspy.jar;C:\netbeans\java\maven-nblib\netbeans-cos.jar -Dfile.encoding=UTF-8 org.codehaus.mojo:exec-maven-plugin:1.5.0:exec
java_class_path (initial): C:\netbeans\java\maven\bin\..\boot\plexus-classworlds-2.6.0.jar
Launcher Type: SUN_STANDARD

[Global flags]
     intx CICompilerCount                          = 3                                         {product} {ergonomic}
     uint ConcGCThreads                            = 1                                         {product} {ergonomic}
     uint G1ConcRefinementThreads                  = 4                                         {product} {ergonomic}
   size_t G1HeapRegionSize                         = 1048576                                   {product} {ergonomic}
    uintx GCDrainStackTargetSize                   = 64                                        {product} {ergonomic}
   size_t InitialHeapSize                          = 132120576                                 {product} {ergonomic}
   size_t MarkStackSize                            = 4194304                                   {product} {ergonomic}
   size_t MaxHeapSize                              = 2095054848                                {product} {ergonomic}
   size_t MaxNewSize                               = 1256194048                                {product} {ergonomic}
   size_t MinHeapDeltaBytes                        = 1048576                                   {product} {ergonomic}
   size_t MinHeapSize                              = 8388608                                   {product} {ergonomic}
    uintx NonNMethodCodeHeapSize                   = 5832780                                {pd product} {ergonomic}
    uintx NonProfiledCodeHeapSize                  = 122912730                              {pd product} {ergonomic}
    uintx ProfiledCodeHeapSize                     = 122912730                              {pd product} {ergonomic}
    uintx ReservedCodeCacheSize                    = 251658240                              {pd product} {ergonomic}
     bool SegmentedCodeCache                       = true                                      {product} {ergonomic}
   size_t SoftMaxHeapSize                          = 2095054848                             {manageable} {ergonomic}
     bool UseCompressedClassPointers               = true                           {product lp64_product} {ergonomic}
     bool UseCompressedOops                        = true                           {product lp64_product} {ergonomic}
     bool UseG1GC                                  = true                                      {product} {ergonomic}
     bool UseLargePagesIndividualAllocation        = false                                  {pd product} {ergonomic}

Logging:
Log output configuration:
 #0: stdout all=warning uptime,level,tags
 #1: stderr all=off uptime,level,tags

Environment Variables:
JAVA_HOME=C:\Program Files\Java\jdk-17
PATH=C:\Program Files\Common Files\Oracle\Java\javapath;C:\Program Files (x86)\Common Files\Oracle\Java\javapath;C:\WINDOWS\system32;C:\WINDOWS;C:\WINDOWS\System32\Wbem;C:\WINDOWS\System32\WindowsPowerShell\v1.0\;C:\WINDOWS\System32\OpenSSH\;C:\Program Files\Microsoft SQL Server\130\Tools\Binn\;C:\Program Files\dotnet\;C:\Program Files\Microsoft SQL Server\Client SDK\ODBC\170\Tools\Binn\;C:\Program Files (x86)\dotnet\;C:\Program Files\TortoiseGit\bin;C:\Program Files\Java\jdk-17\bin;C:\Program Files (x86)\Java\jre1.8.0_301\bin;C:\Program Files\Java\jdk-17;C:\Program Files\MySQL\MySQL Server 8.0\bin;C:\Program Files\Git\cmd;C:\Users\samil\AppData\Local\Programs\Python\Python39\Scripts\;C:\Users\samil\AppData\Local\Programs\Python\Python39\;C:\Program Files\MySQL\MySQL Shell 8.0\bin\;C:\Users\samil\AppData\Local\Microsoft\WindowsApps;C:\Users\samil\.dotnet\tools;C:\Program Files\CodeBlocks\MinGW\bin;C:\Users\samil\AppData\Local\GitHubDesktop\bin
USERNAME=samil
OS=Windows_NT
PROCESSOR_IDENTIFIER=Intel64 Family 6 Model 58 Stepping 9, GenuineIntel



---------------  S Y S T E M  ---------------

OS:
 Windows 10 , 64 bit Build 19041 (10.0.19041.1503)
OS uptime: 4 days 1:08 hours

CPU: total 4 (initial active 4) (2 cores per cpu, 2 threads per core) family 6 model 58 stepping 9 microcode 0x21, cx8, cmov, fxsr, ht, mmx, sse, sse2, sse3, ssse3, sse4.1, sse4.2, popcnt, tsc, tscinvbit, avx, aes, erms, clmul, vzeroupper, clflush

Memory: 4k page, system-wide physical 7987M (1031M free)
TotalPageFile size 32563M (AvailPageFile size 5M)
current process WorkingSet (physical memory assigned to process): 108M, peak: 109M
current process commit charge ("private bytes"): 234M, peak: 236M

vm_info: Java HotSpot(TM) 64-Bit Server VM (17+35-LTS-2724) for windows-amd64 JRE (17+35-LTS-2724), built on Aug  5 2021 23:28:28 by "mach5one" with MS VC++ 16.8 (VS2019)

END.
