#
# There is insufficient memory for the Java Runtime Environment to continue.
# Native memory allocation (mmap) failed to map 65536 bytes for Failed to commit metaspace.
# Possible reasons:
#   The system is out of physical RAM or swap space
#   The process is running with CompressedOops enabled, and the Java Heap may be blocking the growth of the native heap
# Possible solutions:
#   Reduce memory load on the system
#   Increase physical memory or swap space
#   Check if swap backing store is full
#   Decrease Java heap size (-Xmx/-Xms)
#   Decrease number of Java threads
#   Decrease Java thread stack sizes (-Xss)
#   Set larger code cache with -XX:ReservedCodeCacheSize=
#   JVM is running with Unscaled Compressed Oops mode in which the Java heap is
#     placed in the first 4GB address space. The Java Heap base address is the
#     maximum limit for the native heap growth. Please use -XX:HeapBaseMinAddress
#     to set the Java Heap base and to place the Java Heap above 4GB virtual address.
# This output file may be truncated or incomplete.
#
#  Out of Memory Error (virtualSpaceNode.cpp:110), pid=12688, tid=4076
#
# JRE version: Java(TM) SE Runtime Environment (17.0+35) (build 17+35-LTS-2724)
# Java VM: Java HotSpot(TM) 64-Bit Server VM (17+35-LTS-2724, mixed mode, sharing, tiered, compressed oops, compressed class ptrs, g1 gc, windows-amd64)
# No core dump will be written. Minidumps are not enabled by default on client versions of Windows
#

---------------  S U M M A R Y ------------

Command Line: com.mycompany.qarisiqmallar.veneramarket.Main

Host: Intel(R) Core(TM) i5-3317U CPU @ 1.70GHz, 4 cores, 7G,  Windows 10 , 64 bit Build 19041 (10.0.19041.1706)
Time: Tue May 24 11:06:34 2022 Azerbaijan Standard Time elapsed time: 4.350585 seconds (0d 0h 0m 4s)

---------------  T H R E A D  ---------------

Current thread (0x00000278149a2300):  JavaThread "AWT-EventQueue-0" [_thread_in_vm, id=4076, stack(0x000000d2e6800000,0x000000d2e6900000)]

Stack: [0x000000d2e6800000,0x000000d2e6900000]
Native frames: (J=compiled Java code, j=interpreted, Vv=VM code, C=native code)
V  [jvm.dll+0x66f8ea]
V  [jvm.dll+0x7ce224]
V  [jvm.dll+0x7cf9ce]
V  [jvm.dll+0x7d0033]
V  [jvm.dll+0x242bb5]
V  [jvm.dll+0x7ca1cb]
V  [jvm.dll+0x615a46]
V  [jvm.dll+0x615aaa]
V  [jvm.dll+0x6182ba]
V  [jvm.dll+0x6163e6]
V  [jvm.dll+0x238590]
V  [jvm.dll+0x1e885d]
V  [jvm.dll+0x1de2e1]
V  [jvm.dll+0x5375c0]
V  [jvm.dll+0x1eea87]
V  [jvm.dll+0x7489cb]
V  [jvm.dll+0x749d72]
V  [jvm.dll+0x40f995]
C  [java.dll+0x1a55]

Java frames: (J=compiled Java code, j=interpreted, Vv=VM code)
J 1497  java.lang.ClassLoader.findBootstrapClass(Ljava/lang/String;)Ljava/lang/Class; java.base@17 (0 bytes) @ 0x0000027807b3a57a [0x0000027807b3a520+0x000000000000005a]
J 1378 c1 jdk.internal.loader.ClassLoaders$BootClassLoader.loadClassOrNull(Ljava/lang/String;Z)Ljava/lang/Class; java.base@17 (10 bytes) @ 0x00000278007f3d4c [0x00000278007f3be0+0x000000000000016c]
J 1427 c1 jdk.internal.loader.BuiltinClassLoader.loadClassOrNull(Ljava/lang/String;Z)Ljava/lang/Class; java.base@17 (143 bytes) @ 0x000002780081aaec [0x000002780081a040+0x0000000000000aac]
J 1377 c1 jdk.internal.loader.BuiltinClassLoader.loadClass(Ljava/lang/String;Z)Ljava/lang/Class; java.base@17 (22 bytes) @ 0x00000278007f374c [0x00000278007f3640+0x000000000000010c]
J 1376 c1 java.lang.ClassLoader.loadClass(Ljava/lang/String;)Ljava/lang/Class; java.base@17 (7 bytes) @ 0x00000278007f334c [0x00000278007f3240+0x000000000000010c]
v  ~StubRoutines::call_stub
j  sun.security.ec.SunEC.putEntries()V+75 jdk.crypto.ec@17
j  sun.security.ec.SunEC$1.run()Ljava/lang/Void;+4 jdk.crypto.ec@17
j  sun.security.ec.SunEC$1.run()Ljava/lang/Object;+1 jdk.crypto.ec@17
J 787 c1 java.security.AccessController.doPrivileged(Ljava/security/PrivilegedAction;)Ljava/lang/Object; java.base@17 (9 bytes) @ 0x00000278006e77c4 [0x00000278006e7660+0x0000000000000164]
j  sun.security.ec.SunEC.<init>()V+19 jdk.crypto.ec@17
v  ~StubRoutines::call_stub
j  jdk.internal.reflect.NativeConstructorAccessorImpl.newInstance0(Ljava/lang/reflect/Constructor;[Ljava/lang/Object;)Ljava/lang/Object;+0 java.base@17
j  jdk.internal.reflect.NativeConstructorAccessorImpl.newInstance([Ljava/lang/Object;)Ljava/lang/Object;+118 java.base@17
j  jdk.internal.reflect.DelegatingConstructorAccessorImpl.newInstance([Ljava/lang/Object;)Ljava/lang/Object;+5 java.base@17
j  java.lang.reflect.Constructor.newInstanceWithCaller([Ljava/lang/Object;ZLjava/lang/Class;)Ljava/lang/Object;+65 java.base@17
j  java.lang.reflect.Constructor.newInstance([Ljava/lang/Object;)Ljava/lang/Object;+30 java.base@17
j  java.util.ServiceLoader$ProviderImpl.newInstance()Ljava/lang/Object;+19 java.base@17
j  java.util.ServiceLoader$ProviderImpl.get()Ljava/lang/Object;+13 java.base@17
j  java.util.ServiceLoader$3.next()Ljava/lang/Object;+58 java.base@17
j  sun.security.jca.ProviderConfig$ProviderLoader.load(Ljava/lang/String;)Ljava/security/Provider;+54 java.base@17
j  sun.security.jca.ProviderConfig$3.run()Ljava/security/Provider;+44 java.base@17
j  sun.security.jca.ProviderConfig$3.run()Ljava/lang/Object;+1 java.base@17
J 787 c1 java.security.AccessController.doPrivileged(Ljava/security/PrivilegedAction;)Ljava/lang/Object; java.base@17 (9 bytes) @ 0x00000278006e77c4 [0x00000278006e7660+0x0000000000000164]
j  sun.security.jca.ProviderConfig.doLoadProvider()Ljava/security/Provider;+8 java.base@17
j  sun.security.jca.ProviderConfig.getProvider()Ljava/security/Provider;+281 java.base@17
j  sun.security.jca.ProviderList.getProvider(I)Ljava/security/Provider;+6 java.base@17
j  sun.security.jca.ProviderList.getService(Ljava/lang/String;Ljava/lang/String;)Ljava/security/Provider$Service;+90 java.base@17
j  sun.security.jca.GetInstance.getInstance(Ljava/lang/String;Ljava/lang/Class;Ljava/lang/String;)Lsun/security/jca/GetInstance$Instance;+7 java.base@17
j  javax.net.ssl.TrustManagerFactory.getInstance(Ljava/lang/String;)Ljavax/net/ssl/TrustManagerFactory;+12 java.base@17
j  com.mysql.cj.protocol.ExportControlled.getSSLContext(Lcom/mysql/cj/protocol/ExportControlled$KeyStoreConf;Lcom/mysql/cj/protocol/ExportControlled$KeyStoreConf;ZZLjava/lang/String;Lcom/mysql/cj/exceptions/ExceptionInterceptor;)Ljavax/net/ssl/SSLContext;+57
j  com.mysql.cj.protocol.ExportControlled.performTlsHandshake(Ljava/net/Socket;Lcom/mysql/cj/protocol/SocketConnection;Lcom/mysql/cj/ServerVersion;Lcom/mysql/cj/log/Log;)Ljava/net/Socket;+154
j  com.mysql.cj.protocol.StandardSocketFactory.performTlsHandshake(Lcom/mysql/cj/protocol/SocketConnection;Lcom/mysql/cj/protocol/ServerSession;Lcom/mysql/cj/log/Log;)Ljava/io/Closeable;+21
j  com.mysql.cj.protocol.a.NativeSocketConnection.performTlsHandshake(Lcom/mysql/cj/protocol/ServerSession;Lcom/mysql/cj/log/Log;)V+8
j  com.mysql.cj.protocol.a.NativeProtocol.negotiateSSLConnection()V+116
j  com.mysql.cj.protocol.a.NativeAuthenticationProvider.connect(Ljava/lang/String;Ljava/lang/String;Ljava/lang/String;)V+756
j  com.mysql.cj.protocol.a.NativeProtocol.connect(Ljava/lang/String;Ljava/lang/String;Ljava/lang/String;)V+11
j  com.mysql.cj.NativeSession.connect(Lcom/mysql/cj/conf/HostInfo;Ljava/lang/String;Ljava/lang/String;Ljava/lang/String;ILcom/mysql/cj/TransactionEventHandler;)V+110
j  com.mysql.cj.jdbc.ConnectionImpl.connectOneTryOnly(Z)V+32
j  com.mysql.cj.jdbc.ConnectionImpl.createNewIO(Z)V+27
j  com.mysql.cj.jdbc.ConnectionImpl.<init>(Lcom/mysql/cj/conf/HostInfo;)V+753
j  com.mysql.cj.jdbc.ConnectionImpl.getInstance(Lcom/mysql/cj/conf/HostInfo;)Lcom/mysql/cj/jdbc/JdbcConnection;+5
j  com.mysql.cj.jdbc.NonRegisteringDriver.connect(Ljava/lang/String;Ljava/util/Properties;)Ljava/sql/Connection;+72
j  java.sql.DriverManager.getConnection(Ljava/lang/String;Ljava/util/Properties;Ljava/lang/Class;)Ljava/sql/Connection;+131 java.sql@17
j  java.sql.DriverManager.getConnection(Ljava/lang/String;Ljava/lang/String;Ljava/lang/String;)Ljava/sql/Connection;+37 java.sql@17
j  com.mycompany.qarisiqmallar.veneramarket.Main.connect()V+17
j  com.mycompany.qarisiqmallar.veneramarket.Main.<init>()V+128
j  com.mycompany.qarisiqmallar.veneramarket.Main.lambda$main$0()V+4
j  com.mycompany.qarisiqmallar.veneramarket.Main$$Lambda$113+0x0000000800c03218.run()V+0
j  java.awt.event.InvocationEvent.dispatch()V+47 java.desktop@17
j  java.awt.EventQueue.dispatchEventImpl(Ljava/awt/AWTEvent;Ljava/lang/Object;)V+21 java.desktop@17
j  java.awt.EventQueue$4.run()Ljava/lang/Void;+32 java.desktop@17
j  java.awt.EventQueue$4.run()Ljava/lang/Object;+1 java.desktop@17
j  java.security.AccessController.executePrivileged(Ljava/security/PrivilegedAction;Ljava/security/AccessControlContext;Ljava/lang/Class;)Ljava/lang/Object;+29 java.base@17
j  java.security.AccessController.doPrivileged(Ljava/security/PrivilegedAction;Ljava/security/AccessControlContext;)Ljava/lang/Object;+13 java.base@17
j  java.security.ProtectionDomain$JavaSecurityAccessImpl.doIntersectionPrivilege(Ljava/security/PrivilegedAction;Ljava/security/AccessControlContext;Ljava/security/AccessControlContext;)Ljava/lang/Object;+18 java.base@17
j  java.awt.EventQueue.dispatchEvent(Ljava/awt/AWTEvent;)V+46 java.desktop@17
j  java.awt.EventDispatchThread.pumpOneEventForFilters(I)V+78 java.desktop@17
j  java.awt.EventDispatchThread.pumpEventsForFilter(ILjava/awt/Conditional;Ljava/awt/EventFilter;)V+35 java.desktop@17
j  java.awt.EventDispatchThread.pumpEventsForHierarchy(ILjava/awt/Conditional;Ljava/awt/Component;)V+11 java.desktop@17
j  java.awt.EventDispatchThread.pumpEvents(ILjava/awt/Conditional;)V+4 java.desktop@17
j  java.awt.EventDispatchThread.pumpEvents(Ljava/awt/Conditional;)V+3 java.desktop@17
j  java.awt.EventDispatchThread.run()V+9 java.desktop@17
v  ~StubRoutines::call_stub

---------------  P R O C E S S  ---------------

Threads class SMR info:
_java_thread_list=0x00000278150ae400, length=19, elements={
0x0000027813079500, 0x000002781307a280, 0x000002781308fb30, 0x0000027813092400,
0x0000027813092cc0, 0x0000027813093580, 0x0000027813094170, 0x000002781309cf30,
0x0000027813115490, 0x0000027813c91150, 0x0000027813c978d0, 0x0000027813f291d0,
0x0000027813f296a0, 0x0000027813f29b70, 0x00000278149a2300, 0x00000278739abff0,
0x0000027814e56570, 0x0000027814f606b0, 0x00000278160480c0
}

Java Threads: ( => current thread )
  0x0000027813079500 JavaThread "Reference Handler" daemon [_thread_blocked, id=1228, stack(0x000000d2e5900000,0x000000d2e5a00000)]
  0x000002781307a280 JavaThread "Finalizer" daemon [_thread_blocked, id=15180, stack(0x000000d2e5a00000,0x000000d2e5b00000)]
  0x000002781308fb30 JavaThread "Signal Dispatcher" daemon [_thread_blocked, id=6188, stack(0x000000d2e5b00000,0x000000d2e5c00000)]
  0x0000027813092400 JavaThread "Attach Listener" daemon [_thread_blocked, id=16216, stack(0x000000d2e5c00000,0x000000d2e5d00000)]
  0x0000027813092cc0 JavaThread "Service Thread" daemon [_thread_blocked, id=14076, stack(0x000000d2e5d00000,0x000000d2e5e00000)]
  0x0000027813093580 JavaThread "Monitor Deflation Thread" daemon [_thread_blocked, id=2900, stack(0x000000d2e5e00000,0x000000d2e5f00000)]
  0x0000027813094170 JavaThread "C2 CompilerThread0" daemon [_thread_blocked, id=15304, stack(0x000000d2e5f00000,0x000000d2e6000000)]
  0x000002781309cf30 JavaThread "C1 CompilerThread0" daemon [_thread_blocked, id=10504, stack(0x000000d2e6000000,0x000000d2e6100000)]
  0x0000027813115490 JavaThread "Sweeper thread" daemon [_thread_blocked, id=16012, stack(0x000000d2e6100000,0x000000d2e6200000)]
  0x0000027813c91150 JavaThread "Notification Thread" daemon [_thread_blocked, id=9984, stack(0x000000d2e6200000,0x000000d2e6300000)]
  0x0000027813c978d0 JavaThread "Common-Cleaner" daemon [_thread_blocked, id=2860, stack(0x000000d2e6400000,0x000000d2e6500000)]
  0x0000027813f291d0 JavaThread "Java2D Disposer" daemon [_thread_blocked, id=8160, stack(0x000000d2e6500000,0x000000d2e6600000)]
  0x0000027813f296a0 JavaThread "AWT-Shutdown" [_thread_blocked, id=2840, stack(0x000000d2e6600000,0x000000d2e6700000)]
  0x0000027813f29b70 JavaThread "AWT-Windows" daemon [_thread_in_native, id=11396, stack(0x000000d2e6700000,0x000000d2e6800000)]
=>0x00000278149a2300 JavaThread "AWT-EventQueue-0" [_thread_in_vm, id=4076, stack(0x000000d2e6800000,0x000000d2e6900000)]
  0x00000278739abff0 JavaThread "DestroyJavaVM" [_thread_blocked, id=13480, stack(0x000000d2e5200000,0x000000d2e5300000)]
  0x0000027814e56570 JavaThread "Image Fetcher 0" daemon [_thread_blocked, id=1836, stack(0x000000d2e6900000,0x000000d2e6a00000)]
  0x0000027814f606b0 JavaThread "mysql-cj-abandoned-connection-cleanup" daemon [_thread_blocked, id=15980, stack(0x000000d2e6d00000,0x000000d2e6e00000)]
  0x00000278160480c0 JavaThread "C2 CompilerThread1" daemon [_thread_blocked, id=11756, stack(0x000000d2e6e00000,0x000000d2e6f00000)]

Other Threads:
  0x00000278130729e0 VMThread "VM Thread" [stack: 0x000000d2e5800000,0x000000d2e5900000] [id=15344]
  0x0000027813c97640 WatcherThread [stack: 0x000000d2e6300000,0x000000d2e6400000] [id=13380]
  0x0000027873a0eeb0 GCTaskThread "GC Thread#0" [stack: 0x000000d2e5300000,0x000000d2e5400000] [id=5180]
  0x00000278150031f0 GCTaskThread "GC Thread#1" [stack: 0x000000d2e6f00000,0x000000d2e7000000] [id=12024]
  0x0000027814fba4d0 GCTaskThread "GC Thread#2" [stack: 0x000000d2e7000000,0x000000d2e7100000] [id=10860]
  0x0000027814fba780 GCTaskThread "GC Thread#3" [stack: 0x000000d2e7100000,0x000000d2e7200000] [id=6556]
  0x0000027873a206d0 ConcurrentGCThread "G1 Main Marker" [stack: 0x000000d2e5400000,0x000000d2e5500000] [id=12776]
  0x0000027873a20ff0 ConcurrentGCThread "G1 Conc#0" [stack: 0x000000d2e5500000,0x000000d2e5600000] [id=12472]
  0x0000027873a98d10 ConcurrentGCThread "G1 Refine#0" [stack: 0x000000d2e5600000,0x000000d2e5700000] [id=5056]
  0x0000027814f4e440 ConcurrentGCThread "G1 Refine#1" [stack: 0x000000d2e7200000,0x000000d2e7300000] [id=3948]
  0x0000027873a99640 ConcurrentGCThread "G1 Service" [stack: 0x000000d2e5700000,0x000000d2e5800000] [id=11888]

Threads with active compile tasks:

VM state: not at safepoint (normal execution)

VM Mutex/Monitor currently owned by a thread:  ([mutex/lock_event])
[0x00000278739cedf0] Metaspace_lock - owner thread: 0x00000278149a2300

Heap address: 0x0000000083200000, size: 1998 MB, Compressed Oops mode: 32-bit

CDS archive(s) mapped at: [0x0000000800000000-0x0000000800bc0000-0x0000000800bc0000), size 12320768, SharedBaseAddress: 0x0000000800000000, ArchiveRelocationMode: 0.
Compressed class space mapped at: 0x0000000800c00000-0x0000000840c00000, reserved size: 1073741824
Narrow klass base: 0x0000000800000000, Narrow klass shift: 0, Narrow klass range: 0x100000000

GC Precious Log:
 CPUs: 4 total, 4 available
 Memory: 7987M
 Large Page Support: Disabled
 NUMA Support: Disabled
 Compressed Oops: Enabled (32-bit)
 Heap Region Size: 1M
 Heap Min Capacity: 8M
 Heap Initial Capacity: 126M
 Heap Max Capacity: 1998M
 Pre-touch: Disabled
 Parallel Workers: 4
 Concurrent Workers: 1
 Concurrent Refinement Workers: 4
 Periodic GC: Disabled

Heap:
 garbage-first heap   total 129024K, used 7837K [0x0000000083200000, 0x0000000100000000)
  region size 1024K, 7 young (7168K), 2 survivors (2048K)
 Metaspace       used 13880K, committed 14080K, reserved 1064960K
  class space    used 1626K, committed 1728K, reserved 1048576K

Heap Regions: E=young(eden), S=young(survivor), O=old, HS=humongous(starts), HC=humongous(continues), CS=collection set, F=free, OA=open archive, CA=closed archive, TAMS=top-at-mark-start (previous, next)
|   0|0x0000000083200000, 0x0000000083300000, 0x0000000083300000|100%| O|  |TAMS 0x0000000083200000, 0x0000000083200000| Untracked 
|   1|0x0000000083300000, 0x0000000083400000, 0x0000000083400000|100%| O|  |TAMS 0x0000000083300000, 0x0000000083300000| Untracked 
|   2|0x0000000083400000, 0x00000000834a7600, 0x0000000083500000| 65%| O|  |TAMS 0x0000000083400000, 0x0000000083400000| Untracked 
|   3|0x0000000083500000, 0x0000000083500000, 0x0000000083600000|  0%| F|  |TAMS 0x0000000083500000, 0x0000000083500000| Untracked 
|   4|0x0000000083600000, 0x0000000083600000, 0x0000000083700000|  0%| F|  |TAMS 0x0000000083600000, 0x0000000083600000| Untracked 
|   5|0x0000000083700000, 0x0000000083700000, 0x0000000083800000|  0%| F|  |TAMS 0x0000000083700000, 0x0000000083700000| Untracked 
|   6|0x0000000083800000, 0x0000000083800000, 0x0000000083900000|  0%| F|  |TAMS 0x0000000083800000, 0x0000000083800000| Untracked 
|   7|0x0000000083900000, 0x0000000083900000, 0x0000000083a00000|  0%| F|  |TAMS 0x0000000083900000, 0x0000000083900000| Untracked 
|   8|0x0000000083a00000, 0x0000000083a00000, 0x0000000083b00000|  0%| F|  |TAMS 0x0000000083a00000, 0x0000000083a00000| Untracked 
|   9|0x0000000083b00000, 0x0000000083b00000, 0x0000000083c00000|  0%| F|  |TAMS 0x0000000083b00000, 0x0000000083b00000| Untracked 
|  10|0x0000000083c00000, 0x0000000083c00000, 0x0000000083d00000|  0%| F|  |TAMS 0x0000000083c00000, 0x0000000083c00000| Untracked 
|  11|0x0000000083d00000, 0x0000000083d00000, 0x0000000083e00000|  0%| F|  |TAMS 0x0000000083d00000, 0x0000000083d00000| Untracked 
|  12|0x0000000083e00000, 0x0000000083e00000, 0x0000000083f00000|  0%| F|  |TAMS 0x0000000083e00000, 0x0000000083e00000| Untracked 
|  13|0x0000000083f00000, 0x0000000083f00000, 0x0000000084000000|  0%| F|  |TAMS 0x0000000083f00000, 0x0000000083f00000| Untracked 
|  14|0x0000000084000000, 0x0000000084000000, 0x0000000084100000|  0%| F|  |TAMS 0x0000000084000000, 0x0000000084000000| Untracked 
|  15|0x0000000084100000, 0x0000000084100000, 0x0000000084200000|  0%| F|  |TAMS 0x0000000084100000, 0x0000000084100000| Untracked 
|  16|0x0000000084200000, 0x0000000084200000, 0x0000000084300000|  0%| F|  |TAMS 0x0000000084200000, 0x0000000084200000| Untracked 
|  17|0x0000000084300000, 0x0000000084300000, 0x0000000084400000|  0%| F|  |TAMS 0x0000000084300000, 0x0000000084300000| Untracked 
|  18|0x0000000084400000, 0x0000000084400000, 0x0000000084500000|  0%| F|  |TAMS 0x0000000084400000, 0x0000000084400000| Untracked 
|  19|0x0000000084500000, 0x0000000084500000, 0x0000000084600000|  0%| F|  |TAMS 0x0000000084500000, 0x0000000084500000| Untracked 
|  20|0x0000000084600000, 0x0000000084600000, 0x0000000084700000|  0%| F|  |TAMS 0x0000000084600000, 0x0000000084600000| Untracked 
|  21|0x0000000084700000, 0x0000000084700000, 0x0000000084800000|  0%| F|  |TAMS 0x0000000084700000, 0x0000000084700000| Untracked 
|  22|0x0000000084800000, 0x0000000084800000, 0x0000000084900000|  0%| F|  |TAMS 0x0000000084800000, 0x0000000084800000| Untracked 
|  23|0x0000000084900000, 0x0000000084900000, 0x0000000084a00000|  0%| F|  |TAMS 0x0000000084900000, 0x0000000084900000| Untracked 
|  24|0x0000000084a00000, 0x0000000084a00000, 0x0000000084b00000|  0%| F|  |TAMS 0x0000000084a00000, 0x0000000084a00000| Untracked 
|  25|0x0000000084b00000, 0x0000000084b00000, 0x0000000084c00000|  0%| F|  |TAMS 0x0000000084b00000, 0x0000000084b00000| Untracked 
|  26|0x0000000084c00000, 0x0000000084c00000, 0x0000000084d00000|  0%| F|  |TAMS 0x0000000084c00000, 0x0000000084c00000| Untracked 
|  27|0x0000000084d00000, 0x0000000084d00000, 0x0000000084e00000|  0%| F|  |TAMS 0x0000000084d00000, 0x0000000084d00000| Untracked 
|  28|0x0000000084e00000, 0x0000000084e00000, 0x0000000084f00000|  0%| F|  |TAMS 0x0000000084e00000, 0x0000000084e00000| Untracked 
|  29|0x0000000084f00000, 0x0000000084f00000, 0x0000000085000000|  0%| F|  |TAMS 0x0000000084f00000, 0x0000000084f00000| Untracked 
|  30|0x0000000085000000, 0x0000000085000000, 0x0000000085100000|  0%| F|  |TAMS 0x0000000085000000, 0x0000000085000000| Untracked 
|  31|0x0000000085100000, 0x0000000085100000, 0x0000000085200000|  0%| F|  |TAMS 0x0000000085100000, 0x0000000085100000| Untracked 
|  32|0x0000000085200000, 0x0000000085200000, 0x0000000085300000|  0%| F|  |TAMS 0x0000000085200000, 0x0000000085200000| Untracked 
|  33|0x0000000085300000, 0x0000000085300000, 0x0000000085400000|  0%| F|  |TAMS 0x0000000085300000, 0x0000000085300000| Untracked 
|  34|0x0000000085400000, 0x0000000085400000, 0x0000000085500000|  0%| F|  |TAMS 0x0000000085400000, 0x0000000085400000| Untracked 
|  35|0x0000000085500000, 0x0000000085500000, 0x0000000085600000|  0%| F|  |TAMS 0x0000000085500000, 0x0000000085500000| Untracked 
|  36|0x0000000085600000, 0x0000000085600000, 0x0000000085700000|  0%| F|  |TAMS 0x0000000085600000, 0x0000000085600000| Untracked 
|  37|0x0000000085700000, 0x0000000085700000, 0x0000000085800000|  0%| F|  |TAMS 0x0000000085700000, 0x0000000085700000| Untracked 
|  38|0x0000000085800000, 0x0000000085800000, 0x0000000085900000|  0%| F|  |TAMS 0x0000000085800000, 0x0000000085800000| Untracked 
|  39|0x0000000085900000, 0x0000000085900000, 0x0000000085a00000|  0%| F|  |TAMS 0x0000000085900000, 0x0000000085900000| Untracked 
|  40|0x0000000085a00000, 0x0000000085a00000, 0x0000000085b00000|  0%| F|  |TAMS 0x0000000085a00000, 0x0000000085a00000| Untracked 
|  41|0x0000000085b00000, 0x0000000085b00000, 0x0000000085c00000|  0%| F|  |TAMS 0x0000000085b00000, 0x0000000085b00000| Untracked 
|  42|0x0000000085c00000, 0x0000000085c00000, 0x0000000085d00000|  0%| F|  |TAMS 0x0000000085c00000, 0x0000000085c00000| Untracked 
|  43|0x0000000085d00000, 0x0000000085d00000, 0x0000000085e00000|  0%| F|  |TAMS 0x0000000085d00000, 0x0000000085d00000| Untracked 
|  44|0x0000000085e00000, 0x0000000085e00000, 0x0000000085f00000|  0%| F|  |TAMS 0x0000000085e00000, 0x0000000085e00000| Untracked 
|  45|0x0000000085f00000, 0x0000000085f00000, 0x0000000086000000|  0%| F|  |TAMS 0x0000000085f00000, 0x0000000085f00000| Untracked 
|  46|0x0000000086000000, 0x0000000086000000, 0x0000000086100000|  0%| F|  |TAMS 0x0000000086000000, 0x0000000086000000| Untracked 
|  47|0x0000000086100000, 0x0000000086100000, 0x0000000086200000|  0%| F|  |TAMS 0x0000000086100000, 0x0000000086100000| Untracked 
|  48|0x0000000086200000, 0x0000000086200000, 0x0000000086300000|  0%| F|  |TAMS 0x0000000086200000, 0x0000000086200000| Untracked 
|  49|0x0000000086300000, 0x0000000086300000, 0x0000000086400000|  0%| F|  |TAMS 0x0000000086300000, 0x0000000086300000| Untracked 
|  50|0x0000000086400000, 0x0000000086400000, 0x0000000086500000|  0%| F|  |TAMS 0x0000000086400000, 0x0000000086400000| Untracked 
|  51|0x0000000086500000, 0x0000000086500000, 0x0000000086600000|  0%| F|  |TAMS 0x0000000086500000, 0x0000000086500000| Untracked 
|  52|0x0000000086600000, 0x0000000086600000, 0x0000000086700000|  0%| F|  |TAMS 0x0000000086600000, 0x0000000086600000| Untracked 
|  53|0x0000000086700000, 0x0000000086700000, 0x0000000086800000|  0%| F|  |TAMS 0x0000000086700000, 0x0000000086700000| Untracked 
|  54|0x0000000086800000, 0x0000000086800000, 0x0000000086900000|  0%| F|  |TAMS 0x0000000086800000, 0x0000000086800000| Untracked 
|  55|0x0000000086900000, 0x0000000086900000, 0x0000000086a00000|  0%| F|  |TAMS 0x0000000086900000, 0x0000000086900000| Untracked 
|  56|0x0000000086a00000, 0x0000000086a00000, 0x0000000086b00000|  0%| F|  |TAMS 0x0000000086a00000, 0x0000000086a00000| Untracked 
|  57|0x0000000086b00000, 0x0000000086b00000, 0x0000000086c00000|  0%| F|  |TAMS 0x0000000086b00000, 0x0000000086b00000| Untracked 
|  58|0x0000000086c00000, 0x0000000086c00000, 0x0000000086d00000|  0%| F|  |TAMS 0x0000000086c00000, 0x0000000086c00000| Untracked 
|  59|0x0000000086d00000, 0x0000000086d00000, 0x0000000086e00000|  0%| F|  |TAMS 0x0000000086d00000, 0x0000000086d00000| Untracked 
|  60|0x0000000086e00000, 0x0000000086e00000, 0x0000000086f00000|  0%| F|  |TAMS 0x0000000086e00000, 0x0000000086e00000| Untracked 
|  61|0x0000000086f00000, 0x0000000086f00000, 0x0000000087000000|  0%| F|  |TAMS 0x0000000086f00000, 0x0000000086f00000| Untracked 
|  62|0x0000000087000000, 0x0000000087000000, 0x0000000087100000|  0%| F|  |TAMS 0x0000000087000000, 0x0000000087000000| Untracked 
|  63|0x0000000087100000, 0x0000000087100000, 0x0000000087200000|  0%| F|  |TAMS 0x0000000087100000, 0x0000000087100000| Untracked 
|  64|0x0000000087200000, 0x0000000087200000, 0x0000000087300000|  0%| F|  |TAMS 0x0000000087200000, 0x0000000087200000| Untracked 
|  65|0x0000000087300000, 0x0000000087300000, 0x0000000087400000|  0%| F|  |TAMS 0x0000000087300000, 0x0000000087300000| Untracked 
|  66|0x0000000087400000, 0x0000000087400000, 0x0000000087500000|  0%| F|  |TAMS 0x0000000087400000, 0x0000000087400000| Untracked 
|  67|0x0000000087500000, 0x0000000087500000, 0x0000000087600000|  0%| F|  |TAMS 0x0000000087500000, 0x0000000087500000| Untracked 
|  68|0x0000000087600000, 0x0000000087600000, 0x0000000087700000|  0%| F|  |TAMS 0x0000000087600000, 0x0000000087600000| Untracked 
|  69|0x0000000087700000, 0x0000000087700000, 0x0000000087800000|  0%| F|  |TAMS 0x0000000087700000, 0x0000000087700000| Untracked 
|  70|0x0000000087800000, 0x0000000087800000, 0x0000000087900000|  0%| F|  |TAMS 0x0000000087800000, 0x0000000087800000| Untracked 
|  71|0x0000000087900000, 0x0000000087900000, 0x0000000087a00000|  0%| F|  |TAMS 0x0000000087900000, 0x0000000087900000| Untracked 
|  72|0x0000000087a00000, 0x0000000087a00000, 0x0000000087b00000|  0%| F|  |TAMS 0x0000000087a00000, 0x0000000087a00000| Untracked 
|  73|0x0000000087b00000, 0x0000000087b00000, 0x0000000087c00000|  0%| F|  |TAMS 0x0000000087b00000, 0x0000000087b00000| Untracked 
|  74|0x0000000087c00000, 0x0000000087c00000, 0x0000000087d00000|  0%| F|  |TAMS 0x0000000087c00000, 0x0000000087c00000| Untracked 
|  75|0x0000000087d00000, 0x0000000087d00000, 0x0000000087e00000|  0%| F|  |TAMS 0x0000000087d00000, 0x0000000087d00000| Untracked 
|  76|0x0000000087e00000, 0x0000000087e00000, 0x0000000087f00000|  0%| F|  |TAMS 0x0000000087e00000, 0x0000000087e00000| Untracked 
|  77|0x0000000087f00000, 0x0000000087f00000, 0x0000000088000000|  0%| F|  |TAMS 0x0000000087f00000, 0x0000000087f00000| Untracked 
|  78|0x0000000088000000, 0x0000000088000000, 0x0000000088100000|  0%| F|  |TAMS 0x0000000088000000, 0x0000000088000000| Untracked 
|  79|0x0000000088100000, 0x0000000088100000, 0x0000000088200000|  0%| F|  |TAMS 0x0000000088100000, 0x0000000088100000| Untracked 
|  80|0x0000000088200000, 0x0000000088200000, 0x0000000088300000|  0%| F|  |TAMS 0x0000000088200000, 0x0000000088200000| Untracked 
|  81|0x0000000088300000, 0x0000000088300000, 0x0000000088400000|  0%| F|  |TAMS 0x0000000088300000, 0x0000000088300000| Untracked 
|  82|0x0000000088400000, 0x0000000088400000, 0x0000000088500000|  0%| F|  |TAMS 0x0000000088400000, 0x0000000088400000| Untracked 
|  83|0x0000000088500000, 0x0000000088500000, 0x0000000088600000|  0%| F|  |TAMS 0x0000000088500000, 0x0000000088500000| Untracked 
|  84|0x0000000088600000, 0x0000000088600000, 0x0000000088700000|  0%| F|  |TAMS 0x0000000088600000, 0x0000000088600000| Untracked 
|  85|0x0000000088700000, 0x0000000088700000, 0x0000000088800000|  0%| F|  |TAMS 0x0000000088700000, 0x0000000088700000| Untracked 
|  86|0x0000000088800000, 0x0000000088800000, 0x0000000088900000|  0%| F|  |TAMS 0x0000000088800000, 0x0000000088800000| Untracked 
|  87|0x0000000088900000, 0x0000000088900000, 0x0000000088a00000|  0%| F|  |TAMS 0x0000000088900000, 0x0000000088900000| Untracked 
|  88|0x0000000088a00000, 0x0000000088a00000, 0x0000000088b00000|  0%| F|  |TAMS 0x0000000088a00000, 0x0000000088a00000| Untracked 
|  89|0x0000000088b00000, 0x0000000088b00000, 0x0000000088c00000|  0%| F|  |TAMS 0x0000000088b00000, 0x0000000088b00000| Untracked 
|  90|0x0000000088c00000, 0x0000000088c00000, 0x0000000088d00000|  0%| F|  |TAMS 0x0000000088c00000, 0x0000000088c00000| Untracked 
|  91|0x0000000088d00000, 0x0000000088d00000, 0x0000000088e00000|  0%| F|  |TAMS 0x0000000088d00000, 0x0000000088d00000| Untracked 
|  92|0x0000000088e00000, 0x0000000088e00000, 0x0000000088f00000|  0%| F|  |TAMS 0x0000000088e00000, 0x0000000088e00000| Untracked 
|  93|0x0000000088f00000, 0x0000000088f00000, 0x0000000089000000|  0%| F|  |TAMS 0x0000000088f00000, 0x0000000088f00000| Untracked 
|  94|0x0000000089000000, 0x0000000089000000, 0x0000000089100000|  0%| F|  |TAMS 0x0000000089000000, 0x0000000089000000| Untracked 
|  95|0x0000000089100000, 0x0000000089100000, 0x0000000089200000|  0%| F|  |TAMS 0x0000000089100000, 0x0000000089100000| Untracked 
|  96|0x0000000089200000, 0x0000000089200000, 0x0000000089300000|  0%| F|  |TAMS 0x0000000089200000, 0x0000000089200000| Untracked 
|  97|0x0000000089300000, 0x0000000089300000, 0x0000000089400000|  0%| F|  |TAMS 0x0000000089300000, 0x0000000089300000| Untracked 
|  98|0x0000000089400000, 0x0000000089400000, 0x0000000089500000|  0%| F|  |TAMS 0x0000000089400000, 0x0000000089400000| Untracked 
|  99|0x0000000089500000, 0x0000000089500000, 0x0000000089600000|  0%| F|  |TAMS 0x0000000089500000, 0x0000000089500000| Untracked 
| 100|0x0000000089600000, 0x0000000089600000, 0x0000000089700000|  0%| F|  |TAMS 0x0000000089600000, 0x0000000089600000| Untracked 
| 101|0x0000000089700000, 0x0000000089700000, 0x0000000089800000|  0%| F|  |TAMS 0x0000000089700000, 0x0000000089700000| Untracked 
| 102|0x0000000089800000, 0x0000000089800000, 0x0000000089900000|  0%| F|  |TAMS 0x0000000089800000, 0x0000000089800000| Untracked 
| 103|0x0000000089900000, 0x0000000089900000, 0x0000000089a00000|  0%| F|  |TAMS 0x0000000089900000, 0x0000000089900000| Untracked 
| 104|0x0000000089a00000, 0x0000000089a00000, 0x0000000089b00000|  0%| F|  |TAMS 0x0000000089a00000, 0x0000000089a00000| Untracked 
| 105|0x0000000089b00000, 0x0000000089b00000, 0x0000000089c00000|  0%| F|  |TAMS 0x0000000089b00000, 0x0000000089b00000| Untracked 
| 106|0x0000000089c00000, 0x0000000089c00000, 0x0000000089d00000|  0%| F|  |TAMS 0x0000000089c00000, 0x0000000089c00000| Untracked 
| 107|0x0000000089d00000, 0x0000000089d00000, 0x0000000089e00000|  0%| F|  |TAMS 0x0000000089d00000, 0x0000000089d00000| Untracked 
| 108|0x0000000089e00000, 0x0000000089e00000, 0x0000000089f00000|  0%| F|  |TAMS 0x0000000089e00000, 0x0000000089e00000| Untracked 
| 109|0x0000000089f00000, 0x0000000089f00000, 0x000000008a000000|  0%| F|  |TAMS 0x0000000089f00000, 0x0000000089f00000| Untracked 
| 110|0x000000008a000000, 0x000000008a000000, 0x000000008a100000|  0%| F|  |TAMS 0x000000008a000000, 0x000000008a000000| Untracked 
| 111|0x000000008a100000, 0x000000008a200000, 0x000000008a200000|100%| S|CS|TAMS 0x000000008a100000, 0x000000008a100000| Complete 
| 112|0x000000008a200000, 0x000000008a300000, 0x000000008a300000|100%| S|CS|TAMS 0x000000008a200000, 0x000000008a200000| Complete 
| 113|0x000000008a300000, 0x000000008a300000, 0x000000008a400000|  0%| F|  |TAMS 0x000000008a300000, 0x000000008a300000| Untracked 
| 114|0x000000008a400000, 0x000000008a400000, 0x000000008a500000|  0%| F|  |TAMS 0x000000008a400000, 0x000000008a400000| Untracked 
| 115|0x000000008a500000, 0x000000008a500000, 0x000000008a600000|  0%| F|  |TAMS 0x000000008a500000, 0x000000008a500000| Untracked 
| 116|0x000000008a600000, 0x000000008a600000, 0x000000008a700000|  0%| F|  |TAMS 0x000000008a600000, 0x000000008a600000| Untracked 
| 117|0x000000008a700000, 0x000000008a700000, 0x000000008a800000|  0%| F|  |TAMS 0x000000008a700000, 0x000000008a700000| Untracked 
| 118|0x000000008a800000, 0x000000008a800000, 0x000000008a900000|  0%| F|  |TAMS 0x000000008a800000, 0x000000008a800000| Untracked 
| 119|0x000000008a900000, 0x000000008a900000, 0x000000008aa00000|  0%| F|  |TAMS 0x000000008a900000, 0x000000008a900000| Untracked 
| 120|0x000000008aa00000, 0x000000008aa00000, 0x000000008ab00000|  0%| F|  |TAMS 0x000000008aa00000, 0x000000008aa00000| Untracked 
| 121|0x000000008ab00000, 0x000000008ac00000, 0x000000008ac00000|100%| E|  |TAMS 0x000000008ab00000, 0x000000008ab00000| Complete 
| 122|0x000000008ac00000, 0x000000008ad00000, 0x000000008ad00000|100%| E|  |TAMS 0x000000008ac00000, 0x000000008ac00000| Complete 
| 123|0x000000008ad00000, 0x000000008ae00000, 0x000000008ae00000|100%| E|CS|TAMS 0x000000008ad00000, 0x000000008ad00000| Complete 
| 124|0x000000008ae00000, 0x000000008af00000, 0x000000008af00000|100%| E|CS|TAMS 0x000000008ae00000, 0x000000008ae00000| Complete 
| 125|0x000000008af00000, 0x000000008b000000, 0x000000008b000000|100%| E|CS|TAMS 0x000000008af00000, 0x000000008af00000| Complete 

Card table byte_map: [0x000002787d410000,0x000002787d800000] _byte_map_base: 0x000002787cff7000

Marking Bits (Prev, Next): (CMBitMap*) 0x0000027873a103e0, (CMBitMap*) 0x0000027873a10420
 Prev Bits: [0x000002787dbf0000, 0x000002787fb28000)
 Next Bits: [0x000002780f000000, 0x0000027810f38000)

Polling page: 0x0000027873840000

Metaspace:

Usage:
  Non-class:     11.97 MB used.
      Class:      1.59 MB used.
       Both:     13.56 MB used.

Virtual space:
  Non-class space:       16.00 MB reserved,      12.06 MB ( 75%) committed,  2 nodes.
      Class space:        1.00 GB reserved,       1.69 MB ( <1%) committed,  1 nodes.
             Both:        1.02 GB reserved,      13.75 MB (  1%) committed. 

Chunk freelists:
   Non-Class:  3.60 MB
       Class:  2.13 MB
        Both:  5.73 MB

MaxMetaspaceSize: unlimited
CompressedClassSpaceSize: 1.00 GB
Initial GC threshold: 21.00 MB
Current GC threshold: 21.00 MB
CDS: on
MetaspaceReclaimPolicy: balanced
 - commit_granule_bytes: 65536.
 - commit_granule_words: 8192.
 - virtual_space_node_default_size: 1048576.
 - enlarge_chunks_in_place: 1.
 - new_chunks_are_fully_committed: 0.
 - uncommit_free_chunks: 1.
 - use_allocation_guard: 0.
 - handle_deallocations: 1.


Internal statistics:

num_allocs_failed_limit: 0.
num_arena_births: 140.
num_arena_deaths: 0.
num_vsnodes_births: 3.
num_vsnodes_deaths: 0.
num_space_committed: 220.
num_space_uncommitted: 0.
num_chunks_returned_to_freelist: 0.
num_chunks_taken_from_freelist: 304.
num_chunk_merges: 0.
num_chunk_splits: 178.
num_chunks_enlarged: 97.
num_purges: 0.
num_inconsistent_stats: 0.

CodeHeap 'non-profiled nmethods': size=120000Kb used=516Kb max_used=516Kb free=119483Kb
 bounds [0x0000027807ad0000, 0x0000027807d40000, 0x000002780f000000]
CodeHeap 'profiled nmethods': size=120000Kb used=2941Kb max_used=2941Kb free=117059Kb
 bounds [0x00000278005a0000, 0x0000027800880000, 0x0000027807ad0000]
CodeHeap 'non-nmethods': size=5760Kb used=1321Kb max_used=1339Kb free=4438Kb
 bounds [0x0000027800000000, 0x0000027800270000, 0x00000278005a0000]
 total_blobs=2289 nmethods=1628 adapters=574
 compilation: enabled
              stopped_count=0, restarted_count=0
 full_count=0

Compilation events (20 events):
Event: 4.321 Thread 0x000002781309cf30 nmethod 1619 0x000002780087d890 code [0x000002780087da20, 0x000002780087db78]
Event: 4.322 Thread 0x000002781309cf30 1620       3       sun.security.util.KnownOIDs::register (349 bytes)
Event: 4.327 Thread 0x0000027813094170 1622 % !   4       java.util.concurrent.ConcurrentHashMap::transfer @ 96 (849 bytes)
Event: 4.329 Thread 0x000002781309cf30 nmethod 1620 0x0000027807b48090 code [0x0000027807b489a0, 0x0000027807b4cfb8]
Event: 4.329 Thread 0x000002781309cf30 1621       3       java.util.HashMap$HashIterator::<init> (79 bytes)
Event: 4.330 Thread 0x000002781309cf30 nmethod 1621 0x000002780087dc10 code [0x000002780087ddc0, 0x000002780087e1f8]
Event: 4.330 Thread 0x000002781309cf30 1623       1       java.security.Provider$Service::getType (5 bytes)
Event: 4.330 Thread 0x000002781309cf30 nmethod 1623 0x0000027807b4e810 code [0x0000027807b4e9a0, 0x0000027807b4ea78]
Event: 4.330 Thread 0x000002781309cf30 1624       1       java.security.Provider$Service::getAlgorithm (5 bytes)
Event: 4.330 Thread 0x000002781309cf30 nmethod 1624 0x0000027807b4eb10 code [0x0000027807b4eca0, 0x0000027807b4ed78]
Event: 4.330 Thread 0x000002781309cf30 1625       1       java.security.Provider$Service::getAliases (5 bytes)
Event: 4.330 Thread 0x000002781309cf30 nmethod 1625 0x0000027807b4ee10 code [0x0000027807b4efa0, 0x0000027807b4f078]
Event: 4.336 Thread 0x000002781309cf30 1626       3       java.lang.Integer::equals (29 bytes)
Event: 4.336 Thread 0x000002781309cf30 nmethod 1626 0x000002780087e390 code [0x000002780087e540, 0x000002780087e938]
Event: 4.336 Thread 0x000002781309cf30 1627       1       sun.security.util.KnownOIDs::value (5 bytes)
Event: 4.337 Thread 0x000002781309cf30 nmethod 1627 0x0000027807b4f110 code [0x0000027807b4f2a0, 0x0000027807b4f378]
Event: 4.340 Thread 0x000002781309cf30 1628       3       jdk.internal.reflect.ConstructorAccessorImpl::<init> (5 bytes)
Event: 4.341 Thread 0x000002781309cf30 nmethod 1628 0x000002780087ea10 code [0x000002780087ebc0, 0x000002780087ed78]
Event: 4.341 Thread 0x000002781309cf30 1629       3       java.lang.reflect.Constructor::setConstructorAccessor (21 bytes)
Event: 4.341 Thread 0x000002781309cf30 nmethod 1629 0x000002780087ee90 code [0x000002780087f040, 0x000002780087f328]

GC Heap History (2 events):
Event: 3.804 GC heap before
{Heap before GC invocations=0 (full 0):
 garbage-first heap   total 129024K, used 12288K [0x0000000083200000, 0x0000000100000000)
  region size 1024K, 13 young (13312K), 0 survivors (0K)
 Metaspace       used 11703K, committed 11904K, reserved 1064960K
  class space    used 1383K, committed 1472K, reserved 1048576K
}
Event: 3.830 GC heap after
{Heap after GC invocations=1 (full 0):
 garbage-first heap   total 129024K, used 4765K [0x0000000083200000, 0x0000000100000000)
  region size 1024K, 2 young (2048K), 2 survivors (2048K)
 Metaspace       used 11703K, committed 11904K, reserved 1064960K
  class space    used 1383K, committed 1472K, reserved 1048576K
}

Deoptimization events (20 events):
Event: 4.033 Thread 0x00000278149a2300 Uncommon trap: trap_request=0xffffff45 fr.pc=0x0000027807b3b7d0 relative=0x0000000000000db0
Event: 4.033 Thread 0x00000278149a2300 Uncommon trap: reason=unstable_if action=reinterpret pc=0x0000027807b3b7d0 method=java.util.concurrent.ConcurrentHashMap.putVal(Ljava/lang/Object;Ljava/lang/Object;Z)Ljava/lang/Object; @ 148 c2
Event: 4.033 Thread 0x00000278149a2300 DEOPT PACKING pc=0x0000027807b3b7d0 sp=0x000000d2e68fe440
Event: 4.033 Thread 0x00000278149a2300 DEOPT UNPACKING pc=0x00000278000523a3 sp=0x000000d2e68fe3c0 mode 2
Event: 4.046 Thread 0x00000278149a2300 Uncommon trap: trap_request=0xffffff45 fr.pc=0x0000027807b0f200 relative=0x00000000000001e0
Event: 4.046 Thread 0x00000278149a2300 Uncommon trap: reason=unstable_if action=reinterpret pc=0x0000027807b0f200 method=java.lang.String.startsWith(Ljava/lang/String;I)Z @ 14 c2
Event: 4.046 Thread 0x00000278149a2300 DEOPT PACKING pc=0x0000027807b0f200 sp=0x000000d2e68fd6d0
Event: 4.046 Thread 0x00000278149a2300 DEOPT UNPACKING pc=0x00000278000523a3 sp=0x000000d2e68fd630 mode 2
Event: 4.303 Thread 0x00000278149a2300 Uncommon trap: trap_request=0xffffffde fr.pc=0x0000027807b1ce84 relative=0x0000000000000cc4
Event: 4.303 Thread 0x00000278149a2300 Uncommon trap: reason=class_check action=maybe_recompile pc=0x0000027807b1ce84 method=java.util.HashSet.add(Ljava/lang/Object;)Z @ 8 c2
Event: 4.303 Thread 0x00000278149a2300 DEOPT PACKING pc=0x0000027807b1ce84 sp=0x000000d2e68fdf60
Event: 4.303 Thread 0x00000278149a2300 DEOPT UNPACKING pc=0x00000278000523a3 sp=0x000000d2e68fdf50 mode 2
Event: 4.303 Thread 0x00000278149a2300 Uncommon trap: trap_request=0xffffffde fr.pc=0x0000027807b1ce84 relative=0x0000000000000cc4
Event: 4.303 Thread 0x00000278149a2300 Uncommon trap: reason=class_check action=maybe_recompile pc=0x0000027807b1ce84 method=java.util.HashSet.add(Ljava/lang/Object;)Z @ 8 c2
Event: 4.303 Thread 0x00000278149a2300 DEOPT PACKING pc=0x0000027807b1ce84 sp=0x000000d2e68fdf60
Event: 4.303 Thread 0x00000278149a2300 DEOPT UNPACKING pc=0x00000278000523a3 sp=0x000000d2e68fdf50 mode 2
Event: 4.323 Thread 0x00000278149a2300 Uncommon trap: trap_request=0xffffffde fr.pc=0x0000027807b1ce84 relative=0x0000000000000cc4
Event: 4.323 Thread 0x00000278149a2300 Uncommon trap: reason=class_check action=maybe_recompile pc=0x0000027807b1ce84 method=java.util.HashSet.add(Ljava/lang/Object;)Z @ 8 c2
Event: 4.323 Thread 0x00000278149a2300 DEOPT PACKING pc=0x0000027807b1ce84 sp=0x000000d2e68fdf60
Event: 4.323 Thread 0x00000278149a2300 DEOPT UNPACKING pc=0x00000278000523a3 sp=0x000000d2e68fdf50 mode 2

Classes unloaded (0 events):
No events

Classes redefined (0 events):
No events

Internal exceptions (20 events):
Event: 2.078 Thread 0x00000278739abff0 Exception <a 'java/lang/ClassNotFoundException'{0x000000008abe0758}: ToggleButton> (0x000000008abe0758) 
thrown [t:\workspace\open\src\hotspot\share\classfile\systemDictionary.cpp, line 256]
Event: 2.078 Thread 0x00000278739abff0 Exception <a 'java/lang/ClassNotFoundException'{0x000000008abe0b98}: javax/swing/JToolBarSeparator> (0x000000008abe0b98) 
thrown [t:\workspace\open\src\hotspot\share\classfile\systemDictionary.cpp, line 256]
Event: 2.078 Thread 0x00000278739abff0 Exception <a 'java/lang/ClassNotFoundException'{0x000000008abe0ea0}: ToolBarSeparator> (0x000000008abe0ea0) 
thrown [t:\workspace\open\src\hotspot\share\classfile\systemDictionary.cpp, line 256]
Event: 2.079 Thread 0x00000278739abff0 Exception <a 'java/lang/ClassNotFoundException'{0x000000008abe13b8}: ToolTip> (0x000000008abe13b8) 
thrown [t:\workspace\open\src\hotspot\share\classfile\systemDictionary.cpp, line 256]
Event: 2.082 Thread 0x00000278739abff0 Exception <a 'java/lang/ClassNotFoundException'{0x000000008abe1d08}: Tree> (0x000000008abe1d08) 
thrown [t:\workspace\open\src\hotspot\share\classfile\systemDictionary.cpp, line 256]
Event: 2.082 Thread 0x00000278739abff0 Exception <a 'java/lang/ClassNotFoundException'{0x000000008abe2200}: Tree> (0x000000008abe2200) 
thrown [t:\workspace\open\src\hotspot\share\classfile\systemDictionary.cpp, line 256]
Event: 2.083 Thread 0x00000278739abff0 Exception <a 'java/lang/ClassNotFoundException'{0x000000008abe2570}: javax/swing/JTreeCell> (0x000000008abe2570) 
thrown [t:\workspace\open\src\hotspot\share\classfile\systemDictionary.cpp, line 256]
Event: 2.083 Thread 0x00000278739abff0 Exception <a 'java/lang/ClassNotFoundException'{0x000000008abe2870}: TreeCell> (0x000000008abe2870) 
thrown [t:\workspace\open\src\hotspot\share\classfile\systemDictionary.cpp, line 256]
Event: 2.084 Thread 0x00000278739abff0 Exception <a 'java/lang/ClassNotFoundException'{0x000000008abe3030}: RootPane> (0x000000008abe3030) 
thrown [t:\workspace\open\src\hotspot\share\classfile\systemDictionary.cpp, line 256]
Event: 2.092 Thread 0x00000278739abff0 Exception <a 'java/lang/ClassNotFoundException'{0x000000008abe5e80}: com/sun/swing/internal/plaf/metal/resources/spi/metalProvider> (0x000000008abe5e80) 
thrown [t:\workspace\open\src\hotspot\share\classfile\systemDictionary.cpp, line 256]
Event: 2.096 Thread 0x00000278739abff0 Exception <a 'java/lang/ClassNotFoundException'{0x000000008abe9a30}: com/sun/swing/internal/plaf/basic/resources/spi/basicProvider> (0x000000008abe9a30) 
thrown [t:\workspace\open\src\hotspot\share\classfile\systemDictionary.cpp, line 256]
Event: 2.170 Thread 0x00000278149a2300 Exception <a 'java/lang/ClassNotFoundException'{0x000000008aa5f2e0}: com/sun/swing/internal/plaf/synth/resources/spi/synthProvider> (0x000000008aa5f2e0) 
thrown [t:\workspace\open\src\hotspot\share\classfile\systemDictionary.cpp, line 256]
Event: 2.684 Thread 0x00000278149a2300 Exception <a 'java/lang/NoSuchMethodError'{0x000000008a7217a8}: 'void java.lang.invoke.DirectMethodHandle$Holder.invokeStatic(java.lang.Object, java.lang.Object, java.lang.Object)'> (0x000000008a7217a8) 
thrown [t:\workspace\open\src\hotspot\share\interpreter\linkResolver.cpp, line 766]
Event: 2.686 Thread 0x00000278149a2300 Exception <a 'java/lang/NoSuchMethodError'{0x000000008a727cd8}: 'void java.lang.invoke.DirectMethodHandle$Holder.invokeStatic(java.lang.Object, java.lang.Object)'> (0x000000008a727cd8) 
thrown [t:\workspace\open\src\hotspot\share\interpreter\linkResolver.cpp, line 766]
Event: 2.894 Thread 0x0000027814e56570 Exception <a 'java/lang/NoSuchMethodError'{0x000000008a7942c8}: 'java.lang.Object java.lang.invoke.DirectMethodHandle$Holder.newInvokeSpecial(java.lang.Object, java.lang.Object, java.lang.Object, int, int, int, int, int)'> (0x000000008a7942c8) 
thrown [t:\workspace\open\src\hotspot\share\interpreter\linkResolver.cpp, line 766]
Event: 2.983 Thread 0x0000027813f29b70 Exception <a 'java/lang/NoSuchMethodError'{0x000000008ac526d0}: 'void java.lang.invoke.DirectMethodHandle$Holder.invokeVirtual(java.lang.Object, java.lang.Object)'> (0x000000008ac526d0) 
thrown [t:\workspace\open\src\hotspot\share\interpreter\linkResolver.cpp, line 766]
Event: 3.030 Thread 0x00000278149a2300 Exception <a 'java/lang/NoSuchMethodError'{0x000000008a7ff6e0}: 'void java.lang.invoke.DirectMethodHandle$Holder.invokeStaticInit(java.lang.Object)'> (0x000000008a7ff6e0) 
thrown [t:\workspace\open\src\hotspot\share\interpreter\linkResolver.cpp, line 766]
Event: 3.627 Thread 0x00000278149a2300 Exception <a 'java/lang/NoSuchMethodError'{0x000000008a4bc0a0}: 'java.lang.Object java.lang.invoke.DirectMethodHandle$Holder.invokeInterface(java.lang.Object, java.lang.Object)'> (0x000000008a4bc0a0) 
thrown [t:\workspace\open\src\hotspot\share\interpreter\linkResolver.cpp, line 766]
Event: 3.770 Thread 0x00000278149a2300 Exception <a 'java/lang/NoSuchMethodError'{0x000000008a346cc0}: 'java.lang.Object java.lang.invoke.DirectMethodHandle$Holder.invokeVirtual(java.lang.Object, java.lang.Object, java.lang.Object)'> (0x000000008a346cc0) 
thrown [t:\workspace\open\src\hotspot\share\interpreter\linkResolver.cpp, line 766]
Event: 4.280 Thread 0x00000278149a2300 Exception <a 'java/lang/NoSuchMethodError'{0x000000008ab71b40}: 'void java.lang.invoke.DirectMethodHandle$Holder.invokeStaticInit(java.lang.Object, java.lang.Object)'> (0x000000008ab71b40) 
thrown [t:\workspace\open\src\hotspot\share\interpreter\linkResolver.cpp, line 766]

VM Operations (20 events):
Event: 2.007 Executing VM operation: HandshakeAllThreads
Event: 2.007 Executing VM operation: HandshakeAllThreads done
Event: 2.466 Executing VM operation: HandshakeAllThreads
Event: 2.466 Executing VM operation: HandshakeAllThreads done
Event: 2.466 Executing VM operation: Cleanup
Event: 2.466 Executing VM operation: Cleanup done
Event: 2.481 Executing VM operation: HandshakeAllThreads
Event: 2.481 Executing VM operation: HandshakeAllThreads done
Event: 2.492 Executing VM operation: HandshakeAllThreads
Event: 2.492 Executing VM operation: HandshakeAllThreads done
Event: 2.994 Executing VM operation: HandshakeAllThreads
Event: 2.994 Executing VM operation: HandshakeAllThreads done
Event: 3.518 Executing VM operation: ICBufferFull
Event: 3.518 Executing VM operation: ICBufferFull done
Event: 3.804 Executing VM operation: G1CollectForAllocation
Event: 3.830 Executing VM operation: G1CollectForAllocation done
Event: 4.031 Executing VM operation: HandshakeAllThreads
Event: 4.031 Executing VM operation: HandshakeAllThreads done
Event: 4.298 Executing VM operation: HandshakeAllThreads
Event: 4.298 Executing VM operation: HandshakeAllThreads done

Events (20 events):
Event: 4.328 loading class sun/security/jca/ProviderConfig$3 done
Event: 4.329 loading class sun/security/jca/ProviderConfig$ProviderLoader
Event: 4.329 loading class sun/security/jca/ProviderConfig$ProviderLoader done
Event: 4.331 loading class java/security/AuthProvider
Event: 4.331 loading class java/security/AuthProvider done
Event: 4.332 loading class java/security/ProviderException
Event: 4.332 loading class java/security/ProviderException done
Event: 4.332 loading class java/security/PrivilegedActionException
Event: 4.332 loading class java/security/PrivilegedActionException done
Event: 4.333 loading class java/security/InvalidParameterException
Event: 4.333 loading class java/security/InvalidParameterException done
Event: 4.333 loading class javax/security/auth/login/LoginException
Event: 4.333 loading class javax/security/auth/login/LoginException done
Event: 4.333 loading class javax/security/auth/login/FailedLoginException
Event: 4.333 loading class javax/security/auth/login/FailedLoginException done
Event: 4.334 loading class javax/security/auth/Subject
Event: 4.334 loading class javax/security/auth/Subject done
Event: 4.334 loading class javax/security/auth/callback/CallbackHandler
Event: 4.334 loading class javax/security/auth/callback/CallbackHandler done
Event: 4.344 loading class sun/security/util/CurveDB


Dynamic libraries:
0x00007ff7afd00000 - 0x00007ff7afd10000 	C:\Program Files\Java\jdk-17\bin\java.exe
0x00007ff8fbe50000 - 0x00007ff8fc045000 	C:\WINDOWS\SYSTEM32\ntdll.dll
0x00007ff8fa3a0000 - 0x00007ff8fa45d000 	C:\WINDOWS\System32\KERNEL32.DLL
0x00007ff8f9a00000 - 0x00007ff8f9ccd000 	C:\WINDOWS\System32\KERNELBASE.dll
0x00007ff8f97a0000 - 0x00007ff8f98a0000 	C:\WINDOWS\System32\ucrtbase.dll
0x00007ff8d1120000 - 0x00007ff8d113a000 	C:\Program Files\Java\jdk-17\bin\VCRUNTIME140.dll
0x00007ff8f3780000 - 0x00007ff8f3798000 	C:\Program Files\Java\jdk-17\bin\jli.dll
0x00007ff8faca0000 - 0x00007ff8fad4e000 	C:\WINDOWS\System32\ADVAPI32.dll
0x00007ff8fb180000 - 0x00007ff8fb21e000 	C:\WINDOWS\System32\msvcrt.dll
0x00007ff8f9f60000 - 0x00007ff8f9ffc000 	C:\WINDOWS\System32\sechost.dll
0x00007ff8fa990000 - 0x00007ff8faab5000 	C:\WINDOWS\System32\RPCRT4.dll
0x00007ff8faef0000 - 0x00007ff8fb090000 	C:\WINDOWS\System32\USER32.dll
0x00007ff8f99d0000 - 0x00007ff8f99f2000 	C:\WINDOWS\System32\win32u.dll
0x00007ff8fb140000 - 0x00007ff8fb16a000 	C:\WINDOWS\System32\GDI32.dll
0x00007ff8f9660000 - 0x00007ff8f976b000 	C:\WINDOWS\System32\gdi32full.dll
0x00007ff8f98a0000 - 0x00007ff8f993d000 	C:\WINDOWS\System32\msvcp_win.dll
0x00007ff8ea400000 - 0x00007ff8ea69a000 	C:\WINDOWS\WinSxS\amd64_microsoft.windows.common-controls_6595b64144ccf1df_6.0.19041.1110_none_60b5254171f9507e\COMCTL32.dll
0x00007ff8ef400000 - 0x00007ff8ef40a000 	C:\WINDOWS\SYSTEM32\VERSION.dll
0x00007ff8fac70000 - 0x00007ff8faca0000 	C:\WINDOWS\System32\IMM32.DLL
0x00007ff8e7cd0000 - 0x00007ff8e7cdc000 	C:\Program Files\Java\jdk-17\bin\vcruntime140_1.dll
0x00007ff897610000 - 0x00007ff89769d000 	C:\Program Files\Java\jdk-17\bin\msvcp140.dll
0x00007ff897c90000 - 0x00007ff89884e000 	C:\Program Files\Java\jdk-17\bin\server\jvm.dll
0x00007ff8fa120000 - 0x00007ff8fa128000 	C:\WINDOWS\System32\PSAPI.DLL
0x00007ff8e5ea0000 - 0x00007ff8e5ea9000 	C:\WINDOWS\SYSTEM32\WSOCK32.dll
0x00007ff8fae80000 - 0x00007ff8faeeb000 	C:\WINDOWS\System32\WS2_32.dll
0x00007ff8e8f40000 - 0x00007ff8e8f67000 	C:\WINDOWS\SYSTEM32\WINMM.dll
0x00007ff8f7380000 - 0x00007ff8f7392000 	C:\WINDOWS\SYSTEM32\kernel.appcore.dll
0x00007ff8de310000 - 0x00007ff8de31a000 	C:\Program Files\Java\jdk-17\bin\jimage.dll
0x00007ff8f3830000 - 0x00007ff8f3a14000 	C:\WINDOWS\SYSTEM32\DBGHELP.DLL
0x00007ff8f31e0000 - 0x00007ff8f320c000 	C:\WINDOWS\SYSTEM32\dbgcore.DLL
0x00007ff8f9940000 - 0x00007ff8f99c2000 	C:\WINDOWS\System32\bcryptPrimitives.dll
0x00007ff8a3d90000 - 0x00007ff8a3db5000 	C:\Program Files\Java\jdk-17\bin\java.dll
0x00007ff897bb0000 - 0x00007ff897c86000 	C:\Program Files\Java\jdk-17\bin\svml.dll
0x00007ff8fb280000 - 0x00007ff8fb9c4000 	C:\WINDOWS\System32\SHELL32.dll
0x00007ff8f7660000 - 0x00007ff8f7df4000 	C:\WINDOWS\SYSTEM32\windows.storage.dll
0x00007ff8fbab0000 - 0x00007ff8fbe04000 	C:\WINDOWS\System32\combase.dll
0x00007ff8f8fc0000 - 0x00007ff8f8fec000 	C:\WINDOWS\SYSTEM32\Wldp.dll
0x00007ff8fa8e0000 - 0x00007ff8fa98d000 	C:\WINDOWS\System32\SHCORE.dll
0x00007ff8f9ea0000 - 0x00007ff8f9ef5000 	C:\WINDOWS\System32\shlwapi.dll
0x00007ff8f94a0000 - 0x00007ff8f94bf000 	C:\WINDOWS\SYSTEM32\profapi.dll
0x00007ff8c5890000 - 0x00007ff8c58a9000 	C:\Program Files\Java\jdk-17\bin\net.dll
0x00007ff8f41c0000 - 0x00007ff8f42ca000 	C:\WINDOWS\SYSTEM32\WINHTTP.dll
0x00007ff8f8d20000 - 0x00007ff8f8d8a000 	C:\WINDOWS\system32\mswsock.dll
0x00007ff8a40e0000 - 0x00007ff8a40f5000 	C:\Program Files\Java\jdk-17\bin\nio.dll
0x00007ff8a2d90000 - 0x00007ff8a2da8000 	C:\Program Files\Java\jdk-17\bin\zip.dll
0x00007ff8976a0000 - 0x00007ff89782f000 	C:\Program Files\Java\jdk-17\bin\awt.dll
0x00007ff8fa2d0000 - 0x00007ff8fa39d000 	C:\WINDOWS\System32\OLEAUT32.dll
0x00007ff8f6da0000 - 0x00007ff8f6e30000 	C:\WINDOWS\SYSTEM32\apphelp.dll
0x00007ff8f6ee0000 - 0x00007ff8f6f7e000 	C:\WINDOWS\system32\uxtheme.dll
0x00007ff8fa000000 - 0x00007ff8fa115000 	C:\WINDOWS\System32\MSCTF.dll
0x00007ff8fad50000 - 0x00007ff8fae7a000 	C:\WINDOWS\System32\ole32.dll
0x00007ff8f7350000 - 0x00007ff8f737f000 	C:\WINDOWS\system32\DWMAPI.DLL
0x00007ff892ab0000 - 0x00007ff892b39000 	C:\Program Files\Java\jdk-17\bin\freetype.dll
0x00007ff892a00000 - 0x00007ff892aa8000 	C:\Program Files\Java\jdk-17\bin\fontmanager.dll
0x00007ff8da9f0000 - 0x00007ff8dab16000 	C:\WINDOWS\system32\opengl32.dll
0x00007ff8de900000 - 0x00007ff8de92c000 	C:\WINDOWS\SYSTEM32\GLU32.dll
0x00007ff8fa210000 - 0x00007ff8fa2b9000 	C:\WINDOWS\System32\clbcatq.dll
0x00007ff8e6200000 - 0x00007ff8e63b4000 	C:\WINDOWS\SYSTEM32\WindowsCodecs.dll
0x00007ff8f9770000 - 0x00007ff8f9797000 	C:\WINDOWS\System32\bcrypt.dll
0x00007ff8d8090000 - 0x00007ff8d80ce000 	C:\WINDOWS\system32\dataexchange.dll
0x00007ff8f5c60000 - 0x00007ff8f5e45000 	C:\WINDOWS\system32\dcomp.dll
0x00007ff8f5020000 - 0x00007ff8f5284000 	C:\WINDOWS\system32\d3d11.dll
0x00007ff8f7ea0000 - 0x00007ff8f7f93000 	C:\WINDOWS\system32\dxgi.dll
0x00007ff8f2600000 - 0x00007ff8f2801000 	C:\WINDOWS\system32\twinapi.appcore.dll
0x00007ff8f8a10000 - 0x00007ff8f8adb000 	C:\WINDOWS\SYSTEM32\DNSAPI.dll
0x00007ff8f89c0000 - 0x00007ff8f89fb000 	C:\WINDOWS\SYSTEM32\IPHLPAPI.DLL
0x00007ff8fb170000 - 0x00007ff8fb178000 	C:\WINDOWS\System32\NSI.dll
0x00007ff8f0da0000 - 0x00007ff8f0daa000 	C:\Windows\System32\rasadhlp.dll
0x00007ff8ef8b0000 - 0x00007ff8ef930000 	C:\WINDOWS\System32\fwpuclnt.dll

dbghelp: loaded successfully - version: 4.0.5 - missing functions: none
symbol engine: initialized successfully - sym options: 0x614 - pdb path: .;C:\Program Files\Java\jdk-17\bin;C:\WINDOWS\SYSTEM32;C:\WINDOWS\WinSxS\amd64_microsoft.windows.common-controls_6595b64144ccf1df_6.0.19041.1110_none_60b5254171f9507e;C:\Program Files\Java\jdk-17\bin\server

VM Arguments:
java_command: com.mycompany.qarisiqmallar.veneramarket.Main
java_class_path (initial): C:\GitHubProject\VeneraMarket-2\VeneraMarket\target\classes;C:\Users\samil\.m2\repository\org\javapos\javapos\1.14.0\javapos-1.14.0.jar;C:\Users\samil\.m2\repository\net\glxn\qrgen\qrgen-parent\1.4\qrgen-parent-1.4.jar;C:\Users\samil\.m2\repository\com\toedter\jcalendar\1.4\jcalendar-1.4.jar;C:\GitHubProject\VeneraMarket-2\QarisiqMallarDbApp\target\classes;C:\Users\samil\.m2\repository\mysql\mysql-connector-java\8.0.27\mysql-connector-java-8.0.27.jar;C:\Users\samil\.m2\repository\com\google\protobuf\protobuf-java\3.11.4\protobuf-java-3.11.4.jar;C:\Users\samil\.m2\repository\com\itextpdf\itextpdf\5.5.7\itextpdf-5.5.7.jar;C:\Users\samil\.m2\repository\net\sf\barcode4j\barcode4j\2.1\barcode4j-2.1.jar;C:\Users\samil\.m2\repository\avalon-framework\avalon-framework-impl\4.2.0\avalon-framework-impl-4.2.0.jar;C:\Users\samil\.m2\repository\commons-cli\commons-cli\1.0\commons-cli-1.0.jar;C:\Users\samil\.m2\repository\commons-lang\commons-lang\1.0\commons-lang-1.0.jar;C:\Users\samil\.m2\repository\junit\junit\3.7\junit-3.7.jar;C:\Users\samil\.m2\repository\org\apache\ant\ant\1.7.1\ant-1.7.1.jar;C:\Users\samil\.m2\repository\org\apache\ant\ant-launcher\1.7.1\ant-launcher-1.7.1.jar;C:\Users\samil\.m2\repository\org\apache\pdfbox\fontbox\2.0.4\fontbox-2.0.4.jar;C:\Users\samil\.m2\repository\commons-logging\commons-logging\1.2\commons-logging-1.2.jar
Launcher Type: SUN_STANDARD

[Global flags]
     intx CICompilerCount                          = 3                                         {product} {ergonomic}
     uint ConcGCThreads                            = 1                                         {product} {ergonomic}
     uint G1ConcRefinementThreads                  = 4                                         {product} {ergonomic}
   size_t G1HeapRegionSize                         = 1048576                                   {product} {ergonomic}
    uintx GCDrainStackTargetSize                   = 64                                        {product} {ergonomic}
   size_t InitialHeapSize                          = 132120576                                 {product} {ergonomic}
   size_t MarkStackSize                            = 4194304                                   {product} {ergonomic}
   size_t MaxHeapSize                              = 2095054848                                {product} {ergonomic}
   size_t MaxNewSize                               = 1256194048                                {product} {ergonomic}
   size_t MinHeapDeltaBytes                        = 1048576                                   {product} {ergonomic}
   size_t MinHeapSize                              = 8388608                                   {product} {ergonomic}
    uintx NonNMethodCodeHeapSize                   = 5832780                                {pd product} {ergonomic}
    uintx NonProfiledCodeHeapSize                  = 122912730                              {pd product} {ergonomic}
    uintx ProfiledCodeHeapSize                     = 122912730                              {pd product} {ergonomic}
    uintx ReservedCodeCacheSize                    = 251658240                              {pd product} {ergonomic}
     bool SegmentedCodeCache                       = true                                      {product} {ergonomic}
   size_t SoftMaxHeapSize                          = 2095054848                             {manageable} {ergonomic}
     bool UseCompressedClassPointers               = true                           {product lp64_product} {ergonomic}
     bool UseCompressedOops                        = true                           {product lp64_product} {ergonomic}
     bool UseG1GC                                  = true                                      {product} {ergonomic}
     bool UseLargePagesIndividualAllocation        = false                                  {pd product} {ergonomic}

Logging:
Log output configuration:
 #0: stdout all=warning uptime,level,tags
 #1: stderr all=off uptime,level,tags

Environment Variables:
JAVA_HOME=C:\Program Files\Java\jdk-17
PATH=C:\Program Files\Common Files\Oracle\Java\javapath;C:\Program Files (x86)\Common Files\Oracle\Java\javapath;C:\WINDOWS\system32;C:\WINDOWS;C:\WINDOWS\System32\Wbem;C:\WINDOWS\System32\WindowsPowerShell\v1.0\;C:\WINDOWS\System32\OpenSSH\;C:\Program Files\Microsoft SQL Server\130\Tools\Binn\;C:\Program Files\dotnet\;C:\Program Files\Microsoft SQL Server\Client SDK\ODBC\170\Tools\Binn\;C:\Program Files (x86)\dotnet\;C:\Program Files\Java\jdk-17\bin;C:\Program Files (x86)\Java\jre1.8.0_301\bin;C:\Program Files\Java\jdk-17;C:\Program Files\MySQL\MySQL Server 8.0\bin;C:\Program Files\TortoiseGit\bin;C:\Program Files\Git\cmd;C:\Users\samil\AppData\Local\Programs\Python\Python39\Scripts\;C:\Users\samil\AppData\Local\Programs\Python\Python39\;C:\Program Files\MySQL\MySQL Shell 8.0\bin\;C:\Users\samil\AppData\Local\Microsoft\WindowsApps;C:\Users\samil\.dotnet\tools;C:\Program Files\CodeBlocks\MinGW\bin;C:\Users\samil\AppData\Local\GitHubDesktop\bin
USERNAME=samil
OS=Windows_NT
PROCESSOR_IDENTIFIER=Intel64 Family 6 Model 58 Stepping 9, GenuineIntel



---------------  S Y S T E M  ---------------

OS:
 Windows 10 , 64 bit Build 19041 (10.0.19041.1706)
OS uptime: 11 days 11:18 hours

CPU: total 4 (initial active 4) (2 cores per cpu, 2 threads per core) family 6 model 58 stepping 9 microcode 0x21, cx8, cmov, fxsr, ht, mmx, sse, sse2, sse3, ssse3, sse4.1, sse4.2, popcnt, tsc, tscinvbit, avx, aes, erms, clmul, vzeroupper, clflush

Memory: 4k page, system-wide physical 7987M (505M free)
TotalPageFile size 32563M (AvailPageFile size 2M)
current process WorkingSet (physical memory assigned to process): 86M, peak: 86M
current process commit charge ("private bytes"): 228M, peak: 228M

vm_info: Java HotSpot(TM) 64-Bit Server VM (17+35-LTS-2724) for windows-amd64 JRE (17+35-LTS-2724), built on Aug  5 2021 23:28:28 by "mach5one" with MS VC++ 16.8 (VS2019)

END.
