#
# There is insufficient memory for the Java Runtime Environment to continue.
# Native memory allocation (malloc) failed to allocate 1349776 bytes for Chunk::new
# Possible reasons:
#   The system is out of physical RAM or swap space
#   The process is running with CompressedOops enabled, and the Java Heap may be blocking the growth of the native heap
# Possible solutions:
#   Reduce memory load on the system
#   Increase physical memory or swap space
#   Check if swap backing store is full
#   Decrease Java heap size (-Xmx/-Xms)
#   Decrease number of Java threads
#   Decrease Java thread stack sizes (-Xss)
#   Set larger code cache with -XX:ReservedCodeCacheSize=
#   JVM is running with Unscaled Compressed Oops mode in which the Java heap is
#     placed in the first 4GB address space. The Java Heap base address is the
#     maximum limit for the native heap growth. Please use -XX:HeapBaseMinAddress
#     to set the Java Heap base and to place the Java Heap above 4GB virtual address.
# This output file may be truncated or incomplete.
#
#  Out of Memory Error (arena.cpp:189), pid=3064, tid=9356
#
# JRE version: Java(TM) SE Runtime Environment (17.0+35) (build 17+35-LTS-2724)
# Java VM: Java HotSpot(TM) 64-Bit Server VM (17+35-LTS-2724, mixed mode, sharing, tiered, compressed oops, compressed class ptrs, g1 gc, windows-amd64)
# No core dump will be written. Minidumps are not enabled by default on client versions of Windows
#

---------------  S U M M A R Y ------------

Command Line: com.mycompany.qarisiqmallar.veneramarket.Main

Host: Intel(R) Core(TM) i5-3317U CPU @ 1.70GHz, 4 cores, 7G,  Windows 10 , 64 bit Build 19041 (10.0.19041.1566)
Time: Tue Mar 22 15:41:53 2022 Azerbaijan Standard Time elapsed time: 9395.109271 seconds (0d 2h 36m 35s)

---------------  T H R E A D  ---------------

Current thread (0x0000023d7ced1e40):  JavaThread "C2 CompilerThread0" daemon [_thread_in_native, id=9356, stack(0x000000f9f3000000,0x000000f9f3100000)]


Current CompileTask:
C2:9395109 8052       4       javax.swing.plaf.nimbus.AbstractRegionPainter::paint (126 bytes)

Stack: [0x000000f9f3000000,0x000000f9f3100000]
Native frames: (J=compiled Java code, j=interpreted, Vv=VM code, C=native code)
V  [jvm.dll+0x66f8ea]
V  [jvm.dll+0x7ce224]
V  [jvm.dll+0x7cf9ce]
V  [jvm.dll+0x7d0033]
V  [jvm.dll+0x242bb5]
V  [jvm.dll+0xaa05b]
V  [jvm.dll+0xaa5ec]
V  [jvm.dll+0x35f9a2]
V  [jvm.dll+0x329f61]
V  [jvm.dll+0x32940a]
V  [jvm.dll+0x215ca1]
V  [jvm.dll+0x2150c1]
V  [jvm.dll+0x1a168d]
V  [jvm.dll+0x2248f8]
V  [jvm.dll+0x222a5c]
V  [jvm.dll+0x78422b]
V  [jvm.dll+0x77e7ea]
V  [jvm.dll+0x66e715]
C  [ucrtbase.dll+0x21bb2]
C  [KERNEL32.DLL+0x17034]
C  [ntdll.dll+0x52651]


---------------  P R O C E S S  ---------------

Threads class SMR info:
_java_thread_list=0x0000023d0fb56590, length=18, elements={
0x0000023d7ceb5eb0, 0x0000023d7ceb79c0, 0x0000023d7cec96e0, 0x0000023d7cecfa90,
0x0000023d7ced0350, 0x0000023d7ced0910, 0x0000023d7ced1e40, 0x0000023d7ced9fe0,
0x0000023d7cee35d0, 0x0000023d7d98a660, 0x0000023d7d996e00, 0x0000023d7dc5e010,
0x0000023d7dc5eaf0, 0x0000023d7dc5f4e0, 0x0000023d7e7c7010, 0x0000023d6e7e4860,
0x0000023d7ecf48b0, 0x0000023d7ef5a9c0
}

Java Threads: ( => current thread )
  0x0000023d7ceb5eb0 JavaThread "Reference Handler" daemon [_thread_blocked, id=10096, stack(0x000000f9f2a00000,0x000000f9f2b00000)]
  0x0000023d7ceb79c0 JavaThread "Finalizer" daemon [_thread_blocked, id=15304, stack(0x000000f9f2b00000,0x000000f9f2c00000)]
  0x0000023d7cec96e0 JavaThread "Signal Dispatcher" daemon [_thread_blocked, id=3672, stack(0x000000f9f2c00000,0x000000f9f2d00000)]
  0x0000023d7cecfa90 JavaThread "Attach Listener" daemon [_thread_blocked, id=4000, stack(0x000000f9f2d00000,0x000000f9f2e00000)]
  0x0000023d7ced0350 JavaThread "Service Thread" daemon [_thread_blocked, id=2196, stack(0x000000f9f2e00000,0x000000f9f2f00000)]
  0x0000023d7ced0910 JavaThread "Monitor Deflation Thread" daemon [_thread_blocked, id=14572, stack(0x000000f9f2f00000,0x000000f9f3000000)]
=>0x0000023d7ced1e40 JavaThread "C2 CompilerThread0" daemon [_thread_in_native, id=9356, stack(0x000000f9f3000000,0x000000f9f3100000)]
  0x0000023d7ced9fe0 JavaThread "C1 CompilerThread0" daemon [_thread_blocked, id=6692, stack(0x000000f9f3100000,0x000000f9f3200000)]
  0x0000023d7cee35d0 JavaThread "Sweeper thread" daemon [_thread_blocked, id=1104, stack(0x000000f9f3200000,0x000000f9f3300000)]
  0x0000023d7d98a660 JavaThread "Notification Thread" daemon [_thread_blocked, id=15132, stack(0x000000f9f3300000,0x000000f9f3400000)]
  0x0000023d7d996e00 JavaThread "Common-Cleaner" daemon [_thread_blocked, id=6460, stack(0x000000f9f3500000,0x000000f9f3600000)]
  0x0000023d7dc5e010 JavaThread "Java2D Disposer" daemon [_thread_blocked, id=3604, stack(0x000000f9f3600000,0x000000f9f3700000)]
  0x0000023d7dc5eaf0 JavaThread "AWT-Shutdown" [_thread_blocked, id=11844, stack(0x000000f9f3700000,0x000000f9f3800000)]
  0x0000023d7dc5f4e0 JavaThread "AWT-Windows" daemon [_thread_in_native, id=236, stack(0x000000f9f3800000,0x000000f9f3900000)]
  0x0000023d7e7c7010 JavaThread "AWT-EventQueue-0" [_thread_blocked, id=14724, stack(0x000000f9f3900000,0x000000f9f3a00000)]
  0x0000023d6e7e4860 JavaThread "DestroyJavaVM" [_thread_blocked, id=1256, stack(0x000000f9f2300000,0x000000f9f2400000)]
  0x0000023d7ecf48b0 JavaThread "mysql-cj-abandoned-connection-cleanup" daemon [_thread_blocked, id=4496, stack(0x000000f9f3d00000,0x000000f9f3e00000)]
  0x0000023d7ef5a9c0 JavaThread "TimerQueue" daemon [_thread_blocked, id=4936, stack(0x000000f9f4400000,0x000000f9f4500000)]

Other Threads:
  0x0000023d7ceade40 VMThread "VM Thread" [stack: 0x000000f9f2900000,0x000000f9f2a00000] [id=9008]
  0x0000023d7d990b50 WatcherThread [stack: 0x000000f9f3400000,0x000000f9f3500000] [id=5728]
  0x0000023d6e81e0b0 GCTaskThread "GC Thread#0" [stack: 0x000000f9f2400000,0x000000f9f2500000] [id=3584]
  0x0000023d7eceaa20 GCTaskThread "GC Thread#1" [stack: 0x000000f9f3e00000,0x000000f9f3f00000] [id=10216]
  0x0000023d7ece8c50 GCTaskThread "GC Thread#2" [stack: 0x000000f9f3f00000,0x000000f9f4000000] [id=1336]
  0x0000023d7ece8f00 GCTaskThread "GC Thread#3" [stack: 0x000000f9f4000000,0x000000f9f4100000] [id=4524]
  0x0000023d6e82e9b0 ConcurrentGCThread "G1 Main Marker" [stack: 0x000000f9f2500000,0x000000f9f2600000] [id=6056]
  0x0000023d6e8303d0 ConcurrentGCThread "G1 Conc#0" [stack: 0x000000f9f2600000,0x000000f9f2700000] [id=916]
  0x0000023d6e8a81f0 ConcurrentGCThread "G1 Refine#0" [stack: 0x000000f9f2700000,0x000000f9f2800000] [id=9164]
  0x0000023d7ee6db10 ConcurrentGCThread "G1 Refine#1" [stack: 0x000000f9f4100000,0x000000f9f4200000] [id=2704]
  0x0000023d7ed6b640 ConcurrentGCThread "G1 Refine#2" [stack: 0x000000f9f4200000,0x000000f9f4300000] [id=11324]
  0x0000023d6e8a8c10 ConcurrentGCThread "G1 Service" [stack: 0x000000f9f2800000,0x000000f9f2900000] [id=9240]

Threads with active compile tasks:
C2 CompilerThread0  9395163 8052       4       javax.swing.plaf.nimbus.AbstractRegionPainter::paint (126 bytes)

VM state: not at safepoint (normal execution)

VM Mutex/Monitor currently owned by a thread: None

Heap address: 0x0000000083200000, size: 1998 MB, Compressed Oops mode: 32-bit

CDS archive(s) mapped at: [0x0000000800000000-0x0000000800bc0000-0x0000000800bc0000), size 12320768, SharedBaseAddress: 0x0000000800000000, ArchiveRelocationMode: 0.
Compressed class space mapped at: 0x0000000800c00000-0x0000000840c00000, reserved size: 1073741824
Narrow klass base: 0x0000000800000000, Narrow klass shift: 0, Narrow klass range: 0x100000000

GC Precious Log:
 CPUs: 4 total, 4 available
 Memory: 7987M
 Large Page Support: Disabled
 NUMA Support: Disabled
 Compressed Oops: Enabled (32-bit)
 Heap Region Size: 1M
 Heap Min Capacity: 8M
 Heap Initial Capacity: 126M
 Heap Max Capacity: 1998M
 Pre-touch: Disabled
 Parallel Workers: 4
 Concurrent Workers: 1
 Concurrent Refinement Workers: 4
 Periodic GC: Disabled

Heap:
 garbage-first heap   total 68608K, used 35453K [0x0000000083200000, 0x0000000100000000)
  region size 1024K, 11 young (11264K), 2 survivors (2048K)
 Metaspace       used 26216K, committed 26432K, reserved 1073152K
  class space    used 2786K, committed 2880K, reserved 1048576K

Heap Regions: E=young(eden), S=young(survivor), O=old, HS=humongous(starts), HC=humongous(continues), CS=collection set, F=free, OA=open archive, CA=closed archive, TAMS=top-at-mark-start (previous, next)
|   0|0x0000000083200000, 0x0000000083300000, 0x0000000083300000|100%| O|  |TAMS 0x0000000083300000, 0x0000000083200000| Untracked 
|   1|0x0000000083300000, 0x0000000083400000, 0x0000000083400000|100%| O|  |TAMS 0x0000000083400000, 0x0000000083300000| Untracked 
|   2|0x0000000083400000, 0x0000000083500000, 0x0000000083500000|100%| O|  |TAMS 0x0000000083500000, 0x0000000083400000| Untracked 
|   3|0x0000000083500000, 0x0000000083600000, 0x0000000083600000|100%| O|  |TAMS 0x0000000083600000, 0x0000000083500000| Untracked 
|   4|0x0000000083600000, 0x0000000083700000, 0x0000000083700000|100%| O|  |TAMS 0x0000000083600000, 0x0000000083600000| Untracked 
|   5|0x0000000083700000, 0x0000000083800000, 0x0000000083800000|100%|HS|  |TAMS 0x0000000083800000, 0x0000000083700000| Complete 
|   6|0x0000000083800000, 0x0000000083900000, 0x0000000083900000|100%|HC|  |TAMS 0x0000000083900000, 0x0000000083800000| Complete 
|   7|0x0000000083900000, 0x0000000083a00000, 0x0000000083a00000|100%|HC|  |TAMS 0x0000000083a00000, 0x0000000083900000| Complete 
|   8|0x0000000083a00000, 0x0000000083b00000, 0x0000000083b00000|100%|HC|  |TAMS 0x0000000083b00000, 0x0000000083a00000| Complete 
|   9|0x0000000083b00000, 0x0000000083c00000, 0x0000000083c00000|100%| O|  |TAMS 0x0000000083b00000, 0x0000000083b00000| Untracked 
|  10|0x0000000083c00000, 0x0000000083d00000, 0x0000000083d00000|100%| O|  |TAMS 0x0000000083c00000, 0x0000000083c00000| Untracked 
|  11|0x0000000083d00000, 0x0000000083e00000, 0x0000000083e00000|100%| O|  |TAMS 0x0000000083d00000, 0x0000000083d00000| Untracked 
|  12|0x0000000083e00000, 0x0000000083f00000, 0x0000000083f00000|100%| O|  |TAMS 0x0000000083e00000, 0x0000000083e00000| Untracked 
|  13|0x0000000083f00000, 0x0000000084000000, 0x0000000084000000|100%| O|  |TAMS 0x0000000083f00000, 0x0000000083f00000| Untracked 
|  14|0x0000000084000000, 0x0000000084100000, 0x0000000084100000|100%| O|  |TAMS 0x0000000084000000, 0x0000000084000000| Untracked 
|  15|0x0000000084100000, 0x0000000084200000, 0x0000000084200000|100%|HS|  |TAMS 0x0000000084100000, 0x0000000084100000| Complete 
|  16|0x0000000084200000, 0x0000000084300000, 0x0000000084300000|100%|HC|  |TAMS 0x0000000084200000, 0x0000000084200000| Complete 
|  17|0x0000000084300000, 0x0000000084400000, 0x0000000084400000|100%|HC|  |TAMS 0x0000000084300000, 0x0000000084300000| Complete 
|  18|0x0000000084400000, 0x0000000084500000, 0x0000000084500000|100%|HC|  |TAMS 0x0000000084400000, 0x0000000084400000| Complete 
|  19|0x0000000084500000, 0x0000000084600000, 0x0000000084600000|100%| O|  |TAMS 0x0000000084500000, 0x0000000084500000| Untracked 
|  20|0x0000000084600000, 0x0000000084700000, 0x0000000084700000|100%|HS|  |TAMS 0x0000000084700000, 0x0000000084600000| Complete 
|  21|0x0000000084700000, 0x0000000084800000, 0x0000000084800000|100%|HC|  |TAMS 0x0000000084800000, 0x0000000084700000| Complete 
|  22|0x0000000084800000, 0x0000000084900000, 0x0000000084900000|100%|HC|  |TAMS 0x0000000084900000, 0x0000000084800000| Complete 
|  23|0x0000000084900000, 0x0000000084a00000, 0x0000000084a00000|100%|HC|  |TAMS 0x0000000084a00000, 0x0000000084900000| Complete 
|  24|0x0000000084a00000, 0x0000000084ad6e00, 0x0000000084b00000| 83%| O|  |TAMS 0x0000000084a00000, 0x0000000084a00000| Untracked 
|  25|0x0000000084b00000, 0x0000000084b00000, 0x0000000084c00000|  0%| F|  |TAMS 0x0000000084b00000, 0x0000000084b00000| Untracked 
|  26|0x0000000084c00000, 0x0000000084c00000, 0x0000000084d00000|  0%| F|  |TAMS 0x0000000084c00000, 0x0000000084c00000| Untracked 
|  27|0x0000000084d00000, 0x0000000084d00000, 0x0000000084e00000|  0%| F|  |TAMS 0x0000000084d00000, 0x0000000084d00000| Untracked 
|  28|0x0000000084e00000, 0x0000000084e00000, 0x0000000084f00000|  0%| F|  |TAMS 0x0000000084e00000, 0x0000000084e00000| Untracked 
|  29|0x0000000084f00000, 0x0000000084f00000, 0x0000000085000000|  0%| F|  |TAMS 0x0000000084f00000, 0x0000000084f00000| Untracked 
|  30|0x0000000085000000, 0x0000000085000000, 0x0000000085100000|  0%| F|  |TAMS 0x0000000085000000, 0x0000000085000000| Untracked 
|  31|0x0000000085100000, 0x0000000085100000, 0x0000000085200000|  0%| F|  |TAMS 0x0000000085100000, 0x0000000085100000| Untracked 
|  32|0x0000000085200000, 0x00000000852c87d0, 0x0000000085300000| 78%| S|CS|TAMS 0x0000000085200000, 0x0000000085200000| Complete 
|  33|0x0000000085300000, 0x0000000085400000, 0x0000000085400000|100%| S|CS|TAMS 0x0000000085300000, 0x0000000085300000| Complete 
|  34|0x0000000085400000, 0x0000000085400000, 0x0000000085500000|  0%| F|  |TAMS 0x0000000085400000, 0x0000000085400000| Untracked 
|  35|0x0000000085500000, 0x0000000085500000, 0x0000000085600000|  0%| F|  |TAMS 0x0000000085500000, 0x0000000085500000| Untracked 
|  36|0x0000000085600000, 0x0000000085600000, 0x0000000085700000|  0%| F|  |TAMS 0x0000000085600000, 0x0000000085600000| Untracked 
|  37|0x0000000085700000, 0x0000000085700000, 0x0000000085800000|  0%| F|  |TAMS 0x0000000085700000, 0x0000000085700000| Untracked 
|  38|0x0000000085800000, 0x0000000085800000, 0x0000000085900000|  0%| F|  |TAMS 0x0000000085800000, 0x0000000085800000| Untracked 
|  39|0x0000000085900000, 0x0000000085900000, 0x0000000085a00000|  0%| F|  |TAMS 0x0000000085900000, 0x0000000085900000| Untracked 
|  40|0x0000000085a00000, 0x0000000085a00000, 0x0000000085b00000|  0%| F|  |TAMS 0x0000000085a00000, 0x0000000085a00000| Untracked 
|  41|0x0000000085b00000, 0x0000000085b00000, 0x0000000085c00000|  0%| F|  |TAMS 0x0000000085b00000, 0x0000000085b00000| Untracked 
|  42|0x0000000085c00000, 0x0000000085c00000, 0x0000000085d00000|  0%| F|  |TAMS 0x0000000085c00000, 0x0000000085c00000| Untracked 
|  43|0x0000000085d00000, 0x0000000085d00000, 0x0000000085e00000|  0%| F|  |TAMS 0x0000000085d00000, 0x0000000085d00000| Untracked 
|  44|0x0000000085e00000, 0x0000000085e00000, 0x0000000085f00000|  0%| F|  |TAMS 0x0000000085e00000, 0x0000000085e00000| Untracked 
|  45|0x0000000085f00000, 0x0000000085f00000, 0x0000000086000000|  0%| F|  |TAMS 0x0000000085f00000, 0x0000000085f00000| Untracked 
|  46|0x0000000086000000, 0x0000000086000000, 0x0000000086100000|  0%| F|  |TAMS 0x0000000086000000, 0x0000000086000000| Untracked 
|  47|0x0000000086100000, 0x0000000086100000, 0x0000000086200000|  0%| F|  |TAMS 0x0000000086100000, 0x0000000086100000| Untracked 
|  48|0x0000000086200000, 0x0000000086200000, 0x0000000086300000|  0%| F|  |TAMS 0x0000000086200000, 0x0000000086200000| Untracked 
|  49|0x0000000086300000, 0x0000000086300000, 0x0000000086400000|  0%| F|  |TAMS 0x0000000086300000, 0x0000000086300000| Untracked 
|  50|0x0000000086400000, 0x0000000086400000, 0x0000000086500000|  0%| F|  |TAMS 0x0000000086400000, 0x0000000086400000| Untracked 
|  51|0x0000000086500000, 0x0000000086500000, 0x0000000086600000|  0%| F|  |TAMS 0x0000000086500000, 0x0000000086500000| Untracked 
|  52|0x0000000086600000, 0x0000000086600000, 0x0000000086700000|  0%| F|  |TAMS 0x0000000086600000, 0x0000000086600000| Untracked 
|  53|0x0000000086700000, 0x0000000086700000, 0x0000000086800000|  0%| F|  |TAMS 0x0000000086700000, 0x0000000086700000| Untracked 
|  54|0x0000000086800000, 0x0000000086800000, 0x0000000086900000|  0%| F|  |TAMS 0x0000000086800000, 0x0000000086800000| Untracked 
|  55|0x0000000086900000, 0x0000000086900000, 0x0000000086a00000|  0%| F|  |TAMS 0x0000000086900000, 0x0000000086900000| Untracked 
|  56|0x0000000086a00000, 0x0000000086a00000, 0x0000000086b00000|  0%| F|  |TAMS 0x0000000086a00000, 0x0000000086a00000| Untracked 
|  57|0x0000000086b00000, 0x0000000086b00000, 0x0000000086c00000|  0%| F|  |TAMS 0x0000000086b00000, 0x0000000086b00000| Untracked 
|  58|0x0000000086c00000, 0x0000000086d00000, 0x0000000086d00000|100%| E|  |TAMS 0x0000000086c00000, 0x0000000086c00000| Complete 
|  59|0x0000000086d00000, 0x0000000086e00000, 0x0000000086e00000|100%| E|CS|TAMS 0x0000000086d00000, 0x0000000086d00000| Complete 
|  60|0x0000000086e00000, 0x0000000086f00000, 0x0000000086f00000|100%| E|CS|TAMS 0x0000000086e00000, 0x0000000086e00000| Complete 
|  61|0x0000000086f00000, 0x0000000087000000, 0x0000000087000000|100%| E|CS|TAMS 0x0000000086f00000, 0x0000000086f00000| Complete 
|  62|0x0000000087000000, 0x0000000087100000, 0x0000000087100000|100%| E|CS|TAMS 0x0000000087000000, 0x0000000087000000| Complete 
| 107|0x0000000089d00000, 0x0000000089e00000, 0x0000000089e00000|100%| E|CS|TAMS 0x0000000089d00000, 0x0000000089d00000| Complete 
| 108|0x0000000089e00000, 0x0000000089f00000, 0x0000000089f00000|100%| E|CS|TAMS 0x0000000089e00000, 0x0000000089e00000| Complete 
| 109|0x0000000089f00000, 0x000000008a000000, 0x000000008a000000|100%| E|CS|TAMS 0x0000000089f00000, 0x0000000089f00000| Complete 
| 125|0x000000008af00000, 0x000000008b000000, 0x000000008b000000|100%| E|CS|TAMS 0x000000008af00000, 0x000000008af00000| Complete 

Card table byte_map: [0x0000023d763e0000,0x0000023d767d0000] _byte_map_base: 0x0000023d75fc7000

Marking Bits (Prev, Next): (CMBitMap*) 0x0000023d6e81e700, (CMBitMap*) 0x0000023d6e81e6c0
 Prev Bits: [0x0000023d78b00000, 0x0000023d7aa38000)
 Next Bits: [0x0000023d76bc0000, 0x0000023d78af8000)

Polling page: 0x0000023d6c990000

Metaspace:

Usage:
  Non-class:     22.88 MB used.
      Class:      2.72 MB used.
       Both:     25.60 MB used.

Virtual space:
  Non-class space:       24.00 MB reserved,      23.00 MB ( 96%) committed,  3 nodes.
      Class space:        1.00 GB reserved,       2.81 MB ( <1%) committed,  1 nodes.
             Both:        1.02 GB reserved,      25.81 MB (  2%) committed. 

Chunk freelists:
   Non-Class:  781.00 KB
       Class:  1.08 MB
        Both:  1.84 MB

MaxMetaspaceSize: unlimited
CompressedClassSpaceSize: 1.00 GB
Initial GC threshold: 21.00 MB
Current GC threshold: 35.12 MB
CDS: on
MetaspaceReclaimPolicy: balanced
 - commit_granule_bytes: 65536.
 - commit_granule_words: 8192.
 - virtual_space_node_default_size: 1048576.
 - enlarge_chunks_in_place: 1.
 - new_chunks_are_fully_committed: 0.
 - uncommit_free_chunks: 1.
 - use_allocation_guard: 0.
 - handle_deallocations: 1.


Internal statistics:

num_allocs_failed_limit: 3.
num_arena_births: 182.
num_arena_deaths: 0.
num_vsnodes_births: 4.
num_vsnodes_deaths: 0.
num_space_committed: 413.
num_space_uncommitted: 0.
num_chunks_returned_to_freelist: 3.
num_chunks_taken_from_freelist: 504.
num_chunk_merges: 3.
num_chunk_splits: 279.
num_chunks_enlarged: 150.
num_purges: 0.
num_inconsistent_stats: 0.

CodeHeap 'non-profiled nmethods': size=120000Kb used=6549Kb max_used=6549Kb free=113450Kb
 bounds [0x0000023d07ad0000, 0x0000023d08140000, 0x0000023d0f000000]
CodeHeap 'profiled nmethods': size=120000Kb used=11906Kb max_used=12294Kb free=108093Kb
 bounds [0x0000023d005a0000, 0x0000023d011c0000, 0x0000023d07ad0000]
CodeHeap 'non-nmethods': size=5760Kb used=1421Kb max_used=1463Kb free=4338Kb
 bounds [0x0000023d00000000, 0x0000023d00270000, 0x0000023d005a0000]
 total_blobs=7292 nmethods=6524 adapters=678
 compilation: enabled
              stopped_count=0, restarted_count=0
 full_count=0

Compilation events (20 events):
Event: 9015.698 Thread 0x0000023d7ced1e40 nmethod 8042 0x0000023d08123590 code [0x0000023d08123a00, 0x0000023d08128328]
Event: 9127.685 Thread 0x0000023d7ced9fe0 8043 %     3       java.awt.EventDispatchThread::pumpEventsForFilter @ 10 (47 bytes)
Event: 9127.686 Thread 0x0000023d7ced9fe0 nmethod 8043% 0x0000023d00a4b710 code [0x0000023d00a4b900, 0x0000023d00a4be78]
Event: 9148.576 Thread 0x0000023d7ced1e40 8044       4       sun.font.TrueTypeGlyphMapper::charToGlyph (8 bytes)
Event: 9148.589 Thread 0x0000023d7ced1e40 nmethod 8044 0x0000023d0812b410 code [0x0000023d0812b5e0, 0x0000023d0812bab8]
Event: 9162.852 Thread 0x0000023d7ced1e40 8045       4       sun.font.FileFontStrike::getCodePointAdvance (13 bytes)
Event: 9162.866 Thread 0x0000023d7ced1e40 nmethod 8045 0x0000023d0812c010 code [0x0000023d0812c1e0, 0x0000023d0812c768]
Event: 9185.244 Thread 0x0000023d7ced1e40 8046       4       sun.font.TrueTypeFont::getMapper (24 bytes)
Event: 9185.253 Thread 0x0000023d7ced1e40 nmethod 8046 0x0000023d0812cd90 code [0x0000023d0812cf40, 0x0000023d0812d350]
Event: 9281.930 Thread 0x0000023d7ced1e40 8047       4       sun.font.FontDesignMetrics::stringWidth (155 bytes)
Event: 9281.973 Thread 0x0000023d7ced1e40 nmethod 8047 0x0000023d0812d590 code [0x0000023d0812d860, 0x0000023d0812f1b0]
Event: 9314.010 Thread 0x0000023d7ced1e40 8048       4       sun.font.FileFontStrike::getGlyphAdvance (397 bytes)
Event: 9314.059 Thread 0x0000023d7ced1e40 nmethod 8048 0x0000023d08130690 code [0x0000023d08130920, 0x0000023d081319a8]
Event: 9330.818 Thread 0x0000023d7ced1e40 8049   !   4       javax.swing.plaf.nimbus.ImageCache::getImage (122 bytes)
Event: 9330.925 Thread 0x0000023d7ced1e40 nmethod 8049 0x0000023d08132810 code [0x0000023d08132aa0, 0x0000023d08134550]
Event: 9347.652 Thread 0x0000023d7ced9fe0 8050 % !   3       sun.java2d.Disposer::run @ 0 (53 bytes)
Event: 9347.653 Thread 0x0000023d7ced9fe0 nmethod 8050% 0x0000023d00d04b90 code [0x0000023d00d04da0, 0x0000023d00d05538]
Event: 9388.333 Thread 0x0000023d7ced9fe0 8051       3       java.awt.EventDispatchThread::pumpEventsForFilter (47 bytes)
Event: 9388.334 Thread 0x0000023d7ced9fe0 nmethod 8051 0x0000023d00d04390 code [0x0000023d00d04580, 0x0000023d00d04a38]
Event: 9394.970 Thread 0x0000023d7ced1e40 8052       4       javax.swing.plaf.nimbus.AbstractRegionPainter::paint (126 bytes)

GC Heap History (20 events):
Event: 6981.151 GC heap before
{Heap before GC invocations=47 (full 0):
 garbage-first heap   total 68608K, used 60587K [0x0000000083200000, 0x0000000100000000)
  region size 1024K, 33 young (33792K), 4 survivors (4096K)
 Metaspace       used 25737K, committed 25984K, reserved 1073152K
  class space    used 2751K, committed 2880K, reserved 1048576K
}
Event: 6981.157 GC heap after
{Heap after GC invocations=48 (full 0):
 garbage-first heap   total 68608K, used 30382K [0x0000000083200000, 0x0000000100000000)
  region size 1024K, 3 young (3072K), 3 survivors (3072K)
 Metaspace       used 25737K, committed 25984K, reserved 1073152K
  class space    used 2751K, committed 2880K, reserved 1048576K
}
Event: 7012.098 GC heap before
{Heap before GC invocations=48 (full 0):
 garbage-first heap   total 68608K, used 57006K [0x0000000083200000, 0x0000000100000000)
  region size 1024K, 29 young (29696K), 3 survivors (3072K)
 Metaspace       used 25749K, committed 25984K, reserved 1073152K
  class space    used 2751K, committed 2880K, reserved 1048576K
}
Event: 7012.101 GC heap after
{Heap after GC invocations=49 (full 0):
 garbage-first heap   total 68608K, used 26129K [0x0000000083200000, 0x0000000100000000)
  region size 1024K, 2 young (2048K), 2 survivors (2048K)
 Metaspace       used 25749K, committed 25984K, reserved 1073152K
  class space    used 2751K, committed 2880K, reserved 1048576K
}
Event: 7135.980 GC heap before
{Heap before GC invocations=49 (full 0):
 garbage-first heap   total 68608K, used 57873K [0x0000000083200000, 0x0000000100000000)
  region size 1024K, 33 young (33792K), 2 survivors (2048K)
 Metaspace       used 25760K, committed 25984K, reserved 1073152K
  class space    used 2751K, committed 2880K, reserved 1048576K
}
Event: 7135.983 GC heap after
{Heap after GC invocations=50 (full 0):
 garbage-first heap   total 68608K, used 26224K [0x0000000083200000, 0x0000000100000000)
  region size 1024K, 3 young (3072K), 3 survivors (3072K)
 Metaspace       used 25760K, committed 25984K, reserved 1073152K
  class space    used 2751K, committed 2880K, reserved 1048576K
}
Event: 7232.933 GC heap before
{Heap before GC invocations=50 (full 0):
 garbage-first heap   total 68608K, used 61040K [0x0000000083200000, 0x0000000100000000)
  region size 1024K, 33 young (33792K), 3 survivors (3072K)
 Metaspace       used 26038K, committed 26240K, reserved 1073152K
  class space    used 2786K, committed 2880K, reserved 1048576K
}
Event: 7232.938 GC heap after
{Heap after GC invocations=51 (full 0):
 garbage-first heap   total 68608K, used 31171K [0x0000000083200000, 0x0000000100000000)
  region size 1024K, 3 young (3072K), 3 survivors (3072K)
 Metaspace       used 26038K, committed 26240K, reserved 1073152K
  class space    used 2786K, committed 2880K, reserved 1048576K
}
Event: 7292.265 GC heap before
{Heap before GC invocations=51 (full 0):
 garbage-first heap   total 68608K, used 57795K [0x0000000083200000, 0x0000000100000000)
  region size 1024K, 29 young (29696K), 3 survivors (3072K)
 Metaspace       used 26121K, committed 26304K, reserved 1073152K
  class space    used 2786K, committed 2880K, reserved 1048576K
}
Event: 7292.270 GC heap after
{Heap after GC invocations=52 (full 0):
 garbage-first heap   total 68608K, used 27477K [0x0000000083200000, 0x0000000100000000)
  region size 1024K, 2 young (2048K), 2 survivors (2048K)
 Metaspace       used 26121K, committed 26304K, reserved 1073152K
  class space    used 2786K, committed 2880K, reserved 1048576K
}
Event: 8780.091 GC heap before
{Heap before GC invocations=52 (full 0):
 garbage-first heap   total 68608K, used 58197K [0x0000000083200000, 0x0000000100000000)
  region size 1024K, 32 young (32768K), 2 survivors (2048K)
 Metaspace       used 26147K, committed 26368K, reserved 1073152K
  class space    used 2786K, committed 2880K, reserved 1048576K
}
Event: 8780.094 GC heap after
{Heap after GC invocations=53 (full 0):
 garbage-first heap   total 68608K, used 27430K [0x0000000083200000, 0x0000000100000000)
  region size 1024K, 2 young (2048K), 2 survivors (2048K)
 Metaspace       used 26147K, committed 26368K, reserved 1073152K
  class space    used 2786K, committed 2880K, reserved 1048576K
}
Event: 8835.181 GC heap before
{Heap before GC invocations=53 (full 0):
 garbage-first heap   total 68608K, used 58150K [0x0000000083200000, 0x0000000100000000)
  region size 1024K, 32 young (32768K), 2 survivors (2048K)
 Metaspace       used 26212K, committed 26432K, reserved 1073152K
  class space    used 2786K, committed 2880K, reserved 1048576K
}
Event: 8835.184 GC heap after
{Heap after GC invocations=54 (full 0):
 garbage-first heap   total 68608K, used 27483K [0x0000000083200000, 0x0000000100000000)
  region size 1024K, 2 young (2048K), 2 survivors (2048K)
 Metaspace       used 26212K, committed 26432K, reserved 1073152K
  class space    used 2786K, committed 2880K, reserved 1048576K
}
Event: 9006.634 GC heap before
{Heap before GC invocations=54 (full 0):
 garbage-first heap   total 68608K, used 58203K [0x0000000083200000, 0x0000000100000000)
  region size 1024K, 32 young (32768K), 2 survivors (2048K)
 Metaspace       used 26212K, committed 26432K, reserved 1073152K
  class space    used 2786K, committed 2880K, reserved 1048576K
}
Event: 9006.638 GC heap after
{Heap after GC invocations=55 (full 0):
 garbage-first heap   total 68608K, used 27568K [0x0000000083200000, 0x0000000100000000)
  region size 1024K, 3 young (3072K), 3 survivors (3072K)
 Metaspace       used 26212K, committed 26432K, reserved 1073152K
  class space    used 2786K, committed 2880K, reserved 1048576K
}
Event: 9171.521 GC heap before
{Heap before GC invocations=55 (full 0):
 garbage-first heap   total 68608K, used 57264K [0x0000000083200000, 0x0000000100000000)
  region size 1024K, 32 young (32768K), 3 survivors (3072K)
 Metaspace       used 26215K, committed 26432K, reserved 1073152K
  class space    used 2786K, committed 2880K, reserved 1048576K
}
Event: 9171.525 GC heap after
{Heap after GC invocations=56 (full 0):
 garbage-first heap   total 68608K, used 27383K [0x0000000083200000, 0x0000000100000000)
  region size 1024K, 2 young (2048K), 2 survivors (2048K)
 Metaspace       used 26215K, committed 26432K, reserved 1073152K
  class space    used 2786K, committed 2880K, reserved 1048576K
}
Event: 9347.648 GC heap before
{Heap before GC invocations=56 (full 0):
 garbage-first heap   total 68608K, used 59127K [0x0000000083200000, 0x0000000100000000)
  region size 1024K, 33 young (33792K), 2 survivors (2048K)
 Metaspace       used 26215K, committed 26432K, reserved 1073152K
  class space    used 2786K, committed 2880K, reserved 1048576K
}
Event: 9347.651 GC heap after
{Heap after GC invocations=57 (full 0):
 garbage-first heap   total 68608K, used 27261K [0x0000000083200000, 0x0000000100000000)
  region size 1024K, 2 young (2048K), 2 survivors (2048K)
 Metaspace       used 26215K, committed 26432K, reserved 1073152K
  class space    used 2786K, committed 2880K, reserved 1048576K
}

Deoptimization events (20 events):
Event: 7290.765 Thread 0x0000023d7e7c7010 Uncommon trap: trap_request=0xffffff45 fr.pc=0x0000023d080794b0 relative=0x00000000000001d0
Event: 7290.765 Thread 0x0000023d7e7c7010 Uncommon trap: reason=unstable_if action=reinterpret pc=0x0000023d080794b0 method=jdk.internal.math.FloatingDecimal$ASCIIToBinaryBuffer.doubleValue()D @ 68 c2
Event: 7290.765 Thread 0x0000023d7e7c7010 DEOPT PACKING pc=0x0000023d080794b0 sp=0x000000f9f39fe7a0
Event: 7290.765 Thread 0x0000023d7e7c7010 DEOPT UNPACKING pc=0x0000023d000523a3 sp=0x000000f9f39fe650 mode 2
Event: 7290.773 Thread 0x0000023d7e7c7010 DEOPT PACKING pc=0x0000023d00c668fa sp=0x000000f9f39fe0b0
Event: 7290.773 Thread 0x0000023d7e7c7010 DEOPT UNPACKING pc=0x0000023d00052b43 sp=0x000000f9f39fd560 mode 0
Event: 7292.254 Thread 0x0000023d7e7c7010 Uncommon trap: trap_request=0xffffff45 fr.pc=0x0000023d080a5c78 relative=0x0000000000003758
Event: 7292.254 Thread 0x0000023d7e7c7010 Uncommon trap: reason=unstable_if action=reinterpret pc=0x0000023d080a5c78 method=java.text.DecimalFormat.subformatNumber(Ljava/lang/StringBuffer;Ljava/text/Format$FieldDelegate;ZZIIII)V @ 1041 c2
Event: 7292.254 Thread 0x0000023d7e7c7010 DEOPT PACKING pc=0x0000023d080a5c78 sp=0x000000f9f39fe630
Event: 7292.254 Thread 0x0000023d7e7c7010 DEOPT UNPACKING pc=0x0000023d000523a3 sp=0x000000f9f39fe580 mode 2
Event: 7307.874 Thread 0x0000023d7e7c7010 Uncommon trap: trap_request=0xffffff45 fr.pc=0x0000023d07fc74a4 relative=0x00000000000005c4
Event: 7307.874 Thread 0x0000023d7e7c7010 Uncommon trap: reason=unstable_if action=reinterpret pc=0x0000023d07fc74a4 method=javax.swing.text.PlainView.drawElement(ILjavax/swing/text/Element;Ljava/awt/Graphics;FF)F @ 177 c2
Event: 7307.874 Thread 0x0000023d7e7c7010 DEOPT PACKING pc=0x0000023d07fc74a4 sp=0x000000f9f39fe990
Event: 7307.874 Thread 0x0000023d7e7c7010 DEOPT UNPACKING pc=0x0000023d000523a3 sp=0x000000f9f39fe910 mode 2
Event: 8767.410 Thread 0x0000023d7e7c7010 Uncommon trap: trap_request=0xffffff45 fr.pc=0x0000023d07eec9a4 relative=0x0000000000000c84
Event: 8767.410 Thread 0x0000023d7e7c7010 Uncommon trap: reason=unstable_if action=reinterpret pc=0x0000023d07eec9a4 method=java.awt.Container.findComponentAtImpl(IIZ)Ljava/awt/Component; @ 6 c2
Event: 8767.411 Thread 0x0000023d7e7c7010 DEOPT PACKING pc=0x0000023d07eec9a4 sp=0x000000f9f39ff0e0
Event: 8767.411 Thread 0x0000023d7e7c7010 DEOPT UNPACKING pc=0x0000023d000523a3 sp=0x000000f9f39fef10 mode 2
Event: 8810.158 Thread 0x0000023d7e7c7010 DEOPT PACKING pc=0x0000023d00d2c0a6 sp=0x000000f9f39fd870
Event: 8810.158 Thread 0x0000023d7e7c7010 DEOPT UNPACKING pc=0x0000023d00052b43 sp=0x000000f9f39fcd98 mode 0

Classes unloaded (0 events):
No events

Classes redefined (0 events):
No events

Internal exceptions (20 events):
Event: 58.353 Thread 0x0000023d7e7c7010 Exception <a 'java/io/IOException'{0x0000000086ad13e0}> (0x0000000086ad13e0) 
thrown [t:\workspace\open\src\hotspot\share\prims\jni.cpp, line 516]
Event: 72.283 Thread 0x0000023d7e7c7010 Exception <a 'java/lang/NoSuchMethodError'{0x000000008628d6c0}: 'int java.lang.invoke.DirectMethodHandle$Holder.invokeStatic(java.lang.Object)'> (0x000000008628d6c0) 
thrown [t:\workspace\open\src\hotspot\share\interpreter\linkResolver.cpp, line 766]
Event: 132.181 Thread 0x0000023d7e7c7010 Exception <a 'java/io/IOException'{0x0000000086443e18}> (0x0000000086443e18) 
thrown [t:\workspace\open\src\hotspot\share\prims\jni.cpp, line 516]
Event: 951.645 Thread 0x0000023d7e7c7010 Implicit null exception at 0x0000023d07c7fc3e to 0x0000023d07c84754
Event: 954.608 Thread 0x0000023d7e7c7010 Implicit null exception at 0x0000023d07d8b9f4 to 0x0000023d07d8c088
Event: 954.608 Thread 0x0000023d7e7c7010 Implicit null exception at 0x0000023d07ddc398 to 0x0000023d07ddc454
Event: 954.609 Thread 0x0000023d7e7c7010 Implicit null exception at 0x0000023d07ddc860 to 0x0000023d07ddc8dc
Event: 954.616 Thread 0x0000023d7e7c7010 Implicit null exception at 0x0000023d07becc98 to 0x0000023d07becd54
Event: 954.616 Thread 0x0000023d7e7c7010 Implicit null exception at 0x0000023d07aef160 to 0x0000023d07aef1dc
Event: 1406.888 Thread 0x0000023d7e7c7010 Implicit null exception at 0x0000023d07f2272f to 0x0000023d07f243d0
Event: 3008.063 Thread 0x0000023d7e7c7010 Exception <a 'java/io/IOException'{0x00000000865b62f0}> (0x00000000865b62f0) 
thrown [t:\workspace\open\src\hotspot\share\prims\jni.cpp, line 516]
Event: 4445.745 Thread 0x0000023d7e7c7010 Exception <a 'java/io/IOException'{0x000000008af5fe48}> (0x000000008af5fe48) 
thrown [t:\workspace\open\src\hotspot\share\prims\jni.cpp, line 516]
Event: 6844.073 Thread 0x0000023d7e7c7010 Exception <a 'java/net/SocketException'{0x0000000086ba98c8}: Connection reset by peer: shutdown> (0x0000000086ba98c8) 
thrown [t:\workspace\open\src\hotspot\share\prims\jni.cpp, line 535]
Event: 6879.303 Thread 0x0000023d7e7c7010 Implicit null exception at 0x0000023d080245b6 to 0x0000023d08024f34
Event: 6918.277 Thread 0x0000023d7e7c7010 Implicit null exception at 0x0000023d07eaac2c to 0x0000023d07eb0d58
Event: 6918.280 Thread 0x0000023d7e7c7010 Implicit null exception at 0x0000023d07e7b38c to 0x0000023d07e820ac
Event: 7223.803 Thread 0x0000023d7e7c7010 Exception <a 'java/lang/ClassNotFoundException'{0x00000000859c3a08}: sun/util/logging/resources/spi/loggingProvider> (0x00000000859c3a08) 
thrown [t:\workspace\open\src\hotspot\share\classfile\systemDictionary.cpp, line 256]
Event: 7223.807 Thread 0x0000023d7e7c7010 Implicit null exception at 0x0000023d07dd0909 to 0x0000023d07dd20cc
Event: 7233.535 Thread 0x0000023d7e7c7010 Exception <a 'java/net/SocketException'{0x0000000089de1f50}: Connection reset by peer: shutdown> (0x0000000089de1f50) 
thrown [t:\workspace\open\src\hotspot\share\prims\jni.cpp, line 535]
Event: 8797.991 Thread 0x0000023d7e7c7010 Exception <a 'java/io/IOException'{0x0000000086cc3640}> (0x0000000086cc3640) 
thrown [t:\workspace\open\src\hotspot\share\prims\jni.cpp, line 516]

VM Operations (20 events):
Event: 8780.091 Executing VM operation: G1CollectForAllocation
Event: 8780.094 Executing VM operation: G1CollectForAllocation done
Event: 8798.205 Executing VM operation: Cleanup
Event: 8798.205 Executing VM operation: Cleanup done
Event: 8808.301 Executing VM operation: Cleanup
Event: 8808.301 Executing VM operation: Cleanup done
Event: 8810.321 Executing VM operation: Cleanup
Event: 8810.321 Executing VM operation: Cleanup done
Event: 8835.181 Executing VM operation: G1CollectForAllocation
Event: 8835.184 Executing VM operation: G1CollectForAllocation done
Event: 8942.962 Executing VM operation: Cleanup
Event: 8942.962 Executing VM operation: Cleanup done
Event: 9006.634 Executing VM operation: G1CollectForAllocation
Event: 9006.638 Executing VM operation: G1CollectForAllocation done
Event: 9149.667 Executing VM operation: Cleanup
Event: 9149.667 Executing VM operation: Cleanup done
Event: 9171.521 Executing VM operation: G1CollectForAllocation
Event: 9171.525 Executing VM operation: G1CollectForAllocation done
Event: 9347.648 Executing VM operation: G1CollectForAllocation
Event: 9347.651 Executing VM operation: G1CollectForAllocation done

Events (20 events):
Event: 7223.803 loading class sun/util/logging/resources/logging done
Event: 7223.803 loading class sun/util/logging/resources/logging_en
Event: 7223.803 loading class sun/util/logging/resources/logging_en done
Event: 7223.803 loading class sun/util/logging/resources/logging_en
Event: 7223.803 loading class sun/util/logging/resources/logging_en done
Event: 7223.804 loading class sun/util/logging/resources/logging_en_US
Event: 7223.804 loading class sun/util/logging/resources/logging_en_US done
Event: 7223.804 loading class sun/util/logging/resources/logging_en_US
Event: 7223.804 loading class sun/util/logging/resources/logging_en_US done
Event: 7223.804 loading class java/util/Formatter$DateTime
Event: 7223.805 loading class java/util/Formatter$DateTime done
Event: 7223.806 loading class java/time/ZonedDateTime$1
Event: 7223.806 loading class java/time/ZonedDateTime$1 done
Event: 7223.825 Thread 0x0000023d7cee35d0 flushing nmethod 0x0000023d00b6ac10
Event: 7223.826 Thread 0x0000023d7cee35d0 flushing nmethod 0x0000023d00c67710
Event: 7223.826 Thread 0x0000023d7cee35d0 flushing nmethod 0x0000023d00c67c10
Event: 7290.753 Thread 0x0000023d7dbfdaf0 Thread added: 0x0000023d7dbfdaf0
Event: 7293.174 Thread 0x0000023d7dbfdaf0 Thread exited: 0x0000023d7dbfdaf0
Event: 7402.605 Thread 0x0000023d7dbfdaf0 Thread added: 0x0000023d7dbfdaf0
Event: 7407.622 Thread 0x0000023d7dbfdaf0 Thread exited: 0x0000023d7dbfdaf0


Dynamic libraries:
0x00007ff6d73f0000 - 0x00007ff6d7400000 	C:\Program Files\Java\jdk-17\bin\java.exe
0x00007ffd715f0000 - 0x00007ffd717e5000 	C:\WINDOWS\SYSTEM32\ntdll.dll
0x00007ffd70820000 - 0x00007ffd708de000 	C:\WINDOWS\System32\KERNEL32.DLL
0x00007ffd6edd0000 - 0x00007ffd6f098000 	C:\WINDOWS\System32\KERNELBASE.dll
0x00007ffd6f2a0000 - 0x00007ffd6f3a0000 	C:\WINDOWS\System32\ucrtbase.dll
0x00007ffd5fc00000 - 0x00007ffd5fc18000 	C:\Program Files\Java\jdk-17\bin\jli.dll
0x00007ffd713a0000 - 0x00007ffd7144e000 	C:\WINDOWS\System32\ADVAPI32.dll
0x00007ffd70b40000 - 0x00007ffd70bde000 	C:\WINDOWS\System32\msvcrt.dll
0x00007ffd70be0000 - 0x00007ffd70c7c000 	C:\WINDOWS\System32\sechost.dll
0x00007ffd706e0000 - 0x00007ffd70805000 	C:\WINDOWS\System32\RPCRT4.dll
0x00007ffd70d30000 - 0x00007ffd70ed0000 	C:\WINDOWS\System32\USER32.dll
0x00007ffd6f3a0000 - 0x00007ffd6f3c2000 	C:\WINDOWS\System32\win32u.dll
0x00007ffd6f790000 - 0x00007ffd6f7ba000 	C:\WINDOWS\System32\GDI32.dll
0x00007ffd6f460000 - 0x00007ffd6f56b000 	C:\WINDOWS\System32\gdi32full.dll
0x00007ffd68880000 - 0x00007ffd6889a000 	C:\Program Files\Java\jdk-17\bin\VCRUNTIME140.dll
0x00007ffd6f200000 - 0x00007ffd6f29d000 	C:\WINDOWS\System32\msvcp_win.dll
0x00007ffd5f5d0000 - 0x00007ffd5f86a000 	C:\WINDOWS\WinSxS\amd64_microsoft.windows.common-controls_6595b64144ccf1df_6.0.19041.1110_none_60b5254171f9507e\COMCTL32.dll
0x00007ffd61740000 - 0x00007ffd6174a000 	C:\WINDOWS\SYSTEM32\VERSION.dll
0x00007ffd71580000 - 0x00007ffd715b0000 	C:\WINDOWS\System32\IMM32.DLL
0x00007ffd5ec40000 - 0x00007ffd5ec4c000 	C:\Program Files\Java\jdk-17\bin\vcruntime140_1.dll
0x00007ffd31a40000 - 0x00007ffd31acd000 	C:\Program Files\Java\jdk-17\bin\msvcp140.dll
0x00007ffd0c5d0000 - 0x00007ffd0d18e000 	C:\Program Files\Java\jdk-17\bin\server\jvm.dll
0x00007ffd6fe40000 - 0x00007ffd6fe48000 	C:\WINDOWS\System32\PSAPI.DLL
0x00007ffd58f10000 - 0x00007ffd58f19000 	C:\WINDOWS\SYSTEM32\WSOCK32.dll
0x00007ffd71330000 - 0x00007ffd7139b000 	C:\WINDOWS\System32\WS2_32.dll
0x00007ffd581c0000 - 0x00007ffd581e7000 	C:\WINDOWS\SYSTEM32\WINMM.dll
0x00007ffd6cb50000 - 0x00007ffd6cb62000 	C:\WINDOWS\SYSTEM32\kernel.appcore.dll
0x00007ffd54e40000 - 0x00007ffd54e4a000 	C:\Program Files\Java\jdk-17\bin\jimage.dll
0x00007ffd5ca50000 - 0x00007ffd5cc34000 	C:\WINDOWS\SYSTEM32\DBGHELP.DLL
0x00007ffd5c4b0000 - 0x00007ffd5c4dc000 	C:\WINDOWS\SYSTEM32\dbgcore.DLL
0x00007ffd6f3d0000 - 0x00007ffd6f452000 	C:\WINDOWS\System32\bcryptPrimitives.dll
0x00007ffd580f0000 - 0x00007ffd58115000 	C:\Program Files\Java\jdk-17\bin\java.dll
0x00007ffd33640000 - 0x00007ffd33716000 	C:\Program Files\Java\jdk-17\bin\svml.dll
0x00007ffd6fe50000 - 0x00007ffd70594000 	C:\WINDOWS\System32\SHELL32.dll
0x00007ffd6ce30000 - 0x00007ffd6d5c4000 	C:\WINDOWS\SYSTEM32\windows.storage.dll
0x00007ffd70f30000 - 0x00007ffd71284000 	C:\WINDOWS\System32\combase.dll
0x00007ffd6e780000 - 0x00007ffd6e7ac000 	C:\WINDOWS\SYSTEM32\Wldp.dll
0x00007ffd70c80000 - 0x00007ffd70d2d000 	C:\WINDOWS\System32\SHCORE.dll
0x00007ffd70ed0000 - 0x00007ffd70f25000 	C:\WINDOWS\System32\shlwapi.dll
0x00007ffd6ec50000 - 0x00007ffd6ec6f000 	C:\WINDOWS\SYSTEM32\profapi.dll
0x00007ffd4f9a0000 - 0x00007ffd4f9b9000 	C:\Program Files\Java\jdk-17\bin\net.dll
0x00007ffd69270000 - 0x00007ffd6937a000 	C:\WINDOWS\SYSTEM32\WINHTTP.dll
0x00007ffd6e4e0000 - 0x00007ffd6e54a000 	C:\WINDOWS\system32\mswsock.dll
0x00007ffd4f980000 - 0x00007ffd4f995000 	C:\Program Files\Java\jdk-17\bin\nio.dll
0x00007ffd3db90000 - 0x00007ffd3dba8000 	C:\Program Files\Java\jdk-17\bin\zip.dll
0x00007ffd0f9c0000 - 0x00007ffd0fb4f000 	C:\Program Files\Java\jdk-17\bin\awt.dll
0x00007ffd6f650000 - 0x00007ffd6f71d000 	C:\WINDOWS\System32\OLEAUT32.dll
0x00007ffd6c570000 - 0x00007ffd6c600000 	C:\WINDOWS\SYSTEM32\apphelp.dll
0x00007ffd6c6b0000 - 0x00007ffd6c74e000 	C:\WINDOWS\system32\uxtheme.dll
0x00007ffd6f8b0000 - 0x00007ffd6f9c5000 	C:\WINDOWS\System32\MSCTF.dll
0x00007ffd71450000 - 0x00007ffd7157a000 	C:\WINDOWS\System32\ole32.dll
0x00007ffd6cb20000 - 0x00007ffd6cb4f000 	C:\WINDOWS\system32\DWMAPI.DLL
0x00007ffd0e430000 - 0x00007ffd0e4b9000 	C:\Program Files\Java\jdk-17\bin\freetype.dll
0x00007ffd0e380000 - 0x00007ffd0e428000 	C:\Program Files\Java\jdk-17\bin\fontmanager.dll
0x00007ffd4d820000 - 0x00007ffd4d946000 	C:\WINDOWS\system32\opengl32.dll
0x00007ffd4d7b0000 - 0x00007ffd4d7dc000 	C:\WINDOWS\SYSTEM32\GLU32.dll
0x00007ffd70a90000 - 0x00007ffd70b39000 	C:\WINDOWS\System32\clbcatq.dll
0x00007ffd67590000 - 0x00007ffd67744000 	C:\WINDOWS\SYSTEM32\WindowsCodecs.dll
0x00007ffd6f570000 - 0x00007ffd6f597000 	C:\WINDOWS\System32\bcrypt.dll
0x00007ffd689a0000 - 0x00007ffd689de000 	C:\WINDOWS\system32\dataexchange.dll
0x00007ffd6ba70000 - 0x00007ffd6bc55000 	C:\WINDOWS\system32\dcomp.dll
0x00007ffd6afc0000 - 0x00007ffd6b224000 	C:\WINDOWS\system32\d3d11.dll
0x00007ffd6d630000 - 0x00007ffd6d723000 	C:\WINDOWS\system32\dxgi.dll
0x00007ffd67150000 - 0x00007ffd67351000 	C:\WINDOWS\system32\twinapi.appcore.dll
0x00007ffd6e1d0000 - 0x00007ffd6e29b000 	C:\WINDOWS\SYSTEM32\DNSAPI.dll
0x00007ffd6e180000 - 0x00007ffd6e1bb000 	C:\WINDOWS\SYSTEM32\IPHLPAPI.DLL
0x00007ffd6f720000 - 0x00007ffd6f728000 	C:\WINDOWS\System32\NSI.dll
0x00007ffd5ef60000 - 0x00007ffd5ef6a000 	C:\Windows\System32\rasadhlp.dll
0x00007ffd5f8b0000 - 0x00007ffd5f92f000 	C:\WINDOWS\System32\fwpuclnt.dll
0x00007ffd683a0000 - 0x00007ffd683ae000 	C:\Program Files\Java\jdk-17\bin\sunmscapi.dll
0x00007ffd6f0a0000 - 0x00007ffd6f1f6000 	C:\WINDOWS\System32\CRYPT32.dll
0x00007ffd6e7f0000 - 0x00007ffd6e817000 	C:\WINDOWS\SYSTEM32\ncrypt.dll
0x00007ffd6e7b0000 - 0x00007ffd6e7eb000 	C:\WINDOWS\SYSTEM32\NTASN1.dll
0x00007ffd6e6d0000 - 0x00007ffd6e6e8000 	C:\WINDOWS\SYSTEM32\CRYPTSP.dll
0x00007ffd6ddf0000 - 0x00007ffd6de24000 	C:\WINDOWS\system32\rsaenh.dll
0x00007ffd6ebd0000 - 0x00007ffd6ebfe000 	C:\WINDOWS\SYSTEM32\USERENV.dll
0x00007ffd6e6f0000 - 0x00007ffd6e6fc000 	C:\WINDOWS\SYSTEM32\CRYPTBASE.dll
0x00007ffd66690000 - 0x00007ffd666a7000 	C:\WINDOWS\SYSTEM32\dhcpcsvc6.DLL
0x00007ffd67ad0000 - 0x00007ffd67aed000 	C:\WINDOWS\SYSTEM32\dhcpcsvc.DLL
0x00007ffd64f20000 - 0x00007ffd65019000 	C:\WINDOWS\SYSTEM32\textinputframework.dll
0x00007ffd6c340000 - 0x00007ffd6c432000 	C:\WINDOWS\System32\CoreMessaging.dll
0x00007ffd6bfe0000 - 0x00007ffd6c33e000 	C:\WINDOWS\System32\CoreUIComponents.dll
0x00007ffd6b910000 - 0x00007ffd6ba64000 	C:\WINDOWS\SYSTEM32\wintypes.dll
0x00007ffd6da20000 - 0x00007ffd6da53000 	C:\WINDOWS\SYSTEM32\ntmarta.dll
0x00007ffd54e30000 - 0x00007ffd54e40000 	C:\Program Files\Java\jdk-17\bin\verify.dll

dbghelp: loaded successfully - version: 4.0.5 - missing functions: none
symbol engine: initialized successfully - sym options: 0x614 - pdb path: .;C:\Program Files\Java\jdk-17\bin;C:\WINDOWS\SYSTEM32;C:\WINDOWS\WinSxS\amd64_microsoft.windows.common-controls_6595b64144ccf1df_6.0.19041.1110_none_60b5254171f9507e;C:\Program Files\Java\jdk-17\bin\server

VM Arguments:
java_command: com.mycompany.qarisiqmallar.veneramarket.Main
java_class_path (initial): C:\GitHubProject\VeneraMarket\VeneraMarket\VeneraMarket\target\classes;C:\Users\samil\.m2\repository\org\javapos\javapos\1.14.0\javapos-1.14.0.jar;C:\Users\samil\.m2\repository\net\glxn\qrgen\qrgen-parent\1.4\qrgen-parent-1.4.jar;C:\Users\samil\.m2\repository\com\toedter\jcalendar\1.4\jcalendar-1.4.jar;C:\GitHubProject\VeneraMarket\VeneraMarket\QarisiqMallarDbApp\target\classes;C:\Users\samil\.m2\repository\mysql\mysql-connector-java\8.0.27\mysql-connector-java-8.0.27.jar;C:\Users\samil\.m2\repository\com\google\protobuf\protobuf-java\3.11.4\protobuf-java-3.11.4.jar;C:\Users\samil\.m2\repository\com\itextpdf\itextpdf\5.5.7\itextpdf-5.5.7.jar;C:\Users\samil\.m2\repository\net\sf\barcode4j\barcode4j\2.1\barcode4j-2.1.jar;C:\Users\samil\.m2\repository\avalon-framework\avalon-framework-impl\4.2.0\avalon-framework-impl-4.2.0.jar;C:\Users\samil\.m2\repository\commons-cli\commons-cli\1.0\commons-cli-1.0.jar;C:\Users\samil\.m2\repository\commons-lang\commons-lang\1.0\commons-lang-1.0.jar;C:\Users\samil\.m2\repository\junit\junit\3.7\junit-3.7.jar;C:\Users\samil\.m2\repository\org\apache\ant\ant\1.7.1\ant-1.7.1.jar;C:\Users\samil\.m2\repository\org\apache\ant\ant-launcher\1.7.1\ant-launcher-1.7.1.jar;C:\Users\samil\.m2\repository\org\apache\pdfbox\fontbox\2.0.4\fontbox-2.0.4.jar;C:\Users\samil\.m2\repository\commons-logging\commons-logging\1.2\commons-logging-1.2.jar
Launcher Type: SUN_STANDARD

[Global flags]
     intx CICompilerCount                          = 3                                         {product} {ergonomic}
     uint ConcGCThreads                            = 1                                         {product} {ergonomic}
     uint G1ConcRefinementThreads                  = 4                                         {product} {ergonomic}
   size_t G1HeapRegionSize                         = 1048576                                   {product} {ergonomic}
    uintx GCDrainStackTargetSize                   = 64                                        {product} {ergonomic}
   size_t InitialHeapSize                          = 132120576                                 {product} {ergonomic}
   size_t MarkStackSize                            = 4194304                                   {product} {ergonomic}
   size_t MaxHeapSize                              = 2095054848                                {product} {ergonomic}
   size_t MaxNewSize                               = 1256194048                                {product} {ergonomic}
   size_t MinHeapDeltaBytes                        = 1048576                                   {product} {ergonomic}
   size_t MinHeapSize                              = 8388608                                   {product} {ergonomic}
    uintx NonNMethodCodeHeapSize                   = 5832780                                {pd product} {ergonomic}
    uintx NonProfiledCodeHeapSize                  = 122912730                              {pd product} {ergonomic}
    uintx ProfiledCodeHeapSize                     = 122912730                              {pd product} {ergonomic}
    uintx ReservedCodeCacheSize                    = 251658240                              {pd product} {ergonomic}
     bool SegmentedCodeCache                       = true                                      {product} {ergonomic}
   size_t SoftMaxHeapSize                          = 2095054848                             {manageable} {ergonomic}
     bool UseCompressedClassPointers               = true                           {product lp64_product} {ergonomic}
     bool UseCompressedOops                        = true                           {product lp64_product} {ergonomic}
     bool UseG1GC                                  = true                                      {product} {ergonomic}
     bool UseLargePagesIndividualAllocation        = false                                  {pd product} {ergonomic}

Logging:
Log output configuration:
 #0: stdout all=warning uptime,level,tags
 #1: stderr all=off uptime,level,tags

Environment Variables:
JAVA_HOME=C:\Program Files\Java\jdk-17
PATH=C:\Program Files\Common Files\Oracle\Java\javapath;C:\Program Files (x86)\Common Files\Oracle\Java\javapath;C:\WINDOWS\system32;C:\WINDOWS;C:\WINDOWS\System32\Wbem;C:\WINDOWS\System32\WindowsPowerShell\v1.0\;C:\WINDOWS\System32\OpenSSH\;C:\Program Files\Microsoft SQL Server\130\Tools\Binn\;C:\Program Files\dotnet\;C:\Program Files\Microsoft SQL Server\Client SDK\ODBC\170\Tools\Binn\;C:\Program Files (x86)\dotnet\;C:\Program Files\TortoiseGit\bin;C:\Program Files\Java\jdk-17\bin;C:\Program Files (x86)\Java\jre1.8.0_301\bin;C:\Program Files\Java\jdk-17;C:\Program Files\MySQL\MySQL Server 8.0\bin;C:\Program Files\Git\cmd;C:\Users\samil\AppData\Local\Programs\Python\Python39\Scripts\;C:\Users\samil\AppData\Local\Programs\Python\Python39\;C:\Program Files\MySQL\MySQL Shell 8.0\bin\;C:\Users\samil\AppData\Local\Microsoft\WindowsApps;C:\Users\samil\.dotnet\tools;C:\Program Files\CodeBlocks\MinGW\bin;C:\Users\samil\AppData\Local\GitHubDesktop\bin
USERNAME=samil
OS=Windows_NT
PROCESSOR_IDENTIFIER=Intel64 Family 6 Model 58 Stepping 9, GenuineIntel



---------------  S Y S T E M  ---------------

OS:
 Windows 10 , 64 bit Build 19041 (10.0.19041.1566)
OS uptime: 2 days 23:37 hours

CPU: total 4 (initial active 4) (2 cores per cpu, 2 threads per core) family 6 model 58 stepping 9 microcode 0x21, cx8, cmov, fxsr, ht, mmx, sse, sse2, sse3, ssse3, sse4.1, sse4.2, popcnt, tsc, tscinvbit, avx, aes, erms, clmul, vzeroupper, clflush

Memory: 4k page, system-wide physical 7987M (1703M free)
TotalPageFile size 32563M (AvailPageFile size 0M)
current process WorkingSet (physical memory assigned to process): 174M, peak: 193M
current process commit charge ("private bytes"): 213M, peak: 258M

vm_info: Java HotSpot(TM) 64-Bit Server VM (17+35-LTS-2724) for windows-amd64 JRE (17+35-LTS-2724), built on Aug  5 2021 23:28:28 by "mach5one" with MS VC++ 16.8 (VS2019)

END.
