#
# There is insufficient memory for the Java Runtime Environment to continue.
# Native memory allocation (mmap) failed to map 132120576 bytes for G1 virtual space
# Possible reasons:
#   The system is out of physical RAM or swap space
#   The process is running with CompressedOops enabled, and the Java Heap may be blocking the growth of the native heap
# Possible solutions:
#   Reduce memory load on the system
#   Increase physical memory or swap space
#   Check if swap backing store is full
#   Decrease Java heap size (-Xmx/-Xms)
#   Decrease number of Java threads
#   Decrease Java thread stack sizes (-Xss)
#   Set larger code cache with -XX:ReservedCodeCacheSize=
#   JVM is running with Unscaled Compressed Oops mode in which the Java heap is
#     placed in the first 4GB address space. The Java Heap base address is the
#     maximum limit for the native heap growth. Please use -XX:HeapBaseMinAddress
#     to set the Java Heap base and to place the Java Heap above 4GB virtual address.
# This output file may be truncated or incomplete.
#
#  Out of Memory Error (os_windows.cpp:3469), pid=7420, tid=5548
#
# JRE version:  (17.0+35) (build )
# Java VM: Java HotSpot(TM) 64-Bit Server VM (17+35-LTS-2724, mixed mode, sharing, tiered, compressed oops, compressed class ptrs, g1 gc, windows-amd64)
# No core dump will be written. Minidumps are not enabled by default on client versions of Windows
#

---------------  S U M M A R Y ------------

Command Line: com.mycompany.qarisiqmallar.veneramarket.Main

Host: Intel(R) Core(TM) i5-3317U CPU @ 1.70GHz, 4 cores, 7G,  Windows 10 , 64 bit Build 19041 (10.0.19041.1679)
Time: Mon May  2 15:10:37 2022 Azerbaijan Standard Time elapsed time: 0.029329 seconds (0d 0h 0m 0s)

---------------  T H R E A D  ---------------

Current thread (0x000001fdaa45fab0):  JavaThread "Unknown thread" [_thread_in_vm, id=5548, stack(0x000000e467900000,0x000000e467a00000)]

Stack: [0x000000e467900000,0x000000e467a00000]
Native frames: (J=compiled Java code, j=interpreted, Vv=VM code, C=native code)
V  [jvm.dll+0x66f8ea]
V  [jvm.dll+0x7ce224]
V  [jvm.dll+0x7cf9ce]
V  [jvm.dll+0x7d0033]
V  [jvm.dll+0x242bb5]
V  [jvm.dll+0x66c909]
V  [jvm.dll+0x6613d2]
V  [jvm.dll+0x30082b]
V  [jvm.dll+0x307db6]
V  [jvm.dll+0x357a0e]
V  [jvm.dll+0x357c3f]
V  [jvm.dll+0x2d7ae8]
V  [jvm.dll+0x2d8a54]
V  [jvm.dll+0x7a00a1]
V  [jvm.dll+0x365781]
V  [jvm.dll+0x77f59c]
V  [jvm.dll+0x3e805f]
V  [jvm.dll+0x3e9b01]
C  [jli.dll+0x527b]
C  [ucrtbase.dll+0x21bb2]
C  [KERNEL32.DLL+0x17034]
C  [ntdll.dll+0x52651]


---------------  P R O C E S S  ---------------

Threads class SMR info:
_java_thread_list=0x00007ffdac9b7818, length=0, elements={
}

Java Threads: ( => current thread )

Other Threads:
  0x000001fdaa49ede0 GCTaskThread "GC Thread#0" [stack: 0x000000e467a00000,0x000000e467b00000] [id=15252]
  0x000001fdaa4b06f0 ConcurrentGCThread "G1 Main Marker" [stack: 0x000000e467b00000,0x000000e467c00000] [id=11584]
  0x000001fdaa4b18a0 ConcurrentGCThread "G1 Conc#0" [stack: 0x000000e467c00000,0x000000e467d00000] [id=896]

[error occurred during error reporting (printing all threads), id 0xc0000005, EXCEPTION_ACCESS_VIOLATION (0xc0000005) at pc=0x00007ffdac2084c7]

VM state: not at safepoint (not fully initialized)

VM Mutex/Monitor currently owned by a thread:  ([mutex/lock_event])
[0x000001fdaa45b250] Heap_lock - owner thread: 0x000001fdaa45fab0

Heap address: 0x0000000083200000, size: 1998 MB, Compressed Oops mode: 32-bit

CDS archive(s) mapped at: [0x0000000000000000-0x0000000000000000-0x0000000000000000), size 0, SharedBaseAddress: 0x0000000800000000, ArchiveRelocationMode: 0.
Narrow klass base: 0x0000000000000000, Narrow klass shift: 0, Narrow klass range: 0x0

GC Precious Log:
<Empty>

Heap:
 garbage-first heap   total 0K, used 0K [0x0000000083200000, 0x0000000100000000)
  region size 1024K, 0 young (0K), 0 survivors (0K)

[error occurred during error reporting (printing heap information), id 0xc0000005, EXCEPTION_ACCESS_VIOLATION (0xc0000005) at pc=0x00007ffdac5e8c59]

GC Heap History (0 events):
No events

Deoptimization events (0 events):
No events

Classes unloaded (0 events):
No events

Classes redefined (0 events):
No events

Internal exceptions (0 events):
No events

VM Operations (0 events):
No events

Events (1 events):
Event: 0.018 Loaded shared library C:\Program Files\Java\jdk-17\bin\java.dll


Dynamic libraries:
0x00007ff797da0000 - 0x00007ff797db0000 	C:\Program Files\Java\jdk-17\bin\java.exe
0x00007ffdf2bf0000 - 0x00007ffdf2de5000 	C:\WINDOWS\SYSTEM32\ntdll.dll
0x00007ffdf28a0000 - 0x00007ffdf295d000 	C:\WINDOWS\System32\KERNEL32.DLL
0x00007ffdf0940000 - 0x00007ffdf0c0d000 	C:\WINDOWS\System32\KERNELBASE.dll
0x00007ffdf05b0000 - 0x00007ffdf06b0000 	C:\WINDOWS\System32\ucrtbase.dll
0x00007ffdeb440000 - 0x00007ffdeb458000 	C:\Program Files\Java\jdk-17\bin\jli.dll
0x00007ffdc6560000 - 0x00007ffdc657a000 	C:\Program Files\Java\jdk-17\bin\VCRUNTIME140.dll
0x00007ffdf0ed0000 - 0x00007ffdf0f7e000 	C:\WINDOWS\System32\ADVAPI32.dll
0x00007ffdf1f60000 - 0x00007ffdf1ffe000 	C:\WINDOWS\System32\msvcrt.dll
0x00007ffdf2150000 - 0x00007ffdf21ec000 	C:\WINDOWS\System32\sechost.dll
0x00007ffdf2770000 - 0x00007ffdf2895000 	C:\WINDOWS\System32\RPCRT4.dll
0x00007ffdf1da0000 - 0x00007ffdf1f40000 	C:\WINDOWS\System32\USER32.dll
0x00007ffdf0c10000 - 0x00007ffdf0c32000 	C:\WINDOWS\System32\win32u.dll
0x00007ffdf2000000 - 0x00007ffdf202a000 	C:\WINDOWS\System32\GDI32.dll
0x00007ffdf0300000 - 0x00007ffdf040b000 	C:\WINDOWS\System32\gdi32full.dll
0x00007ffdf0460000 - 0x00007ffdf04fd000 	C:\WINDOWS\System32\msvcp_win.dll
0x00007ffde0c10000 - 0x00007ffde0eaa000 	C:\WINDOWS\WinSxS\amd64_microsoft.windows.common-controls_6595b64144ccf1df_6.0.19041.1110_none_60b5254171f9507e\COMCTL32.dll
0x00007ffde3160000 - 0x00007ffde316a000 	C:\WINDOWS\SYSTEM32\VERSION.dll
0x00007ffdf2250000 - 0x00007ffdf2280000 	C:\WINDOWS\System32\IMM32.DLL
0x00007ffdeb1b0000 - 0x00007ffdeb1bc000 	C:\Program Files\Java\jdk-17\bin\vcruntime140_1.dll
0x00007ffd9fd20000 - 0x00007ffd9fdad000 	C:\Program Files\Java\jdk-17\bin\msvcp140.dll
0x00007ffdabf20000 - 0x00007ffdacade000 	C:\Program Files\Java\jdk-17\bin\server\jvm.dll
0x00007ffdf26e0000 - 0x00007ffdf26e8000 	C:\WINDOWS\System32\PSAPI.DLL
0x00007ffdd97a0000 - 0x00007ffdd97a9000 	C:\WINDOWS\SYSTEM32\WSOCK32.dll
0x00007ffdf2960000 - 0x00007ffdf29cb000 	C:\WINDOWS\System32\WS2_32.dll
0x00007ffdda5e0000 - 0x00007ffdda607000 	C:\WINDOWS\SYSTEM32\WINMM.dll
0x00007ffdee200000 - 0x00007ffdee212000 	C:\WINDOWS\SYSTEM32\kernel.appcore.dll
0x00007ffde0890000 - 0x00007ffde089a000 	C:\Program Files\Java\jdk-17\bin\jimage.dll
0x00007ffddd800000 - 0x00007ffddd9e4000 	C:\WINDOWS\SYSTEM32\DBGHELP.DLL
0x00007ffddd100000 - 0x00007ffddd12c000 	C:\WINDOWS\SYSTEM32\dbgcore.DLL
0x00007ffdf0880000 - 0x00007ffdf0902000 	C:\WINDOWS\System32\bcryptPrimitives.dll
0x00007ffdc5d10000 - 0x00007ffdc5d35000 	C:\Program Files\Java\jdk-17\bin\java.dll

dbghelp: loaded successfully - version: 4.0.5 - missing functions: none
symbol engine: initialized successfully - sym options: 0x614 - pdb path: .;C:\Program Files\Java\jdk-17\bin;C:\WINDOWS\SYSTEM32;C:\WINDOWS\WinSxS\amd64_microsoft.windows.common-controls_6595b64144ccf1df_6.0.19041.1110_none_60b5254171f9507e;C:\Program Files\Java\jdk-17\bin\server

VM Arguments:
java_command: com.mycompany.qarisiqmallar.veneramarket.Main
java_class_path (initial): C:\GitHubProject\VeneraMarket\VeneraMarket\target\classes;C:\Users\samil\.m2\repository\org\javapos\javapos\1.14.0\javapos-1.14.0.jar;C:\Users\samil\.m2\repository\net\glxn\qrgen\qrgen-parent\1.4\qrgen-parent-1.4.jar;C:\Users\samil\.m2\repository\com\toedter\jcalendar\1.4\jcalendar-1.4.jar;C:\Users\samil\.m2\repository\com\mycompany\qarisiqMallar\QarisiqMallarDbApp\1.0\QarisiqMallarDbApp-1.0.jar;C:\Users\samil\.m2\repository\mysql\mysql-connector-java\8.0.27\mysql-connector-java-8.0.27.jar;C:\Users\samil\.m2\repository\com\google\protobuf\protobuf-java\3.11.4\protobuf-java-3.11.4.jar;C:\Users\samil\.m2\repository\com\itextpdf\itextpdf\5.5.7\itextpdf-5.5.7.jar;C:\Users\samil\.m2\repository\net\sf\barcode4j\barcode4j\2.1\barcode4j-2.1.jar;C:\Users\samil\.m2\repository\avalon-framework\avalon-framework-impl\4.2.0\avalon-framework-impl-4.2.0.jar;C:\Users\samil\.m2\repository\commons-cli\commons-cli\1.0\commons-cli-1.0.jar;C:\Users\samil\.m2\repository\commons-lang\commons-lang\1.0\commons-lang-1.0.jar;C:\Users\samil\.m2\repository\junit\junit\3.7\junit-3.7.jar;C:\Users\samil\.m2\repository\org\apache\ant\ant\1.7.1\ant-1.7.1.jar;C:\Users\samil\.m2\repository\org\apache\ant\ant-launcher\1.7.1\ant-launcher-1.7.1.jar;C:\Users\samil\.m2\repository\org\apache\pdfbox\fontbox\2.0.4\fontbox-2.0.4.jar;C:\Users\samil\.m2\repository\commons-logging\commons-logging\1.2\commons-logging-1.2.jar
Launcher Type: SUN_STANDARD

[Global flags]
     intx CICompilerCount                          = 3                                         {product} {ergonomic}
     uint ConcGCThreads                            = 1                                         {product} {ergonomic}
     uint G1ConcRefinementThreads                  = 4                                         {product} {ergonomic}
   size_t G1HeapRegionSize                         = 1048576                                   {product} {ergonomic}
    uintx GCDrainStackTargetSize                   = 64                                        {product} {ergonomic}
   size_t InitialHeapSize                          = 132120576                                 {product} {ergonomic}
   size_t MarkStackSize                            = 4194304                                   {product} {ergonomic}
   size_t MaxHeapSize                              = 2095054848                                {product} {ergonomic}
   size_t MinHeapDeltaBytes                        = 1048576                                   {product} {ergonomic}
   size_t MinHeapSize                              = 8388608                                   {product} {ergonomic}
    uintx NonNMethodCodeHeapSize                   = 5832780                                {pd product} {ergonomic}
    uintx NonProfiledCodeHeapSize                  = 122912730                              {pd product} {ergonomic}
    uintx ProfiledCodeHeapSize                     = 122912730                              {pd product} {ergonomic}
    uintx ReservedCodeCacheSize                    = 251658240                              {pd product} {ergonomic}
     bool SegmentedCodeCache                       = true                                      {product} {ergonomic}
   size_t SoftMaxHeapSize                          = 2095054848                             {manageable} {ergonomic}
     bool UseCompressedClassPointers               = true                           {product lp64_product} {ergonomic}
     bool UseCompressedOops                        = true                           {product lp64_product} {ergonomic}
     bool UseG1GC                                  = true                                      {product} {ergonomic}
     bool UseLargePagesIndividualAllocation        = false                                  {pd product} {ergonomic}

Logging:
Log output configuration:
 #0: stdout all=warning uptime,level,tags
 #1: stderr all=off uptime,level,tags

Environment Variables:
JAVA_HOME=C:\Program Files\Java\jdk-17
PATH=C:\Program Files\Common Files\Oracle\Java\javapath;C:\Program Files (x86)\Common Files\Oracle\Java\javapath;C:\WINDOWS\system32;C:\WINDOWS;C:\WINDOWS\System32\Wbem;C:\WINDOWS\System32\WindowsPowerShell\v1.0\;C:\WINDOWS\System32\OpenSSH\;C:\Program Files\Microsoft SQL Server\130\Tools\Binn\;C:\Program Files\dotnet\;C:\Program Files\Microsoft SQL Server\Client SDK\ODBC\170\Tools\Binn\;C:\Program Files (x86)\dotnet\;C:\Program Files\Java\jdk-17\bin;C:\Program Files (x86)\Java\jre1.8.0_301\bin;C:\Program Files\Java\jdk-17;C:\Program Files\MySQL\MySQL Server 8.0\bin;C:\Program Files\TortoiseGit\bin;C:\Program Files\Git\cmd;C:\Users\samil\AppData\Local\Programs\Python\Python39\Scripts\;C:\Users\samil\AppData\Local\Programs\Python\Python39\;C:\Program Files\MySQL\MySQL Shell 8.0\bin\;C:\Users\samil\AppData\Local\Microsoft\WindowsApps;C:\Users\samil\.dotnet\tools;C:\Program Files\CodeBlocks\MinGW\bin;C:\Users\samil\AppData\Local\GitHubDesktop\bin
USERNAME=samil
OS=Windows_NT
PROCESSOR_IDENTIFIER=Intel64 Family 6 Model 58 Stepping 9, GenuineIntel



---------------  S Y S T E M  ---------------

OS:
 Windows 10 , 64 bit Build 19041 (10.0.19041.1679)
OS uptime: 9 days 1:28 hours

CPU: total 4 (initial active 4) (2 cores per cpu, 2 threads per core) family 6 model 58 stepping 9 microcode 0x21, cx8, cmov, fxsr, ht, mmx, sse, sse2, sse3, ssse3, sse4.1, sse4.2, popcnt, tsc, tscinvbit, avx, aes, erms, clmul, vzeroupper, clflush

Memory: 4k page, system-wide physical 7987M (656M free)
TotalPageFile size 32563M (AvailPageFile size 70M)
current process WorkingSet (physical memory assigned to process): 10M, peak: 10M
current process commit charge ("private bytes"): 51M, peak: 177M

vm_info: Java HotSpot(TM) 64-Bit Server VM (17+35-LTS-2724) for windows-amd64 JRE (17+35-LTS-2724), built on Aug  5 2021 23:28:28 by "mach5one" with MS VC++ 16.8 (VS2019)

END.
